[0.018s] Invoking command in '/home/saeedbzrgn/Desktop/My-ROS2_Projects/My-ROS2-Humble/Kukabot_MobileRobot/kukabot_ws/build/kukabot_bringup': CMAKE_PREFIX_PATH=${CMAKE_PREFIX_PATH}:/opt/ros/humble /usr/bin/cmake --build /home/saeedbzrgn/Desktop/My-ROS2_Projects/My-ROS2-Humble/Kukabot_MobileRobot/kukabot_ws/build/kukabot_bringup -- -j4 -l4
[0.071s] Invoked command in '/home/saeedbzrgn/Desktop/My-ROS2_Projects/My-ROS2-Humble/Kukabot_MobileRobot/kukabot_ws/build/kukabot_bringup' returned '0': CMAKE_PREFIX_PATH=${CMAKE_PREFIX_PATH}:/opt/ros/humble /usr/bin/cmake --build /home/saeedbzrgn/Desktop/My-ROS2_Projects/My-ROS2-Humble/Kukabot_MobileRobot/kukabot_ws/build/kukabot_bringup -- -j4 -l4
[0.083s] Invoking command in '/home/saeedbzrgn/Desktop/My-ROS2_Projects/My-ROS2-Humble/Kukabot_MobileRobot/kukabot_ws/build/kukabot_bringup': CMAKE_PREFIX_PATH=${CMAKE_PREFIX_PATH}:/opt/ros/humble /usr/bin/cmake --install /home/saeedbzrgn/Desktop/My-ROS2_Projects/My-ROS2-Humble/Kukabot_MobileRobot/kukabot_ws/build/kukabot_bringup
[0.094s] -- Install configuration: ""
[0.095s] -- Up-to-date: /home/saeedbzrgn/Desktop/My-ROS2_Projects/My-ROS2-Humble/Kukabot_MobileRobot/kukabot_ws/install/kukabot_bringup/share/kukabot_bringup//config
[0.095s] -- Up-to-date: /home/saeedbzrgn/Desktop/My-ROS2_Projects/My-ROS2-Humble/Kukabot_MobileRobot/kukabot_ws/install/kukabot_bringup/share/kukabot_bringup//config/kukabot_sim.yaml
[0.095s] -- Up-to-date: /home/saeedbzrgn/Desktop/My-ROS2_Projects/My-ROS2-Humble/Kukabot_MobileRobot/kukabot_ws/install/kukabot_bringup/share/kukabot_bringup//launch
[0.095s] -- Installing: /home/saeedbzrgn/Desktop/My-ROS2_Projects/My-ROS2-Humble/Kukabot_MobileRobot/kukabot_ws/install/kukabot_bringup/share/kukabot_bringup//launch/kukabot_sim.launch.py
[0.095s] -- Up-to-date: /home/saeedbzrgn/Desktop/My-ROS2_Projects/My-ROS2-Humble/Kukabot_MobileRobot/kukabot_ws/install/kukabot_bringup/share/kukabot_bringup//worlds
[0.096s] -- Installing: /home/saeedbzrgn/Desktop/My-ROS2_Projects/My-ROS2-Humble/Kukabot_MobileRobot/kukabot_ws/install/kukabot_bringup/share/kukabot_bringup//worlds/kukabot_world.sdf
[0.096s] -- Up-to-date: /home/saeedbzrgn/Desktop/My-ROS2_Projects/My-ROS2-Humble/Kukabot_MobileRobot/kukabot_ws/install/kukabot_bringup/share/ament_index/resource_index/package_run_dependencies/kukabot_bringup
[0.096s] -- Up-to-date: /home/saeedbzrgn/Desktop/My-ROS2_Projects/My-ROS2-Humble/Kukabot_MobileRobot/kukabot_ws/install/kukabot_bringup/share/ament_index/resource_index/parent_prefix_path/kukabot_bringup
[0.096s] -- Up-to-date: /home/saeedbzrgn/Desktop/My-ROS2_Projects/My-ROS2-Humble/Kukabot_MobileRobot/kukabot_ws/install/kukabot_bringup/share/kukabot_bringup/environment/ament_prefix_path.sh
[0.096s] -- Up-to-date: /home/saeedbzrgn/Desktop/My-ROS2_Projects/My-ROS2-Humble/Kukabot_MobileRobot/kukabot_ws/install/kukabot_bringup/share/kukabot_bringup/environment/ament_prefix_path.dsv
[0.096s] -- Up-to-date: /home/saeedbzrgn/Desktop/My-ROS2_Projects/My-ROS2-Humble/Kukabot_MobileRobot/kukabot_ws/install/kukabot_bringup/share/kukabot_bringup/environment/path.sh
[0.097s] -- Up-to-date: /home/saeedbzrgn/Desktop/My-ROS2_Projects/My-ROS2-Humble/Kukabot_MobileRobot/kukabot_ws/install/kukabot_bringup/share/kukabot_bringup/environment/path.dsv
[0.097s] -- Up-to-date: /home/saeedbzrgn/Desktop/My-ROS2_Projects/My-ROS2-Humble/Kukabot_MobileRobot/kukabot_ws/install/kukabot_bringup/share/kukabot_bringup/local_setup.bash
[0.097s] -- Up-to-date: /home/saeedbzrgn/Desktop/My-ROS2_Projects/My-ROS2-Humble/Kukabot_MobileRobot/kukabot_ws/install/kukabot_bringup/share/kukabot_bringup/local_setup.sh
[0.097s] -- Up-to-date: /home/saeedbzrgn/Desktop/My-ROS2_Projects/My-ROS2-Humble/Kukabot_MobileRobot/kukabot_ws/install/kukabot_bringup/share/kukabot_bringup/local_setup.zsh
[0.097s] -- Up-to-date: /home/saeedbzrgn/Desktop/My-ROS2_Projects/My-ROS2-Humble/Kukabot_MobileRobot/kukabot_ws/install/kukabot_bringup/share/kukabot_bringup/local_setup.dsv
[0.097s] -- Installing: /home/saeedbzrgn/Desktop/My-ROS2_Projects/My-ROS2-Humble/Kukabot_MobileRobot/kukabot_ws/install/kukabot_bringup/share/kukabot_bringup/package.dsv
[0.098s] -- Up-to-date: /home/saeedbzrgn/Desktop/My-ROS2_Projects/My-ROS2-Humble/Kukabot_MobileRobot/kukabot_ws/install/kukabot_bringup/share/ament_index/resource_index/packages/kukabot_bringup
[0.098s] -- Up-to-date: /home/saeedbzrgn/Desktop/My-ROS2_Projects/My-ROS2-Humble/Kukabot_MobileRobot/kukabot_ws/install/kukabot_bringup/share/kukabot_bringup/cmake/kukabot_bringupConfig.cmake
[0.098s] -- Up-to-date: /home/saeedbzrgn/Desktop/My-ROS2_Projects/My-ROS2-Humble/Kukabot_MobileRobot/kukabot_ws/install/kukabot_bringup/share/kukabot_bringup/cmake/kukabot_bringupConfig-version.cmake
[0.098s] -- Up-to-date: /home/saeedbzrgn/Desktop/My-ROS2_Projects/My-ROS2-Humble/Kukabot_MobileRobot/kukabot_ws/install/kukabot_bringup/share/kukabot_bringup/package.xml
[0.108s] Invoked command in '/home/saeedbzrgn/Desktop/My-ROS2_Projects/My-ROS2-Humble/Kukabot_MobileRobot/kukabot_ws/build/kukabot_bringup' returned '0': CMAKE_PREFIX_PATH=${CMAKE_PREFIX_PATH}:/opt/ros/humble /usr/bin/cmake --install /home/saeedbzrgn/Desktop/My-ROS2_Projects/My-ROS2-Humble/Kukabot_MobileRobot/kukabot_ws/build/kukabot_bringup
