[0.036s] Invoking command in '/home/sbzrobot/ROS2-Projects/My-ROS2_Projects/My-ROS2-Humble/mobilebot_ws/build/mobilebot_description': CMAKE_PREFIX_PATH=${CMAKE_PREFIX_PATH}:/home/sbzrobot/ROS2-Projects/My-ROS2_Projects/My-ROS2-Humble/mobilebot_ws/install/mobilebot_py_examples:/opt/ros/humble /usr/bin/cmake --build /home/sbzrobot/ROS2-Projects/My-ROS2_Projects/My-ROS2-Humble/mobilebot_ws/build/mobilebot_description -- -j4 -l4
[0.453s] Invoked command in '/home/sbzrobot/ROS2-Projects/My-ROS2_Projects/My-ROS2-Humble/mobilebot_ws/build/mobilebot_description' returned '0': CMAKE_PREFIX_PATH=${CMAKE_PREFIX_PATH}:/home/sbzrobot/ROS2-Projects/My-ROS2_Projects/My-ROS2-Humble/mobilebot_ws/install/mobilebot_py_examples:/opt/ros/humble /usr/bin/cmake --build /home/sbzrobot/ROS2-Projects/My-ROS2_Projects/My-ROS2-Humble/mobilebot_ws/build/mobilebot_description -- -j4 -l4
[0.468s] Invoking command in '/home/sbzrobot/ROS2-Projects/My-ROS2_Projects/My-ROS2-Humble/mobilebot_ws/build/mobilebot_description': CMAKE_PREFIX_PATH=${CMAKE_PREFIX_PATH}:/home/sbzrobot/ROS2-Projects/My-ROS2_Projects/My-ROS2-Humble/mobilebot_ws/install/mobilebot_py_examples:/opt/ros/humble /usr/bin/cmake --install /home/sbzrobot/ROS2-Projects/My-ROS2_Projects/My-ROS2-Humble/mobilebot_ws/build/mobilebot_description
[0.480s] -- Install configuration: ""
[0.481s] -- Up-to-date: /home/sbzrobot/ROS2-Projects/My-ROS2_Projects/My-ROS2-Humble/mobilebot_ws/install/mobilebot_description/share/mobilebot_description/meshes
[0.482s] -- Up-to-date: /home/sbzrobot/ROS2-Projects/My-ROS2_Projects/My-ROS2-Humble/mobilebot_ws/install/mobilebot_description/share/mobilebot_description/meshes/base_plate.STL
[0.482s] -- Up-to-date: /home/sbzrobot/ROS2-Projects/My-ROS2_Projects/My-ROS2-Humble/mobilebot_ws/install/mobilebot_description/share/mobilebot_description/meshes/claw_support.STL
[0.482s] -- Up-to-date: /home/sbzrobot/ROS2-Projects/My-ROS2_Projects/My-ROS2-Humble/mobilebot_ws/install/mobilebot_description/share/mobilebot_description/meshes/round_plate.STL
[0.482s] -- Up-to-date: /home/sbzrobot/ROS2-Projects/My-ROS2_Projects/My-ROS2-Humble/mobilebot_ws/install/mobilebot_description/share/mobilebot_description/meshes/plate.STL
[0.483s] -- Up-to-date: /home/sbzrobot/ROS2-Projects/My-ROS2_Projects/My-ROS2-Humble/mobilebot_ws/install/mobilebot_description/share/mobilebot_description/meshes/servo_plate.STL
[0.483s] -- Up-to-date: /home/sbzrobot/ROS2-Projects/My-ROS2_Projects/My-ROS2-Humble/mobilebot_ws/install/mobilebot_description/share/mobilebot_description/meshes/left_finger.STL
[0.483s] -- Up-to-date: /home/sbzrobot/ROS2-Projects/My-ROS2_Projects/My-ROS2-Humble/mobilebot_ws/install/mobilebot_description/share/mobilebot_description/meshes/link.STL
[0.483s] -- Up-to-date: /home/sbzrobot/ROS2-Projects/My-ROS2_Projects/My-ROS2-Humble/mobilebot_ws/install/mobilebot_description/share/mobilebot_description/meshes/triangular_link.STL
[0.484s] -- Up-to-date: /home/sbzrobot/ROS2-Projects/My-ROS2_Projects/My-ROS2-Humble/mobilebot_ws/install/mobilebot_description/share/mobilebot_description/meshes/vertical_drive_arm.STL
[0.484s] -- Up-to-date: /home/sbzrobot/ROS2-Projects/My-ROS2_Projects/My-ROS2-Humble/mobilebot_ws/install/mobilebot_description/share/mobilebot_description/meshes/forward_drive_arm.STL
[0.484s] -- Up-to-date: /home/sbzrobot/ROS2-Projects/My-ROS2_Projects/My-ROS2-Humble/mobilebot_ws/install/mobilebot_description/share/mobilebot_description/meshes/basement.STL
[0.484s] -- Up-to-date: /home/sbzrobot/ROS2-Projects/My-ROS2_Projects/My-ROS2-Humble/mobilebot_ws/install/mobilebot_description/share/mobilebot_description/meshes/horizontal_arm.STL
[0.485s] -- Up-to-date: /home/sbzrobot/ROS2-Projects/My-ROS2_Projects/My-ROS2-Humble/mobilebot_ws/install/mobilebot_description/share/mobilebot_description/meshes/right_finger.STL
[0.485s] -- Up-to-date: /home/sbzrobot/ROS2-Projects/My-ROS2_Projects/My-ROS2-Humble/mobilebot_ws/install/mobilebot_description/share/mobilebot_description/urdf
[0.485s] -- Installing: /home/sbzrobot/ROS2-Projects/My-ROS2_Projects/My-ROS2-Humble/mobilebot_ws/install/mobilebot_description/share/mobilebot_description/urdf/mobilebot.urdf.xacro
[0.485s] -- Up-to-date: /home/sbzrobot/ROS2-Projects/My-ROS2_Projects/My-ROS2-Humble/mobilebot_ws/install/mobilebot_description/share/ament_index/resource_index/package_run_dependencies/mobilebot_description
[0.486s] -- Up-to-date: /home/sbzrobot/ROS2-Projects/My-ROS2_Projects/My-ROS2-Humble/mobilebot_ws/install/mobilebot_description/share/ament_index/resource_index/parent_prefix_path/mobilebot_description
[0.486s] -- Up-to-date: /home/sbzrobot/ROS2-Projects/My-ROS2_Projects/My-ROS2-Humble/mobilebot_ws/install/mobilebot_description/share/mobilebot_description/environment/ament_prefix_path.sh
[0.486s] -- Up-to-date: /home/sbzrobot/ROS2-Projects/My-ROS2_Projects/My-ROS2-Humble/mobilebot_ws/install/mobilebot_description/share/mobilebot_description/environment/ament_prefix_path.dsv
[0.486s] -- Up-to-date: /home/sbzrobot/ROS2-Projects/My-ROS2_Projects/My-ROS2-Humble/mobilebot_ws/install/mobilebot_description/share/mobilebot_description/environment/path.sh
[0.486s] -- Up-to-date: /home/sbzrobot/ROS2-Projects/My-ROS2_Projects/My-ROS2-Humble/mobilebot_ws/install/mobilebot_description/share/mobilebot_description/environment/path.dsv
[0.487s] -- Up-to-date: /home/sbzrobot/ROS2-Projects/My-ROS2_Projects/My-ROS2-Humble/mobilebot_ws/install/mobilebot_description/share/mobilebot_description/local_setup.bash
[0.487s] -- Up-to-date: /home/sbzrobot/ROS2-Projects/My-ROS2_Projects/My-ROS2-Humble/mobilebot_ws/install/mobilebot_description/share/mobilebot_description/local_setup.sh
[0.487s] -- Up-to-date: /home/sbzrobot/ROS2-Projects/My-ROS2_Projects/My-ROS2-Humble/mobilebot_ws/install/mobilebot_description/share/mobilebot_description/local_setup.zsh
[0.487s] -- Up-to-date: /home/sbzrobot/ROS2-Projects/My-ROS2_Projects/My-ROS2-Humble/mobilebot_ws/install/mobilebot_description/share/mobilebot_description/local_setup.dsv
[0.487s] -- Installing: /home/sbzrobot/ROS2-Projects/My-ROS2_Projects/My-ROS2-Humble/mobilebot_ws/install/mobilebot_description/share/mobilebot_description/package.dsv
[0.488s] -- Up-to-date: /home/sbzrobot/ROS2-Projects/My-ROS2_Projects/My-ROS2-Humble/mobilebot_ws/install/mobilebot_description/share/ament_index/resource_index/packages/mobilebot_description
[0.488s] -- Up-to-date: /home/sbzrobot/ROS2-Projects/My-ROS2_Projects/My-ROS2-Humble/mobilebot_ws/install/mobilebot_description/share/mobilebot_description/cmake/mobilebot_descriptionConfig.cmake
[0.488s] -- Up-to-date: /home/sbzrobot/ROS2-Projects/My-ROS2_Projects/My-ROS2-Humble/mobilebot_ws/install/mobilebot_description/share/mobilebot_description/cmake/mobilebot_descriptionConfig-version.cmake
[0.489s] -- Up-to-date: /home/sbzrobot/ROS2-Projects/My-ROS2_Projects/My-ROS2-Humble/mobilebot_ws/install/mobilebot_description/share/mobilebot_description/package.xml
[0.490s] Invoked command in '/home/sbzrobot/ROS2-Projects/My-ROS2_Projects/My-ROS2-Humble/mobilebot_ws/build/mobilebot_description' returned '0': CMAKE_PREFIX_PATH=${CMAKE_PREFIX_PATH}:/home/sbzrobot/ROS2-Projects/My-ROS2_Projects/My-ROS2-Humble/mobilebot_ws/install/mobilebot_py_examples:/opt/ros/humble /usr/bin/cmake --install /home/sbzrobot/ROS2-Projects/My-ROS2_Projects/My-ROS2-Humble/mobilebot_ws/build/mobilebot_description
