[0.016s] Invoking command in '/home/saeedbazargan/Desktop/My-ROS2_Projects/My-ROS2-Humble/Tutorial_MobileRobot/mobilebot_ws/build/mobilebot_interfaces': CMAKE_PREFIX_PATH=${CMAKE_PREFIX_PATH}:/opt/ros/humble /usr/bin/cmake --build /home/saeedbazargan/Desktop/My-ROS2_Projects/My-ROS2-Humble/Tutorial_MobileRobot/mobilebot_ws/build/mobilebot_interfaces -- -j4 -l4
[0.093s] [  3%] Built target mobilebot_interfaces__cpp
[0.095s] [ 12%] Built target mobilebot_interfaces__rosidl_generator_c
[0.118s] [ 12%] Built target ament_cmake_python_copy_mobilebot_interfaces
[0.139s] [ 22%] Built target mobilebot_interfaces__rosidl_typesupport_cpp
[0.144s] [ 32%] Built target mobilebot_interfaces__rosidl_typesupport_fastrtps_cpp
[0.159s] [ 41%] Built target mobilebot_interfaces__rosidl_typesupport_introspection_cpp
[0.190s] [ 51%] Built target mobilebot_interfaces__rosidl_typesupport_fastrtps_c
[0.197s] [ 61%] Built target mobilebot_interfaces__rosidl_typesupport_introspection_c
[0.197s] [ 70%] Built target mobilebot_interfaces__rosidl_typesupport_c
[0.230s] [ 70%] Built target mobilebot_interfaces
[0.267s] [ 74%] Built target mobilebot_interfaces__py
[0.302s] [ 80%] Built target mobilebot_interfaces__rosidl_generator_py
[0.346s] [ 93%] Built target mobilebot_interfaces__rosidl_typesupport_introspection_c__pyext
[0.346s] [ 93%] Built target mobilebot_interfaces__rosidl_typesupport_fastrtps_c__pyext
[0.350s] [100%] Built target mobilebot_interfaces__rosidl_typesupport_c__pyext
[0.512s] running egg_info
[0.513s] writing mobilebot_interfaces.egg-info/PKG-INFO
[0.513s] writing dependency_links to mobilebot_interfaces.egg-info/dependency_links.txt
[0.513s] writing top-level names to mobilebot_interfaces.egg-info/top_level.txt
[0.515s] reading manifest file 'mobilebot_interfaces.egg-info/SOURCES.txt'
[0.516s] writing manifest file 'mobilebot_interfaces.egg-info/SOURCES.txt'
[0.549s] [100%] Built target ament_cmake_python_build_mobilebot_interfaces_egg
[0.564s] Invoked command in '/home/saeedbazargan/Desktop/My-ROS2_Projects/My-ROS2-Humble/Tutorial_MobileRobot/mobilebot_ws/build/mobilebot_interfaces' returned '0': CMAKE_PREFIX_PATH=${CMAKE_PREFIX_PATH}:/opt/ros/humble /usr/bin/cmake --build /home/saeedbazargan/Desktop/My-ROS2_Projects/My-ROS2-Humble/Tutorial_MobileRobot/mobilebot_ws/build/mobilebot_interfaces -- -j4 -l4
[0.567s] Invoking command in '/home/saeedbazargan/Desktop/My-ROS2_Projects/My-ROS2-Humble/Tutorial_MobileRobot/mobilebot_ws/build/mobilebot_interfaces': CMAKE_PREFIX_PATH=${CMAKE_PREFIX_PATH}:/opt/ros/humble /usr/bin/cmake --install /home/saeedbazargan/Desktop/My-ROS2_Projects/My-ROS2-Humble/Tutorial_MobileRobot/mobilebot_ws/build/mobilebot_interfaces
[0.578s] -- Install configuration: ""
[0.578s] -- Up-to-date: /home/saeedbazargan/Desktop/My-ROS2_Projects/My-ROS2-Humble/Tutorial_MobileRobot/mobilebot_ws/install/mobilebot_interfaces/share/ament_index/resource_index/rosidl_interfaces/mobilebot_interfaces
[0.578s] -- Up-to-date: /home/saeedbazargan/Desktop/My-ROS2_Projects/My-ROS2-Humble/Tutorial_MobileRobot/mobilebot_ws/install/mobilebot_interfaces/include/mobilebot_interfaces/mobilebot_interfaces
[0.578s] -- Up-to-date: /home/saeedbazargan/Desktop/My-ROS2_Projects/My-ROS2-Humble/Tutorial_MobileRobot/mobilebot_ws/install/mobilebot_interfaces/include/mobilebot_interfaces/mobilebot_interfaces/action
[0.578s] -- Up-to-date: /home/saeedbazargan/Desktop/My-ROS2_Projects/My-ROS2-Humble/Tutorial_MobileRobot/mobilebot_ws/install/mobilebot_interfaces/include/mobilebot_interfaces/mobilebot_interfaces/action/count_until.h
[0.578s] -- Up-to-date: /home/saeedbazargan/Desktop/My-ROS2_Projects/My-ROS2-Humble/Tutorial_MobileRobot/mobilebot_ws/install/mobilebot_interfaces/include/mobilebot_interfaces/mobilebot_interfaces/action/detail
[0.579s] -- Up-to-date: /home/saeedbazargan/Desktop/My-ROS2_Projects/My-ROS2-Humble/Tutorial_MobileRobot/mobilebot_ws/install/mobilebot_interfaces/include/mobilebot_interfaces/mobilebot_interfaces/action/detail/count_until__functions.c
[0.579s] -- Up-to-date: /home/saeedbazargan/Desktop/My-ROS2_Projects/My-ROS2-Humble/Tutorial_MobileRobot/mobilebot_ws/install/mobilebot_interfaces/include/mobilebot_interfaces/mobilebot_interfaces/action/detail/count_until__type_support.h
[0.579s] -- Up-to-date: /home/saeedbazargan/Desktop/My-ROS2_Projects/My-ROS2-Humble/Tutorial_MobileRobot/mobilebot_ws/install/mobilebot_interfaces/include/mobilebot_interfaces/mobilebot_interfaces/action/detail/count_until__struct.h
[0.579s] -- Up-to-date: /home/saeedbazargan/Desktop/My-ROS2_Projects/My-ROS2-Humble/Tutorial_MobileRobot/mobilebot_ws/install/mobilebot_interfaces/include/mobilebot_interfaces/mobilebot_interfaces/action/detail/count_until__functions.h
[0.579s] -- Up-to-date: /home/saeedbazargan/Desktop/My-ROS2_Projects/My-ROS2-Humble/Tutorial_MobileRobot/mobilebot_ws/install/mobilebot_interfaces/include/mobilebot_interfaces/mobilebot_interfaces/msg
[0.579s] -- Up-to-date: /home/saeedbazargan/Desktop/My-ROS2_Projects/My-ROS2-Humble/Tutorial_MobileRobot/mobilebot_ws/install/mobilebot_interfaces/include/mobilebot_interfaces/mobilebot_interfaces/msg/rosidl_generator_c__visibility_control.h
[0.580s] -- Up-to-date: /home/saeedbazargan/Desktop/My-ROS2_Projects/My-ROS2-Humble/Tutorial_MobileRobot/mobilebot_ws/install/mobilebot_interfaces/share/mobilebot_interfaces/environment/library_path.sh
[0.580s] -- Up-to-date: /home/saeedbazargan/Desktop/My-ROS2_Projects/My-ROS2-Humble/Tutorial_MobileRobot/mobilebot_ws/install/mobilebot_interfaces/share/mobilebot_interfaces/environment/library_path.dsv
[0.580s] -- Up-to-date: /home/saeedbazargan/Desktop/My-ROS2_Projects/My-ROS2-Humble/Tutorial_MobileRobot/mobilebot_ws/install/mobilebot_interfaces/lib/libmobilebot_interfaces__rosidl_generator_c.so
[0.580s] -- Up-to-date: /home/saeedbazargan/Desktop/My-ROS2_Projects/My-ROS2-Humble/Tutorial_MobileRobot/mobilebot_ws/install/mobilebot_interfaces/include/mobilebot_interfaces/mobilebot_interfaces
[0.580s] -- Up-to-date: /home/saeedbazargan/Desktop/My-ROS2_Projects/My-ROS2-Humble/Tutorial_MobileRobot/mobilebot_ws/install/mobilebot_interfaces/include/mobilebot_interfaces/mobilebot_interfaces/action
[0.580s] -- Up-to-date: /home/saeedbazargan/Desktop/My-ROS2_Projects/My-ROS2-Humble/Tutorial_MobileRobot/mobilebot_ws/install/mobilebot_interfaces/include/mobilebot_interfaces/mobilebot_interfaces/action/detail
[0.581s] -- Up-to-date: /home/saeedbazargan/Desktop/My-ROS2_Projects/My-ROS2-Humble/Tutorial_MobileRobot/mobilebot_ws/install/mobilebot_interfaces/include/mobilebot_interfaces/mobilebot_interfaces/action/detail/count_until__rosidl_typesupport_fastrtps_c.h
[0.581s] -- Up-to-date: /home/saeedbazargan/Desktop/My-ROS2_Projects/My-ROS2-Humble/Tutorial_MobileRobot/mobilebot_ws/install/mobilebot_interfaces/include/mobilebot_interfaces/mobilebot_interfaces/msg
[0.581s] -- Up-to-date: /home/saeedbazargan/Desktop/My-ROS2_Projects/My-ROS2-Humble/Tutorial_MobileRobot/mobilebot_ws/install/mobilebot_interfaces/include/mobilebot_interfaces/mobilebot_interfaces/msg/rosidl_typesupport_fastrtps_c__visibility_control.h
[0.581s] -- Up-to-date: /home/saeedbazargan/Desktop/My-ROS2_Projects/My-ROS2-Humble/Tutorial_MobileRobot/mobilebot_ws/install/mobilebot_interfaces/lib/libmobilebot_interfaces__rosidl_typesupport_fastrtps_c.so
[0.581s] -- Up-to-date: /home/saeedbazargan/Desktop/My-ROS2_Projects/My-ROS2-Humble/Tutorial_MobileRobot/mobilebot_ws/install/mobilebot_interfaces/include/mobilebot_interfaces/mobilebot_interfaces
[0.581s] -- Up-to-date: /home/saeedbazargan/Desktop/My-ROS2_Projects/My-ROS2-Humble/Tutorial_MobileRobot/mobilebot_ws/install/mobilebot_interfaces/include/mobilebot_interfaces/mobilebot_interfaces/action
[0.581s] -- Up-to-date: /home/saeedbazargan/Desktop/My-ROS2_Projects/My-ROS2-Humble/Tutorial_MobileRobot/mobilebot_ws/install/mobilebot_interfaces/include/mobilebot_interfaces/mobilebot_interfaces/action/detail
[0.582s] -- Up-to-date: /home/saeedbazargan/Desktop/My-ROS2_Projects/My-ROS2-Humble/Tutorial_MobileRobot/mobilebot_ws/install/mobilebot_interfaces/include/mobilebot_interfaces/mobilebot_interfaces/action/detail/count_until__rosidl_typesupport_introspection_c.h
[0.582s] -- Up-to-date: /home/saeedbazargan/Desktop/My-ROS2_Projects/My-ROS2-Humble/Tutorial_MobileRobot/mobilebot_ws/install/mobilebot_interfaces/include/mobilebot_interfaces/mobilebot_interfaces/action/detail/count_until__type_support.c
[0.582s] -- Up-to-date: /home/saeedbazargan/Desktop/My-ROS2_Projects/My-ROS2-Humble/Tutorial_MobileRobot/mobilebot_ws/install/mobilebot_interfaces/include/mobilebot_interfaces/mobilebot_interfaces/msg
[0.582s] -- Up-to-date: /home/saeedbazargan/Desktop/My-ROS2_Projects/My-ROS2-Humble/Tutorial_MobileRobot/mobilebot_ws/install/mobilebot_interfaces/include/mobilebot_interfaces/mobilebot_interfaces/msg/rosidl_typesupport_introspection_c__visibility_control.h
[0.582s] -- Up-to-date: /home/saeedbazargan/Desktop/My-ROS2_Projects/My-ROS2-Humble/Tutorial_MobileRobot/mobilebot_ws/install/mobilebot_interfaces/lib/libmobilebot_interfaces__rosidl_typesupport_introspection_c.so
[0.582s] -- Up-to-date: /home/saeedbazargan/Desktop/My-ROS2_Projects/My-ROS2-Humble/Tutorial_MobileRobot/mobilebot_ws/install/mobilebot_interfaces/lib/libmobilebot_interfaces__rosidl_typesupport_c.so
[0.583s] -- Up-to-date: /home/saeedbazargan/Desktop/My-ROS2_Projects/My-ROS2-Humble/Tutorial_MobileRobot/mobilebot_ws/install/mobilebot_interfaces/include/mobilebot_interfaces/mobilebot_interfaces
[0.583s] -- Up-to-date: /home/saeedbazargan/Desktop/My-ROS2_Projects/My-ROS2-Humble/Tutorial_MobileRobot/mobilebot_ws/install/mobilebot_interfaces/include/mobilebot_interfaces/mobilebot_interfaces/action
[0.583s] -- Up-to-date: /home/saeedbazargan/Desktop/My-ROS2_Projects/My-ROS2-Humble/Tutorial_MobileRobot/mobilebot_ws/install/mobilebot_interfaces/include/mobilebot_interfaces/mobilebot_interfaces/action/count_until.hpp
[0.583s] -- Up-to-date: /home/saeedbazargan/Desktop/My-ROS2_Projects/My-ROS2-Humble/Tutorial_MobileRobot/mobilebot_ws/install/mobilebot_interfaces/include/mobilebot_interfaces/mobilebot_interfaces/action/detail
[0.583s] -- Up-to-date: /home/saeedbazargan/Desktop/My-ROS2_Projects/My-ROS2-Humble/Tutorial_MobileRobot/mobilebot_ws/install/mobilebot_interfaces/include/mobilebot_interfaces/mobilebot_interfaces/action/detail/count_until__type_support.hpp
[0.583s] -- Up-to-date: /home/saeedbazargan/Desktop/My-ROS2_Projects/My-ROS2-Humble/Tutorial_MobileRobot/mobilebot_ws/install/mobilebot_interfaces/include/mobilebot_interfaces/mobilebot_interfaces/action/detail/count_until__builder.hpp
[0.584s] -- Up-to-date: /home/saeedbazargan/Desktop/My-ROS2_Projects/My-ROS2-Humble/Tutorial_MobileRobot/mobilebot_ws/install/mobilebot_interfaces/include/mobilebot_interfaces/mobilebot_interfaces/action/detail/count_until__traits.hpp
[0.584s] -- Up-to-date: /home/saeedbazargan/Desktop/My-ROS2_Projects/My-ROS2-Humble/Tutorial_MobileRobot/mobilebot_ws/install/mobilebot_interfaces/include/mobilebot_interfaces/mobilebot_interfaces/action/detail/count_until__struct.hpp
[0.584s] -- Up-to-date: /home/saeedbazargan/Desktop/My-ROS2_Projects/My-ROS2-Humble/Tutorial_MobileRobot/mobilebot_ws/install/mobilebot_interfaces/include/mobilebot_interfaces/mobilebot_interfaces/msg
[0.584s] -- Up-to-date: /home/saeedbazargan/Desktop/My-ROS2_Projects/My-ROS2-Humble/Tutorial_MobileRobot/mobilebot_ws/install/mobilebot_interfaces/include/mobilebot_interfaces/mobilebot_interfaces/msg/rosidl_generator_cpp__visibility_control.hpp
[0.584s] -- Up-to-date: /home/saeedbazargan/Desktop/My-ROS2_Projects/My-ROS2-Humble/Tutorial_MobileRobot/mobilebot_ws/install/mobilebot_interfaces/include/mobilebot_interfaces/mobilebot_interfaces
[0.584s] -- Up-to-date: /home/saeedbazargan/Desktop/My-ROS2_Projects/My-ROS2-Humble/Tutorial_MobileRobot/mobilebot_ws/install/mobilebot_interfaces/include/mobilebot_interfaces/mobilebot_interfaces/action
[0.584s] -- Up-to-date: /home/saeedbazargan/Desktop/My-ROS2_Projects/My-ROS2-Humble/Tutorial_MobileRobot/mobilebot_ws/install/mobilebot_interfaces/include/mobilebot_interfaces/mobilebot_interfaces/action/detail
[0.584s] -- Up-to-date: /home/saeedbazargan/Desktop/My-ROS2_Projects/My-ROS2-Humble/Tutorial_MobileRobot/mobilebot_ws/install/mobilebot_interfaces/include/mobilebot_interfaces/mobilebot_interfaces/action/detail/count_until__rosidl_typesupport_fastrtps_cpp.hpp
[0.585s] -- Up-to-date: /home/saeedbazargan/Desktop/My-ROS2_Projects/My-ROS2-Humble/Tutorial_MobileRobot/mobilebot_ws/install/mobilebot_interfaces/include/mobilebot_interfaces/mobilebot_interfaces/action/detail/dds_fastrtps
[0.585s] -- Up-to-date: /home/saeedbazargan/Desktop/My-ROS2_Projects/My-ROS2-Humble/Tutorial_MobileRobot/mobilebot_ws/install/mobilebot_interfaces/include/mobilebot_interfaces/mobilebot_interfaces/msg
[0.585s] -- Up-to-date: /home/saeedbazargan/Desktop/My-ROS2_Projects/My-ROS2-Humble/Tutorial_MobileRobot/mobilebot_ws/install/mobilebot_interfaces/include/mobilebot_interfaces/mobilebot_interfaces/msg/rosidl_typesupport_fastrtps_cpp__visibility_control.h
[0.585s] -- Up-to-date: /home/saeedbazargan/Desktop/My-ROS2_Projects/My-ROS2-Humble/Tutorial_MobileRobot/mobilebot_ws/install/mobilebot_interfaces/lib/libmobilebot_interfaces__rosidl_typesupport_fastrtps_cpp.so
[0.585s] -- Up-to-date: /home/saeedbazargan/Desktop/My-ROS2_Projects/My-ROS2-Humble/Tutorial_MobileRobot/mobilebot_ws/install/mobilebot_interfaces/include/mobilebot_interfaces/mobilebot_interfaces
[0.585s] -- Up-to-date: /home/saeedbazargan/Desktop/My-ROS2_Projects/My-ROS2-Humble/Tutorial_MobileRobot/mobilebot_ws/install/mobilebot_interfaces/include/mobilebot_interfaces/mobilebot_interfaces/action
[0.586s] -- Up-to-date: /home/saeedbazargan/Desktop/My-ROS2_Projects/My-ROS2-Humble/Tutorial_MobileRobot/mobilebot_ws/install/mobilebot_interfaces/include/mobilebot_interfaces/mobilebot_interfaces/action/detail
[0.586s] -- Up-to-date: /home/saeedbazargan/Desktop/My-ROS2_Projects/My-ROS2-Humble/Tutorial_MobileRobot/mobilebot_ws/install/mobilebot_interfaces/include/mobilebot_interfaces/mobilebot_interfaces/action/detail/count_until__type_support.cpp
[0.586s] -- Up-to-date: /home/saeedbazargan/Desktop/My-ROS2_Projects/My-ROS2-Humble/Tutorial_MobileRobot/mobilebot_ws/install/mobilebot_interfaces/include/mobilebot_interfaces/mobilebot_interfaces/action/detail/count_until__rosidl_typesupport_introspection_cpp.hpp
[0.586s] -- Up-to-date: /home/saeedbazargan/Desktop/My-ROS2_Projects/My-ROS2-Humble/Tutorial_MobileRobot/mobilebot_ws/install/mobilebot_interfaces/lib/libmobilebot_interfaces__rosidl_typesupport_introspection_cpp.so
[0.586s] -- Up-to-date: /home/saeedbazargan/Desktop/My-ROS2_Projects/My-ROS2-Humble/Tutorial_MobileRobot/mobilebot_ws/install/mobilebot_interfaces/lib/libmobilebot_interfaces__rosidl_typesupport_cpp.so
[0.586s] -- Up-to-date: /home/saeedbazargan/Desktop/My-ROS2_Projects/My-ROS2-Humble/Tutorial_MobileRobot/mobilebot_ws/install/mobilebot_interfaces/share/mobilebot_interfaces/environment/pythonpath.sh
[0.587s] -- Up-to-date: /home/saeedbazargan/Desktop/My-ROS2_Projects/My-ROS2-Humble/Tutorial_MobileRobot/mobilebot_ws/install/mobilebot_interfaces/share/mobilebot_interfaces/environment/pythonpath.dsv
[0.587s] -- Up-to-date: /home/saeedbazargan/Desktop/My-ROS2_Projects/My-ROS2-Humble/Tutorial_MobileRobot/mobilebot_ws/install/mobilebot_interfaces/local/lib/python3.10/dist-packages/mobilebot_interfaces-0.0.0-py3.10.egg-info
[0.587s] -- Installing: /home/saeedbazargan/Desktop/My-ROS2_Projects/My-ROS2-Humble/Tutorial_MobileRobot/mobilebot_ws/install/mobilebot_interfaces/local/lib/python3.10/dist-packages/mobilebot_interfaces-0.0.0-py3.10.egg-info/top_level.txt
[0.587s] -- Installing: /home/saeedbazargan/Desktop/My-ROS2_Projects/My-ROS2-Humble/Tutorial_MobileRobot/mobilebot_ws/install/mobilebot_interfaces/local/lib/python3.10/dist-packages/mobilebot_interfaces-0.0.0-py3.10.egg-info/PKG-INFO
[0.587s] -- Installing: /home/saeedbazargan/Desktop/My-ROS2_Projects/My-ROS2-Humble/Tutorial_MobileRobot/mobilebot_ws/install/mobilebot_interfaces/local/lib/python3.10/dist-packages/mobilebot_interfaces-0.0.0-py3.10.egg-info/SOURCES.txt
[0.587s] -- Installing: /home/saeedbazargan/Desktop/My-ROS2_Projects/My-ROS2-Humble/Tutorial_MobileRobot/mobilebot_ws/install/mobilebot_interfaces/local/lib/python3.10/dist-packages/mobilebot_interfaces-0.0.0-py3.10.egg-info/dependency_links.txt
[0.587s] -- Up-to-date: /home/saeedbazargan/Desktop/My-ROS2_Projects/My-ROS2-Humble/Tutorial_MobileRobot/mobilebot_ws/install/mobilebot_interfaces/local/lib/python3.10/dist-packages/mobilebot_interfaces
[0.587s] -- Up-to-date: /home/saeedbazargan/Desktop/My-ROS2_Projects/My-ROS2-Humble/Tutorial_MobileRobot/mobilebot_ws/install/mobilebot_interfaces/local/lib/python3.10/dist-packages/mobilebot_interfaces/_mobilebot_interfaces_s.ep.rosidl_typesupport_introspection_c.c
[0.587s] -- Up-to-date: /home/saeedbazargan/Desktop/My-ROS2_Projects/My-ROS2-Humble/Tutorial_MobileRobot/mobilebot_ws/install/mobilebot_interfaces/local/lib/python3.10/dist-packages/mobilebot_interfaces/mobilebot_interfaces_s__rosidl_typesupport_c.cpython-310-x86_64-linux-gnu.so
[0.588s] -- Up-to-date: /home/saeedbazargan/Desktop/My-ROS2_Projects/My-ROS2-Humble/Tutorial_MobileRobot/mobilebot_ws/install/mobilebot_interfaces/local/lib/python3.10/dist-packages/mobilebot_interfaces/_mobilebot_interfaces_s.ep.rosidl_typesupport_c.c
[0.588s] -- Up-to-date: /home/saeedbazargan/Desktop/My-ROS2_Projects/My-ROS2-Humble/Tutorial_MobileRobot/mobilebot_ws/install/mobilebot_interfaces/local/lib/python3.10/dist-packages/mobilebot_interfaces/_mobilebot_interfaces_s.ep.rosidl_typesupport_fastrtps_c.c
[0.588s] -- Up-to-date: /home/saeedbazargan/Desktop/My-ROS2_Projects/My-ROS2-Humble/Tutorial_MobileRobot/mobilebot_ws/install/mobilebot_interfaces/local/lib/python3.10/dist-packages/mobilebot_interfaces/action
[0.588s] -- Up-to-date: /home/saeedbazargan/Desktop/My-ROS2_Projects/My-ROS2-Humble/Tutorial_MobileRobot/mobilebot_ws/install/mobilebot_interfaces/local/lib/python3.10/dist-packages/mobilebot_interfaces/action/_count_until.py
[0.588s] -- Up-to-date: /home/saeedbazargan/Desktop/My-ROS2_Projects/My-ROS2-Humble/Tutorial_MobileRobot/mobilebot_ws/install/mobilebot_interfaces/local/lib/python3.10/dist-packages/mobilebot_interfaces/action/_count_until_s.c
[0.588s] -- Up-to-date: /home/saeedbazargan/Desktop/My-ROS2_Projects/My-ROS2-Humble/Tutorial_MobileRobot/mobilebot_ws/install/mobilebot_interfaces/local/lib/python3.10/dist-packages/mobilebot_interfaces/action/__init__.py
[0.588s] -- Up-to-date: /home/saeedbazargan/Desktop/My-ROS2_Projects/My-ROS2-Humble/Tutorial_MobileRobot/mobilebot_ws/install/mobilebot_interfaces/local/lib/python3.10/dist-packages/mobilebot_interfaces/mobilebot_interfaces_s__rosidl_typesupport_fastrtps_c.cpython-310-x86_64-linux-gnu.so
[0.588s] -- Up-to-date: /home/saeedbazargan/Desktop/My-ROS2_Projects/My-ROS2-Humble/Tutorial_MobileRobot/mobilebot_ws/install/mobilebot_interfaces/local/lib/python3.10/dist-packages/mobilebot_interfaces/mobilebot_interfaces_s__rosidl_typesupport_introspection_c.cpython-310-x86_64-linux-gnu.so
[0.588s] -- Up-to-date: /home/saeedbazargan/Desktop/My-ROS2_Projects/My-ROS2-Humble/Tutorial_MobileRobot/mobilebot_ws/install/mobilebot_interfaces/local/lib/python3.10/dist-packages/mobilebot_interfaces/libmobilebot_interfaces__rosidl_generator_py.so
[0.588s] -- Up-to-date: /home/saeedbazargan/Desktop/My-ROS2_Projects/My-ROS2-Humble/Tutorial_MobileRobot/mobilebot_ws/install/mobilebot_interfaces/local/lib/python3.10/dist-packages/mobilebot_interfaces/__init__.py
[0.622s] Listing '/home/saeedbazargan/Desktop/My-ROS2_Projects/My-ROS2-Humble/Tutorial_MobileRobot/mobilebot_ws/install/mobilebot_interfaces/local/lib/python3.10/dist-packages/mobilebot_interfaces'...
[0.622s] Listing '/home/saeedbazargan/Desktop/My-ROS2_Projects/My-ROS2-Humble/Tutorial_MobileRobot/mobilebot_ws/install/mobilebot_interfaces/local/lib/python3.10/dist-packages/mobilebot_interfaces/action'...
[0.628s] -- Up-to-date: /home/saeedbazargan/Desktop/My-ROS2_Projects/My-ROS2-Humble/Tutorial_MobileRobot/mobilebot_ws/install/mobilebot_interfaces/local/lib/python3.10/dist-packages/mobilebot_interfaces/mobilebot_interfaces_s__rosidl_typesupport_fastrtps_c.cpython-310-x86_64-linux-gnu.so
[0.629s] -- Up-to-date: /home/saeedbazargan/Desktop/My-ROS2_Projects/My-ROS2-Humble/Tutorial_MobileRobot/mobilebot_ws/install/mobilebot_interfaces/local/lib/python3.10/dist-packages/mobilebot_interfaces/mobilebot_interfaces_s__rosidl_typesupport_introspection_c.cpython-310-x86_64-linux-gnu.so
[0.629s] -- Up-to-date: /home/saeedbazargan/Desktop/My-ROS2_Projects/My-ROS2-Humble/Tutorial_MobileRobot/mobilebot_ws/install/mobilebot_interfaces/local/lib/python3.10/dist-packages/mobilebot_interfaces/mobilebot_interfaces_s__rosidl_typesupport_c.cpython-310-x86_64-linux-gnu.so
[0.630s] -- Up-to-date: /home/saeedbazargan/Desktop/My-ROS2_Projects/My-ROS2-Humble/Tutorial_MobileRobot/mobilebot_ws/install/mobilebot_interfaces/lib/libmobilebot_interfaces__rosidl_generator_py.so
[0.630s] -- Up-to-date: /home/saeedbazargan/Desktop/My-ROS2_Projects/My-ROS2-Humble/Tutorial_MobileRobot/mobilebot_ws/install/mobilebot_interfaces/share/mobilebot_interfaces/action/CountUntil.idl
[0.630s] -- Up-to-date: /home/saeedbazargan/Desktop/My-ROS2_Projects/My-ROS2-Humble/Tutorial_MobileRobot/mobilebot_ws/install/mobilebot_interfaces/share/mobilebot_interfaces/action/CountUntil.action
[0.631s] -- Up-to-date: /home/saeedbazargan/Desktop/My-ROS2_Projects/My-ROS2-Humble/Tutorial_MobileRobot/mobilebot_ws/install/mobilebot_interfaces/share/ament_index/resource_index/package_run_dependencies/mobilebot_interfaces
[0.631s] -- Up-to-date: /home/saeedbazargan/Desktop/My-ROS2_Projects/My-ROS2-Humble/Tutorial_MobileRobot/mobilebot_ws/install/mobilebot_interfaces/share/ament_index/resource_index/parent_prefix_path/mobilebot_interfaces
[0.631s] -- Up-to-date: /home/saeedbazargan/Desktop/My-ROS2_Projects/My-ROS2-Humble/Tutorial_MobileRobot/mobilebot_ws/install/mobilebot_interfaces/share/mobilebot_interfaces/environment/ament_prefix_path.sh
[0.631s] -- Up-to-date: /home/saeedbazargan/Desktop/My-ROS2_Projects/My-ROS2-Humble/Tutorial_MobileRobot/mobilebot_ws/install/mobilebot_interfaces/share/mobilebot_interfaces/environment/ament_prefix_path.dsv
[0.631s] -- Up-to-date: /home/saeedbazargan/Desktop/My-ROS2_Projects/My-ROS2-Humble/Tutorial_MobileRobot/mobilebot_ws/install/mobilebot_interfaces/share/mobilebot_interfaces/environment/path.sh
[0.632s] -- Up-to-date: /home/saeedbazargan/Desktop/My-ROS2_Projects/My-ROS2-Humble/Tutorial_MobileRobot/mobilebot_ws/install/mobilebot_interfaces/share/mobilebot_interfaces/environment/path.dsv
[0.632s] -- Up-to-date: /home/saeedbazargan/Desktop/My-ROS2_Projects/My-ROS2-Humble/Tutorial_MobileRobot/mobilebot_ws/install/mobilebot_interfaces/share/mobilebot_interfaces/local_setup.bash
[0.632s] -- Up-to-date: /home/saeedbazargan/Desktop/My-ROS2_Projects/My-ROS2-Humble/Tutorial_MobileRobot/mobilebot_ws/install/mobilebot_interfaces/share/mobilebot_interfaces/local_setup.sh
[0.632s] -- Up-to-date: /home/saeedbazargan/Desktop/My-ROS2_Projects/My-ROS2-Humble/Tutorial_MobileRobot/mobilebot_ws/install/mobilebot_interfaces/share/mobilebot_interfaces/local_setup.zsh
[0.632s] -- Up-to-date: /home/saeedbazargan/Desktop/My-ROS2_Projects/My-ROS2-Humble/Tutorial_MobileRobot/mobilebot_ws/install/mobilebot_interfaces/share/mobilebot_interfaces/local_setup.dsv
[0.632s] -- Installing: /home/saeedbazargan/Desktop/My-ROS2_Projects/My-ROS2-Humble/Tutorial_MobileRobot/mobilebot_ws/install/mobilebot_interfaces/share/mobilebot_interfaces/package.dsv
[0.633s] -- Up-to-date: /home/saeedbazargan/Desktop/My-ROS2_Projects/My-ROS2-Humble/Tutorial_MobileRobot/mobilebot_ws/install/mobilebot_interfaces/share/ament_index/resource_index/packages/mobilebot_interfaces
[0.633s] -- Up-to-date: /home/saeedbazargan/Desktop/My-ROS2_Projects/My-ROS2-Humble/Tutorial_MobileRobot/mobilebot_ws/install/mobilebot_interfaces/share/mobilebot_interfaces/cmake/export_mobilebot_interfaces__rosidl_generator_cExport.cmake
[0.633s] -- Up-to-date: /home/saeedbazargan/Desktop/My-ROS2_Projects/My-ROS2-Humble/Tutorial_MobileRobot/mobilebot_ws/install/mobilebot_interfaces/share/mobilebot_interfaces/cmake/export_mobilebot_interfaces__rosidl_generator_cExport-noconfig.cmake
[0.633s] -- Up-to-date: /home/saeedbazargan/Desktop/My-ROS2_Projects/My-ROS2-Humble/Tutorial_MobileRobot/mobilebot_ws/install/mobilebot_interfaces/share/mobilebot_interfaces/cmake/export_mobilebot_interfaces__rosidl_typesupport_fastrtps_cExport.cmake
[0.633s] -- Up-to-date: /home/saeedbazargan/Desktop/My-ROS2_Projects/My-ROS2-Humble/Tutorial_MobileRobot/mobilebot_ws/install/mobilebot_interfaces/share/mobilebot_interfaces/cmake/export_mobilebot_interfaces__rosidl_typesupport_fastrtps_cExport-noconfig.cmake
[0.633s] -- Up-to-date: /home/saeedbazargan/Desktop/My-ROS2_Projects/My-ROS2-Humble/Tutorial_MobileRobot/mobilebot_ws/install/mobilebot_interfaces/share/mobilebot_interfaces/cmake/mobilebot_interfaces__rosidl_typesupport_introspection_cExport.cmake
[0.633s] -- Up-to-date: /home/saeedbazargan/Desktop/My-ROS2_Projects/My-ROS2-Humble/Tutorial_MobileRobot/mobilebot_ws/install/mobilebot_interfaces/share/mobilebot_interfaces/cmake/mobilebot_interfaces__rosidl_typesupport_introspection_cExport-noconfig.cmake
[0.634s] -- Up-to-date: /home/saeedbazargan/Desktop/My-ROS2_Projects/My-ROS2-Humble/Tutorial_MobileRobot/mobilebot_ws/install/mobilebot_interfaces/share/mobilebot_interfaces/cmake/mobilebot_interfaces__rosidl_typesupport_cExport.cmake
[0.634s] -- Up-to-date: /home/saeedbazargan/Desktop/My-ROS2_Projects/My-ROS2-Humble/Tutorial_MobileRobot/mobilebot_ws/install/mobilebot_interfaces/share/mobilebot_interfaces/cmake/mobilebot_interfaces__rosidl_typesupport_cExport-noconfig.cmake
[0.634s] -- Up-to-date: /home/saeedbazargan/Desktop/My-ROS2_Projects/My-ROS2-Humble/Tutorial_MobileRobot/mobilebot_ws/install/mobilebot_interfaces/share/mobilebot_interfaces/cmake/export_mobilebot_interfaces__rosidl_generator_cppExport.cmake
[0.634s] -- Up-to-date: /home/saeedbazargan/Desktop/My-ROS2_Projects/My-ROS2-Humble/Tutorial_MobileRobot/mobilebot_ws/install/mobilebot_interfaces/share/mobilebot_interfaces/cmake/export_mobilebot_interfaces__rosidl_typesupport_fastrtps_cppExport.cmake
[0.634s] -- Up-to-date: /home/saeedbazargan/Desktop/My-ROS2_Projects/My-ROS2-Humble/Tutorial_MobileRobot/mobilebot_ws/install/mobilebot_interfaces/share/mobilebot_interfaces/cmake/export_mobilebot_interfaces__rosidl_typesupport_fastrtps_cppExport-noconfig.cmake
[0.634s] -- Up-to-date: /home/saeedbazargan/Desktop/My-ROS2_Projects/My-ROS2-Humble/Tutorial_MobileRobot/mobilebot_ws/install/mobilebot_interfaces/share/mobilebot_interfaces/cmake/mobilebot_interfaces__rosidl_typesupport_introspection_cppExport.cmake
[0.634s] -- Up-to-date: /home/saeedbazargan/Desktop/My-ROS2_Projects/My-ROS2-Humble/Tutorial_MobileRobot/mobilebot_ws/install/mobilebot_interfaces/share/mobilebot_interfaces/cmake/mobilebot_interfaces__rosidl_typesupport_introspection_cppExport-noconfig.cmake
[0.635s] -- Up-to-date: /home/saeedbazargan/Desktop/My-ROS2_Projects/My-ROS2-Humble/Tutorial_MobileRobot/mobilebot_ws/install/mobilebot_interfaces/share/mobilebot_interfaces/cmake/mobilebot_interfaces__rosidl_typesupport_cppExport.cmake
[0.635s] -- Up-to-date: /home/saeedbazargan/Desktop/My-ROS2_Projects/My-ROS2-Humble/Tutorial_MobileRobot/mobilebot_ws/install/mobilebot_interfaces/share/mobilebot_interfaces/cmake/mobilebot_interfaces__rosidl_typesupport_cppExport-noconfig.cmake
[0.635s] -- Up-to-date: /home/saeedbazargan/Desktop/My-ROS2_Projects/My-ROS2-Humble/Tutorial_MobileRobot/mobilebot_ws/install/mobilebot_interfaces/share/mobilebot_interfaces/cmake/export_mobilebot_interfaces__rosidl_generator_pyExport.cmake
[0.635s] -- Up-to-date: /home/saeedbazargan/Desktop/My-ROS2_Projects/My-ROS2-Humble/Tutorial_MobileRobot/mobilebot_ws/install/mobilebot_interfaces/share/mobilebot_interfaces/cmake/export_mobilebot_interfaces__rosidl_generator_pyExport-noconfig.cmake
[0.635s] -- Up-to-date: /home/saeedbazargan/Desktop/My-ROS2_Projects/My-ROS2-Humble/Tutorial_MobileRobot/mobilebot_ws/install/mobilebot_interfaces/share/mobilebot_interfaces/cmake/rosidl_cmake-extras.cmake
[0.635s] -- Up-to-date: /home/saeedbazargan/Desktop/My-ROS2_Projects/My-ROS2-Humble/Tutorial_MobileRobot/mobilebot_ws/install/mobilebot_interfaces/share/mobilebot_interfaces/cmake/ament_cmake_export_dependencies-extras.cmake
[0.635s] -- Up-to-date: /home/saeedbazargan/Desktop/My-ROS2_Projects/My-ROS2-Humble/Tutorial_MobileRobot/mobilebot_ws/install/mobilebot_interfaces/share/mobilebot_interfaces/cmake/ament_cmake_export_include_directories-extras.cmake
[0.635s] -- Up-to-date: /home/saeedbazargan/Desktop/My-ROS2_Projects/My-ROS2-Humble/Tutorial_MobileRobot/mobilebot_ws/install/mobilebot_interfaces/share/mobilebot_interfaces/cmake/ament_cmake_export_libraries-extras.cmake
[0.635s] -- Up-to-date: /home/saeedbazargan/Desktop/My-ROS2_Projects/My-ROS2-Humble/Tutorial_MobileRobot/mobilebot_ws/install/mobilebot_interfaces/share/mobilebot_interfaces/cmake/ament_cmake_export_targets-extras.cmake
[0.636s] -- Up-to-date: /home/saeedbazargan/Desktop/My-ROS2_Projects/My-ROS2-Humble/Tutorial_MobileRobot/mobilebot_ws/install/mobilebot_interfaces/share/mobilebot_interfaces/cmake/rosidl_cmake_export_typesupport_targets-extras.cmake
[0.636s] -- Up-to-date: /home/saeedbazargan/Desktop/My-ROS2_Projects/My-ROS2-Humble/Tutorial_MobileRobot/mobilebot_ws/install/mobilebot_interfaces/share/mobilebot_interfaces/cmake/rosidl_cmake_export_typesupport_libraries-extras.cmake
[0.636s] -- Up-to-date: /home/saeedbazargan/Desktop/My-ROS2_Projects/My-ROS2-Humble/Tutorial_MobileRobot/mobilebot_ws/install/mobilebot_interfaces/share/mobilebot_interfaces/cmake/mobilebot_interfacesConfig.cmake
[0.636s] -- Up-to-date: /home/saeedbazargan/Desktop/My-ROS2_Projects/My-ROS2-Humble/Tutorial_MobileRobot/mobilebot_ws/install/mobilebot_interfaces/share/mobilebot_interfaces/cmake/mobilebot_interfacesConfig-version.cmake
[0.636s] -- Up-to-date: /home/saeedbazargan/Desktop/My-ROS2_Projects/My-ROS2-Humble/Tutorial_MobileRobot/mobilebot_ws/install/mobilebot_interfaces/share/mobilebot_interfaces/package.xml
[0.638s] Invoked command in '/home/saeedbazargan/Desktop/My-ROS2_Projects/My-ROS2-Humble/Tutorial_MobileRobot/mobilebot_ws/build/mobilebot_interfaces' returned '0': CMAKE_PREFIX_PATH=${CMAKE_PREFIX_PATH}:/opt/ros/humble /usr/bin/cmake --install /home/saeedbazargan/Desktop/My-ROS2_Projects/My-ROS2-Humble/Tutorial_MobileRobot/mobilebot_ws/build/mobilebot_interfaces
