[0.017s] Invoking command in '/home/saeedbazargan/Desktop/My-ROS2_Projects/My-ROS2-Humble/Tutorial_MobileRobot/mobilebot_ws/build/actions_cpp': CMAKE_PREFIX_PATH=/home/saeedbazargan/Desktop/My-ROS2_Projects/My-ROS2-Humble/Tutorial_MobileRobot/mobilebot_ws/install/mobilebot_interfaces:/home/saeedbazargan/Desktop/My-ROS2_Projects/My-ROS2-Humble/Tutorial_MobileRobot/mobilebot_ws/install/lifecycle_cpp:/home/saeedbazargan/Desktop/My-ROS2_Projects/My-ROS2-Humble/Tutorial_MobileRobot/mobilebot_ws/install/actions_cpp:/home/saeedbazargan/Desktop/My-ROS2_Projects/My-ROS2-Humble/Tutorial_MobileRobot/mobilebot_ws/install/mobilebot_bringup:/home/saeedbazargan/Desktop/My-ROS2_Projects/My-ROS2-Humble/Tutorial_MobileRobot/mobilebot_ws/install/mobilebot_description:/opt/ros/humble /usr/bin/cmake --build /home/saeedbazargan/Desktop/My-ROS2_Projects/My-ROS2-Humble/Tutorial_MobileRobot/mobilebot_ws/build/actions_cpp -- -j4 -l4
[0.124s] [ 20%] Built target count_until_server
[0.129s] [ 40%] Built target count_until_client
[0.140s] [ 60%] Built target count_until_server_queue_goals
[0.145s] [ 80%] Built target robot_move_server
[0.169s] [100%] Built target robot_move_client
[0.185s] Invoked command in '/home/saeedbazargan/Desktop/My-ROS2_Projects/My-ROS2-Humble/Tutorial_MobileRobot/mobilebot_ws/build/actions_cpp' returned '0': CMAKE_PREFIX_PATH=/home/saeedbazargan/Desktop/My-ROS2_Projects/My-ROS2-Humble/Tutorial_MobileRobot/mobilebot_ws/install/mobilebot_interfaces:/home/saeedbazargan/Desktop/My-ROS2_Projects/My-ROS2-Humble/Tutorial_MobileRobot/mobilebot_ws/install/lifecycle_cpp:/home/saeedbazargan/Desktop/My-ROS2_Projects/My-ROS2-Humble/Tutorial_MobileRobot/mobilebot_ws/install/actions_cpp:/home/saeedbazargan/Desktop/My-ROS2_Projects/My-ROS2-Humble/Tutorial_MobileRobot/mobilebot_ws/install/mobilebot_bringup:/home/saeedbazargan/Desktop/My-ROS2_Projects/My-ROS2-Humble/Tutorial_MobileRobot/mobilebot_ws/install/mobilebot_description:/opt/ros/humble /usr/bin/cmake --build /home/saeedbazargan/Desktop/My-ROS2_Projects/My-ROS2-Humble/Tutorial_MobileRobot/mobilebot_ws/build/actions_cpp -- -j4 -l4
[0.188s] Invoking command in '/home/saeedbazargan/Desktop/My-ROS2_Projects/My-ROS2-Humble/Tutorial_MobileRobot/mobilebot_ws/build/actions_cpp': CMAKE_PREFIX_PATH=/home/saeedbazargan/Desktop/My-ROS2_Projects/My-ROS2-Humble/Tutorial_MobileRobot/mobilebot_ws/install/mobilebot_interfaces:/home/saeedbazargan/Desktop/My-ROS2_Projects/My-ROS2-Humble/Tutorial_MobileRobot/mobilebot_ws/install/lifecycle_cpp:/home/saeedbazargan/Desktop/My-ROS2_Projects/My-ROS2-Humble/Tutorial_MobileRobot/mobilebot_ws/install/actions_cpp:/home/saeedbazargan/Desktop/My-ROS2_Projects/My-ROS2-Humble/Tutorial_MobileRobot/mobilebot_ws/install/mobilebot_bringup:/home/saeedbazargan/Desktop/My-ROS2_Projects/My-ROS2-Humble/Tutorial_MobileRobot/mobilebot_ws/install/mobilebot_description:/opt/ros/humble /usr/bin/cmake --install /home/saeedbazargan/Desktop/My-ROS2_Projects/My-ROS2-Humble/Tutorial_MobileRobot/mobilebot_ws/build/actions_cpp
[0.197s] -- Install configuration: ""
[0.197s] -- Up-to-date: /home/saeedbazargan/Desktop/My-ROS2_Projects/My-ROS2-Humble/Tutorial_MobileRobot/mobilebot_ws/install/actions_cpp/lib/actions_cpp/count_until_server
[0.198s] -- Up-to-date: /home/saeedbazargan/Desktop/My-ROS2_Projects/My-ROS2-Humble/Tutorial_MobileRobot/mobilebot_ws/install/actions_cpp/lib/actions_cpp/count_until_server_queue_goals
[0.199s] -- Up-to-date: /home/saeedbazargan/Desktop/My-ROS2_Projects/My-ROS2-Humble/Tutorial_MobileRobot/mobilebot_ws/install/actions_cpp/lib/actions_cpp/count_until_client
[0.199s] -- Up-to-date: /home/saeedbazargan/Desktop/My-ROS2_Projects/My-ROS2-Humble/Tutorial_MobileRobot/mobilebot_ws/install/actions_cpp/lib/actions_cpp/robot_move_server
[0.200s] -- Up-to-date: /home/saeedbazargan/Desktop/My-ROS2_Projects/My-ROS2-Humble/Tutorial_MobileRobot/mobilebot_ws/install/actions_cpp/lib/actions_cpp/robot_move_client
[0.201s] -- Up-to-date: /home/saeedbazargan/Desktop/My-ROS2_Projects/My-ROS2-Humble/Tutorial_MobileRobot/mobilebot_ws/install/actions_cpp/share/ament_index/resource_index/package_run_dependencies/actions_cpp
[0.201s] -- Up-to-date: /home/saeedbazargan/Desktop/My-ROS2_Projects/My-ROS2-Humble/Tutorial_MobileRobot/mobilebot_ws/install/actions_cpp/share/ament_index/resource_index/parent_prefix_path/actions_cpp
[0.201s] -- Up-to-date: /home/saeedbazargan/Desktop/My-ROS2_Projects/My-ROS2-Humble/Tutorial_MobileRobot/mobilebot_ws/install/actions_cpp/share/actions_cpp/environment/ament_prefix_path.sh
[0.201s] -- Up-to-date: /home/saeedbazargan/Desktop/My-ROS2_Projects/My-ROS2-Humble/Tutorial_MobileRobot/mobilebot_ws/install/actions_cpp/share/actions_cpp/environment/ament_prefix_path.dsv
[0.202s] -- Up-to-date: /home/saeedbazargan/Desktop/My-ROS2_Projects/My-ROS2-Humble/Tutorial_MobileRobot/mobilebot_ws/install/actions_cpp/share/actions_cpp/environment/path.sh
[0.202s] -- Up-to-date: /home/saeedbazargan/Desktop/My-ROS2_Projects/My-ROS2-Humble/Tutorial_MobileRobot/mobilebot_ws/install/actions_cpp/share/actions_cpp/environment/path.dsv
[0.202s] -- Up-to-date: /home/saeedbazargan/Desktop/My-ROS2_Projects/My-ROS2-Humble/Tutorial_MobileRobot/mobilebot_ws/install/actions_cpp/share/actions_cpp/local_setup.bash
[0.202s] -- Up-to-date: /home/saeedbazargan/Desktop/My-ROS2_Projects/My-ROS2-Humble/Tutorial_MobileRobot/mobilebot_ws/install/actions_cpp/share/actions_cpp/local_setup.sh
[0.202s] -- Up-to-date: /home/saeedbazargan/Desktop/My-ROS2_Projects/My-ROS2-Humble/Tutorial_MobileRobot/mobilebot_ws/install/actions_cpp/share/actions_cpp/local_setup.zsh
[0.202s] -- Up-to-date: /home/saeedbazargan/Desktop/My-ROS2_Projects/My-ROS2-Humble/Tutorial_MobileRobot/mobilebot_ws/install/actions_cpp/share/actions_cpp/local_setup.dsv
[0.203s] -- Installing: /home/saeedbazargan/Desktop/My-ROS2_Projects/My-ROS2-Humble/Tutorial_MobileRobot/mobilebot_ws/install/actions_cpp/share/actions_cpp/package.dsv
[0.203s] -- Up-to-date: /home/saeedbazargan/Desktop/My-ROS2_Projects/My-ROS2-Humble/Tutorial_MobileRobot/mobilebot_ws/install/actions_cpp/share/ament_index/resource_index/packages/actions_cpp
[0.203s] -- Up-to-date: /home/saeedbazargan/Desktop/My-ROS2_Projects/My-ROS2-Humble/Tutorial_MobileRobot/mobilebot_ws/install/actions_cpp/share/actions_cpp/cmake/actions_cppConfig.cmake
[0.203s] -- Up-to-date: /home/saeedbazargan/Desktop/My-ROS2_Projects/My-ROS2-Humble/Tutorial_MobileRobot/mobilebot_ws/install/actions_cpp/share/actions_cpp/cmake/actions_cppConfig-version.cmake
[0.203s] -- Up-to-date: /home/saeedbazargan/Desktop/My-ROS2_Projects/My-ROS2-Humble/Tutorial_MobileRobot/mobilebot_ws/install/actions_cpp/share/actions_cpp/package.xml
[0.206s] Invoked command in '/home/saeedbazargan/Desktop/My-ROS2_Projects/My-ROS2-Humble/Tutorial_MobileRobot/mobilebot_ws/build/actions_cpp' returned '0': CMAKE_PREFIX_PATH=/home/saeedbazargan/Desktop/My-ROS2_Projects/My-ROS2-Humble/Tutorial_MobileRobot/mobilebot_ws/install/mobilebot_interfaces:/home/saeedbazargan/Desktop/My-ROS2_Projects/My-ROS2-Humble/Tutorial_MobileRobot/mobilebot_ws/install/lifecycle_cpp:/home/saeedbazargan/Desktop/My-ROS2_Projects/My-ROS2-Humble/Tutorial_MobileRobot/mobilebot_ws/install/actions_cpp:/home/saeedbazargan/Desktop/My-ROS2_Projects/My-ROS2-Humble/Tutorial_MobileRobot/mobilebot_ws/install/mobilebot_bringup:/home/saeedbazargan/Desktop/My-ROS2_Projects/My-ROS2-Humble/Tutorial_MobileRobot/mobilebot_ws/install/mobilebot_description:/opt/ros/humble /usr/bin/cmake --install /home/saeedbazargan/Desktop/My-ROS2_Projects/My-ROS2-Humble/Tutorial_MobileRobot/mobilebot_ws/build/actions_cpp
