[0.016s] Invoking command in '/home/saeedbzrgn/Desktop/My-ROS2_Projects/My-ROS2-Humble/Tutorial_MobileRobot/mobilebot_ws/build/mobilebot_interfaces': /usr/bin/cmake /home/saeedbzrgn/Desktop/My-ROS2_Projects/My-ROS2-Humble/Tutorial_MobileRobot/mobilebot_ws/src/mobilebot_interfaces -DCMAKE_INSTALL_PREFIX=/home/saeedbzrgn/Desktop/My-ROS2_Projects/My-ROS2-Humble/Tutorial_MobileRobot/mobilebot_ws/install/mobilebot_interfaces
[0.044s] [31mCMake Error at CMakeLists.txt:9 (find_package):
[0.045s]   By not providing "Findament_cmake.cmake" in CMAKE_MODULE_PATH this project
[0.045s]   has asked CMake to find a package configuration file provided by
[0.045s]   "ament_cmake", but CMake did not find one.
[0.046s] 
[0.046s]   Could not find a package configuration file provided by "ament_cmake" with
[0.046s]   any of the following names:
[0.046s] 
[0.046s]     ament_cmakeConfig.cmake
[0.046s]     ament_cmake-config.cmake
[0.047s] 
[0.047s]   Add the installation prefix of "ament_cmake" to CMAKE_PREFIX_PATH or set
[0.047s] -- Configuring incomplete, errors occurred!
[0.047s] See also "/home/saeedbzrgn/Desktop/My-ROS2_Projects/My-ROS2-Humble/Tutorial_MobileRobot/mobilebot_ws/build/mobilebot_interfaces/CMakeFiles/CMakeOutput.log".
[0.047s]   "ament_cmake_DIR" to a directory containing one of the above files.  If
[0.047s]   "ament_cmake" provides a separate development package or SDK, be sure it
[0.048s]   has been installed.
[0.048s] 
[0.049s] [0m
[0.049s] Invoked command in '/home/saeedbzrgn/Desktop/My-ROS2_Projects/My-ROS2-Humble/Tutorial_MobileRobot/mobilebot_ws/build/mobilebot_interfaces' returned '1': /usr/bin/cmake /home/saeedbzrgn/Desktop/My-ROS2_Projects/My-ROS2-Humble/Tutorial_MobileRobot/mobilebot_ws/src/mobilebot_interfaces -DCMAKE_INSTALL_PREFIX=/home/saeedbzrgn/Desktop/My-ROS2_Projects/My-ROS2-Humble/Tutorial_MobileRobot/mobilebot_ws/install/mobilebot_interfaces
