[0.221s] DEBUG:colcon:Command line arguments: ['/usr/bin/colcon', 'build']
[0.221s] DEBUG:colcon:Parsed command line arguments: Namespace(log_base=None, log_level=None, verb_name='build', build_base='build', install_base='install', merge_install=False, symlink_install=False, test_result_base=None, continue_on_error=False, executor='parallel', parallel_workers=4, event_handlers=None, ignore_user_meta=False, metas=['./colcon.meta'], base_paths=['.'], packages_ignore=None, packages_ignore_regex=None, paths=None, packages_up_to=None, packages_up_to_regex=None, packages_above=None, packages_above_and_dependencies=None, packages_above_depth=None, packages_select_by_dep=None, packages_skip_by_dep=None, packages_skip_up_to=None, packages_select_build_failed=False, packages_skip_build_finished=False, packages_select_test_failures=False, packages_skip_test_passed=False, packages_select=None, packages_skip=None, packages_select_regex=None, packages_skip_regex=None, packages_start=None, packages_end=None, allow_overriding=[], cmake_args=None, cmake_target=None, cmake_target_skip_unavailable=False, cmake_clean_cache=False, cmake_clean_first=False, cmake_force_configure=False, ament_cmake_args=None, catkin_cmake_args=None, catkin_skip_building_tests=False, verb_parser=<colcon_defaults.argument_parser.defaults.DefaultArgumentsDecorator object at 0x7e2c80523c10>, verb_extension=<colcon_core.verb.build.BuildVerb object at 0x7e2c80522bf0>, main=<bound method BuildVerb.main of <colcon_core.verb.build.BuildVerb object at 0x7e2c80522bf0>>)
[0.644s] Level 1:colcon.colcon_core.package_discovery:discover_packages(colcon_meta) check parameters
[0.644s] Level 1:colcon.colcon_core.package_discovery:discover_packages(recursive) check parameters
[0.644s] Level 1:colcon.colcon_core.package_discovery:discover_packages(ignore) check parameters
[0.644s] Level 1:colcon.colcon_core.package_discovery:discover_packages(path) check parameters
[0.644s] Level 1:colcon.colcon_core.package_discovery:discover_packages(colcon_meta) discover
[0.644s] Level 1:colcon.colcon_core.package_discovery:discover_packages(recursive) discover
[0.644s] INFO:colcon.colcon_core.package_discovery:Crawling recursively for packages in '/home/sbzrobot/ROS2-Projects/My-ROS2_Projects/My-ROS2-Humble/Tutorial_MobileRobot/mobilebot_ws'
[0.644s] Level 1:colcon.colcon_core.package_identification:_identify(.) by extensions ['ignore', 'ignore_ament_install']
[0.644s] Level 1:colcon.colcon_core.package_identification:_identify(.) by extension 'ignore'
[0.645s] Level 1:colcon.colcon_core.package_identification:_identify(.) by extension 'ignore_ament_install'
[0.645s] Level 1:colcon.colcon_core.package_identification:_identify(.) by extensions ['colcon_pkg']
[0.645s] Level 1:colcon.colcon_core.package_identification:_identify(.) by extension 'colcon_pkg'
[0.645s] Level 1:colcon.colcon_core.package_identification:_identify(.) by extensions ['colcon_meta']
[0.645s] Level 1:colcon.colcon_core.package_identification:_identify(.) by extension 'colcon_meta'
[0.645s] Level 1:colcon.colcon_core.package_identification:_identify(.) by extensions ['ros']
[0.645s] Level 1:colcon.colcon_core.package_identification:_identify(.) by extension 'ros'
[0.667s] Level 1:colcon.colcon_core.package_identification:_identify(.) by extensions ['cmake', 'python']
[0.667s] Level 1:colcon.colcon_core.package_identification:_identify(.) by extension 'cmake'
[0.667s] Level 1:colcon.colcon_core.package_identification:_identify(.) by extension 'python'
[0.667s] Level 1:colcon.colcon_core.package_identification:_identify(.) by extensions ['python_setup_py']
[0.667s] Level 1:colcon.colcon_core.package_identification:_identify(.) by extension 'python_setup_py'
[0.667s] Level 1:colcon.colcon_core.package_identification:_identify(build) by extensions ['ignore', 'ignore_ament_install']
[0.667s] Level 1:colcon.colcon_core.package_identification:_identify(build) by extension 'ignore'
[0.667s] Level 1:colcon.colcon_core.package_identification:_identify(build) ignored
[0.668s] Level 1:colcon.colcon_core.package_identification:_identify(install) by extensions ['ignore', 'ignore_ament_install']
[0.668s] Level 1:colcon.colcon_core.package_identification:_identify(install) by extension 'ignore'
[0.668s] Level 1:colcon.colcon_core.package_identification:_identify(install) ignored
[0.668s] Level 1:colcon.colcon_core.package_identification:_identify(log) by extensions ['ignore', 'ignore_ament_install']
[0.668s] Level 1:colcon.colcon_core.package_identification:_identify(log) by extension 'ignore'
[0.668s] Level 1:colcon.colcon_core.package_identification:_identify(log) ignored
[0.668s] Level 1:colcon.colcon_core.package_identification:_identify(src) by extensions ['ignore', 'ignore_ament_install']
[0.668s] Level 1:colcon.colcon_core.package_identification:_identify(src) by extension 'ignore'
[0.668s] Level 1:colcon.colcon_core.package_identification:_identify(src) by extension 'ignore_ament_install'
[0.669s] Level 1:colcon.colcon_core.package_identification:_identify(src) by extensions ['colcon_pkg']
[0.669s] Level 1:colcon.colcon_core.package_identification:_identify(src) by extension 'colcon_pkg'
[0.669s] Level 1:colcon.colcon_core.package_identification:_identify(src) by extensions ['colcon_meta']
[0.669s] Level 1:colcon.colcon_core.package_identification:_identify(src) by extension 'colcon_meta'
[0.669s] Level 1:colcon.colcon_core.package_identification:_identify(src) by extensions ['ros']
[0.669s] Level 1:colcon.colcon_core.package_identification:_identify(src) by extension 'ros'
[0.669s] Level 1:colcon.colcon_core.package_identification:_identify(src) by extensions ['cmake', 'python']
[0.669s] Level 1:colcon.colcon_core.package_identification:_identify(src) by extension 'cmake'
[0.669s] Level 1:colcon.colcon_core.package_identification:_identify(src) by extension 'python'
[0.669s] Level 1:colcon.colcon_core.package_identification:_identify(src) by extensions ['python_setup_py']
[0.669s] Level 1:colcon.colcon_core.package_identification:_identify(src) by extension 'python_setup_py'
[0.669s] Level 1:colcon.colcon_core.package_identification:_identify(src/build) by extensions ['ignore', 'ignore_ament_install']
[0.669s] Level 1:colcon.colcon_core.package_identification:_identify(src/build) by extension 'ignore'
[0.670s] Level 1:colcon.colcon_core.package_identification:_identify(src/build) ignored
[0.670s] Level 1:colcon.colcon_core.package_identification:_identify(src/install) by extensions ['ignore', 'ignore_ament_install']
[0.670s] Level 1:colcon.colcon_core.package_identification:_identify(src/install) by extension 'ignore'
[0.670s] Level 1:colcon.colcon_core.package_identification:_identify(src/install) ignored
[0.670s] Level 1:colcon.colcon_core.package_identification:_identify(src/log) by extensions ['ignore', 'ignore_ament_install']
[0.670s] Level 1:colcon.colcon_core.package_identification:_identify(src/log) by extension 'ignore'
[0.670s] Level 1:colcon.colcon_core.package_identification:_identify(src/log) ignored
[0.670s] Level 1:colcon.colcon_core.package_identification:_identify(src/mobilebot_bringup) by extensions ['ignore', 'ignore_ament_install']
[0.671s] Level 1:colcon.colcon_core.package_identification:_identify(src/mobilebot_bringup) by extension 'ignore'
[0.671s] Level 1:colcon.colcon_core.package_identification:_identify(src/mobilebot_bringup) by extension 'ignore_ament_install'
[0.671s] Level 1:colcon.colcon_core.package_identification:_identify(src/mobilebot_bringup) by extensions ['colcon_pkg']
[0.671s] Level 1:colcon.colcon_core.package_identification:_identify(src/mobilebot_bringup) by extension 'colcon_pkg'
[0.671s] Level 1:colcon.colcon_core.package_identification:_identify(src/mobilebot_bringup) by extensions ['colcon_meta']
[0.671s] Level 1:colcon.colcon_core.package_identification:_identify(src/mobilebot_bringup) by extension 'colcon_meta'
[0.671s] Level 1:colcon.colcon_core.package_identification:_identify(src/mobilebot_bringup) by extensions ['ros']
[0.671s] Level 1:colcon.colcon_core.package_identification:_identify(src/mobilebot_bringup) by extension 'ros'
[0.675s] DEBUG:colcon.colcon_core.package_identification:Package 'src/mobilebot_bringup' with type 'ros.ament_cmake' and name 'mobilebot_bringup'
[0.675s] Level 1:colcon.colcon_core.package_identification:_identify(src/mobilebot_description) by extensions ['ignore', 'ignore_ament_install']
[0.675s] Level 1:colcon.colcon_core.package_identification:_identify(src/mobilebot_description) by extension 'ignore'
[0.676s] Level 1:colcon.colcon_core.package_identification:_identify(src/mobilebot_description) by extension 'ignore_ament_install'
[0.676s] Level 1:colcon.colcon_core.package_identification:_identify(src/mobilebot_description) by extensions ['colcon_pkg']
[0.676s] Level 1:colcon.colcon_core.package_identification:_identify(src/mobilebot_description) by extension 'colcon_pkg'
[0.676s] Level 1:colcon.colcon_core.package_identification:_identify(src/mobilebot_description) by extensions ['colcon_meta']
[0.676s] Level 1:colcon.colcon_core.package_identification:_identify(src/mobilebot_description) by extension 'colcon_meta'
[0.676s] Level 1:colcon.colcon_core.package_identification:_identify(src/mobilebot_description) by extensions ['ros']
[0.676s] Level 1:colcon.colcon_core.package_identification:_identify(src/mobilebot_description) by extension 'ros'
[0.677s] DEBUG:colcon.colcon_core.package_identification:Package 'src/mobilebot_description' with type 'ros.ament_cmake' and name 'mobilebot_description'
[0.677s] Level 1:colcon.colcon_core.package_discovery:discover_packages(recursive) using defaults
[0.677s] Level 1:colcon.colcon_core.package_discovery:discover_packages(ignore) discover
[0.677s] Level 1:colcon.colcon_core.package_discovery:discover_packages(ignore) using defaults
[0.677s] Level 1:colcon.colcon_core.package_discovery:discover_packages(path) discover
[0.677s] Level 1:colcon.colcon_core.package_discovery:discover_packages(path) using defaults
[0.729s] Level 1:colcon.colcon_core.package_discovery:discover_packages(prefix_path) check parameters
[0.729s] Level 1:colcon.colcon_core.package_discovery:discover_packages(prefix_path) discover
[0.733s] DEBUG:colcon.colcon_installed_package_information.package_discovery:Found 2 installed packages in /home/sbzrobot/ROS2-Projects/My-ROS2_Projects/My-ROS2-Humble/Tutorial_MobileRobot/mobilebot_ws/install
[0.735s] DEBUG:colcon.colcon_installed_package_information.package_discovery:Found 362 installed packages in /opt/ros/humble
[0.738s] Level 1:colcon.colcon_core.package_discovery:discover_packages(prefix_path) using defaults
[0.858s] Level 5:colcon.colcon_core.verb:set package 'mobilebot_description' build argument 'cmake_args' from command line to 'None'
[0.859s] Level 5:colcon.colcon_core.verb:set package 'mobilebot_description' build argument 'cmake_target' from command line to 'None'
[0.859s] Level 5:colcon.colcon_core.verb:set package 'mobilebot_description' build argument 'cmake_target_skip_unavailable' from command line to 'False'
[0.859s] Level 5:colcon.colcon_core.verb:set package 'mobilebot_description' build argument 'cmake_clean_cache' from command line to 'False'
[0.859s] Level 5:colcon.colcon_core.verb:set package 'mobilebot_description' build argument 'cmake_clean_first' from command line to 'False'
[0.859s] Level 5:colcon.colcon_core.verb:set package 'mobilebot_description' build argument 'cmake_force_configure' from command line to 'False'
[0.859s] Level 5:colcon.colcon_core.verb:set package 'mobilebot_description' build argument 'ament_cmake_args' from command line to 'None'
[0.859s] Level 5:colcon.colcon_core.verb:set package 'mobilebot_description' build argument 'catkin_cmake_args' from command line to 'None'
[0.859s] Level 5:colcon.colcon_core.verb:set package 'mobilebot_description' build argument 'catkin_skip_building_tests' from command line to 'False'
[0.859s] DEBUG:colcon.colcon_core.verb:Building package 'mobilebot_description' with the following arguments: {'ament_cmake_args': None, 'build_base': '/home/sbzrobot/ROS2-Projects/My-ROS2_Projects/My-ROS2-Humble/Tutorial_MobileRobot/mobilebot_ws/build/mobilebot_description', 'catkin_cmake_args': None, 'catkin_skip_building_tests': False, 'cmake_args': None, 'cmake_clean_cache': False, 'cmake_clean_first': False, 'cmake_force_configure': False, 'cmake_target': None, 'cmake_target_skip_unavailable': False, 'install_base': '/home/sbzrobot/ROS2-Projects/My-ROS2_Projects/My-ROS2-Humble/Tutorial_MobileRobot/mobilebot_ws/install/mobilebot_description', 'merge_install': False, 'path': '/home/sbzrobot/ROS2-Projects/My-ROS2_Projects/My-ROS2-Humble/Tutorial_MobileRobot/mobilebot_ws/src/mobilebot_description', 'symlink_install': False, 'test_result_base': None}
[0.859s] Level 5:colcon.colcon_core.verb:set package 'mobilebot_bringup' build argument 'cmake_args' from command line to 'None'
[0.860s] Level 5:colcon.colcon_core.verb:set package 'mobilebot_bringup' build argument 'cmake_target' from command line to 'None'
[0.860s] Level 5:colcon.colcon_core.verb:set package 'mobilebot_bringup' build argument 'cmake_target_skip_unavailable' from command line to 'False'
[0.860s] Level 5:colcon.colcon_core.verb:set package 'mobilebot_bringup' build argument 'cmake_clean_cache' from command line to 'False'
[0.860s] Level 5:colcon.colcon_core.verb:set package 'mobilebot_bringup' build argument 'cmake_clean_first' from command line to 'False'
[0.860s] Level 5:colcon.colcon_core.verb:set package 'mobilebot_bringup' build argument 'cmake_force_configure' from command line to 'False'
[0.860s] Level 5:colcon.colcon_core.verb:set package 'mobilebot_bringup' build argument 'ament_cmake_args' from command line to 'None'
[0.860s] Level 5:colcon.colcon_core.verb:set package 'mobilebot_bringup' build argument 'catkin_cmake_args' from command line to 'None'
[0.860s] Level 5:colcon.colcon_core.verb:set package 'mobilebot_bringup' build argument 'catkin_skip_building_tests' from command line to 'False'
[0.860s] DEBUG:colcon.colcon_core.verb:Building package 'mobilebot_bringup' with the following arguments: {'ament_cmake_args': None, 'build_base': '/home/sbzrobot/ROS2-Projects/My-ROS2_Projects/My-ROS2-Humble/Tutorial_MobileRobot/mobilebot_ws/build/mobilebot_bringup', 'catkin_cmake_args': None, 'catkin_skip_building_tests': False, 'cmake_args': None, 'cmake_clean_cache': False, 'cmake_clean_first': False, 'cmake_force_configure': False, 'cmake_target': None, 'cmake_target_skip_unavailable': False, 'install_base': '/home/sbzrobot/ROS2-Projects/My-ROS2_Projects/My-ROS2-Humble/Tutorial_MobileRobot/mobilebot_ws/install/mobilebot_bringup', 'merge_install': False, 'path': '/home/sbzrobot/ROS2-Projects/My-ROS2_Projects/My-ROS2-Humble/Tutorial_MobileRobot/mobilebot_ws/src/mobilebot_bringup', 'symlink_install': False, 'test_result_base': None}
[0.860s] INFO:colcon.colcon_core.executor:Executing jobs using 'parallel' executor
[0.861s] DEBUG:colcon.colcon_parallel_executor.executor.parallel:run_until_complete
[0.862s] INFO:colcon.colcon_ros.task.ament_cmake.build:Building ROS package in '/home/sbzrobot/ROS2-Projects/My-ROS2_Projects/My-ROS2-Humble/Tutorial_MobileRobot/mobilebot_ws/src/mobilebot_description' with build type 'ament_cmake'
[0.862s] INFO:colcon.colcon_cmake.task.cmake.build:Building CMake package in '/home/sbzrobot/ROS2-Projects/My-ROS2_Projects/My-ROS2-Humble/Tutorial_MobileRobot/mobilebot_ws/src/mobilebot_description'
[0.868s] INFO:colcon.colcon_core.plugin_system:Skipping extension 'colcon_core.shell.bat': Not used on non-Windows systems
[0.868s] INFO:colcon.colcon_core.shell:Skip shell extension 'powershell' for command environment: Not usable outside of PowerShell
[0.868s] DEBUG:colcon.colcon_core.shell:Skip shell extension 'dsv' for command environment
[0.882s] DEBUG:colcon.colcon_core.event_handler.log_command:Invoking command in '/home/sbzrobot/ROS2-Projects/My-ROS2_Projects/My-ROS2-Humble/Tutorial_MobileRobot/mobilebot_ws/build/mobilebot_description': CMAKE_PREFIX_PATH=${CMAKE_PREFIX_PATH}:/opt/ros/humble /usr/bin/cmake --build /home/sbzrobot/ROS2-Projects/My-ROS2_Projects/My-ROS2-Humble/Tutorial_MobileRobot/mobilebot_ws/build/mobilebot_description -- -j4 -l4
[0.959s] DEBUG:colcon.colcon_core.event_handler.log_command:Invoked command in '/home/sbzrobot/ROS2-Projects/My-ROS2_Projects/My-ROS2-Humble/Tutorial_MobileRobot/mobilebot_ws/build/mobilebot_description' returned '0': CMAKE_PREFIX_PATH=${CMAKE_PREFIX_PATH}:/opt/ros/humble /usr/bin/cmake --build /home/sbzrobot/ROS2-Projects/My-ROS2_Projects/My-ROS2-Humble/Tutorial_MobileRobot/mobilebot_ws/build/mobilebot_description -- -j4 -l4
[0.976s] DEBUG:colcon.colcon_core.event_handler.log_command:Invoking command in '/home/sbzrobot/ROS2-Projects/My-ROS2_Projects/My-ROS2-Humble/Tutorial_MobileRobot/mobilebot_ws/build/mobilebot_description': CMAKE_PREFIX_PATH=${CMAKE_PREFIX_PATH}:/opt/ros/humble /usr/bin/cmake --install /home/sbzrobot/ROS2-Projects/My-ROS2_Projects/My-ROS2-Humble/Tutorial_MobileRobot/mobilebot_ws/build/mobilebot_description
[0.996s] Level 1:colcon.colcon_core.environment:create_environment_scripts_only(mobilebot_description)
[0.997s] DEBUG:colcon.colcon_core.event_handler.log_command:Invoked command in '/home/sbzrobot/ROS2-Projects/My-ROS2_Projects/My-ROS2-Humble/Tutorial_MobileRobot/mobilebot_ws/build/mobilebot_description' returned '0': CMAKE_PREFIX_PATH=${CMAKE_PREFIX_PATH}:/opt/ros/humble /usr/bin/cmake --install /home/sbzrobot/ROS2-Projects/My-ROS2_Projects/My-ROS2-Humble/Tutorial_MobileRobot/mobilebot_ws/build/mobilebot_description
[1.000s] Level 1:colcon.colcon_core.environment:checking '/home/sbzrobot/ROS2-Projects/My-ROS2_Projects/My-ROS2-Humble/Tutorial_MobileRobot/mobilebot_ws/install/mobilebot_description' for CMake module files
[1.001s] Level 1:colcon.colcon_core.environment:checking '/home/sbzrobot/ROS2-Projects/My-ROS2_Projects/My-ROS2-Humble/Tutorial_MobileRobot/mobilebot_ws/install/mobilebot_description' for CMake config files
[1.002s] Level 1:colcon.colcon_core.shell:create_environment_hook('mobilebot_description', 'cmake_prefix_path')
[1.003s] INFO:colcon.colcon_core.shell:Creating environment hook '/home/sbzrobot/ROS2-Projects/My-ROS2_Projects/My-ROS2-Humble/Tutorial_MobileRobot/mobilebot_ws/install/mobilebot_description/share/mobilebot_description/hook/cmake_prefix_path.ps1'
[1.004s] INFO:colcon.colcon_core.shell:Creating environment descriptor '/home/sbzrobot/ROS2-Projects/My-ROS2_Projects/My-ROS2-Humble/Tutorial_MobileRobot/mobilebot_ws/install/mobilebot_description/share/mobilebot_description/hook/cmake_prefix_path.dsv'
[1.004s] INFO:colcon.colcon_core.shell:Creating environment hook '/home/sbzrobot/ROS2-Projects/My-ROS2_Projects/My-ROS2-Humble/Tutorial_MobileRobot/mobilebot_ws/install/mobilebot_description/share/mobilebot_description/hook/cmake_prefix_path.sh'
[1.006s] Level 1:colcon.colcon_core.environment:checking '/home/sbzrobot/ROS2-Projects/My-ROS2_Projects/My-ROS2-Humble/Tutorial_MobileRobot/mobilebot_ws/install/mobilebot_description/bin'
[1.006s] Level 1:colcon.colcon_core.environment:checking '/home/sbzrobot/ROS2-Projects/My-ROS2_Projects/My-ROS2-Humble/Tutorial_MobileRobot/mobilebot_ws/install/mobilebot_description/lib/pkgconfig/mobilebot_description.pc'
[1.006s] Level 1:colcon.colcon_core.environment:checking '/home/sbzrobot/ROS2-Projects/My-ROS2_Projects/My-ROS2-Humble/Tutorial_MobileRobot/mobilebot_ws/install/mobilebot_description/lib/python3.10/site-packages'
[1.007s] Level 1:colcon.colcon_core.environment:checking '/home/sbzrobot/ROS2-Projects/My-ROS2_Projects/My-ROS2-Humble/Tutorial_MobileRobot/mobilebot_ws/install/mobilebot_description/bin'
[1.007s] INFO:colcon.colcon_core.shell:Creating package script '/home/sbzrobot/ROS2-Projects/My-ROS2_Projects/My-ROS2-Humble/Tutorial_MobileRobot/mobilebot_ws/install/mobilebot_description/share/mobilebot_description/package.ps1'
[1.008s] INFO:colcon.colcon_core.shell:Creating package descriptor '/home/sbzrobot/ROS2-Projects/My-ROS2_Projects/My-ROS2-Humble/Tutorial_MobileRobot/mobilebot_ws/install/mobilebot_description/share/mobilebot_description/package.dsv'
[1.009s] INFO:colcon.colcon_core.shell:Creating package script '/home/sbzrobot/ROS2-Projects/My-ROS2_Projects/My-ROS2-Humble/Tutorial_MobileRobot/mobilebot_ws/install/mobilebot_description/share/mobilebot_description/package.sh'
[1.011s] INFO:colcon.colcon_core.shell:Creating package script '/home/sbzrobot/ROS2-Projects/My-ROS2_Projects/My-ROS2-Humble/Tutorial_MobileRobot/mobilebot_ws/install/mobilebot_description/share/mobilebot_description/package.bash'
[1.012s] INFO:colcon.colcon_core.shell:Creating package script '/home/sbzrobot/ROS2-Projects/My-ROS2_Projects/My-ROS2-Humble/Tutorial_MobileRobot/mobilebot_ws/install/mobilebot_description/share/mobilebot_description/package.zsh'
[1.013s] Level 1:colcon.colcon_core.environment:create_file_with_runtime_dependencies(/home/sbzrobot/ROS2-Projects/My-ROS2_Projects/My-ROS2-Humble/Tutorial_MobileRobot/mobilebot_ws/install/mobilebot_description/share/colcon-core/packages/mobilebot_description)
[1.014s] Level 1:colcon.colcon_core.environment:create_environment_scripts_only(mobilebot_description)
[1.014s] Level 1:colcon.colcon_core.environment:checking '/home/sbzrobot/ROS2-Projects/My-ROS2_Projects/My-ROS2-Humble/Tutorial_MobileRobot/mobilebot_ws/install/mobilebot_description' for CMake module files
[1.015s] Level 1:colcon.colcon_core.environment:checking '/home/sbzrobot/ROS2-Projects/My-ROS2_Projects/My-ROS2-Humble/Tutorial_MobileRobot/mobilebot_ws/install/mobilebot_description' for CMake config files
[1.016s] Level 1:colcon.colcon_core.shell:create_environment_hook('mobilebot_description', 'cmake_prefix_path')
[1.016s] INFO:colcon.colcon_core.shell:Creating environment hook '/home/sbzrobot/ROS2-Projects/My-ROS2_Projects/My-ROS2-Humble/Tutorial_MobileRobot/mobilebot_ws/install/mobilebot_description/share/mobilebot_description/hook/cmake_prefix_path.ps1'
[1.017s] INFO:colcon.colcon_core.shell:Creating environment descriptor '/home/sbzrobot/ROS2-Projects/My-ROS2_Projects/My-ROS2-Humble/Tutorial_MobileRobot/mobilebot_ws/install/mobilebot_description/share/mobilebot_description/hook/cmake_prefix_path.dsv'
[1.017s] INFO:colcon.colcon_core.shell:Creating environment hook '/home/sbzrobot/ROS2-Projects/My-ROS2_Projects/My-ROS2-Humble/Tutorial_MobileRobot/mobilebot_ws/install/mobilebot_description/share/mobilebot_description/hook/cmake_prefix_path.sh'
[1.018s] Level 1:colcon.colcon_core.environment:checking '/home/sbzrobot/ROS2-Projects/My-ROS2_Projects/My-ROS2-Humble/Tutorial_MobileRobot/mobilebot_ws/install/mobilebot_description/bin'
[1.018s] Level 1:colcon.colcon_core.environment:checking '/home/sbzrobot/ROS2-Projects/My-ROS2_Projects/My-ROS2-Humble/Tutorial_MobileRobot/mobilebot_ws/install/mobilebot_description/lib/pkgconfig/mobilebot_description.pc'
[1.018s] Level 1:colcon.colcon_core.environment:checking '/home/sbzrobot/ROS2-Projects/My-ROS2_Projects/My-ROS2-Humble/Tutorial_MobileRobot/mobilebot_ws/install/mobilebot_description/lib/python3.10/site-packages'
[1.019s] Level 1:colcon.colcon_core.environment:checking '/home/sbzrobot/ROS2-Projects/My-ROS2_Projects/My-ROS2-Humble/Tutorial_MobileRobot/mobilebot_ws/install/mobilebot_description/bin'
[1.019s] INFO:colcon.colcon_core.shell:Creating package script '/home/sbzrobot/ROS2-Projects/My-ROS2_Projects/My-ROS2-Humble/Tutorial_MobileRobot/mobilebot_ws/install/mobilebot_description/share/mobilebot_description/package.ps1'
[1.020s] INFO:colcon.colcon_core.shell:Creating package descriptor '/home/sbzrobot/ROS2-Projects/My-ROS2_Projects/My-ROS2-Humble/Tutorial_MobileRobot/mobilebot_ws/install/mobilebot_description/share/mobilebot_description/package.dsv'
[1.021s] INFO:colcon.colcon_core.shell:Creating package script '/home/sbzrobot/ROS2-Projects/My-ROS2_Projects/My-ROS2-Humble/Tutorial_MobileRobot/mobilebot_ws/install/mobilebot_description/share/mobilebot_description/package.sh'
[1.021s] INFO:colcon.colcon_core.shell:Creating package script '/home/sbzrobot/ROS2-Projects/My-ROS2_Projects/My-ROS2-Humble/Tutorial_MobileRobot/mobilebot_ws/install/mobilebot_description/share/mobilebot_description/package.bash'
[1.022s] INFO:colcon.colcon_core.shell:Creating package script '/home/sbzrobot/ROS2-Projects/My-ROS2_Projects/My-ROS2-Humble/Tutorial_MobileRobot/mobilebot_ws/install/mobilebot_description/share/mobilebot_description/package.zsh'
[1.023s] Level 1:colcon.colcon_core.environment:create_file_with_runtime_dependencies(/home/sbzrobot/ROS2-Projects/My-ROS2_Projects/My-ROS2-Humble/Tutorial_MobileRobot/mobilebot_ws/install/mobilebot_description/share/colcon-core/packages/mobilebot_description)
[1.023s] INFO:colcon.colcon_ros.task.ament_cmake.build:Building ROS package in '/home/sbzrobot/ROS2-Projects/My-ROS2_Projects/My-ROS2-Humble/Tutorial_MobileRobot/mobilebot_ws/src/mobilebot_bringup' with build type 'ament_cmake'
[1.023s] INFO:colcon.colcon_cmake.task.cmake.build:Building CMake package in '/home/sbzrobot/ROS2-Projects/My-ROS2_Projects/My-ROS2-Humble/Tutorial_MobileRobot/mobilebot_ws/src/mobilebot_bringup'
[1.024s] INFO:colcon.colcon_core.shell:Skip shell extension 'powershell' for command environment: Not usable outside of PowerShell
[1.024s] DEBUG:colcon.colcon_core.shell:Skip shell extension 'dsv' for command environment
[1.039s] DEBUG:colcon.colcon_core.event_handler.log_command:Invoking command in '/home/sbzrobot/ROS2-Projects/My-ROS2_Projects/My-ROS2-Humble/Tutorial_MobileRobot/mobilebot_ws/build/mobilebot_bringup': CMAKE_PREFIX_PATH=/home/sbzrobot/ROS2-Projects/My-ROS2_Projects/My-ROS2-Humble/Tutorial_MobileRobot/mobilebot_ws/install/mobilebot_description:/home/sbzrobot/ROS2-Projects/My-ROS2_Projects/My-ROS2-Humble/Tutorial_MobileRobot/mobilebot_ws/install/mobilebot_bringup:/opt/ros/humble /usr/bin/cmake --build /home/sbzrobot/ROS2-Projects/My-ROS2_Projects/My-ROS2-Humble/Tutorial_MobileRobot/mobilebot_ws/build/mobilebot_bringup -- -j4 -l4
[1.099s] DEBUG:colcon.colcon_core.event_handler.log_command:Invoked command in '/home/sbzrobot/ROS2-Projects/My-ROS2_Projects/My-ROS2-Humble/Tutorial_MobileRobot/mobilebot_ws/build/mobilebot_bringup' returned '0': CMAKE_PREFIX_PATH=/home/sbzrobot/ROS2-Projects/My-ROS2_Projects/My-ROS2-Humble/Tutorial_MobileRobot/mobilebot_ws/install/mobilebot_description:/home/sbzrobot/ROS2-Projects/My-ROS2_Projects/My-ROS2-Humble/Tutorial_MobileRobot/mobilebot_ws/install/mobilebot_bringup:/opt/ros/humble /usr/bin/cmake --build /home/sbzrobot/ROS2-Projects/My-ROS2_Projects/My-ROS2-Humble/Tutorial_MobileRobot/mobilebot_ws/build/mobilebot_bringup -- -j4 -l4
[1.102s] DEBUG:colcon.colcon_core.event_handler.log_command:Invoking command in '/home/sbzrobot/ROS2-Projects/My-ROS2_Projects/My-ROS2-Humble/Tutorial_MobileRobot/mobilebot_ws/build/mobilebot_bringup': CMAKE_PREFIX_PATH=/home/sbzrobot/ROS2-Projects/My-ROS2_Projects/My-ROS2-Humble/Tutorial_MobileRobot/mobilebot_ws/install/mobilebot_description:/home/sbzrobot/ROS2-Projects/My-ROS2_Projects/My-ROS2-Humble/Tutorial_MobileRobot/mobilebot_ws/install/mobilebot_bringup:/opt/ros/humble /usr/bin/cmake --install /home/sbzrobot/ROS2-Projects/My-ROS2_Projects/My-ROS2-Humble/Tutorial_MobileRobot/mobilebot_ws/build/mobilebot_bringup
[1.118s] Level 1:colcon.colcon_core.environment:create_environment_scripts_only(mobilebot_bringup)
[1.119s] Level 1:colcon.colcon_core.environment:checking '/home/sbzrobot/ROS2-Projects/My-ROS2_Projects/My-ROS2-Humble/Tutorial_MobileRobot/mobilebot_ws/install/mobilebot_bringup' for CMake module files
[1.119s] DEBUG:colcon.colcon_core.event_handler.log_command:Invoked command in '/home/sbzrobot/ROS2-Projects/My-ROS2_Projects/My-ROS2-Humble/Tutorial_MobileRobot/mobilebot_ws/build/mobilebot_bringup' returned '0': CMAKE_PREFIX_PATH=/home/sbzrobot/ROS2-Projects/My-ROS2_Projects/My-ROS2-Humble/Tutorial_MobileRobot/mobilebot_ws/install/mobilebot_description:/home/sbzrobot/ROS2-Projects/My-ROS2_Projects/My-ROS2-Humble/Tutorial_MobileRobot/mobilebot_ws/install/mobilebot_bringup:/opt/ros/humble /usr/bin/cmake --install /home/sbzrobot/ROS2-Projects/My-ROS2_Projects/My-ROS2-Humble/Tutorial_MobileRobot/mobilebot_ws/build/mobilebot_bringup
[1.120s] Level 1:colcon.colcon_core.environment:checking '/home/sbzrobot/ROS2-Projects/My-ROS2_Projects/My-ROS2-Humble/Tutorial_MobileRobot/mobilebot_ws/install/mobilebot_bringup' for CMake config files
[1.120s] Level 1:colcon.colcon_core.shell:create_environment_hook('mobilebot_bringup', 'cmake_prefix_path')
[1.121s] INFO:colcon.colcon_core.shell:Creating environment hook '/home/sbzrobot/ROS2-Projects/My-ROS2_Projects/My-ROS2-Humble/Tutorial_MobileRobot/mobilebot_ws/install/mobilebot_bringup/share/mobilebot_bringup/hook/cmake_prefix_path.ps1'
[1.121s] INFO:colcon.colcon_core.shell:Creating environment descriptor '/home/sbzrobot/ROS2-Projects/My-ROS2_Projects/My-ROS2-Humble/Tutorial_MobileRobot/mobilebot_ws/install/mobilebot_bringup/share/mobilebot_bringup/hook/cmake_prefix_path.dsv'
[1.122s] INFO:colcon.colcon_core.shell:Creating environment hook '/home/sbzrobot/ROS2-Projects/My-ROS2_Projects/My-ROS2-Humble/Tutorial_MobileRobot/mobilebot_ws/install/mobilebot_bringup/share/mobilebot_bringup/hook/cmake_prefix_path.sh'
[1.123s] Level 1:colcon.colcon_core.environment:checking '/home/sbzrobot/ROS2-Projects/My-ROS2_Projects/My-ROS2-Humble/Tutorial_MobileRobot/mobilebot_ws/install/mobilebot_bringup/bin'
[1.123s] Level 1:colcon.colcon_core.environment:checking '/home/sbzrobot/ROS2-Projects/My-ROS2_Projects/My-ROS2-Humble/Tutorial_MobileRobot/mobilebot_ws/install/mobilebot_bringup/lib/pkgconfig/mobilebot_bringup.pc'
[1.123s] Level 1:colcon.colcon_core.environment:checking '/home/sbzrobot/ROS2-Projects/My-ROS2_Projects/My-ROS2-Humble/Tutorial_MobileRobot/mobilebot_ws/install/mobilebot_bringup/lib/python3.10/site-packages'
[1.124s] Level 1:colcon.colcon_core.environment:checking '/home/sbzrobot/ROS2-Projects/My-ROS2_Projects/My-ROS2-Humble/Tutorial_MobileRobot/mobilebot_ws/install/mobilebot_bringup/bin'
[1.124s] INFO:colcon.colcon_core.shell:Creating package script '/home/sbzrobot/ROS2-Projects/My-ROS2_Projects/My-ROS2-Humble/Tutorial_MobileRobot/mobilebot_ws/install/mobilebot_bringup/share/mobilebot_bringup/package.ps1'
[1.125s] INFO:colcon.colcon_core.shell:Creating package descriptor '/home/sbzrobot/ROS2-Projects/My-ROS2_Projects/My-ROS2-Humble/Tutorial_MobileRobot/mobilebot_ws/install/mobilebot_bringup/share/mobilebot_bringup/package.dsv'
[1.125s] INFO:colcon.colcon_core.shell:Creating package script '/home/sbzrobot/ROS2-Projects/My-ROS2_Projects/My-ROS2-Humble/Tutorial_MobileRobot/mobilebot_ws/install/mobilebot_bringup/share/mobilebot_bringup/package.sh'
[1.126s] INFO:colcon.colcon_core.shell:Creating package script '/home/sbzrobot/ROS2-Projects/My-ROS2_Projects/My-ROS2-Humble/Tutorial_MobileRobot/mobilebot_ws/install/mobilebot_bringup/share/mobilebot_bringup/package.bash'
[1.127s] INFO:colcon.colcon_core.shell:Creating package script '/home/sbzrobot/ROS2-Projects/My-ROS2_Projects/My-ROS2-Humble/Tutorial_MobileRobot/mobilebot_ws/install/mobilebot_bringup/share/mobilebot_bringup/package.zsh'
[1.127s] Level 1:colcon.colcon_core.environment:create_file_with_runtime_dependencies(/home/sbzrobot/ROS2-Projects/My-ROS2_Projects/My-ROS2-Humble/Tutorial_MobileRobot/mobilebot_ws/install/mobilebot_bringup/share/colcon-core/packages/mobilebot_bringup)
[1.128s] Level 1:colcon.colcon_core.environment:create_environment_scripts_only(mobilebot_bringup)
[1.128s] Level 1:colcon.colcon_core.environment:checking '/home/sbzrobot/ROS2-Projects/My-ROS2_Projects/My-ROS2-Humble/Tutorial_MobileRobot/mobilebot_ws/install/mobilebot_bringup' for CMake module files
[1.129s] Level 1:colcon.colcon_core.environment:checking '/home/sbzrobot/ROS2-Projects/My-ROS2_Projects/My-ROS2-Humble/Tutorial_MobileRobot/mobilebot_ws/install/mobilebot_bringup' for CMake config files
[1.130s] Level 1:colcon.colcon_core.shell:create_environment_hook('mobilebot_bringup', 'cmake_prefix_path')
[1.130s] INFO:colcon.colcon_core.shell:Creating environment hook '/home/sbzrobot/ROS2-Projects/My-ROS2_Projects/My-ROS2-Humble/Tutorial_MobileRobot/mobilebot_ws/install/mobilebot_bringup/share/mobilebot_bringup/hook/cmake_prefix_path.ps1'
[1.130s] INFO:colcon.colcon_core.shell:Creating environment descriptor '/home/sbzrobot/ROS2-Projects/My-ROS2_Projects/My-ROS2-Humble/Tutorial_MobileRobot/mobilebot_ws/install/mobilebot_bringup/share/mobilebot_bringup/hook/cmake_prefix_path.dsv'
[1.131s] INFO:colcon.colcon_core.shell:Creating environment hook '/home/sbzrobot/ROS2-Projects/My-ROS2_Projects/My-ROS2-Humble/Tutorial_MobileRobot/mobilebot_ws/install/mobilebot_bringup/share/mobilebot_bringup/hook/cmake_prefix_path.sh'
[1.132s] Level 1:colcon.colcon_core.environment:checking '/home/sbzrobot/ROS2-Projects/My-ROS2_Projects/My-ROS2-Humble/Tutorial_MobileRobot/mobilebot_ws/install/mobilebot_bringup/bin'
[1.132s] Level 1:colcon.colcon_core.environment:checking '/home/sbzrobot/ROS2-Projects/My-ROS2_Projects/My-ROS2-Humble/Tutorial_MobileRobot/mobilebot_ws/install/mobilebot_bringup/lib/pkgconfig/mobilebot_bringup.pc'
[1.132s] Level 1:colcon.colcon_core.environment:checking '/home/sbzrobot/ROS2-Projects/My-ROS2_Projects/My-ROS2-Humble/Tutorial_MobileRobot/mobilebot_ws/install/mobilebot_bringup/lib/python3.10/site-packages'
[1.132s] Level 1:colcon.colcon_core.environment:checking '/home/sbzrobot/ROS2-Projects/My-ROS2_Projects/My-ROS2-Humble/Tutorial_MobileRobot/mobilebot_ws/install/mobilebot_bringup/bin'
[1.133s] INFO:colcon.colcon_core.shell:Creating package script '/home/sbzrobot/ROS2-Projects/My-ROS2_Projects/My-ROS2-Humble/Tutorial_MobileRobot/mobilebot_ws/install/mobilebot_bringup/share/mobilebot_bringup/package.ps1'
[1.134s] INFO:colcon.colcon_core.shell:Creating package descriptor '/home/sbzrobot/ROS2-Projects/My-ROS2_Projects/My-ROS2-Humble/Tutorial_MobileRobot/mobilebot_ws/install/mobilebot_bringup/share/mobilebot_bringup/package.dsv'
[1.134s] INFO:colcon.colcon_core.shell:Creating package script '/home/sbzrobot/ROS2-Projects/My-ROS2_Projects/My-ROS2-Humble/Tutorial_MobileRobot/mobilebot_ws/install/mobilebot_bringup/share/mobilebot_bringup/package.sh'
[1.135s] INFO:colcon.colcon_core.shell:Creating package script '/home/sbzrobot/ROS2-Projects/My-ROS2_Projects/My-ROS2-Humble/Tutorial_MobileRobot/mobilebot_ws/install/mobilebot_bringup/share/mobilebot_bringup/package.bash'
[1.136s] INFO:colcon.colcon_core.shell:Creating package script '/home/sbzrobot/ROS2-Projects/My-ROS2_Projects/My-ROS2-Humble/Tutorial_MobileRobot/mobilebot_ws/install/mobilebot_bringup/share/mobilebot_bringup/package.zsh'
[1.136s] Level 1:colcon.colcon_core.environment:create_file_with_runtime_dependencies(/home/sbzrobot/ROS2-Projects/My-ROS2_Projects/My-ROS2-Humble/Tutorial_MobileRobot/mobilebot_ws/install/mobilebot_bringup/share/colcon-core/packages/mobilebot_bringup)
[1.137s] DEBUG:colcon.colcon_parallel_executor.executor.parallel:closing loop
[1.137s] DEBUG:colcon.colcon_parallel_executor.executor.parallel:loop closed
[1.137s] DEBUG:colcon.colcon_parallel_executor.executor.parallel:run_until_complete finished with '0'
[1.137s] DEBUG:colcon.colcon_core.event_reactor:joining thread
[1.146s] INFO:colcon.colcon_core.plugin_system:Skipping extension 'colcon_notification.desktop_notification.terminal_notifier': Not used on non-Darwin systems
[1.146s] INFO:colcon.colcon_core.plugin_system:Skipping extension 'colcon_notification.desktop_notification.win32': Not used on non-Windows systems
[1.147s] INFO:colcon.colcon_notification.desktop_notification:Sending desktop notification using 'notify2'
[1.163s] DEBUG:colcon.colcon_core.event_reactor:joined thread
[1.163s] INFO:colcon.colcon_core.shell:Creating prefix script '/home/sbzrobot/ROS2-Projects/My-ROS2_Projects/My-ROS2-Humble/Tutorial_MobileRobot/mobilebot_ws/install/local_setup.ps1'
[1.165s] INFO:colcon.colcon_core.shell:Creating prefix util module '/home/sbzrobot/ROS2-Projects/My-ROS2_Projects/My-ROS2-Humble/Tutorial_MobileRobot/mobilebot_ws/install/_local_setup_util_ps1.py'
[1.168s] INFO:colcon.colcon_core.shell:Creating prefix chain script '/home/sbzrobot/ROS2-Projects/My-ROS2_Projects/My-ROS2-Humble/Tutorial_MobileRobot/mobilebot_ws/install/setup.ps1'
[1.170s] INFO:colcon.colcon_core.shell:Creating prefix script '/home/sbzrobot/ROS2-Projects/My-ROS2_Projects/My-ROS2-Humble/Tutorial_MobileRobot/mobilebot_ws/install/local_setup.sh'
[1.171s] INFO:colcon.colcon_core.shell:Creating prefix util module '/home/sbzrobot/ROS2-Projects/My-ROS2_Projects/My-ROS2-Humble/Tutorial_MobileRobot/mobilebot_ws/install/_local_setup_util_sh.py'
[1.172s] INFO:colcon.colcon_core.shell:Creating prefix chain script '/home/sbzrobot/ROS2-Projects/My-ROS2_Projects/My-ROS2-Humble/Tutorial_MobileRobot/mobilebot_ws/install/setup.sh'
[1.174s] INFO:colcon.colcon_core.shell:Creating prefix script '/home/sbzrobot/ROS2-Projects/My-ROS2_Projects/My-ROS2-Humble/Tutorial_MobileRobot/mobilebot_ws/install/local_setup.bash'
[1.175s] INFO:colcon.colcon_core.shell:Creating prefix chain script '/home/sbzrobot/ROS2-Projects/My-ROS2_Projects/My-ROS2-Humble/Tutorial_MobileRobot/mobilebot_ws/install/setup.bash'
[1.177s] INFO:colcon.colcon_core.shell:Creating prefix script '/home/sbzrobot/ROS2-Projects/My-ROS2_Projects/My-ROS2-Humble/Tutorial_MobileRobot/mobilebot_ws/install/local_setup.zsh'
[1.179s] INFO:colcon.colcon_core.shell:Creating prefix chain script '/home/sbzrobot/ROS2-Projects/My-ROS2_Projects/My-ROS2-Humble/Tutorial_MobileRobot/mobilebot_ws/install/setup.zsh'
