[35m[1mConsolidate compiler generated dependencies of target number_pub_components[0m
[ 66%] Built target manual_composition
[100%] Built target number_pub_components
-- Install configuration: ""
-- Up-to-date: /home/saeedbazargan/Desktop/My-ROS2_Projects/My-ROS2-Humble/Tutorial_MobileRobot/mobilebot_ws/install/components_cpp/lib/components_cpp/manual_composition
-- Up-to-date: /home/saeedbazargan/Desktop/My-ROS2_Projects/My-ROS2-Humble/Tutorial_MobileRobot/mobilebot_ws/install/components_cpp/lib/libnumber_pub_components.so
-- Up-to-date: /home/saeedbazargan/Desktop/My-ROS2_Projects/My-ROS2-Humble/Tutorial_MobileRobot/mobilebot_ws/install/components_cpp/share/ament_index/resource_index/package_run_dependencies/components_cpp
-- Up-to-date: /home/saeedbazargan/Desktop/My-ROS2_Projects/My-ROS2-Humble/Tutorial_MobileRobot/mobilebot_ws/install/components_cpp/share/ament_index/resource_index/parent_prefix_path/components_cpp
-- Up-to-date: /home/saeedbazargan/Desktop/My-ROS2_Projects/My-ROS2-Humble/Tutorial_MobileRobot/mobilebot_ws/install/components_cpp/share/components_cpp/environment/ament_prefix_path.sh
-- Up-to-date: /home/saeedbazargan/Desktop/My-ROS2_Projects/My-ROS2-Humble/Tutorial_MobileRobot/mobilebot_ws/install/components_cpp/share/components_cpp/environment/ament_prefix_path.dsv
-- Up-to-date: /home/saeedbazargan/Desktop/My-ROS2_Projects/My-ROS2-Humble/Tutorial_MobileRobot/mobilebot_ws/install/components_cpp/share/components_cpp/environment/path.sh
-- Up-to-date: /home/saeedbazargan/Desktop/My-ROS2_Projects/My-ROS2-Humble/Tutorial_MobileRobot/mobilebot_ws/install/components_cpp/share/components_cpp/environment/path.dsv
-- Up-to-date: /home/saeedbazargan/Desktop/My-ROS2_Projects/My-ROS2-Humble/Tutorial_MobileRobot/mobilebot_ws/install/components_cpp/share/components_cpp/local_setup.bash
-- Up-to-date: /home/saeedbazargan/Desktop/My-ROS2_Projects/My-ROS2-Humble/Tutorial_MobileRobot/mobilebot_ws/install/components_cpp/share/components_cpp/local_setup.sh
-- Up-to-date: /home/saeedbazargan/Desktop/My-ROS2_Projects/My-ROS2-Humble/Tutorial_MobileRobot/mobilebot_ws/install/components_cpp/share/components_cpp/local_setup.zsh
-- Up-to-date: /home/saeedbazargan/Desktop/My-ROS2_Projects/My-ROS2-Humble/Tutorial_MobileRobot/mobilebot_ws/install/components_cpp/share/components_cpp/local_setup.dsv
-- Installing: /home/saeedbazargan/Desktop/My-ROS2_Projects/My-ROS2-Humble/Tutorial_MobileRobot/mobilebot_ws/install/components_cpp/share/components_cpp/package.dsv
-- Up-to-date: /home/saeedbazargan/Desktop/My-ROS2_Projects/My-ROS2-Humble/Tutorial_MobileRobot/mobilebot_ws/install/components_cpp/share/ament_index/resource_index/packages/components_cpp
-- Up-to-date: /home/saeedbazargan/Desktop/My-ROS2_Projects/My-ROS2-Humble/Tutorial_MobileRobot/mobilebot_ws/install/components_cpp/share/ament_index/resource_index/rclcpp_components/components_cpp
-- Up-to-date: /home/saeedbazargan/Desktop/My-ROS2_Projects/My-ROS2-Humble/Tutorial_MobileRobot/mobilebot_ws/install/components_cpp/share/components_cpp/cmake/components_cppConfig.cmake
-- Up-to-date: /home/saeedbazargan/Desktop/My-ROS2_Projects/My-ROS2-Humble/Tutorial_MobileRobot/mobilebot_ws/install/components_cpp/share/components_cpp/cmake/components_cppConfig-version.cmake
-- Up-to-date: /home/saeedbazargan/Desktop/My-ROS2_Projects/My-ROS2-Humble/Tutorial_MobileRobot/mobilebot_ws/install/components_cpp/share/components_cpp/package.xml
