[0.018s] Invoking command in '/home/saeedbzrgn/Desktop/My-ROS2_Projects/My-ROS2-Humble/ros2_esp32_blink_ws/build/gpio_pkg': CMAKE_PREFIX_PATH=${CMAKE_PREFIX_PATH}:/home/saeedbzrgn/STM32Cube/microros_ws/install/sensor_msgs_py:/opt/ros/humble /usr/bin/cmake /home/saeedbzrgn/Desktop/My-ROS2_Projects/My-ROS2-Humble/ros2_esp32_blink_ws/src/gpio_pkg -DCMAKE_INSTALL_PREFIX=/home/saeedbzrgn/Desktop/My-ROS2_Projects/My-ROS2-Humble/ros2_esp32_blink_ws/install/gpio_pkg
[0.229s] -- The C compiler identification is GNU 11.4.0
[0.413s] -- The CXX compiler identification is GNU 11.4.0
[0.426s] -- Detecting C compiler ABI info
[0.579s] -- Detecting C compiler ABI info - done
[0.588s] -- Check for working C compiler: /usr/bin/cc - skipped
[0.592s] -- Detecting C compile features
[0.593s] -- Detecting C compile features - done
[0.597s] -- Detecting CXX compiler ABI info
[0.749s] -- Detecting CXX compiler ABI info - done
[0.759s] -- Check for working CXX compiler: /usr/bin/c++ - skipped
[0.759s] -- Detecting CXX compile features
[0.760s] -- Detecting CXX compile features - done
[0.785s] -- Found ament_cmake: 1.3.12 (/opt/ros/humble/share/ament_cmake/cmake)
[1.040s] -- Found Python3: /usr/bin/python3 (found version "3.10.12") found components: Interpreter 
[1.276s] -- Found rclcpp: 16.0.15 (/opt/ros/humble/share/rclcpp/cmake)
[1.408s] -- Found rosidl_generator_c: 3.1.7 (/opt/ros/humble/share/rosidl_generator_c/cmake)
[1.428s] -- Found rosidl_adapter: 3.1.7 (/opt/ros/humble/share/rosidl_adapter/cmake)
[1.455s] -- Found rosidl_generator_cpp: 3.1.7 (/opt/ros/humble/share/rosidl_generator_cpp/cmake)
[1.487s] -- Using all available rosidl_typesupport_c: rosidl_typesupport_microxrcedds_c;rosidl_typesupport_fastrtps_c;rosidl_typesupport_introspection_c
[1.551s] -- Using all available rosidl_typesupport_cpp: rosidl_typesupport_microxrcedds_cpp;rosidl_typesupport_fastrtps_cpp;rosidl_typesupport_introspection_cpp
[1.690s] -- Found rmw_implementation_cmake: 6.1.2 (/opt/ros/humble/share/rmw_implementation_cmake/cmake)
[1.702s] -- Found rmw_cyclonedds_cpp: 1.3.4 (/opt/ros/humble/share/rmw_cyclonedds_cpp/cmake)
[1.779s] -- Using RMW implementation 'rmw_cyclonedds_cpp' as default
[1.817s] -- Looking for pthread.h
[1.956s] -- Looking for pthread.h - found
[1.957s] -- Performing Test CMAKE_HAVE_LIBC_PTHREAD
[2.081s] -- Performing Test CMAKE_HAVE_LIBC_PTHREAD - Success
[2.082s] -- Found Threads: TRUE  
[2.196s] -- Found ament_lint_auto: 0.12.14 (/opt/ros/humble/share/ament_lint_auto/cmake)
[2.363s] -- Added test 'lint_cmake' to check CMake code style
[2.366s] -- Added test 'xmllint' to check XML markup files
[2.370s] -- Configuring done
[2.376s] -- Generating done
[2.379s] -- Build files have been written to: /home/saeedbzrgn/Desktop/My-ROS2_Projects/My-ROS2-Humble/ros2_esp32_blink_ws/build/gpio_pkg
[2.389s] Invoked command in '/home/saeedbzrgn/Desktop/My-ROS2_Projects/My-ROS2-Humble/ros2_esp32_blink_ws/build/gpio_pkg' returned '0': CMAKE_PREFIX_PATH=${CMAKE_PREFIX_PATH}:/home/saeedbzrgn/STM32Cube/microros_ws/install/sensor_msgs_py:/opt/ros/humble /usr/bin/cmake /home/saeedbzrgn/Desktop/My-ROS2_Projects/My-ROS2-Humble/ros2_esp32_blink_ws/src/gpio_pkg -DCMAKE_INSTALL_PREFIX=/home/saeedbzrgn/Desktop/My-ROS2_Projects/My-ROS2-Humble/ros2_esp32_blink_ws/install/gpio_pkg
[2.391s] Invoking command in '/home/saeedbzrgn/Desktop/My-ROS2_Projects/My-ROS2-Humble/ros2_esp32_blink_ws/build/gpio_pkg': CMAKE_PREFIX_PATH=${CMAKE_PREFIX_PATH}:/home/saeedbzrgn/STM32Cube/microros_ws/install/sensor_msgs_py:/opt/ros/humble /usr/bin/cmake --build /home/saeedbzrgn/Desktop/My-ROS2_Projects/My-ROS2-Humble/ros2_esp32_blink_ws/build/gpio_pkg -- -j4 -l4
[2.469s] Invoked command in '/home/saeedbzrgn/Desktop/My-ROS2_Projects/My-ROS2-Humble/ros2_esp32_blink_ws/build/gpio_pkg' returned '0': CMAKE_PREFIX_PATH=${CMAKE_PREFIX_PATH}:/home/saeedbzrgn/STM32Cube/microros_ws/install/sensor_msgs_py:/opt/ros/humble /usr/bin/cmake --build /home/saeedbzrgn/Desktop/My-ROS2_Projects/My-ROS2-Humble/ros2_esp32_blink_ws/build/gpio_pkg -- -j4 -l4
[2.487s] Invoking command in '/home/saeedbzrgn/Desktop/My-ROS2_Projects/My-ROS2-Humble/ros2_esp32_blink_ws/build/gpio_pkg': CMAKE_PREFIX_PATH=${CMAKE_PREFIX_PATH}:/home/saeedbzrgn/STM32Cube/microros_ws/install/sensor_msgs_py:/opt/ros/humble /usr/bin/cmake --install /home/saeedbzrgn/Desktop/My-ROS2_Projects/My-ROS2-Humble/ros2_esp32_blink_ws/build/gpio_pkg
[2.502s] -- Install configuration: ""
[2.502s] -- Installing: /home/saeedbzrgn/Desktop/My-ROS2_Projects/My-ROS2-Humble/ros2_esp32_blink_ws/install/gpio_pkg/share/ament_index/resource_index/package_run_dependencies/gpio_pkg
[2.503s] -- Installing: /home/saeedbzrgn/Desktop/My-ROS2_Projects/My-ROS2-Humble/ros2_esp32_blink_ws/install/gpio_pkg/share/ament_index/resource_index/parent_prefix_path/gpio_pkg
[2.503s] -- Installing: /home/saeedbzrgn/Desktop/My-ROS2_Projects/My-ROS2-Humble/ros2_esp32_blink_ws/install/gpio_pkg/share/gpio_pkg/environment/ament_prefix_path.sh
[2.504s] -- Installing: /home/saeedbzrgn/Desktop/My-ROS2_Projects/My-ROS2-Humble/ros2_esp32_blink_ws/install/gpio_pkg/share/gpio_pkg/environment/ament_prefix_path.dsv
[2.504s] -- Installing: /home/saeedbzrgn/Desktop/My-ROS2_Projects/My-ROS2-Humble/ros2_esp32_blink_ws/install/gpio_pkg/share/gpio_pkg/environment/path.sh
[2.504s] -- Installing: /home/saeedbzrgn/Desktop/My-ROS2_Projects/My-ROS2-Humble/ros2_esp32_blink_ws/install/gpio_pkg/share/gpio_pkg/environment/path.dsv
[2.504s] -- Installing: /home/saeedbzrgn/Desktop/My-ROS2_Projects/My-ROS2-Humble/ros2_esp32_blink_ws/install/gpio_pkg/share/gpio_pkg/local_setup.bash
[2.504s] -- Installing: /home/saeedbzrgn/Desktop/My-ROS2_Projects/My-ROS2-Humble/ros2_esp32_blink_ws/install/gpio_pkg/share/gpio_pkg/local_setup.sh
[2.505s] -- Installing: /home/saeedbzrgn/Desktop/My-ROS2_Projects/My-ROS2-Humble/ros2_esp32_blink_ws/install/gpio_pkg/share/gpio_pkg/local_setup.zsh
[2.505s] -- Installing: /home/saeedbzrgn/Desktop/My-ROS2_Projects/My-ROS2-Humble/ros2_esp32_blink_ws/install/gpio_pkg/share/gpio_pkg/local_setup.dsv
[2.505s] -- Installing: /home/saeedbzrgn/Desktop/My-ROS2_Projects/My-ROS2-Humble/ros2_esp32_blink_ws/install/gpio_pkg/share/gpio_pkg/package.dsv
[2.505s] -- Installing: /home/saeedbzrgn/Desktop/My-ROS2_Projects/My-ROS2-Humble/ros2_esp32_blink_ws/install/gpio_pkg/share/ament_index/resource_index/packages/gpio_pkg
[2.506s] -- Installing: /home/saeedbzrgn/Desktop/My-ROS2_Projects/My-ROS2-Humble/ros2_esp32_blink_ws/install/gpio_pkg/share/gpio_pkg/cmake/gpio_pkgConfig.cmake
[2.506s] -- Installing: /home/saeedbzrgn/Desktop/My-ROS2_Projects/My-ROS2-Humble/ros2_esp32_blink_ws/install/gpio_pkg/share/gpio_pkg/cmake/gpio_pkgConfig-version.cmake
[2.506s] -- Installing: /home/saeedbzrgn/Desktop/My-ROS2_Projects/My-ROS2-Humble/ros2_esp32_blink_ws/install/gpio_pkg/share/gpio_pkg/package.xml
[2.509s] Invoked command in '/home/saeedbzrgn/Desktop/My-ROS2_Projects/My-ROS2-Humble/ros2_esp32_blink_ws/build/gpio_pkg' returned '0': CMAKE_PREFIX_PATH=${CMAKE_PREFIX_PATH}:/home/saeedbzrgn/STM32Cube/microros_ws/install/sensor_msgs_py:/opt/ros/humble /usr/bin/cmake --install /home/saeedbzrgn/Desktop/My-ROS2_Projects/My-ROS2-Humble/ros2_esp32_blink_ws/build/gpio_pkg
