[0.167s] DEBUG:colcon:Command line arguments: ['/usr/bin/colcon', 'build']
[0.167s] DEBUG:colcon:Parsed command line arguments: Namespace(log_base=None, log_level=None, verb_name='build', build_base='build', install_base='install', merge_install=False, symlink_install=False, test_result_base=None, continue_on_error=False, executor='parallel', parallel_workers=4, event_handlers=None, ignore_user_meta=False, metas=['./colcon.meta'], base_paths=['.'], packages_ignore=None, packages_ignore_regex=None, paths=None, packages_up_to=None, packages_up_to_regex=None, packages_above=None, packages_above_and_dependencies=None, packages_above_depth=None, packages_select_by_dep=None, packages_skip_by_dep=None, packages_skip_up_to=None, packages_select_build_failed=False, packages_skip_build_finished=False, packages_select_test_failures=False, packages_skip_test_passed=False, packages_select=None, packages_skip=None, packages_select_regex=None, packages_skip_regex=None, packages_start=None, packages_end=None, allow_overriding=[], cmake_args=None, cmake_target=None, cmake_target_skip_unavailable=False, cmake_clean_cache=False, cmake_clean_first=False, cmake_force_configure=False, ament_cmake_args=None, catkin_cmake_args=None, catkin_skip_building_tests=False, verb_parser=<colcon_defaults.argument_parser.defaults.DefaultArgumentsDecorator object at 0x76a994a27fa0>, verb_extension=<colcon_core.verb.build.BuildVerb object at 0x76a994a26f80>, main=<bound method BuildVerb.main of <colcon_core.verb.build.BuildVerb object at 0x76a994a26f80>>)
[0.441s] Level 1:colcon.colcon_core.package_discovery:discover_packages(colcon_meta) check parameters
[0.441s] Level 1:colcon.colcon_core.package_discovery:discover_packages(recursive) check parameters
[0.441s] Level 1:colcon.colcon_core.package_discovery:discover_packages(ignore) check parameters
[0.441s] Level 1:colcon.colcon_core.package_discovery:discover_packages(path) check parameters
[0.441s] Level 1:colcon.colcon_core.package_discovery:discover_packages(colcon_meta) discover
[0.442s] Level 1:colcon.colcon_core.package_discovery:discover_packages(recursive) discover
[0.442s] INFO:colcon.colcon_core.package_discovery:Crawling recursively for packages in '/home/sbzrobot/ROS2-Projects/My-ROS2_Projects/My-ROS2-Humble/mobilebot_ws'
[0.442s] Level 1:colcon.colcon_core.package_identification:_identify(.) by extensions ['ignore', 'ignore_ament_install']
[0.442s] Level 1:colcon.colcon_core.package_identification:_identify(.) by extension 'ignore'
[0.442s] Level 1:colcon.colcon_core.package_identification:_identify(.) by extension 'ignore_ament_install'
[0.442s] Level 1:colcon.colcon_core.package_identification:_identify(.) by extensions ['colcon_pkg']
[0.442s] Level 1:colcon.colcon_core.package_identification:_identify(.) by extension 'colcon_pkg'
[0.442s] Level 1:colcon.colcon_core.package_identification:_identify(.) by extensions ['colcon_meta']
[0.442s] Level 1:colcon.colcon_core.package_identification:_identify(.) by extension 'colcon_meta'
[0.442s] Level 1:colcon.colcon_core.package_identification:_identify(.) by extensions ['ros']
[0.442s] Level 1:colcon.colcon_core.package_identification:_identify(.) by extension 'ros'
[0.459s] Level 1:colcon.colcon_core.package_identification:_identify(.) by extensions ['cmake', 'python']
[0.459s] Level 1:colcon.colcon_core.package_identification:_identify(.) by extension 'cmake'
[0.459s] Level 1:colcon.colcon_core.package_identification:_identify(.) by extension 'python'
[0.459s] Level 1:colcon.colcon_core.package_identification:_identify(.) by extensions ['python_setup_py']
[0.459s] Level 1:colcon.colcon_core.package_identification:_identify(.) by extension 'python_setup_py'
[0.460s] Level 1:colcon.colcon_core.package_identification:_identify(build) by extensions ['ignore', 'ignore_ament_install']
[0.460s] Level 1:colcon.colcon_core.package_identification:_identify(build) by extension 'ignore'
[0.460s] Level 1:colcon.colcon_core.package_identification:_identify(build) ignored
[0.460s] Level 1:colcon.colcon_core.package_identification:_identify(install) by extensions ['ignore', 'ignore_ament_install']
[0.460s] Level 1:colcon.colcon_core.package_identification:_identify(install) by extension 'ignore'
[0.460s] Level 1:colcon.colcon_core.package_identification:_identify(install) ignored
[0.460s] Level 1:colcon.colcon_core.package_identification:_identify(log) by extensions ['ignore', 'ignore_ament_install']
[0.460s] Level 1:colcon.colcon_core.package_identification:_identify(log) by extension 'ignore'
[0.461s] Level 1:colcon.colcon_core.package_identification:_identify(log) ignored
[0.461s] Level 1:colcon.colcon_core.package_identification:_identify(src) by extensions ['ignore', 'ignore_ament_install']
[0.461s] Level 1:colcon.colcon_core.package_identification:_identify(src) by extension 'ignore'
[0.461s] Level 1:colcon.colcon_core.package_identification:_identify(src) by extension 'ignore_ament_install'
[0.461s] Level 1:colcon.colcon_core.package_identification:_identify(src) by extensions ['colcon_pkg']
[0.461s] Level 1:colcon.colcon_core.package_identification:_identify(src) by extension 'colcon_pkg'
[0.461s] Level 1:colcon.colcon_core.package_identification:_identify(src) by extensions ['colcon_meta']
[0.461s] Level 1:colcon.colcon_core.package_identification:_identify(src) by extension 'colcon_meta'
[0.461s] Level 1:colcon.colcon_core.package_identification:_identify(src) by extensions ['ros']
[0.461s] Level 1:colcon.colcon_core.package_identification:_identify(src) by extension 'ros'
[0.461s] Level 1:colcon.colcon_core.package_identification:_identify(src) by extensions ['cmake', 'python']
[0.461s] Level 1:colcon.colcon_core.package_identification:_identify(src) by extension 'cmake'
[0.461s] Level 1:colcon.colcon_core.package_identification:_identify(src) by extension 'python'
[0.462s] Level 1:colcon.colcon_core.package_identification:_identify(src) by extensions ['python_setup_py']
[0.462s] Level 1:colcon.colcon_core.package_identification:_identify(src) by extension 'python_setup_py'
[0.462s] Level 1:colcon.colcon_core.package_identification:_identify(src/mobilebot_description) by extensions ['ignore', 'ignore_ament_install']
[0.462s] Level 1:colcon.colcon_core.package_identification:_identify(src/mobilebot_description) by extension 'ignore'
[0.462s] Level 1:colcon.colcon_core.package_identification:_identify(src/mobilebot_description) by extension 'ignore_ament_install'
[0.462s] Level 1:colcon.colcon_core.package_identification:_identify(src/mobilebot_description) by extensions ['colcon_pkg']
[0.462s] Level 1:colcon.colcon_core.package_identification:_identify(src/mobilebot_description) by extension 'colcon_pkg'
[0.462s] Level 1:colcon.colcon_core.package_identification:_identify(src/mobilebot_description) by extensions ['colcon_meta']
[0.462s] Level 1:colcon.colcon_core.package_identification:_identify(src/mobilebot_description) by extension 'colcon_meta'
[0.462s] Level 1:colcon.colcon_core.package_identification:_identify(src/mobilebot_description) by extensions ['ros']
[0.462s] Level 1:colcon.colcon_core.package_identification:_identify(src/mobilebot_description) by extension 'ros'
[0.466s] DEBUG:colcon.colcon_core.package_identification:Package 'src/mobilebot_description' with type 'ros.ament_cmake' and name 'mobilebot_description'
[0.466s] Level 1:colcon.colcon_core.package_identification:_identify(src/mobilebot_py_examples) by extensions ['ignore', 'ignore_ament_install']
[0.466s] Level 1:colcon.colcon_core.package_identification:_identify(src/mobilebot_py_examples) by extension 'ignore'
[0.466s] Level 1:colcon.colcon_core.package_identification:_identify(src/mobilebot_py_examples) by extension 'ignore_ament_install'
[0.466s] Level 1:colcon.colcon_core.package_identification:_identify(src/mobilebot_py_examples) by extensions ['colcon_pkg']
[0.466s] Level 1:colcon.colcon_core.package_identification:_identify(src/mobilebot_py_examples) by extension 'colcon_pkg'
[0.466s] Level 1:colcon.colcon_core.package_identification:_identify(src/mobilebot_py_examples) by extensions ['colcon_meta']
[0.466s] Level 1:colcon.colcon_core.package_identification:_identify(src/mobilebot_py_examples) by extension 'colcon_meta'
[0.466s] Level 1:colcon.colcon_core.package_identification:_identify(src/mobilebot_py_examples) by extensions ['ros']
[0.466s] Level 1:colcon.colcon_core.package_identification:_identify(src/mobilebot_py_examples) by extension 'ros'
[0.467s] DEBUG:colcon.colcon_core.package_identification:Package 'src/mobilebot_py_examples' with type 'ros.ament_python' and name 'mobilebot_py_examples'
[0.467s] Level 1:colcon.colcon_core.package_discovery:discover_packages(recursive) using defaults
[0.467s] Level 1:colcon.colcon_core.package_discovery:discover_packages(ignore) discover
[0.467s] Level 1:colcon.colcon_core.package_discovery:discover_packages(ignore) using defaults
[0.468s] Level 1:colcon.colcon_core.package_discovery:discover_packages(path) discover
[0.468s] Level 1:colcon.colcon_core.package_discovery:discover_packages(path) using defaults
[0.511s] Level 1:colcon.colcon_core.package_discovery:discover_packages(prefix_path) check parameters
[0.511s] Level 1:colcon.colcon_core.package_discovery:discover_packages(prefix_path) discover
[0.513s] DEBUG:colcon.colcon_installed_package_information.package_discovery:Found 2 installed packages in /home/sbzrobot/ROS2-Projects/My-ROS2_Projects/My-ROS2-Humble/mobilebot_ws/install
[0.516s] DEBUG:colcon.colcon_installed_package_information.package_discovery:Found 362 installed packages in /opt/ros/humble
[0.519s] Level 1:colcon.colcon_core.package_discovery:discover_packages(prefix_path) using defaults
[0.590s] Level 5:colcon.colcon_core.verb:set package 'mobilebot_description' build argument 'cmake_args' from command line to 'None'
[0.590s] Level 5:colcon.colcon_core.verb:set package 'mobilebot_description' build argument 'cmake_target' from command line to 'None'
[0.590s] Level 5:colcon.colcon_core.verb:set package 'mobilebot_description' build argument 'cmake_target_skip_unavailable' from command line to 'False'
[0.590s] Level 5:colcon.colcon_core.verb:set package 'mobilebot_description' build argument 'cmake_clean_cache' from command line to 'False'
[0.590s] Level 5:colcon.colcon_core.verb:set package 'mobilebot_description' build argument 'cmake_clean_first' from command line to 'False'
[0.590s] Level 5:colcon.colcon_core.verb:set package 'mobilebot_description' build argument 'cmake_force_configure' from command line to 'False'
[0.590s] Level 5:colcon.colcon_core.verb:set package 'mobilebot_description' build argument 'ament_cmake_args' from command line to 'None'
[0.590s] Level 5:colcon.colcon_core.verb:set package 'mobilebot_description' build argument 'catkin_cmake_args' from command line to 'None'
[0.590s] Level 5:colcon.colcon_core.verb:set package 'mobilebot_description' build argument 'catkin_skip_building_tests' from command line to 'False'
[0.590s] DEBUG:colcon.colcon_core.verb:Building package 'mobilebot_description' with the following arguments: {'ament_cmake_args': None, 'build_base': '/home/sbzrobot/ROS2-Projects/My-ROS2_Projects/My-ROS2-Humble/mobilebot_ws/build/mobilebot_description', 'catkin_cmake_args': None, 'catkin_skip_building_tests': False, 'cmake_args': None, 'cmake_clean_cache': False, 'cmake_clean_first': False, 'cmake_force_configure': False, 'cmake_target': None, 'cmake_target_skip_unavailable': False, 'install_base': '/home/sbzrobot/ROS2-Projects/My-ROS2_Projects/My-ROS2-Humble/mobilebot_ws/install/mobilebot_description', 'merge_install': False, 'path': '/home/sbzrobot/ROS2-Projects/My-ROS2_Projects/My-ROS2-Humble/mobilebot_ws/src/mobilebot_description', 'symlink_install': False, 'test_result_base': None}
[0.591s] Level 5:colcon.colcon_core.verb:set package 'mobilebot_py_examples' build argument 'cmake_args' from command line to 'None'
[0.591s] Level 5:colcon.colcon_core.verb:set package 'mobilebot_py_examples' build argument 'cmake_target' from command line to 'None'
[0.591s] Level 5:colcon.colcon_core.verb:set package 'mobilebot_py_examples' build argument 'cmake_target_skip_unavailable' from command line to 'False'
[0.591s] Level 5:colcon.colcon_core.verb:set package 'mobilebot_py_examples' build argument 'cmake_clean_cache' from command line to 'False'
[0.591s] Level 5:colcon.colcon_core.verb:set package 'mobilebot_py_examples' build argument 'cmake_clean_first' from command line to 'False'
[0.591s] Level 5:colcon.colcon_core.verb:set package 'mobilebot_py_examples' build argument 'cmake_force_configure' from command line to 'False'
[0.591s] Level 5:colcon.colcon_core.verb:set package 'mobilebot_py_examples' build argument 'ament_cmake_args' from command line to 'None'
[0.591s] Level 5:colcon.colcon_core.verb:set package 'mobilebot_py_examples' build argument 'catkin_cmake_args' from command line to 'None'
[0.591s] Level 5:colcon.colcon_core.verb:set package 'mobilebot_py_examples' build argument 'catkin_skip_building_tests' from command line to 'False'
[0.591s] DEBUG:colcon.colcon_core.verb:Building package 'mobilebot_py_examples' with the following arguments: {'ament_cmake_args': None, 'build_base': '/home/sbzrobot/ROS2-Projects/My-ROS2_Projects/My-ROS2-Humble/mobilebot_ws/build/mobilebot_py_examples', 'catkin_cmake_args': None, 'catkin_skip_building_tests': False, 'cmake_args': None, 'cmake_clean_cache': False, 'cmake_clean_first': False, 'cmake_force_configure': False, 'cmake_target': None, 'cmake_target_skip_unavailable': False, 'install_base': '/home/sbzrobot/ROS2-Projects/My-ROS2_Projects/My-ROS2-Humble/mobilebot_ws/install/mobilebot_py_examples', 'merge_install': False, 'path': '/home/sbzrobot/ROS2-Projects/My-ROS2_Projects/My-ROS2-Humble/mobilebot_ws/src/mobilebot_py_examples', 'symlink_install': False, 'test_result_base': None}
[0.591s] INFO:colcon.colcon_core.executor:Executing jobs using 'parallel' executor
[0.592s] DEBUG:colcon.colcon_parallel_executor.executor.parallel:run_until_complete
[0.593s] INFO:colcon.colcon_ros.task.ament_cmake.build:Building ROS package in '/home/sbzrobot/ROS2-Projects/My-ROS2_Projects/My-ROS2-Humble/mobilebot_ws/src/mobilebot_description' with build type 'ament_cmake'
[0.593s] INFO:colcon.colcon_cmake.task.cmake.build:Building CMake package in '/home/sbzrobot/ROS2-Projects/My-ROS2_Projects/My-ROS2-Humble/mobilebot_ws/src/mobilebot_description'
[0.597s] INFO:colcon.colcon_core.plugin_system:Skipping extension 'colcon_core.shell.bat': Not used on non-Windows systems
[0.597s] INFO:colcon.colcon_core.shell:Skip shell extension 'powershell' for command environment: Not usable outside of PowerShell
[0.598s] DEBUG:colcon.colcon_core.shell:Skip shell extension 'dsv' for command environment
[0.603s] INFO:colcon.colcon_ros.task.ament_python.build:Building ROS package in '/home/sbzrobot/ROS2-Projects/My-ROS2_Projects/My-ROS2-Humble/mobilebot_ws/src/mobilebot_py_examples' with build type 'ament_python'
[0.604s] Level 1:colcon.colcon_core.shell:create_environment_hook('mobilebot_py_examples', 'ament_prefix_path')
[0.604s] INFO:colcon.colcon_core.shell:Creating environment hook '/home/sbzrobot/ROS2-Projects/My-ROS2_Projects/My-ROS2-Humble/mobilebot_ws/install/mobilebot_py_examples/share/mobilebot_py_examples/hook/ament_prefix_path.ps1'
[0.606s] INFO:colcon.colcon_core.shell:Creating environment descriptor '/home/sbzrobot/ROS2-Projects/My-ROS2_Projects/My-ROS2-Humble/mobilebot_ws/install/mobilebot_py_examples/share/mobilebot_py_examples/hook/ament_prefix_path.dsv'
[0.607s] INFO:colcon.colcon_core.shell:Creating environment hook '/home/sbzrobot/ROS2-Projects/My-ROS2_Projects/My-ROS2-Humble/mobilebot_ws/install/mobilebot_py_examples/share/mobilebot_py_examples/hook/ament_prefix_path.sh'
[0.609s] INFO:colcon.colcon_core.shell:Skip shell extension 'powershell' for command environment: Not usable outside of PowerShell
[0.609s] DEBUG:colcon.colcon_core.shell:Skip shell extension 'dsv' for command environment
[0.632s] DEBUG:colcon.colcon_core.event_handler.log_command:Invoking command in '/home/sbzrobot/ROS2-Projects/My-ROS2_Projects/My-ROS2-Humble/mobilebot_ws/build/mobilebot_description': CMAKE_PREFIX_PATH=${CMAKE_PREFIX_PATH}:/home/sbzrobot/ROS2-Projects/My-ROS2_Projects/My-ROS2-Humble/mobilebot_ws/install/mobilebot_py_examples:/opt/ros/humble /usr/bin/cmake --build /home/sbzrobot/ROS2-Projects/My-ROS2_Projects/My-ROS2-Humble/mobilebot_ws/build/mobilebot_description -- -j4 -l4
[1.054s] INFO:colcon.colcon_core.task.python.build:Building Python package in '/home/sbzrobot/ROS2-Projects/My-ROS2_Projects/My-ROS2-Humble/mobilebot_ws/src/mobilebot_py_examples'
[1.054s] INFO:colcon.colcon_core.shell:Skip shell extension 'powershell' for command environment: Not usable outside of PowerShell
[1.055s] DEBUG:colcon.colcon_core.shell:Skip shell extension 'dsv' for command environment
[1.062s] DEBUG:colcon.colcon_core.event_handler.log_command:Invoked command in '/home/sbzrobot/ROS2-Projects/My-ROS2_Projects/My-ROS2-Humble/mobilebot_ws/build/mobilebot_description' returned '0': CMAKE_PREFIX_PATH=${CMAKE_PREFIX_PATH}:/home/sbzrobot/ROS2-Projects/My-ROS2_Projects/My-ROS2-Humble/mobilebot_ws/install/mobilebot_py_examples:/opt/ros/humble /usr/bin/cmake --build /home/sbzrobot/ROS2-Projects/My-ROS2_Projects/My-ROS2-Humble/mobilebot_ws/build/mobilebot_description -- -j4 -l4
[1.077s] DEBUG:colcon.colcon_core.event_handler.log_command:Invoking command in '/home/sbzrobot/ROS2-Projects/My-ROS2_Projects/My-ROS2-Humble/mobilebot_ws/build/mobilebot_description': CMAKE_PREFIX_PATH=${CMAKE_PREFIX_PATH}:/home/sbzrobot/ROS2-Projects/My-ROS2_Projects/My-ROS2-Humble/mobilebot_ws/install/mobilebot_py_examples:/opt/ros/humble /usr/bin/cmake --install /home/sbzrobot/ROS2-Projects/My-ROS2_Projects/My-ROS2-Humble/mobilebot_ws/build/mobilebot_description
[1.096s] Level 1:colcon.colcon_core.environment:create_environment_scripts_only(mobilebot_description)
[1.102s] DEBUG:colcon.colcon_core.event_handler.log_command:Invoked command in '/home/sbzrobot/ROS2-Projects/My-ROS2_Projects/My-ROS2-Humble/mobilebot_ws/build/mobilebot_description' returned '0': CMAKE_PREFIX_PATH=${CMAKE_PREFIX_PATH}:/home/sbzrobot/ROS2-Projects/My-ROS2_Projects/My-ROS2-Humble/mobilebot_ws/install/mobilebot_py_examples:/opt/ros/humble /usr/bin/cmake --install /home/sbzrobot/ROS2-Projects/My-ROS2_Projects/My-ROS2-Humble/mobilebot_ws/build/mobilebot_description
[1.104s] Level 1:colcon.colcon_core.environment:checking '/home/sbzrobot/ROS2-Projects/My-ROS2_Projects/My-ROS2-Humble/mobilebot_ws/install/mobilebot_description' for CMake module files
[1.104s] Level 1:colcon.colcon_core.environment:checking '/home/sbzrobot/ROS2-Projects/My-ROS2_Projects/My-ROS2-Humble/mobilebot_ws/install/mobilebot_description' for CMake config files
[1.105s] Level 1:colcon.colcon_core.shell:create_environment_hook('mobilebot_description', 'cmake_prefix_path')
[1.105s] INFO:colcon.colcon_core.shell:Creating environment hook '/home/sbzrobot/ROS2-Projects/My-ROS2_Projects/My-ROS2-Humble/mobilebot_ws/install/mobilebot_description/share/mobilebot_description/hook/cmake_prefix_path.ps1'
[1.106s] INFO:colcon.colcon_core.shell:Creating environment descriptor '/home/sbzrobot/ROS2-Projects/My-ROS2_Projects/My-ROS2-Humble/mobilebot_ws/install/mobilebot_description/share/mobilebot_description/hook/cmake_prefix_path.dsv'
[1.106s] INFO:colcon.colcon_core.shell:Creating environment hook '/home/sbzrobot/ROS2-Projects/My-ROS2_Projects/My-ROS2-Humble/mobilebot_ws/install/mobilebot_description/share/mobilebot_description/hook/cmake_prefix_path.sh'
[1.108s] Level 1:colcon.colcon_core.environment:checking '/home/sbzrobot/ROS2-Projects/My-ROS2_Projects/My-ROS2-Humble/mobilebot_ws/install/mobilebot_description/bin'
[1.108s] Level 1:colcon.colcon_core.environment:checking '/home/sbzrobot/ROS2-Projects/My-ROS2_Projects/My-ROS2-Humble/mobilebot_ws/install/mobilebot_description/lib/pkgconfig/mobilebot_description.pc'
[1.108s] Level 1:colcon.colcon_core.environment:checking '/home/sbzrobot/ROS2-Projects/My-ROS2_Projects/My-ROS2-Humble/mobilebot_ws/install/mobilebot_description/lib/python3.10/site-packages'
[1.108s] Level 1:colcon.colcon_core.environment:checking '/home/sbzrobot/ROS2-Projects/My-ROS2_Projects/My-ROS2-Humble/mobilebot_ws/install/mobilebot_description/bin'
[1.109s] INFO:colcon.colcon_core.shell:Creating package script '/home/sbzrobot/ROS2-Projects/My-ROS2_Projects/My-ROS2-Humble/mobilebot_ws/install/mobilebot_description/share/mobilebot_description/package.ps1'
[1.110s] INFO:colcon.colcon_core.shell:Creating package descriptor '/home/sbzrobot/ROS2-Projects/My-ROS2_Projects/My-ROS2-Humble/mobilebot_ws/install/mobilebot_description/share/mobilebot_description/package.dsv'
[1.111s] INFO:colcon.colcon_core.shell:Creating package script '/home/sbzrobot/ROS2-Projects/My-ROS2_Projects/My-ROS2-Humble/mobilebot_ws/install/mobilebot_description/share/mobilebot_description/package.sh'
[1.112s] INFO:colcon.colcon_core.shell:Creating package script '/home/sbzrobot/ROS2-Projects/My-ROS2_Projects/My-ROS2-Humble/mobilebot_ws/install/mobilebot_description/share/mobilebot_description/package.bash'
[1.114s] INFO:colcon.colcon_core.shell:Creating package script '/home/sbzrobot/ROS2-Projects/My-ROS2_Projects/My-ROS2-Humble/mobilebot_ws/install/mobilebot_description/share/mobilebot_description/package.zsh'
[1.116s] Level 1:colcon.colcon_core.environment:create_file_with_runtime_dependencies(/home/sbzrobot/ROS2-Projects/My-ROS2_Projects/My-ROS2-Humble/mobilebot_ws/install/mobilebot_description/share/colcon-core/packages/mobilebot_description)
[1.117s] Level 1:colcon.colcon_core.environment:create_environment_scripts_only(mobilebot_description)
[1.117s] Level 1:colcon.colcon_core.environment:checking '/home/sbzrobot/ROS2-Projects/My-ROS2_Projects/My-ROS2-Humble/mobilebot_ws/install/mobilebot_description' for CMake module files
[1.118s] Level 1:colcon.colcon_core.environment:checking '/home/sbzrobot/ROS2-Projects/My-ROS2_Projects/My-ROS2-Humble/mobilebot_ws/install/mobilebot_description' for CMake config files
[1.118s] Level 1:colcon.colcon_core.shell:create_environment_hook('mobilebot_description', 'cmake_prefix_path')
[1.119s] INFO:colcon.colcon_core.shell:Creating environment hook '/home/sbzrobot/ROS2-Projects/My-ROS2_Projects/My-ROS2-Humble/mobilebot_ws/install/mobilebot_description/share/mobilebot_description/hook/cmake_prefix_path.ps1'
[1.120s] INFO:colcon.colcon_core.shell:Creating environment descriptor '/home/sbzrobot/ROS2-Projects/My-ROS2_Projects/My-ROS2-Humble/mobilebot_ws/install/mobilebot_description/share/mobilebot_description/hook/cmake_prefix_path.dsv'
[1.121s] INFO:colcon.colcon_core.shell:Creating environment hook '/home/sbzrobot/ROS2-Projects/My-ROS2_Projects/My-ROS2-Humble/mobilebot_ws/install/mobilebot_description/share/mobilebot_description/hook/cmake_prefix_path.sh'
[1.122s] Level 1:colcon.colcon_core.environment:checking '/home/sbzrobot/ROS2-Projects/My-ROS2_Projects/My-ROS2-Humble/mobilebot_ws/install/mobilebot_description/bin'
[1.122s] Level 1:colcon.colcon_core.environment:checking '/home/sbzrobot/ROS2-Projects/My-ROS2_Projects/My-ROS2-Humble/mobilebot_ws/install/mobilebot_description/lib/pkgconfig/mobilebot_description.pc'
[1.123s] Level 1:colcon.colcon_core.environment:checking '/home/sbzrobot/ROS2-Projects/My-ROS2_Projects/My-ROS2-Humble/mobilebot_ws/install/mobilebot_description/lib/python3.10/site-packages'
[1.123s] Level 1:colcon.colcon_core.environment:checking '/home/sbzrobot/ROS2-Projects/My-ROS2_Projects/My-ROS2-Humble/mobilebot_ws/install/mobilebot_description/bin'
[1.123s] INFO:colcon.colcon_core.shell:Creating package script '/home/sbzrobot/ROS2-Projects/My-ROS2_Projects/My-ROS2-Humble/mobilebot_ws/install/mobilebot_description/share/mobilebot_description/package.ps1'
[1.124s] INFO:colcon.colcon_core.shell:Creating package descriptor '/home/sbzrobot/ROS2-Projects/My-ROS2_Projects/My-ROS2-Humble/mobilebot_ws/install/mobilebot_description/share/mobilebot_description/package.dsv'
[1.125s] INFO:colcon.colcon_core.shell:Creating package script '/home/sbzrobot/ROS2-Projects/My-ROS2_Projects/My-ROS2-Humble/mobilebot_ws/install/mobilebot_description/share/mobilebot_description/package.sh'
[1.126s] INFO:colcon.colcon_core.shell:Creating package script '/home/sbzrobot/ROS2-Projects/My-ROS2_Projects/My-ROS2-Humble/mobilebot_ws/install/mobilebot_description/share/mobilebot_description/package.bash'
[1.126s] INFO:colcon.colcon_core.shell:Creating package script '/home/sbzrobot/ROS2-Projects/My-ROS2_Projects/My-ROS2-Humble/mobilebot_ws/install/mobilebot_description/share/mobilebot_description/package.zsh'
[1.127s] Level 1:colcon.colcon_core.environment:create_file_with_runtime_dependencies(/home/sbzrobot/ROS2-Projects/My-ROS2_Projects/My-ROS2-Humble/mobilebot_ws/install/mobilebot_description/share/colcon-core/packages/mobilebot_description)
[1.667s] DEBUG:colcon.colcon_core.event_handler.log_command:Invoking command in '/home/sbzrobot/ROS2-Projects/My-ROS2_Projects/My-ROS2-Humble/mobilebot_ws/src/mobilebot_py_examples': PYTHONPATH=/home/sbzrobot/ROS2-Projects/My-ROS2_Projects/My-ROS2-Humble/mobilebot_ws/build/mobilebot_py_examples/prefix_override:/usr/lib/python3/dist-packages/colcon_core/task/python/colcon_distutils_commands:/home/sbzrobot/ROS2-Projects/My-ROS2_Projects/My-ROS2-Humble/mobilebot_ws/install/mobilebot_py_examples/lib/python3.10/site-packages:${PYTHONPATH} /usr/bin/python3 -W ignore:setup.py install is deprecated -W ignore:easy_install command is deprecated setup.py egg_info --egg-base ../../build/mobilebot_py_examples build --build-base /home/sbzrobot/ROS2-Projects/My-ROS2_Projects/My-ROS2-Humble/mobilebot_ws/build/mobilebot_py_examples/build install --record /home/sbzrobot/ROS2-Projects/My-ROS2_Projects/My-ROS2-Humble/mobilebot_ws/build/mobilebot_py_examples/install.log --single-version-externally-managed install_data
[2.144s] Level 1:colcon.colcon_core.environment:checking '/home/sbzrobot/ROS2-Projects/My-ROS2_Projects/My-ROS2-Humble/mobilebot_ws/install/mobilebot_py_examples' for CMake module files
[2.145s] DEBUG:colcon.colcon_core.event_handler.log_command:Invoked command in '/home/sbzrobot/ROS2-Projects/My-ROS2_Projects/My-ROS2-Humble/mobilebot_ws/src/mobilebot_py_examples' returned '0': PYTHONPATH=/home/sbzrobot/ROS2-Projects/My-ROS2_Projects/My-ROS2-Humble/mobilebot_ws/build/mobilebot_py_examples/prefix_override:/usr/lib/python3/dist-packages/colcon_core/task/python/colcon_distutils_commands:/home/sbzrobot/ROS2-Projects/My-ROS2_Projects/My-ROS2-Humble/mobilebot_ws/install/mobilebot_py_examples/lib/python3.10/site-packages:${PYTHONPATH} /usr/bin/python3 -W ignore:setup.py install is deprecated -W ignore:easy_install command is deprecated setup.py egg_info --egg-base ../../build/mobilebot_py_examples build --build-base /home/sbzrobot/ROS2-Projects/My-ROS2_Projects/My-ROS2-Humble/mobilebot_ws/build/mobilebot_py_examples/build install --record /home/sbzrobot/ROS2-Projects/My-ROS2_Projects/My-ROS2-Humble/mobilebot_ws/build/mobilebot_py_examples/install.log --single-version-externally-managed install_data
[2.145s] Level 1:colcon.colcon_core.environment:checking '/home/sbzrobot/ROS2-Projects/My-ROS2_Projects/My-ROS2-Humble/mobilebot_ws/install/mobilebot_py_examples' for CMake config files
[2.146s] Level 1:colcon.colcon_core.environment:checking '/home/sbzrobot/ROS2-Projects/My-ROS2_Projects/My-ROS2-Humble/mobilebot_ws/install/mobilebot_py_examples/lib'
[2.147s] Level 1:colcon.colcon_core.environment:checking '/home/sbzrobot/ROS2-Projects/My-ROS2_Projects/My-ROS2-Humble/mobilebot_ws/install/mobilebot_py_examples/bin'
[2.147s] Level 1:colcon.colcon_core.environment:checking '/home/sbzrobot/ROS2-Projects/My-ROS2_Projects/My-ROS2-Humble/mobilebot_ws/install/mobilebot_py_examples/lib/pkgconfig/mobilebot_py_examples.pc'
[2.147s] Level 1:colcon.colcon_core.environment:checking '/home/sbzrobot/ROS2-Projects/My-ROS2_Projects/My-ROS2-Humble/mobilebot_ws/install/mobilebot_py_examples/lib/python3.10/site-packages'
[2.147s] Level 1:colcon.colcon_core.shell:create_environment_hook('mobilebot_py_examples', 'pythonpath')
[2.147s] INFO:colcon.colcon_core.shell:Creating environment hook '/home/sbzrobot/ROS2-Projects/My-ROS2_Projects/My-ROS2-Humble/mobilebot_ws/install/mobilebot_py_examples/share/mobilebot_py_examples/hook/pythonpath.ps1'
[2.148s] INFO:colcon.colcon_core.shell:Creating environment descriptor '/home/sbzrobot/ROS2-Projects/My-ROS2_Projects/My-ROS2-Humble/mobilebot_ws/install/mobilebot_py_examples/share/mobilebot_py_examples/hook/pythonpath.dsv'
[2.149s] INFO:colcon.colcon_core.shell:Creating environment hook '/home/sbzrobot/ROS2-Projects/My-ROS2_Projects/My-ROS2-Humble/mobilebot_ws/install/mobilebot_py_examples/share/mobilebot_py_examples/hook/pythonpath.sh'
[2.150s] Level 1:colcon.colcon_core.environment:checking '/home/sbzrobot/ROS2-Projects/My-ROS2_Projects/My-ROS2-Humble/mobilebot_ws/install/mobilebot_py_examples/bin'
[2.150s] Level 1:colcon.colcon_core.environment:create_environment_scripts_only(mobilebot_py_examples)
[2.151s] INFO:colcon.colcon_core.shell:Creating package script '/home/sbzrobot/ROS2-Projects/My-ROS2_Projects/My-ROS2-Humble/mobilebot_ws/install/mobilebot_py_examples/share/mobilebot_py_examples/package.ps1'
[2.151s] INFO:colcon.colcon_core.shell:Creating package descriptor '/home/sbzrobot/ROS2-Projects/My-ROS2_Projects/My-ROS2-Humble/mobilebot_ws/install/mobilebot_py_examples/share/mobilebot_py_examples/package.dsv'
[2.152s] INFO:colcon.colcon_core.shell:Creating package script '/home/sbzrobot/ROS2-Projects/My-ROS2_Projects/My-ROS2-Humble/mobilebot_ws/install/mobilebot_py_examples/share/mobilebot_py_examples/package.sh'
[2.153s] INFO:colcon.colcon_core.shell:Creating package script '/home/sbzrobot/ROS2-Projects/My-ROS2_Projects/My-ROS2-Humble/mobilebot_ws/install/mobilebot_py_examples/share/mobilebot_py_examples/package.bash'
[2.154s] INFO:colcon.colcon_core.shell:Creating package script '/home/sbzrobot/ROS2-Projects/My-ROS2_Projects/My-ROS2-Humble/mobilebot_ws/install/mobilebot_py_examples/share/mobilebot_py_examples/package.zsh'
[2.155s] Level 1:colcon.colcon_core.environment:create_file_with_runtime_dependencies(/home/sbzrobot/ROS2-Projects/My-ROS2_Projects/My-ROS2-Humble/mobilebot_ws/install/mobilebot_py_examples/share/colcon-core/packages/mobilebot_py_examples)
[2.155s] DEBUG:colcon.colcon_parallel_executor.executor.parallel:closing loop
[2.156s] DEBUG:colcon.colcon_parallel_executor.executor.parallel:loop closed
[2.156s] DEBUG:colcon.colcon_parallel_executor.executor.parallel:run_until_complete finished with '0'
[2.156s] DEBUG:colcon.colcon_core.event_reactor:joining thread
[2.165s] INFO:colcon.colcon_core.plugin_system:Skipping extension 'colcon_notification.desktop_notification.terminal_notifier': Not used on non-Darwin systems
[2.165s] INFO:colcon.colcon_core.plugin_system:Skipping extension 'colcon_notification.desktop_notification.win32': Not used on non-Windows systems
[2.166s] INFO:colcon.colcon_notification.desktop_notification:Sending desktop notification using 'notify2'
[2.183s] DEBUG:colcon.colcon_core.event_reactor:joined thread
[2.184s] INFO:colcon.colcon_core.shell:Creating prefix script '/home/sbzrobot/ROS2-Projects/My-ROS2_Projects/My-ROS2-Humble/mobilebot_ws/install/local_setup.ps1'
[2.185s] INFO:colcon.colcon_core.shell:Creating prefix util module '/home/sbzrobot/ROS2-Projects/My-ROS2_Projects/My-ROS2-Humble/mobilebot_ws/install/_local_setup_util_ps1.py'
[2.189s] INFO:colcon.colcon_core.shell:Creating prefix chain script '/home/sbzrobot/ROS2-Projects/My-ROS2_Projects/My-ROS2-Humble/mobilebot_ws/install/setup.ps1'
[2.192s] INFO:colcon.colcon_core.shell:Creating prefix script '/home/sbzrobot/ROS2-Projects/My-ROS2_Projects/My-ROS2-Humble/mobilebot_ws/install/local_setup.sh'
[2.193s] INFO:colcon.colcon_core.shell:Creating prefix util module '/home/sbzrobot/ROS2-Projects/My-ROS2_Projects/My-ROS2-Humble/mobilebot_ws/install/_local_setup_util_sh.py'
[2.194s] INFO:colcon.colcon_core.shell:Creating prefix chain script '/home/sbzrobot/ROS2-Projects/My-ROS2_Projects/My-ROS2-Humble/mobilebot_ws/install/setup.sh'
[2.197s] INFO:colcon.colcon_core.shell:Creating prefix script '/home/sbzrobot/ROS2-Projects/My-ROS2_Projects/My-ROS2-Humble/mobilebot_ws/install/local_setup.bash'
[2.198s] INFO:colcon.colcon_core.shell:Creating prefix chain script '/home/sbzrobot/ROS2-Projects/My-ROS2_Projects/My-ROS2-Humble/mobilebot_ws/install/setup.bash'
[2.200s] INFO:colcon.colcon_core.shell:Creating prefix script '/home/sbzrobot/ROS2-Projects/My-ROS2_Projects/My-ROS2-Humble/mobilebot_ws/install/local_setup.zsh'
[2.201s] INFO:colcon.colcon_core.shell:Creating prefix chain script '/home/sbzrobot/ROS2-Projects/My-ROS2_Projects/My-ROS2-Humble/mobilebot_ws/install/setup.zsh'
