[0.015s] Invoking command in '/home/sbzrgn/Desktop/My-ROS2_Projects/My-ROS2/TalktoMCU_without_uROS/build/talk_to_mcu_interfaces': CMAKE_PREFIX_PATH=${CMAKE_PREFIX_PATH}:/opt/ros/jazzy DEBUGINFOD_URLS=https://debuginfod.ubuntu.com /usr/bin/cmake --build /home/sbzrgn/Desktop/My-ROS2_Projects/My-ROS2/TalktoMCU_without_uROS/build/talk_to_mcu_interfaces -- -j4 -l4
[0.098s] [  2%] Built target talk_to_mcu_interfaces__rs
[0.105s] [  5%] Built target talk_to_mcu_interfaces__rosidl_generator_type_description
[0.107s] [  5%] Built target ament_cmake_python_copy_talk_to_mcu_interfaces
[0.152s] [ 22%] Built target talk_to_mcu_interfaces__rosidl_generator_c
[0.152s] [ 22%] Built target talk_to_mcu_interfaces__cpp
[0.212s] [ 31%] Built target talk_to_mcu_interfaces__rosidl_typesupport_fastrtps_c
[0.227s] [ 40%] Built target talk_to_mcu_interfaces__rosidl_typesupport_introspection_cpp
[0.254s] [ 48%] Built target talk_to_mcu_interfaces__rosidl_typesupport_cpp
[0.278s] [ 57%] Built target talk_to_mcu_interfaces__rosidl_typesupport_fastrtps_cpp
[0.278s] [ 65%] Built target talk_to_mcu_interfaces__rosidl_typesupport_introspection_c
[0.309s] [ 74%] Built target talk_to_mcu_interfaces__rosidl_typesupport_c
[0.354s] [ 74%] Built target talk_to_mcu_interfaces
[0.386s] [ 77%] Built target talk_to_mcu_interfaces__py
[0.421s] [ 82%] Built target talk_to_mcu_interfaces__rosidl_generator_py
[0.529s] [ 88%] Built target talk_to_mcu_interfaces_s__rosidl_typesupport_fastrtps_c
[0.536s] [ 94%] Built target talk_to_mcu_interfaces_s__rosidl_typesupport_c
[0.546s] [100%] Built target talk_to_mcu_interfaces_s__rosidl_typesupport_introspection_c
[0.638s] running egg_info
[0.700s] writing talk_to_mcu_interfaces.egg-info/PKG-INFO
[0.701s] writing dependency_links to talk_to_mcu_interfaces.egg-info/dependency_links.txt
[0.703s] writing top-level names to talk_to_mcu_interfaces.egg-info/top_level.txt
[0.794s] reading manifest file 'talk_to_mcu_interfaces.egg-info/SOURCES.txt'
[0.795s] writing manifest file 'talk_to_mcu_interfaces.egg-info/SOURCES.txt'
[0.836s] [100%] Built target ament_cmake_python_build_talk_to_mcu_interfaces_egg
[0.852s] Invoked command in '/home/sbzrgn/Desktop/My-ROS2_Projects/My-ROS2/TalktoMCU_without_uROS/build/talk_to_mcu_interfaces' returned '0': CMAKE_PREFIX_PATH=${CMAKE_PREFIX_PATH}:/opt/ros/jazzy DEBUGINFOD_URLS=https://debuginfod.ubuntu.com /usr/bin/cmake --build /home/sbzrgn/Desktop/My-ROS2_Projects/My-ROS2/TalktoMCU_without_uROS/build/talk_to_mcu_interfaces -- -j4 -l4
[0.865s] Invoking command in '/home/sbzrgn/Desktop/My-ROS2_Projects/My-ROS2/TalktoMCU_without_uROS/build/talk_to_mcu_interfaces': CMAKE_PREFIX_PATH=${CMAKE_PREFIX_PATH}:/opt/ros/jazzy DEBUGINFOD_URLS=https://debuginfod.ubuntu.com /usr/bin/cmake --install /home/sbzrgn/Desktop/My-ROS2_Projects/My-ROS2/TalktoMCU_without_uROS/build/talk_to_mcu_interfaces
[0.879s] -- Install configuration: ""
[0.879s] -- Up-to-date: /home/sbzrgn/Desktop/My-ROS2_Projects/My-ROS2/TalktoMCU_without_uROS/install/talk_to_mcu_interfaces/share/ament_index/resource_index/rosidl_interfaces/talk_to_mcu_interfaces
[0.879s] -- Up-to-date: /home/sbzrgn/Desktop/My-ROS2_Projects/My-ROS2/TalktoMCU_without_uROS/install/talk_to_mcu_interfaces/share/talk_to_mcu_interfaces/msg/Num.json
[0.880s] -- Up-to-date: /home/sbzrgn/Desktop/My-ROS2_Projects/My-ROS2/TalktoMCU_without_uROS/install/talk_to_mcu_interfaces/include/talk_to_mcu_interfaces/talk_to_mcu_interfaces
[0.880s] -- Up-to-date: /home/sbzrgn/Desktop/My-ROS2_Projects/My-ROS2/TalktoMCU_without_uROS/install/talk_to_mcu_interfaces/include/talk_to_mcu_interfaces/talk_to_mcu_interfaces/msg
[0.880s] -- Up-to-date: /home/sbzrgn/Desktop/My-ROS2_Projects/My-ROS2/TalktoMCU_without_uROS/install/talk_to_mcu_interfaces/include/talk_to_mcu_interfaces/talk_to_mcu_interfaces/msg/num.h
[0.881s] -- Up-to-date: /home/sbzrgn/Desktop/My-ROS2_Projects/My-ROS2/TalktoMCU_without_uROS/install/talk_to_mcu_interfaces/include/talk_to_mcu_interfaces/talk_to_mcu_interfaces/msg/detail
[0.881s] -- Up-to-date: /home/sbzrgn/Desktop/My-ROS2_Projects/My-ROS2/TalktoMCU_without_uROS/install/talk_to_mcu_interfaces/include/talk_to_mcu_interfaces/talk_to_mcu_interfaces/msg/detail/num__description.c
[0.881s] -- Installing: /home/sbzrgn/Desktop/My-ROS2_Projects/My-ROS2/TalktoMCU_without_uROS/install/talk_to_mcu_interfaces/include/talk_to_mcu_interfaces/talk_to_mcu_interfaces/msg/detail/num__type_support.c
[0.881s] -- Up-to-date: /home/sbzrgn/Desktop/My-ROS2_Projects/My-ROS2/TalktoMCU_without_uROS/install/talk_to_mcu_interfaces/include/talk_to_mcu_interfaces/talk_to_mcu_interfaces/msg/detail/num__functions.c
[0.881s] -- Up-to-date: /home/sbzrgn/Desktop/My-ROS2_Projects/My-ROS2/TalktoMCU_without_uROS/install/talk_to_mcu_interfaces/include/talk_to_mcu_interfaces/talk_to_mcu_interfaces/msg/detail/num__struct.h
[0.882s] -- Up-to-date: /home/sbzrgn/Desktop/My-ROS2_Projects/My-ROS2/TalktoMCU_without_uROS/install/talk_to_mcu_interfaces/include/talk_to_mcu_interfaces/talk_to_mcu_interfaces/msg/detail/num__functions.h
[0.882s] -- Up-to-date: /home/sbzrgn/Desktop/My-ROS2_Projects/My-ROS2/TalktoMCU_without_uROS/install/talk_to_mcu_interfaces/include/talk_to_mcu_interfaces/talk_to_mcu_interfaces/msg/detail/num__type_support.h
[0.882s] -- Up-to-date: /home/sbzrgn/Desktop/My-ROS2_Projects/My-ROS2/TalktoMCU_without_uROS/install/talk_to_mcu_interfaces/include/talk_to_mcu_interfaces/talk_to_mcu_interfaces/msg/rosidl_generator_c__visibility_control.h
[0.883s] -- Up-to-date: /home/sbzrgn/Desktop/My-ROS2_Projects/My-ROS2/TalktoMCU_without_uROS/install/talk_to_mcu_interfaces/share/talk_to_mcu_interfaces/environment/library_path.sh
[0.883s] -- Up-to-date: /home/sbzrgn/Desktop/My-ROS2_Projects/My-ROS2/TalktoMCU_without_uROS/install/talk_to_mcu_interfaces/share/talk_to_mcu_interfaces/environment/library_path.dsv
[0.883s] -- Up-to-date: /home/sbzrgn/Desktop/My-ROS2_Projects/My-ROS2/TalktoMCU_without_uROS/install/talk_to_mcu_interfaces/lib/libtalk_to_mcu_interfaces__rosidl_generator_c.so
[0.884s] -- Up-to-date: /home/sbzrgn/Desktop/My-ROS2_Projects/My-ROS2/TalktoMCU_without_uROS/install/talk_to_mcu_interfaces/include/talk_to_mcu_interfaces/talk_to_mcu_interfaces
[0.884s] -- Up-to-date: /home/sbzrgn/Desktop/My-ROS2_Projects/My-ROS2/TalktoMCU_without_uROS/install/talk_to_mcu_interfaces/include/talk_to_mcu_interfaces/talk_to_mcu_interfaces/msg
[0.885s] -- Up-to-date: /home/sbzrgn/Desktop/My-ROS2_Projects/My-ROS2/TalktoMCU_without_uROS/install/talk_to_mcu_interfaces/include/talk_to_mcu_interfaces/talk_to_mcu_interfaces/msg/detail
[0.885s] -- Up-to-date: /home/sbzrgn/Desktop/My-ROS2_Projects/My-ROS2/TalktoMCU_without_uROS/install/talk_to_mcu_interfaces/include/talk_to_mcu_interfaces/talk_to_mcu_interfaces/msg/detail/num__rosidl_typesupport_fastrtps_c.h
[0.885s] -- Up-to-date: /home/sbzrgn/Desktop/My-ROS2_Projects/My-ROS2/TalktoMCU_without_uROS/install/talk_to_mcu_interfaces/include/talk_to_mcu_interfaces/talk_to_mcu_interfaces/msg/rosidl_typesupport_fastrtps_c__visibility_control.h
[0.885s] -- Up-to-date: /home/sbzrgn/Desktop/My-ROS2_Projects/My-ROS2/TalktoMCU_without_uROS/install/talk_to_mcu_interfaces/lib/libtalk_to_mcu_interfaces__rosidl_typesupport_fastrtps_c.so
[0.885s] -- Up-to-date: /home/sbzrgn/Desktop/My-ROS2_Projects/My-ROS2/TalktoMCU_without_uROS/install/talk_to_mcu_interfaces/include/talk_to_mcu_interfaces/talk_to_mcu_interfaces
[0.886s] -- Up-to-date: /home/sbzrgn/Desktop/My-ROS2_Projects/My-ROS2/TalktoMCU_without_uROS/install/talk_to_mcu_interfaces/include/talk_to_mcu_interfaces/talk_to_mcu_interfaces/msg
[0.886s] -- Up-to-date: /home/sbzrgn/Desktop/My-ROS2_Projects/My-ROS2/TalktoMCU_without_uROS/install/talk_to_mcu_interfaces/include/talk_to_mcu_interfaces/talk_to_mcu_interfaces/msg/detail
[0.886s] -- Up-to-date: /home/sbzrgn/Desktop/My-ROS2_Projects/My-ROS2/TalktoMCU_without_uROS/install/talk_to_mcu_interfaces/include/talk_to_mcu_interfaces/talk_to_mcu_interfaces/msg/detail/num__rosidl_typesupport_introspection_c.h
[0.887s] -- Installing: /home/sbzrgn/Desktop/My-ROS2_Projects/My-ROS2/TalktoMCU_without_uROS/install/talk_to_mcu_interfaces/include/talk_to_mcu_interfaces/talk_to_mcu_interfaces/msg/detail/num__type_support.c
[0.887s] -- Up-to-date: /home/sbzrgn/Desktop/My-ROS2_Projects/My-ROS2/TalktoMCU_without_uROS/install/talk_to_mcu_interfaces/include/talk_to_mcu_interfaces/talk_to_mcu_interfaces/msg/rosidl_typesupport_introspection_c__visibility_control.h
[0.887s] -- Up-to-date: /home/sbzrgn/Desktop/My-ROS2_Projects/My-ROS2/TalktoMCU_without_uROS/install/talk_to_mcu_interfaces/lib/libtalk_to_mcu_interfaces__rosidl_typesupport_introspection_c.so
[0.887s] -- Up-to-date: /home/sbzrgn/Desktop/My-ROS2_Projects/My-ROS2/TalktoMCU_without_uROS/install/talk_to_mcu_interfaces/lib/libtalk_to_mcu_interfaces__rosidl_typesupport_c.so
[0.888s] -- Up-to-date: /home/sbzrgn/Desktop/My-ROS2_Projects/My-ROS2/TalktoMCU_without_uROS/install/talk_to_mcu_interfaces/include/talk_to_mcu_interfaces/talk_to_mcu_interfaces
[0.888s] -- Up-to-date: /home/sbzrgn/Desktop/My-ROS2_Projects/My-ROS2/TalktoMCU_without_uROS/install/talk_to_mcu_interfaces/include/talk_to_mcu_interfaces/talk_to_mcu_interfaces/msg
[0.888s] -- Up-to-date: /home/sbzrgn/Desktop/My-ROS2_Projects/My-ROS2/TalktoMCU_without_uROS/install/talk_to_mcu_interfaces/include/talk_to_mcu_interfaces/talk_to_mcu_interfaces/msg/num.hpp
[0.888s] -- Up-to-date: /home/sbzrgn/Desktop/My-ROS2_Projects/My-ROS2/TalktoMCU_without_uROS/install/talk_to_mcu_interfaces/include/talk_to_mcu_interfaces/talk_to_mcu_interfaces/msg/rosidl_generator_cpp__visibility_control.hpp
[0.888s] -- Up-to-date: /home/sbzrgn/Desktop/My-ROS2_Projects/My-ROS2/TalktoMCU_without_uROS/install/talk_to_mcu_interfaces/include/talk_to_mcu_interfaces/talk_to_mcu_interfaces/msg/detail
[0.889s] -- Up-to-date: /home/sbzrgn/Desktop/My-ROS2_Projects/My-ROS2/TalktoMCU_without_uROS/install/talk_to_mcu_interfaces/include/talk_to_mcu_interfaces/talk_to_mcu_interfaces/msg/detail/num__traits.hpp
[0.889s] -- Up-to-date: /home/sbzrgn/Desktop/My-ROS2_Projects/My-ROS2/TalktoMCU_without_uROS/install/talk_to_mcu_interfaces/include/talk_to_mcu_interfaces/talk_to_mcu_interfaces/msg/detail/num__struct.hpp
[0.889s] -- Up-to-date: /home/sbzrgn/Desktop/My-ROS2_Projects/My-ROS2/TalktoMCU_without_uROS/install/talk_to_mcu_interfaces/include/talk_to_mcu_interfaces/talk_to_mcu_interfaces/msg/detail/num__builder.hpp
[0.890s] -- Up-to-date: /home/sbzrgn/Desktop/My-ROS2_Projects/My-ROS2/TalktoMCU_without_uROS/install/talk_to_mcu_interfaces/include/talk_to_mcu_interfaces/talk_to_mcu_interfaces/msg/detail/num__type_support.hpp
[0.890s] -- Up-to-date: /home/sbzrgn/Desktop/My-ROS2_Projects/My-ROS2/TalktoMCU_without_uROS/install/talk_to_mcu_interfaces/include/talk_to_mcu_interfaces/talk_to_mcu_interfaces
[0.890s] -- Up-to-date: /home/sbzrgn/Desktop/My-ROS2_Projects/My-ROS2/TalktoMCU_without_uROS/install/talk_to_mcu_interfaces/include/talk_to_mcu_interfaces/talk_to_mcu_interfaces/msg
[0.890s] -- Up-to-date: /home/sbzrgn/Desktop/My-ROS2_Projects/My-ROS2/TalktoMCU_without_uROS/install/talk_to_mcu_interfaces/include/talk_to_mcu_interfaces/talk_to_mcu_interfaces/msg/rosidl_typesupport_fastrtps_cpp__visibility_control.h
[0.890s] -- Up-to-date: /home/sbzrgn/Desktop/My-ROS2_Projects/My-ROS2/TalktoMCU_without_uROS/install/talk_to_mcu_interfaces/include/talk_to_mcu_interfaces/talk_to_mcu_interfaces/msg/detail
[0.891s] -- Up-to-date: /home/sbzrgn/Desktop/My-ROS2_Projects/My-ROS2/TalktoMCU_without_uROS/install/talk_to_mcu_interfaces/include/talk_to_mcu_interfaces/talk_to_mcu_interfaces/msg/detail/dds_fastrtps
[0.891s] -- Up-to-date: /home/sbzrgn/Desktop/My-ROS2_Projects/My-ROS2/TalktoMCU_without_uROS/install/talk_to_mcu_interfaces/include/talk_to_mcu_interfaces/talk_to_mcu_interfaces/msg/detail/num__rosidl_typesupport_fastrtps_cpp.hpp
[0.891s] -- Up-to-date: /home/sbzrgn/Desktop/My-ROS2_Projects/My-ROS2/TalktoMCU_without_uROS/install/talk_to_mcu_interfaces/lib/libtalk_to_mcu_interfaces__rosidl_typesupport_fastrtps_cpp.so
[0.891s] -- Up-to-date: /home/sbzrgn/Desktop/My-ROS2_Projects/My-ROS2/TalktoMCU_without_uROS/install/talk_to_mcu_interfaces/include/talk_to_mcu_interfaces/talk_to_mcu_interfaces
[0.892s] -- Up-to-date: /home/sbzrgn/Desktop/My-ROS2_Projects/My-ROS2/TalktoMCU_without_uROS/install/talk_to_mcu_interfaces/include/talk_to_mcu_interfaces/talk_to_mcu_interfaces/msg
[0.892s] -- Up-to-date: /home/sbzrgn/Desktop/My-ROS2_Projects/My-ROS2/TalktoMCU_without_uROS/install/talk_to_mcu_interfaces/include/talk_to_mcu_interfaces/talk_to_mcu_interfaces/msg/detail
[0.892s] -- Up-to-date: /home/sbzrgn/Desktop/My-ROS2_Projects/My-ROS2/TalktoMCU_without_uROS/install/talk_to_mcu_interfaces/include/talk_to_mcu_interfaces/talk_to_mcu_interfaces/msg/detail/num__type_support.cpp
[0.892s] -- Up-to-date: /home/sbzrgn/Desktop/My-ROS2_Projects/My-ROS2/TalktoMCU_without_uROS/install/talk_to_mcu_interfaces/include/talk_to_mcu_interfaces/talk_to_mcu_interfaces/msg/detail/num__rosidl_typesupport_introspection_cpp.hpp
[0.893s] -- Up-to-date: /home/sbzrgn/Desktop/My-ROS2_Projects/My-ROS2/TalktoMCU_without_uROS/install/talk_to_mcu_interfaces/lib/libtalk_to_mcu_interfaces__rosidl_typesupport_introspection_cpp.so
[0.893s] -- Up-to-date: /home/sbzrgn/Desktop/My-ROS2_Projects/My-ROS2/TalktoMCU_without_uROS/install/talk_to_mcu_interfaces/lib/libtalk_to_mcu_interfaces__rosidl_typesupport_cpp.so
[0.893s] -- Up-to-date: /home/sbzrgn/Desktop/My-ROS2_Projects/My-ROS2/TalktoMCU_without_uROS/install/talk_to_mcu_interfaces/share/talk_to_mcu_interfaces/environment/pythonpath.sh
[0.893s] -- Up-to-date: /home/sbzrgn/Desktop/My-ROS2_Projects/My-ROS2/TalktoMCU_without_uROS/install/talk_to_mcu_interfaces/share/talk_to_mcu_interfaces/environment/pythonpath.dsv
[0.894s] -- Up-to-date: /home/sbzrgn/Desktop/My-ROS2_Projects/My-ROS2/TalktoMCU_without_uROS/install/talk_to_mcu_interfaces/lib/python3.12/site-packages/talk_to_mcu_interfaces-0.0.0-py3.12.egg-info
[0.894s] -- Installing: /home/sbzrgn/Desktop/My-ROS2_Projects/My-ROS2/TalktoMCU_without_uROS/install/talk_to_mcu_interfaces/lib/python3.12/site-packages/talk_to_mcu_interfaces-0.0.0-py3.12.egg-info/PKG-INFO
[0.894s] -- Installing: /home/sbzrgn/Desktop/My-ROS2_Projects/My-ROS2/TalktoMCU_without_uROS/install/talk_to_mcu_interfaces/lib/python3.12/site-packages/talk_to_mcu_interfaces-0.0.0-py3.12.egg-info/top_level.txt
[0.895s] -- Installing: /home/sbzrgn/Desktop/My-ROS2_Projects/My-ROS2/TalktoMCU_without_uROS/install/talk_to_mcu_interfaces/lib/python3.12/site-packages/talk_to_mcu_interfaces-0.0.0-py3.12.egg-info/dependency_links.txt
[0.895s] -- Installing: /home/sbzrgn/Desktop/My-ROS2_Projects/My-ROS2/TalktoMCU_without_uROS/install/talk_to_mcu_interfaces/lib/python3.12/site-packages/talk_to_mcu_interfaces-0.0.0-py3.12.egg-info/SOURCES.txt
[0.895s] -- Up-to-date: /home/sbzrgn/Desktop/My-ROS2_Projects/My-ROS2/TalktoMCU_without_uROS/install/talk_to_mcu_interfaces/lib/python3.12/site-packages/talk_to_mcu_interfaces
[0.895s] -- Up-to-date: /home/sbzrgn/Desktop/My-ROS2_Projects/My-ROS2/TalktoMCU_without_uROS/install/talk_to_mcu_interfaces/lib/python3.12/site-packages/talk_to_mcu_interfaces/_talk_to_mcu_interfaces_s.ep.rosidl_typesupport_introspection_c.c
[0.896s] -- Up-to-date: /home/sbzrgn/Desktop/My-ROS2_Projects/My-ROS2/TalktoMCU_without_uROS/install/talk_to_mcu_interfaces/lib/python3.12/site-packages/talk_to_mcu_interfaces/_talk_to_mcu_interfaces_s.ep.rosidl_typesupport_c.c
[0.896s] -- Up-to-date: /home/sbzrgn/Desktop/My-ROS2_Projects/My-ROS2/TalktoMCU_without_uROS/install/talk_to_mcu_interfaces/lib/python3.12/site-packages/talk_to_mcu_interfaces/talk_to_mcu_interfaces_s__rosidl_typesupport_fastrtps_c.so
[0.896s] -- Up-to-date: /home/sbzrgn/Desktop/My-ROS2_Projects/My-ROS2/TalktoMCU_without_uROS/install/talk_to_mcu_interfaces/lib/python3.12/site-packages/talk_to_mcu_interfaces/talk_to_mcu_interfaces_s__rosidl_typesupport_c.so
[0.896s] -- Up-to-date: /home/sbzrgn/Desktop/My-ROS2_Projects/My-ROS2/TalktoMCU_without_uROS/install/talk_to_mcu_interfaces/lib/python3.12/site-packages/talk_to_mcu_interfaces/msg
[0.896s] -- Up-to-date: /home/sbzrgn/Desktop/My-ROS2_Projects/My-ROS2/TalktoMCU_without_uROS/install/talk_to_mcu_interfaces/lib/python3.12/site-packages/talk_to_mcu_interfaces/msg/_num_s.c
[0.897s] -- Up-to-date: /home/sbzrgn/Desktop/My-ROS2_Projects/My-ROS2/TalktoMCU_without_uROS/install/talk_to_mcu_interfaces/lib/python3.12/site-packages/talk_to_mcu_interfaces/msg/_num.py
[0.897s] -- Up-to-date: /home/sbzrgn/Desktop/My-ROS2_Projects/My-ROS2/TalktoMCU_without_uROS/install/talk_to_mcu_interfaces/lib/python3.12/site-packages/talk_to_mcu_interfaces/msg/__init__.py
[0.897s] -- Up-to-date: /home/sbzrgn/Desktop/My-ROS2_Projects/My-ROS2/TalktoMCU_without_uROS/install/talk_to_mcu_interfaces/lib/python3.12/site-packages/talk_to_mcu_interfaces/_talk_to_mcu_interfaces_s.ep.rosidl_typesupport_fastrtps_c.c
[0.897s] -- Up-to-date: /home/sbzrgn/Desktop/My-ROS2_Projects/My-ROS2/TalktoMCU_without_uROS/install/talk_to_mcu_interfaces/lib/python3.12/site-packages/talk_to_mcu_interfaces/__init__.py
[0.898s] -- Up-to-date: /home/sbzrgn/Desktop/My-ROS2_Projects/My-ROS2/TalktoMCU_without_uROS/install/talk_to_mcu_interfaces/lib/python3.12/site-packages/talk_to_mcu_interfaces/talk_to_mcu_interfaces_s__rosidl_typesupport_introspection_c.so
[0.954s] Listing '/home/sbzrgn/Desktop/My-ROS2_Projects/My-ROS2/TalktoMCU_without_uROS/install/talk_to_mcu_interfaces/lib/python3.12/site-packages/talk_to_mcu_interfaces'...
[0.954s] Listing '/home/sbzrgn/Desktop/My-ROS2_Projects/My-ROS2/TalktoMCU_without_uROS/install/talk_to_mcu_interfaces/lib/python3.12/site-packages/talk_to_mcu_interfaces/msg'...
[0.964s] -- Up-to-date: /home/sbzrgn/Desktop/My-ROS2_Projects/My-ROS2/TalktoMCU_without_uROS/install/talk_to_mcu_interfaces/lib/python3.12/site-packages/talk_to_mcu_interfaces/talk_to_mcu_interfaces_s__rosidl_typesupport_fastrtps_c.so
[0.964s] -- Up-to-date: /home/sbzrgn/Desktop/My-ROS2_Projects/My-ROS2/TalktoMCU_without_uROS/install/talk_to_mcu_interfaces/lib/python3.12/site-packages/talk_to_mcu_interfaces/talk_to_mcu_interfaces_s__rosidl_typesupport_introspection_c.so
[0.965s] -- Up-to-date: /home/sbzrgn/Desktop/My-ROS2_Projects/My-ROS2/TalktoMCU_without_uROS/install/talk_to_mcu_interfaces/lib/python3.12/site-packages/talk_to_mcu_interfaces/talk_to_mcu_interfaces_s__rosidl_typesupport_c.so
[0.967s] -- Up-to-date: /home/sbzrgn/Desktop/My-ROS2_Projects/My-ROS2/TalktoMCU_without_uROS/install/talk_to_mcu_interfaces/lib/libtalk_to_mcu_interfaces__rosidl_generator_py.so
[0.967s] -- Up-to-date: /home/sbzrgn/Desktop/My-ROS2_Projects/My-ROS2/TalktoMCU_without_uROS/install/talk_to_mcu_interfaces/share/ament_index/resource_index/rust_packages/talk_to_mcu_interfaces
[0.967s] -- Up-to-date: /home/sbzrgn/Desktop/My-ROS2_Projects/My-ROS2/TalktoMCU_without_uROS/install/talk_to_mcu_interfaces/share/talk_to_mcu_interfaces/rust
[0.968s] -- Up-to-date: /home/sbzrgn/Desktop/My-ROS2_Projects/My-ROS2/TalktoMCU_without_uROS/install/talk_to_mcu_interfaces/share/talk_to_mcu_interfaces/rust/src
[0.968s] -- Up-to-date: /home/sbzrgn/Desktop/My-ROS2_Projects/My-ROS2/TalktoMCU_without_uROS/install/talk_to_mcu_interfaces/share/talk_to_mcu_interfaces/rust/src/lib.rs
[0.968s] -- Up-to-date: /home/sbzrgn/Desktop/My-ROS2_Projects/My-ROS2/TalktoMCU_without_uROS/install/talk_to_mcu_interfaces/share/talk_to_mcu_interfaces/rust/src/msg.rs
[0.969s] -- Up-to-date: /home/sbzrgn/Desktop/My-ROS2_Projects/My-ROS2/TalktoMCU_without_uROS/install/talk_to_mcu_interfaces/share/talk_to_mcu_interfaces/rust/src/msg
[0.969s] -- Up-to-date: /home/sbzrgn/Desktop/My-ROS2_Projects/My-ROS2/TalktoMCU_without_uROS/install/talk_to_mcu_interfaces/share/talk_to_mcu_interfaces/rust/src/msg/rmw.rs
[0.969s] -- Up-to-date: /home/sbzrgn/Desktop/My-ROS2_Projects/My-ROS2/TalktoMCU_without_uROS/install/talk_to_mcu_interfaces/share/talk_to_mcu_interfaces/rust/Cargo.toml
[0.970s] -- Up-to-date: /home/sbzrgn/Desktop/My-ROS2_Projects/My-ROS2/TalktoMCU_without_uROS/install/talk_to_mcu_interfaces/share/talk_to_mcu_interfaces/rust/build.rs
[0.971s] -- Up-to-date: /home/sbzrgn/Desktop/My-ROS2_Projects/My-ROS2/TalktoMCU_without_uROS/install/talk_to_mcu_interfaces/share/talk_to_mcu_interfaces/msg/Num.idl
[0.971s] -- Up-to-date: /home/sbzrgn/Desktop/My-ROS2_Projects/My-ROS2/TalktoMCU_without_uROS/install/talk_to_mcu_interfaces/share/talk_to_mcu_interfaces/msg/Num.msg
[0.971s] -- Up-to-date: /home/sbzrgn/Desktop/My-ROS2_Projects/My-ROS2/TalktoMCU_without_uROS/install/talk_to_mcu_interfaces/share/ament_index/resource_index/package_run_dependencies/talk_to_mcu_interfaces
[0.972s] -- Up-to-date: /home/sbzrgn/Desktop/My-ROS2_Projects/My-ROS2/TalktoMCU_without_uROS/install/talk_to_mcu_interfaces/share/ament_index/resource_index/parent_prefix_path/talk_to_mcu_interfaces
[0.972s] -- Up-to-date: /home/sbzrgn/Desktop/My-ROS2_Projects/My-ROS2/TalktoMCU_without_uROS/install/talk_to_mcu_interfaces/share/talk_to_mcu_interfaces/environment/ament_prefix_path.sh
[0.972s] -- Up-to-date: /home/sbzrgn/Desktop/My-ROS2_Projects/My-ROS2/TalktoMCU_without_uROS/install/talk_to_mcu_interfaces/share/talk_to_mcu_interfaces/environment/ament_prefix_path.dsv
[0.973s] -- Up-to-date: /home/sbzrgn/Desktop/My-ROS2_Projects/My-ROS2/TalktoMCU_without_uROS/install/talk_to_mcu_interfaces/share/talk_to_mcu_interfaces/environment/path.sh
[0.973s] -- Up-to-date: /home/sbzrgn/Desktop/My-ROS2_Projects/My-ROS2/TalktoMCU_without_uROS/install/talk_to_mcu_interfaces/share/talk_to_mcu_interfaces/environment/path.dsv
[0.973s] -- Up-to-date: /home/sbzrgn/Desktop/My-ROS2_Projects/My-ROS2/TalktoMCU_without_uROS/install/talk_to_mcu_interfaces/share/talk_to_mcu_interfaces/local_setup.bash
[0.974s] -- Up-to-date: /home/sbzrgn/Desktop/My-ROS2_Projects/My-ROS2/TalktoMCU_without_uROS/install/talk_to_mcu_interfaces/share/talk_to_mcu_interfaces/local_setup.sh
[0.974s] -- Up-to-date: /home/sbzrgn/Desktop/My-ROS2_Projects/My-ROS2/TalktoMCU_without_uROS/install/talk_to_mcu_interfaces/share/talk_to_mcu_interfaces/local_setup.zsh
[0.974s] -- Up-to-date: /home/sbzrgn/Desktop/My-ROS2_Projects/My-ROS2/TalktoMCU_without_uROS/install/talk_to_mcu_interfaces/share/talk_to_mcu_interfaces/local_setup.dsv
[0.974s] -- Installing: /home/sbzrgn/Desktop/My-ROS2_Projects/My-ROS2/TalktoMCU_without_uROS/install/talk_to_mcu_interfaces/share/talk_to_mcu_interfaces/package.dsv
[0.975s] -- Up-to-date: /home/sbzrgn/Desktop/My-ROS2_Projects/My-ROS2/TalktoMCU_without_uROS/install/talk_to_mcu_interfaces/share/ament_index/resource_index/packages/talk_to_mcu_interfaces
[0.975s] -- Up-to-date: /home/sbzrgn/Desktop/My-ROS2_Projects/My-ROS2/TalktoMCU_without_uROS/install/talk_to_mcu_interfaces/share/talk_to_mcu_interfaces/cmake/export_talk_to_mcu_interfaces__rosidl_generator_cExport.cmake
[0.975s] -- Up-to-date: /home/sbzrgn/Desktop/My-ROS2_Projects/My-ROS2/TalktoMCU_without_uROS/install/talk_to_mcu_interfaces/share/talk_to_mcu_interfaces/cmake/export_talk_to_mcu_interfaces__rosidl_generator_cExport-noconfig.cmake
[0.975s] -- Up-to-date: /home/sbzrgn/Desktop/My-ROS2_Projects/My-ROS2/TalktoMCU_without_uROS/install/talk_to_mcu_interfaces/share/talk_to_mcu_interfaces/cmake/export_talk_to_mcu_interfaces__rosidl_typesupport_fastrtps_cExport.cmake
[0.976s] -- Up-to-date: /home/sbzrgn/Desktop/My-ROS2_Projects/My-ROS2/TalktoMCU_without_uROS/install/talk_to_mcu_interfaces/share/talk_to_mcu_interfaces/cmake/export_talk_to_mcu_interfaces__rosidl_typesupport_fastrtps_cExport-noconfig.cmake
[0.976s] -- Up-to-date: /home/sbzrgn/Desktop/My-ROS2_Projects/My-ROS2/TalktoMCU_without_uROS/install/talk_to_mcu_interfaces/share/talk_to_mcu_interfaces/cmake/talk_to_mcu_interfaces__rosidl_typesupport_introspection_cExport.cmake
[0.976s] -- Up-to-date: /home/sbzrgn/Desktop/My-ROS2_Projects/My-ROS2/TalktoMCU_without_uROS/install/talk_to_mcu_interfaces/share/talk_to_mcu_interfaces/cmake/talk_to_mcu_interfaces__rosidl_typesupport_introspection_cExport-noconfig.cmake
[0.976s] -- Up-to-date: /home/sbzrgn/Desktop/My-ROS2_Projects/My-ROS2/TalktoMCU_without_uROS/install/talk_to_mcu_interfaces/share/talk_to_mcu_interfaces/cmake/talk_to_mcu_interfaces__rosidl_typesupport_cExport.cmake
[0.977s] -- Up-to-date: /home/sbzrgn/Desktop/My-ROS2_Projects/My-ROS2/TalktoMCU_without_uROS/install/talk_to_mcu_interfaces/share/talk_to_mcu_interfaces/cmake/talk_to_mcu_interfaces__rosidl_typesupport_cExport-noconfig.cmake
[0.977s] -- Up-to-date: /home/sbzrgn/Desktop/My-ROS2_Projects/My-ROS2/TalktoMCU_without_uROS/install/talk_to_mcu_interfaces/share/talk_to_mcu_interfaces/cmake/export_talk_to_mcu_interfaces__rosidl_generator_cppExport.cmake
[0.977s] -- Up-to-date: /home/sbzrgn/Desktop/My-ROS2_Projects/My-ROS2/TalktoMCU_without_uROS/install/talk_to_mcu_interfaces/share/talk_to_mcu_interfaces/cmake/export_talk_to_mcu_interfaces__rosidl_typesupport_fastrtps_cppExport.cmake
[0.979s] -- Up-to-date: /home/sbzrgn/Desktop/My-ROS2_Projects/My-ROS2/TalktoMCU_without_uROS/install/talk_to_mcu_interfaces/share/talk_to_mcu_interfaces/cmake/export_talk_to_mcu_interfaces__rosidl_typesupport_fastrtps_cppExport-noconfig.cmake
[0.980s] -- Up-to-date: /home/sbzrgn/Desktop/My-ROS2_Projects/My-ROS2/TalktoMCU_without_uROS/install/talk_to_mcu_interfaces/share/talk_to_mcu_interfaces/cmake/talk_to_mcu_interfaces__rosidl_typesupport_introspection_cppExport.cmake
[0.980s] -- Up-to-date: /home/sbzrgn/Desktop/My-ROS2_Projects/My-ROS2/TalktoMCU_without_uROS/install/talk_to_mcu_interfaces/share/talk_to_mcu_interfaces/cmake/talk_to_mcu_interfaces__rosidl_typesupport_introspection_cppExport-noconfig.cmake
[0.980s] -- Up-to-date: /home/sbzrgn/Desktop/My-ROS2_Projects/My-ROS2/TalktoMCU_without_uROS/install/talk_to_mcu_interfaces/share/talk_to_mcu_interfaces/cmake/talk_to_mcu_interfaces__rosidl_typesupport_cppExport.cmake
[0.981s] -- Up-to-date: /home/sbzrgn/Desktop/My-ROS2_Projects/My-ROS2/TalktoMCU_without_uROS/install/talk_to_mcu_interfaces/share/talk_to_mcu_interfaces/cmake/talk_to_mcu_interfaces__rosidl_typesupport_cppExport-noconfig.cmake
[0.981s] -- Up-to-date: /home/sbzrgn/Desktop/My-ROS2_Projects/My-ROS2/TalktoMCU_without_uROS/install/talk_to_mcu_interfaces/share/talk_to_mcu_interfaces/cmake/export_talk_to_mcu_interfaces__rosidl_generator_pyExport.cmake
[0.982s] -- Up-to-date: /home/sbzrgn/Desktop/My-ROS2_Projects/My-ROS2/TalktoMCU_without_uROS/install/talk_to_mcu_interfaces/share/talk_to_mcu_interfaces/cmake/export_talk_to_mcu_interfaces__rosidl_generator_pyExport-noconfig.cmake
[0.982s] -- Up-to-date: /home/sbzrgn/Desktop/My-ROS2_Projects/My-ROS2/TalktoMCU_without_uROS/install/talk_to_mcu_interfaces/share/talk_to_mcu_interfaces/cmake/rosidl_cmake-extras.cmake
[0.982s] -- Up-to-date: /home/sbzrgn/Desktop/My-ROS2_Projects/My-ROS2/TalktoMCU_without_uROS/install/talk_to_mcu_interfaces/share/talk_to_mcu_interfaces/cmake/ament_cmake_export_include_directories-extras.cmake
[0.982s] -- Up-to-date: /home/sbzrgn/Desktop/My-ROS2_Projects/My-ROS2/TalktoMCU_without_uROS/install/talk_to_mcu_interfaces/share/talk_to_mcu_interfaces/cmake/ament_cmake_export_libraries-extras.cmake
[0.983s] -- Up-to-date: /home/sbzrgn/Desktop/My-ROS2_Projects/My-ROS2/TalktoMCU_without_uROS/install/talk_to_mcu_interfaces/share/talk_to_mcu_interfaces/cmake/ament_cmake_export_targets-extras.cmake
[0.983s] -- Up-to-date: /home/sbzrgn/Desktop/My-ROS2_Projects/My-ROS2/TalktoMCU_without_uROS/install/talk_to_mcu_interfaces/share/talk_to_mcu_interfaces/cmake/rosidl_cmake_export_typesupport_targets-extras.cmake
[0.983s] -- Up-to-date: /home/sbzrgn/Desktop/My-ROS2_Projects/My-ROS2/TalktoMCU_without_uROS/install/talk_to_mcu_interfaces/share/talk_to_mcu_interfaces/cmake/ament_cmake_export_dependencies-extras.cmake
[0.983s] -- Up-to-date: /home/sbzrgn/Desktop/My-ROS2_Projects/My-ROS2/TalktoMCU_without_uROS/install/talk_to_mcu_interfaces/share/talk_to_mcu_interfaces/cmake/rosidl_cmake_export_typesupport_libraries-extras.cmake
[0.984s] -- Up-to-date: /home/sbzrgn/Desktop/My-ROS2_Projects/My-ROS2/TalktoMCU_without_uROS/install/talk_to_mcu_interfaces/share/talk_to_mcu_interfaces/cmake/rosidl_cmake_aggregate_target-extras.cmake
[0.984s] -- Up-to-date: /home/sbzrgn/Desktop/My-ROS2_Projects/My-ROS2/TalktoMCU_without_uROS/install/talk_to_mcu_interfaces/share/talk_to_mcu_interfaces/cmake/talk_to_mcu_interfacesConfig.cmake
[0.984s] -- Up-to-date: /home/sbzrgn/Desktop/My-ROS2_Projects/My-ROS2/TalktoMCU_without_uROS/install/talk_to_mcu_interfaces/share/talk_to_mcu_interfaces/cmake/talk_to_mcu_interfacesConfig-version.cmake
[0.984s] -- Up-to-date: /home/sbzrgn/Desktop/My-ROS2_Projects/My-ROS2/TalktoMCU_without_uROS/install/talk_to_mcu_interfaces/share/talk_to_mcu_interfaces/package.xml
[0.985s] Invoked command in '/home/sbzrgn/Desktop/My-ROS2_Projects/My-ROS2/TalktoMCU_without_uROS/build/talk_to_mcu_interfaces' returned '0': CMAKE_PREFIX_PATH=${CMAKE_PREFIX_PATH}:/opt/ros/jazzy DEBUGINFOD_URLS=https://debuginfod.ubuntu.com /usr/bin/cmake --install /home/sbzrgn/Desktop/My-ROS2_Projects/My-ROS2/TalktoMCU_without_uROS/build/talk_to_mcu_interfaces
