[0.117s] DEBUG:colcon:Command line arguments: ['/usr/bin/colcon', 'build']
[0.117s] DEBUG:colcon:Parsed command line arguments: Namespace(log_base=None, log_level=None, verb_name='build', build_base='build', install_base='install', merge_install=False, symlink_install=False, test_result_base=None, continue_on_error=False, executor='parallel', parallel_workers=4, event_handlers=None, ignore_user_meta=False, metas=['./colcon.meta'], base_paths=['.'], packages_ignore=None, packages_ignore_regex=None, paths=None, packages_up_to=None, packages_up_to_regex=None, packages_above=None, packages_above_and_dependencies=None, packages_above_depth=None, packages_select_by_dep=None, packages_skip_by_dep=None, packages_skip_up_to=None, packages_select_build_failed=False, packages_skip_build_finished=False, packages_select_test_failures=False, packages_skip_test_passed=False, packages_select=None, packages_skip=None, packages_select_regex=None, packages_skip_regex=None, packages_start=None, packages_end=None, allow_overriding=[], cmake_args=None, cmake_target=None, cmake_target_skip_unavailable=False, cmake_clean_cache=False, cmake_clean_first=False, cmake_force_configure=False, ament_cmake_args=None, catkin_cmake_args=None, catkin_skip_building_tests=False, mixin_files=None, mixin=None, verb_parser=<colcon_mixin.mixin.mixin_argument.MixinArgumentDecorator object at 0x72a928461c00>, verb_extension=<colcon_core.verb.build.BuildVerb object at 0x72a928566b60>, main=<bound method BuildVerb.main of <colcon_core.verb.build.BuildVerb object at 0x72a928566b60>>, mixin_verb=('build',))
[0.294s] Level 1:colcon.colcon_core.package_discovery:discover_packages(colcon_meta) check parameters
[0.294s] Level 1:colcon.colcon_core.package_discovery:discover_packages(recursive) check parameters
[0.294s] Level 1:colcon.colcon_core.package_discovery:discover_packages(ignore) check parameters
[0.294s] Level 1:colcon.colcon_core.package_discovery:discover_packages(path) check parameters
[0.294s] Level 1:colcon.colcon_core.package_discovery:discover_packages(colcon_meta) discover
[0.294s] Level 1:colcon.colcon_core.package_discovery:discover_packages(recursive) discover
[0.294s] INFO:colcon.colcon_core.package_discovery:Crawling recursively for packages in '/home/saeedbzrgn/Desktop/My-ROS2_Projects/My-ROS2-Humble/Kukabot_MobileRobot/kukabot_ws'
[0.294s] Level 1:colcon.colcon_core.package_identification:_identify(.) by extensions ['ignore', 'ignore_ament_install']
[0.294s] Level 1:colcon.colcon_core.package_identification:_identify(.) by extension 'ignore'
[0.294s] Level 1:colcon.colcon_core.package_identification:_identify(.) by extension 'ignore_ament_install'
[0.294s] Level 1:colcon.colcon_core.package_identification:_identify(.) by extensions ['colcon_pkg']
[0.294s] Level 1:colcon.colcon_core.package_identification:_identify(.) by extension 'colcon_pkg'
[0.295s] Level 1:colcon.colcon_core.package_identification:_identify(.) by extensions ['colcon_meta']
[0.295s] Level 1:colcon.colcon_core.package_identification:_identify(.) by extension 'colcon_meta'
[0.295s] Level 1:colcon.colcon_core.package_identification:_identify(.) by extensions ['ros']
[0.295s] Level 1:colcon.colcon_core.package_identification:_identify(.) by extension 'ros'
[0.306s] Level 1:colcon.colcon_core.package_identification:_identify(.) by extensions ['cmake', 'python']
[0.306s] Level 1:colcon.colcon_core.package_identification:_identify(.) by extension 'cmake'
[0.306s] Level 1:colcon.colcon_core.package_identification:_identify(.) by extension 'python'
[0.306s] Level 1:colcon.colcon_core.package_identification:_identify(.) by extensions ['python_setup_py']
[0.306s] Level 1:colcon.colcon_core.package_identification:_identify(.) by extension 'python_setup_py'
[0.306s] Level 1:colcon.colcon_core.package_identification:_identify(build) by extensions ['ignore', 'ignore_ament_install']
[0.307s] Level 1:colcon.colcon_core.package_identification:_identify(build) by extension 'ignore'
[0.307s] Level 1:colcon.colcon_core.package_identification:_identify(build) ignored
[0.307s] Level 1:colcon.colcon_core.package_identification:_identify(install) by extensions ['ignore', 'ignore_ament_install']
[0.307s] Level 1:colcon.colcon_core.package_identification:_identify(install) by extension 'ignore'
[0.307s] Level 1:colcon.colcon_core.package_identification:_identify(install) ignored
[0.307s] Level 1:colcon.colcon_core.package_identification:_identify(log) by extensions ['ignore', 'ignore_ament_install']
[0.307s] Level 1:colcon.colcon_core.package_identification:_identify(log) by extension 'ignore'
[0.307s] Level 1:colcon.colcon_core.package_identification:_identify(log) ignored
[0.307s] Level 1:colcon.colcon_core.package_identification:_identify(src) by extensions ['ignore', 'ignore_ament_install']
[0.307s] Level 1:colcon.colcon_core.package_identification:_identify(src) by extension 'ignore'
[0.307s] Level 1:colcon.colcon_core.package_identification:_identify(src) by extension 'ignore_ament_install'
[0.307s] Level 1:colcon.colcon_core.package_identification:_identify(src) by extensions ['colcon_pkg']
[0.307s] Level 1:colcon.colcon_core.package_identification:_identify(src) by extension 'colcon_pkg'
[0.307s] Level 1:colcon.colcon_core.package_identification:_identify(src) by extensions ['colcon_meta']
[0.307s] Level 1:colcon.colcon_core.package_identification:_identify(src) by extension 'colcon_meta'
[0.307s] Level 1:colcon.colcon_core.package_identification:_identify(src) by extensions ['ros']
[0.307s] Level 1:colcon.colcon_core.package_identification:_identify(src) by extension 'ros'
[0.308s] Level 1:colcon.colcon_core.package_identification:_identify(src) by extensions ['cmake', 'python']
[0.308s] Level 1:colcon.colcon_core.package_identification:_identify(src) by extension 'cmake'
[0.308s] Level 1:colcon.colcon_core.package_identification:_identify(src) by extension 'python'
[0.308s] Level 1:colcon.colcon_core.package_identification:_identify(src) by extensions ['python_setup_py']
[0.308s] Level 1:colcon.colcon_core.package_identification:_identify(src) by extension 'python_setup_py'
[0.308s] Level 1:colcon.colcon_core.package_identification:_identify(src/kukabot_description) by extensions ['ignore', 'ignore_ament_install']
[0.308s] Level 1:colcon.colcon_core.package_identification:_identify(src/kukabot_description) by extension 'ignore'
[0.308s] Level 1:colcon.colcon_core.package_identification:_identify(src/kukabot_description) by extension 'ignore_ament_install'
[0.308s] Level 1:colcon.colcon_core.package_identification:_identify(src/kukabot_description) by extensions ['colcon_pkg']
[0.308s] Level 1:colcon.colcon_core.package_identification:_identify(src/kukabot_description) by extension 'colcon_pkg'
[0.308s] Level 1:colcon.colcon_core.package_identification:_identify(src/kukabot_description) by extensions ['colcon_meta']
[0.308s] Level 1:colcon.colcon_core.package_identification:_identify(src/kukabot_description) by extension 'colcon_meta'
[0.308s] Level 1:colcon.colcon_core.package_identification:_identify(src/kukabot_description) by extensions ['ros']
[0.308s] Level 1:colcon.colcon_core.package_identification:_identify(src/kukabot_description) by extension 'ros'
[0.315s] DEBUG:colcon.colcon_core.package_identification:Package 'src/kukabot_description' with type 'ros.ament_cmake' and name 'kukabot_description'
[0.315s] Level 1:colcon.colcon_core.package_discovery:discover_packages(recursive) using defaults
[0.315s] Level 1:colcon.colcon_core.package_discovery:discover_packages(ignore) discover
[0.315s] Level 1:colcon.colcon_core.package_discovery:discover_packages(ignore) using defaults
[0.315s] Level 1:colcon.colcon_core.package_discovery:discover_packages(path) discover
[0.315s] Level 1:colcon.colcon_core.package_discovery:discover_packages(path) using defaults
[0.348s] Level 1:colcon.colcon_core.package_discovery:discover_packages(prefix_path) check parameters
[0.349s] Level 1:colcon.colcon_core.package_discovery:discover_packages(prefix_path) discover
[0.350s] DEBUG:colcon.colcon_installed_package_information.package_discovery:Found 0 installed packages in /home/saeedbzrgn/Desktop/My-ROS2_Projects/My-ROS2-Humble/Kukabot_MobileRobot/kukabot_ws/install
[0.352s] DEBUG:colcon.colcon_installed_package_information.package_discovery:Found 345 installed packages in /opt/ros/humble
[0.354s] Level 1:colcon.colcon_core.package_discovery:discover_packages(prefix_path) using defaults
[0.404s] Level 5:colcon.colcon_core.verb:set package 'kukabot_description' build argument 'cmake_args' from command line to 'None'
[0.404s] Level 5:colcon.colcon_core.verb:set package 'kukabot_description' build argument 'cmake_target' from command line to 'None'
[0.404s] Level 5:colcon.colcon_core.verb:set package 'kukabot_description' build argument 'cmake_target_skip_unavailable' from command line to 'False'
[0.404s] Level 5:colcon.colcon_core.verb:set package 'kukabot_description' build argument 'cmake_clean_cache' from command line to 'False'
[0.404s] Level 5:colcon.colcon_core.verb:set package 'kukabot_description' build argument 'cmake_clean_first' from command line to 'False'
[0.404s] Level 5:colcon.colcon_core.verb:set package 'kukabot_description' build argument 'cmake_force_configure' from command line to 'False'
[0.404s] Level 5:colcon.colcon_core.verb:set package 'kukabot_description' build argument 'ament_cmake_args' from command line to 'None'
[0.404s] Level 5:colcon.colcon_core.verb:set package 'kukabot_description' build argument 'catkin_cmake_args' from command line to 'None'
[0.404s] Level 5:colcon.colcon_core.verb:set package 'kukabot_description' build argument 'catkin_skip_building_tests' from command line to 'False'
[0.404s] DEBUG:colcon.colcon_core.verb:Building package 'kukabot_description' with the following arguments: {'ament_cmake_args': None, 'build_base': '/home/saeedbzrgn/Desktop/My-ROS2_Projects/My-ROS2-Humble/Kukabot_MobileRobot/kukabot_ws/build/kukabot_description', 'catkin_cmake_args': None, 'catkin_skip_building_tests': False, 'cmake_args': None, 'cmake_clean_cache': False, 'cmake_clean_first': False, 'cmake_force_configure': False, 'cmake_target': None, 'cmake_target_skip_unavailable': False, 'install_base': '/home/saeedbzrgn/Desktop/My-ROS2_Projects/My-ROS2-Humble/Kukabot_MobileRobot/kukabot_ws/install/kukabot_description', 'merge_install': False, 'path': '/home/saeedbzrgn/Desktop/My-ROS2_Projects/My-ROS2-Humble/Kukabot_MobileRobot/kukabot_ws/src/kukabot_description', 'symlink_install': False, 'test_result_base': None}
[0.404s] INFO:colcon.colcon_core.executor:Executing jobs using 'parallel' executor
[0.406s] DEBUG:colcon.colcon_parallel_executor.executor.parallel:run_until_complete
[0.406s] INFO:colcon.colcon_ros.task.ament_cmake.build:Building ROS package in '/home/saeedbzrgn/Desktop/My-ROS2_Projects/My-ROS2-Humble/Kukabot_MobileRobot/kukabot_ws/src/kukabot_description' with build type 'ament_cmake'
[0.406s] INFO:colcon.colcon_cmake.task.cmake.build:Building CMake package in '/home/saeedbzrgn/Desktop/My-ROS2_Projects/My-ROS2-Humble/Kukabot_MobileRobot/kukabot_ws/src/kukabot_description'
[0.408s] INFO:colcon.colcon_core.plugin_system:Skipping extension 'colcon_core.shell.bat': Not used on non-Windows systems
[0.408s] INFO:colcon.colcon_core.shell:Skip shell extension 'powershell' for command environment: Not usable outside of PowerShell
[0.408s] DEBUG:colcon.colcon_core.shell:Skip shell extension 'dsv' for command environment
[0.421s] DEBUG:colcon.colcon_core.event_handler.log_command:Invoking command in '/home/saeedbzrgn/Desktop/My-ROS2_Projects/My-ROS2-Humble/Kukabot_MobileRobot/kukabot_ws/build/kukabot_description': CMAKE_PREFIX_PATH=/opt/ros/humble /usr/bin/cmake /home/saeedbzrgn/Desktop/My-ROS2_Projects/My-ROS2-Humble/Kukabot_MobileRobot/kukabot_ws/src/kukabot_description -DCMAKE_INSTALL_PREFIX=/home/saeedbzrgn/Desktop/My-ROS2_Projects/My-ROS2-Humble/Kukabot_MobileRobot/kukabot_ws/install/kukabot_description
[1.478s] DEBUG:colcon.colcon_core.event_handler.log_command:Invoked command in '/home/saeedbzrgn/Desktop/My-ROS2_Projects/My-ROS2-Humble/Kukabot_MobileRobot/kukabot_ws/build/kukabot_description' returned '0': CMAKE_PREFIX_PATH=/opt/ros/humble /usr/bin/cmake /home/saeedbzrgn/Desktop/My-ROS2_Projects/My-ROS2-Humble/Kukabot_MobileRobot/kukabot_ws/src/kukabot_description -DCMAKE_INSTALL_PREFIX=/home/saeedbzrgn/Desktop/My-ROS2_Projects/My-ROS2-Humble/Kukabot_MobileRobot/kukabot_ws/install/kukabot_description
[1.481s] DEBUG:colcon.colcon_core.event_handler.log_command:Invoking command in '/home/saeedbzrgn/Desktop/My-ROS2_Projects/My-ROS2-Humble/Kukabot_MobileRobot/kukabot_ws/build/kukabot_description': CMAKE_PREFIX_PATH=/opt/ros/humble /usr/bin/cmake --build /home/saeedbzrgn/Desktop/My-ROS2_Projects/My-ROS2-Humble/Kukabot_MobileRobot/kukabot_ws/build/kukabot_description -- -j4 -l4
[1.530s] DEBUG:colcon.colcon_core.event_handler.log_command:Invoked command in '/home/saeedbzrgn/Desktop/My-ROS2_Projects/My-ROS2-Humble/Kukabot_MobileRobot/kukabot_ws/build/kukabot_description' returned '0': CMAKE_PREFIX_PATH=/opt/ros/humble /usr/bin/cmake --build /home/saeedbzrgn/Desktop/My-ROS2_Projects/My-ROS2-Humble/Kukabot_MobileRobot/kukabot_ws/build/kukabot_description -- -j4 -l4
[1.543s] DEBUG:colcon.colcon_core.event_handler.log_command:Invoking command in '/home/saeedbzrgn/Desktop/My-ROS2_Projects/My-ROS2-Humble/Kukabot_MobileRobot/kukabot_ws/build/kukabot_description': CMAKE_PREFIX_PATH=/opt/ros/humble /usr/bin/cmake --install /home/saeedbzrgn/Desktop/My-ROS2_Projects/My-ROS2-Humble/Kukabot_MobileRobot/kukabot_ws/build/kukabot_description
[1.559s] Level 1:colcon.colcon_core.environment:create_environment_scripts_only(kukabot_description)
[1.560s] DEBUG:colcon.colcon_core.event_handler.log_command:Invoked command in '/home/saeedbzrgn/Desktop/My-ROS2_Projects/My-ROS2-Humble/Kukabot_MobileRobot/kukabot_ws/build/kukabot_description' returned '0': CMAKE_PREFIX_PATH=/opt/ros/humble /usr/bin/cmake --install /home/saeedbzrgn/Desktop/My-ROS2_Projects/My-ROS2-Humble/Kukabot_MobileRobot/kukabot_ws/build/kukabot_description
[1.570s] Level 1:colcon.colcon_core.environment:checking '/home/saeedbzrgn/Desktop/My-ROS2_Projects/My-ROS2-Humble/Kukabot_MobileRobot/kukabot_ws/install/kukabot_description' for CMake module files
[1.571s] Level 1:colcon.colcon_core.environment:checking '/home/saeedbzrgn/Desktop/My-ROS2_Projects/My-ROS2-Humble/Kukabot_MobileRobot/kukabot_ws/install/kukabot_description' for CMake config files
[1.571s] Level 1:colcon.colcon_core.shell:create_environment_hook('kukabot_description', 'cmake_prefix_path')
[1.571s] INFO:colcon.colcon_core.shell:Creating environment hook '/home/saeedbzrgn/Desktop/My-ROS2_Projects/My-ROS2-Humble/Kukabot_MobileRobot/kukabot_ws/install/kukabot_description/share/kukabot_description/hook/cmake_prefix_path.ps1'
[1.572s] INFO:colcon.colcon_core.shell:Creating environment descriptor '/home/saeedbzrgn/Desktop/My-ROS2_Projects/My-ROS2-Humble/Kukabot_MobileRobot/kukabot_ws/install/kukabot_description/share/kukabot_description/hook/cmake_prefix_path.dsv'
[1.573s] INFO:colcon.colcon_core.shell:Creating environment hook '/home/saeedbzrgn/Desktop/My-ROS2_Projects/My-ROS2-Humble/Kukabot_MobileRobot/kukabot_ws/install/kukabot_description/share/kukabot_description/hook/cmake_prefix_path.sh'
[1.574s] Level 1:colcon.colcon_core.environment:checking '/home/saeedbzrgn/Desktop/My-ROS2_Projects/My-ROS2-Humble/Kukabot_MobileRobot/kukabot_ws/install/kukabot_description/bin'
[1.574s] Level 1:colcon.colcon_core.environment:checking '/home/saeedbzrgn/Desktop/My-ROS2_Projects/My-ROS2-Humble/Kukabot_MobileRobot/kukabot_ws/install/kukabot_description/lib/pkgconfig/kukabot_description.pc'
[1.574s] Level 1:colcon.colcon_core.environment:checking '/home/saeedbzrgn/Desktop/My-ROS2_Projects/My-ROS2-Humble/Kukabot_MobileRobot/kukabot_ws/install/kukabot_description/lib/python3.10/site-packages'
[1.575s] Level 1:colcon.colcon_core.environment:checking '/home/saeedbzrgn/Desktop/My-ROS2_Projects/My-ROS2-Humble/Kukabot_MobileRobot/kukabot_ws/install/kukabot_description/bin'
[1.575s] INFO:colcon.colcon_core.shell:Creating package script '/home/saeedbzrgn/Desktop/My-ROS2_Projects/My-ROS2-Humble/Kukabot_MobileRobot/kukabot_ws/install/kukabot_description/share/kukabot_description/package.ps1'
[1.576s] INFO:colcon.colcon_core.shell:Creating package descriptor '/home/saeedbzrgn/Desktop/My-ROS2_Projects/My-ROS2-Humble/Kukabot_MobileRobot/kukabot_ws/install/kukabot_description/share/kukabot_description/package.dsv'
[1.577s] INFO:colcon.colcon_core.shell:Creating package script '/home/saeedbzrgn/Desktop/My-ROS2_Projects/My-ROS2-Humble/Kukabot_MobileRobot/kukabot_ws/install/kukabot_description/share/kukabot_description/package.sh'
[1.578s] INFO:colcon.colcon_core.shell:Creating package script '/home/saeedbzrgn/Desktop/My-ROS2_Projects/My-ROS2-Humble/Kukabot_MobileRobot/kukabot_ws/install/kukabot_description/share/kukabot_description/package.bash'
[1.579s] INFO:colcon.colcon_core.shell:Creating package script '/home/saeedbzrgn/Desktop/My-ROS2_Projects/My-ROS2-Humble/Kukabot_MobileRobot/kukabot_ws/install/kukabot_description/share/kukabot_description/package.zsh'
[1.580s] Level 1:colcon.colcon_core.environment:create_file_with_runtime_dependencies(/home/saeedbzrgn/Desktop/My-ROS2_Projects/My-ROS2-Humble/Kukabot_MobileRobot/kukabot_ws/install/kukabot_description/share/colcon-core/packages/kukabot_description)
[1.580s] Level 1:colcon.colcon_core.environment:create_environment_scripts_only(kukabot_description)
[1.581s] Level 1:colcon.colcon_core.environment:checking '/home/saeedbzrgn/Desktop/My-ROS2_Projects/My-ROS2-Humble/Kukabot_MobileRobot/kukabot_ws/install/kukabot_description' for CMake module files
[1.581s] Level 1:colcon.colcon_core.environment:checking '/home/saeedbzrgn/Desktop/My-ROS2_Projects/My-ROS2-Humble/Kukabot_MobileRobot/kukabot_ws/install/kukabot_description' for CMake config files
[1.581s] Level 1:colcon.colcon_core.shell:create_environment_hook('kukabot_description', 'cmake_prefix_path')
[1.582s] INFO:colcon.colcon_core.shell:Creating environment hook '/home/saeedbzrgn/Desktop/My-ROS2_Projects/My-ROS2-Humble/Kukabot_MobileRobot/kukabot_ws/install/kukabot_description/share/kukabot_description/hook/cmake_prefix_path.ps1'
[1.582s] INFO:colcon.colcon_core.shell:Creating environment descriptor '/home/saeedbzrgn/Desktop/My-ROS2_Projects/My-ROS2-Humble/Kukabot_MobileRobot/kukabot_ws/install/kukabot_description/share/kukabot_description/hook/cmake_prefix_path.dsv'
[1.583s] INFO:colcon.colcon_core.shell:Creating environment hook '/home/saeedbzrgn/Desktop/My-ROS2_Projects/My-ROS2-Humble/Kukabot_MobileRobot/kukabot_ws/install/kukabot_description/share/kukabot_description/hook/cmake_prefix_path.sh'
[1.583s] Level 1:colcon.colcon_core.environment:checking '/home/saeedbzrgn/Desktop/My-ROS2_Projects/My-ROS2-Humble/Kukabot_MobileRobot/kukabot_ws/install/kukabot_description/bin'
[1.583s] Level 1:colcon.colcon_core.environment:checking '/home/saeedbzrgn/Desktop/My-ROS2_Projects/My-ROS2-Humble/Kukabot_MobileRobot/kukabot_ws/install/kukabot_description/lib/pkgconfig/kukabot_description.pc'
[1.584s] Level 1:colcon.colcon_core.environment:checking '/home/saeedbzrgn/Desktop/My-ROS2_Projects/My-ROS2-Humble/Kukabot_MobileRobot/kukabot_ws/install/kukabot_description/lib/python3.10/site-packages'
[1.584s] Level 1:colcon.colcon_core.environment:checking '/home/saeedbzrgn/Desktop/My-ROS2_Projects/My-ROS2-Humble/Kukabot_MobileRobot/kukabot_ws/install/kukabot_description/bin'
[1.584s] INFO:colcon.colcon_core.shell:Creating package script '/home/saeedbzrgn/Desktop/My-ROS2_Projects/My-ROS2-Humble/Kukabot_MobileRobot/kukabot_ws/install/kukabot_description/share/kukabot_description/package.ps1'
[1.585s] INFO:colcon.colcon_core.shell:Creating package descriptor '/home/saeedbzrgn/Desktop/My-ROS2_Projects/My-ROS2-Humble/Kukabot_MobileRobot/kukabot_ws/install/kukabot_description/share/kukabot_description/package.dsv'
[1.586s] INFO:colcon.colcon_core.shell:Creating package script '/home/saeedbzrgn/Desktop/My-ROS2_Projects/My-ROS2-Humble/Kukabot_MobileRobot/kukabot_ws/install/kukabot_description/share/kukabot_description/package.sh'
[1.586s] INFO:colcon.colcon_core.shell:Creating package script '/home/saeedbzrgn/Desktop/My-ROS2_Projects/My-ROS2-Humble/Kukabot_MobileRobot/kukabot_ws/install/kukabot_description/share/kukabot_description/package.bash'
[1.587s] INFO:colcon.colcon_core.shell:Creating package script '/home/saeedbzrgn/Desktop/My-ROS2_Projects/My-ROS2-Humble/Kukabot_MobileRobot/kukabot_ws/install/kukabot_description/share/kukabot_description/package.zsh'
[1.587s] Level 1:colcon.colcon_core.environment:create_file_with_runtime_dependencies(/home/saeedbzrgn/Desktop/My-ROS2_Projects/My-ROS2-Humble/Kukabot_MobileRobot/kukabot_ws/install/kukabot_description/share/colcon-core/packages/kukabot_description)
[1.588s] DEBUG:colcon.colcon_parallel_executor.executor.parallel:closing loop
[1.588s] DEBUG:colcon.colcon_parallel_executor.executor.parallel:loop closed
[1.588s] DEBUG:colcon.colcon_parallel_executor.executor.parallel:run_until_complete finished with '0'
[1.588s] DEBUG:colcon.colcon_core.event_reactor:joining thread
[1.594s] INFO:colcon.colcon_core.plugin_system:Skipping extension 'colcon_notification.desktop_notification.terminal_notifier': Not used on non-Darwin systems
[1.594s] INFO:colcon.colcon_core.plugin_system:Skipping extension 'colcon_notification.desktop_notification.win32': Not used on non-Windows systems
[1.594s] INFO:colcon.colcon_notification.desktop_notification:Sending desktop notification using 'notify2'
[1.608s] DEBUG:colcon.colcon_core.event_reactor:joined thread
[1.608s] INFO:colcon.colcon_core.shell:Creating prefix script '/home/saeedbzrgn/Desktop/My-ROS2_Projects/My-ROS2-Humble/Kukabot_MobileRobot/kukabot_ws/install/local_setup.ps1'
[1.610s] INFO:colcon.colcon_core.shell:Creating prefix util module '/home/saeedbzrgn/Desktop/My-ROS2_Projects/My-ROS2-Humble/Kukabot_MobileRobot/kukabot_ws/install/_local_setup_util_ps1.py'
[1.612s] INFO:colcon.colcon_core.shell:Creating prefix chain script '/home/saeedbzrgn/Desktop/My-ROS2_Projects/My-ROS2-Humble/Kukabot_MobileRobot/kukabot_ws/install/setup.ps1'
[1.613s] INFO:colcon.colcon_core.shell:Creating prefix script '/home/saeedbzrgn/Desktop/My-ROS2_Projects/My-ROS2-Humble/Kukabot_MobileRobot/kukabot_ws/install/local_setup.sh'
[1.614s] INFO:colcon.colcon_core.shell:Creating prefix util module '/home/saeedbzrgn/Desktop/My-ROS2_Projects/My-ROS2-Humble/Kukabot_MobileRobot/kukabot_ws/install/_local_setup_util_sh.py'
[1.614s] INFO:colcon.colcon_core.shell:Creating prefix chain script '/home/saeedbzrgn/Desktop/My-ROS2_Projects/My-ROS2-Humble/Kukabot_MobileRobot/kukabot_ws/install/setup.sh'
[1.616s] INFO:colcon.colcon_core.shell:Creating prefix script '/home/saeedbzrgn/Desktop/My-ROS2_Projects/My-ROS2-Humble/Kukabot_MobileRobot/kukabot_ws/install/local_setup.bash'
[1.616s] INFO:colcon.colcon_core.shell:Creating prefix chain script '/home/saeedbzrgn/Desktop/My-ROS2_Projects/My-ROS2-Humble/Kukabot_MobileRobot/kukabot_ws/install/setup.bash'
[1.618s] INFO:colcon.colcon_core.shell:Creating prefix script '/home/saeedbzrgn/Desktop/My-ROS2_Projects/My-ROS2-Humble/Kukabot_MobileRobot/kukabot_ws/install/local_setup.zsh'
[1.619s] INFO:colcon.colcon_core.shell:Creating prefix chain script '/home/saeedbzrgn/Desktop/My-ROS2_Projects/My-ROS2-Humble/Kukabot_MobileRobot/kukabot_ws/install/setup.zsh'
