[0.018s] Invoking command in '/home/saeedbazargan/Desktop/ROS2-Humble/My-ROS2_Projects/My-ROS2-Humble/Tutorial_MobileRobot/mobilebot_ws/build/mobilebot_interfaces': CMAKE_PREFIX_PATH=/opt/ros/humble /usr/bin/cmake --build /home/saeedbazargan/Desktop/ROS2-Humble/My-ROS2_Projects/My-ROS2-Humble/Tutorial_MobileRobot/mobilebot_ws/build/mobilebot_interfaces -- -j4 -l4
[0.090s] [35m[1mConsolidate compiler generated dependencies of target mobilebot_interfaces__rosidl_generator_c[0m
[0.106s] [  3%] Built target mobilebot_interfaces__cpp
[0.116s] [ 12%] Built target mobilebot_interfaces__rosidl_generator_c
[0.133s] [ 12%] Built target ament_cmake_python_copy_mobilebot_interfaces
[0.136s] [35m[1mConsolidate compiler generated dependencies of target mobilebot_interfaces__rosidl_typesupport_cpp[0m
[0.138s] [35m[1mConsolidate compiler generated dependencies of target mobilebot_interfaces__rosidl_typesupport_fastrtps_cpp[0m
[0.144s] [35m[1mConsolidate compiler generated dependencies of target mobilebot_interfaces__rosidl_typesupport_introspection_cpp[0m
[0.163s] [35m[1mConsolidate compiler generated dependencies of target mobilebot_interfaces__rosidl_typesupport_fastrtps_c[0m
[0.166s] [ 22%] Built target mobilebot_interfaces__rosidl_typesupport_cpp
[0.171s] [ 32%] Built target mobilebot_interfaces__rosidl_typesupport_fastrtps_cpp
[0.175s] [ 41%] Built target mobilebot_interfaces__rosidl_typesupport_introspection_cpp
[0.204s] [35m[1mConsolidate compiler generated dependencies of target mobilebot_interfaces__rosidl_typesupport_c[0m
[0.204s] [35m[1mConsolidate compiler generated dependencies of target mobilebot_interfaces__rosidl_typesupport_introspection_c[0m
[0.204s] [ 51%] Built target mobilebot_interfaces__rosidl_typesupport_fastrtps_c
[0.224s] [ 61%] Built target mobilebot_interfaces__rosidl_typesupport_c
[0.228s] [ 70%] Built target mobilebot_interfaces__rosidl_typesupport_introspection_c
[0.258s] [ 70%] Built target mobilebot_interfaces
[0.292s] [ 74%] Built target mobilebot_interfaces__py
[0.313s] [35m[1mConsolidate compiler generated dependencies of target mobilebot_interfaces__rosidl_generator_py[0m
[0.334s] [ 80%] Built target mobilebot_interfaces__rosidl_generator_py
[0.358s] [35m[1mConsolidate compiler generated dependencies of target mobilebot_interfaces__rosidl_typesupport_fastrtps_c__pyext[0m
[0.358s] [35m[1mConsolidate compiler generated dependencies of target mobilebot_interfaces__rosidl_typesupport_introspection_c__pyext[0m
[0.358s] [35m[1mConsolidate compiler generated dependencies of target mobilebot_interfaces__rosidl_typesupport_c__pyext[0m
[0.378s] [ 87%] Built target mobilebot_interfaces__rosidl_typesupport_fastrtps_c__pyext
[0.379s] [ 93%] Built target mobilebot_interfaces__rosidl_typesupport_introspection_c__pyext
[0.379s] [100%] Built target mobilebot_interfaces__rosidl_typesupport_c__pyext
[0.561s] running egg_info
[0.562s] writing mobilebot_interfaces.egg-info/PKG-INFO
[0.562s] writing dependency_links to mobilebot_interfaces.egg-info/dependency_links.txt
[0.562s] writing top-level names to mobilebot_interfaces.egg-info/top_level.txt
[0.566s] reading manifest file 'mobilebot_interfaces.egg-info/SOURCES.txt'
[0.567s] writing manifest file 'mobilebot_interfaces.egg-info/SOURCES.txt'
[0.599s] [100%] Built target ament_cmake_python_build_mobilebot_interfaces_egg
[0.614s] Invoked command in '/home/saeedbazargan/Desktop/ROS2-Humble/My-ROS2_Projects/My-ROS2-Humble/Tutorial_MobileRobot/mobilebot_ws/build/mobilebot_interfaces' returned '0': CMAKE_PREFIX_PATH=/opt/ros/humble /usr/bin/cmake --build /home/saeedbazargan/Desktop/ROS2-Humble/My-ROS2_Projects/My-ROS2-Humble/Tutorial_MobileRobot/mobilebot_ws/build/mobilebot_interfaces -- -j4 -l4
[0.617s] Invoking command in '/home/saeedbazargan/Desktop/ROS2-Humble/My-ROS2_Projects/My-ROS2-Humble/Tutorial_MobileRobot/mobilebot_ws/build/mobilebot_interfaces': CMAKE_PREFIX_PATH=/opt/ros/humble /usr/bin/cmake --install /home/saeedbazargan/Desktop/ROS2-Humble/My-ROS2_Projects/My-ROS2-Humble/Tutorial_MobileRobot/mobilebot_ws/build/mobilebot_interfaces
[0.629s] -- Install configuration: ""
[0.629s] -- Up-to-date: /home/saeedbazargan/Desktop/ROS2-Humble/My-ROS2_Projects/My-ROS2-Humble/Tutorial_MobileRobot/mobilebot_ws/install/mobilebot_interfaces/share/ament_index/resource_index/rosidl_interfaces/mobilebot_interfaces
[0.629s] -- Up-to-date: /home/saeedbazargan/Desktop/ROS2-Humble/My-ROS2_Projects/My-ROS2-Humble/Tutorial_MobileRobot/mobilebot_ws/install/mobilebot_interfaces/include/mobilebot_interfaces/mobilebot_interfaces
[0.630s] -- Up-to-date: /home/saeedbazargan/Desktop/ROS2-Humble/My-ROS2_Projects/My-ROS2-Humble/Tutorial_MobileRobot/mobilebot_ws/install/mobilebot_interfaces/include/mobilebot_interfaces/mobilebot_interfaces/msg
[0.630s] -- Up-to-date: /home/saeedbazargan/Desktop/ROS2-Humble/My-ROS2_Projects/My-ROS2-Humble/Tutorial_MobileRobot/mobilebot_ws/install/mobilebot_interfaces/include/mobilebot_interfaces/mobilebot_interfaces/msg/rosidl_generator_c__visibility_control.h
[0.630s] -- Up-to-date: /home/saeedbazargan/Desktop/ROS2-Humble/My-ROS2_Projects/My-ROS2-Humble/Tutorial_MobileRobot/mobilebot_ws/install/mobilebot_interfaces/include/mobilebot_interfaces/mobilebot_interfaces/action
[0.630s] -- Up-to-date: /home/saeedbazargan/Desktop/ROS2-Humble/My-ROS2_Projects/My-ROS2-Humble/Tutorial_MobileRobot/mobilebot_ws/install/mobilebot_interfaces/include/mobilebot_interfaces/mobilebot_interfaces/action/count_until.h
[0.630s] -- Up-to-date: /home/saeedbazargan/Desktop/ROS2-Humble/My-ROS2_Projects/My-ROS2-Humble/Tutorial_MobileRobot/mobilebot_ws/install/mobilebot_interfaces/include/mobilebot_interfaces/mobilebot_interfaces/action/detail
[0.630s] -- Up-to-date: /home/saeedbazargan/Desktop/ROS2-Humble/My-ROS2_Projects/My-ROS2-Humble/Tutorial_MobileRobot/mobilebot_ws/install/mobilebot_interfaces/include/mobilebot_interfaces/mobilebot_interfaces/action/detail/count_until__struct.h
[0.631s] -- Up-to-date: /home/saeedbazargan/Desktop/ROS2-Humble/My-ROS2_Projects/My-ROS2-Humble/Tutorial_MobileRobot/mobilebot_ws/install/mobilebot_interfaces/include/mobilebot_interfaces/mobilebot_interfaces/action/detail/count_until__type_support.h
[0.631s] -- Up-to-date: /home/saeedbazargan/Desktop/ROS2-Humble/My-ROS2_Projects/My-ROS2-Humble/Tutorial_MobileRobot/mobilebot_ws/install/mobilebot_interfaces/include/mobilebot_interfaces/mobilebot_interfaces/action/detail/count_until__functions.h
[0.631s] -- Up-to-date: /home/saeedbazargan/Desktop/ROS2-Humble/My-ROS2_Projects/My-ROS2-Humble/Tutorial_MobileRobot/mobilebot_ws/install/mobilebot_interfaces/include/mobilebot_interfaces/mobilebot_interfaces/action/detail/count_until__functions.c
[0.631s] -- Up-to-date: /home/saeedbazargan/Desktop/ROS2-Humble/My-ROS2_Projects/My-ROS2-Humble/Tutorial_MobileRobot/mobilebot_ws/install/mobilebot_interfaces/share/mobilebot_interfaces/environment/library_path.sh
[0.631s] -- Up-to-date: /home/saeedbazargan/Desktop/ROS2-Humble/My-ROS2_Projects/My-ROS2-Humble/Tutorial_MobileRobot/mobilebot_ws/install/mobilebot_interfaces/share/mobilebot_interfaces/environment/library_path.dsv
[0.632s] -- Up-to-date: /home/saeedbazargan/Desktop/ROS2-Humble/My-ROS2_Projects/My-ROS2-Humble/Tutorial_MobileRobot/mobilebot_ws/install/mobilebot_interfaces/lib/libmobilebot_interfaces__rosidl_generator_c.so
[0.632s] -- Up-to-date: /home/saeedbazargan/Desktop/ROS2-Humble/My-ROS2_Projects/My-ROS2-Humble/Tutorial_MobileRobot/mobilebot_ws/install/mobilebot_interfaces/include/mobilebot_interfaces/mobilebot_interfaces
[0.632s] -- Up-to-date: /home/saeedbazargan/Desktop/ROS2-Humble/My-ROS2_Projects/My-ROS2-Humble/Tutorial_MobileRobot/mobilebot_ws/install/mobilebot_interfaces/include/mobilebot_interfaces/mobilebot_interfaces/msg
[0.632s] -- Up-to-date: /home/saeedbazargan/Desktop/ROS2-Humble/My-ROS2_Projects/My-ROS2-Humble/Tutorial_MobileRobot/mobilebot_ws/install/mobilebot_interfaces/include/mobilebot_interfaces/mobilebot_interfaces/msg/rosidl_typesupport_fastrtps_c__visibility_control.h
[0.632s] -- Up-to-date: /home/saeedbazargan/Desktop/ROS2-Humble/My-ROS2_Projects/My-ROS2-Humble/Tutorial_MobileRobot/mobilebot_ws/install/mobilebot_interfaces/include/mobilebot_interfaces/mobilebot_interfaces/action
[0.633s] -- Up-to-date: /home/saeedbazargan/Desktop/ROS2-Humble/My-ROS2_Projects/My-ROS2-Humble/Tutorial_MobileRobot/mobilebot_ws/install/mobilebot_interfaces/include/mobilebot_interfaces/mobilebot_interfaces/action/detail
[0.633s] -- Up-to-date: /home/saeedbazargan/Desktop/ROS2-Humble/My-ROS2_Projects/My-ROS2-Humble/Tutorial_MobileRobot/mobilebot_ws/install/mobilebot_interfaces/include/mobilebot_interfaces/mobilebot_interfaces/action/detail/count_until__rosidl_typesupport_fastrtps_c.h
[0.633s] -- Up-to-date: /home/saeedbazargan/Desktop/ROS2-Humble/My-ROS2_Projects/My-ROS2-Humble/Tutorial_MobileRobot/mobilebot_ws/install/mobilebot_interfaces/lib/libmobilebot_interfaces__rosidl_typesupport_fastrtps_c.so
[0.633s] -- Up-to-date: /home/saeedbazargan/Desktop/ROS2-Humble/My-ROS2_Projects/My-ROS2-Humble/Tutorial_MobileRobot/mobilebot_ws/install/mobilebot_interfaces/include/mobilebot_interfaces/mobilebot_interfaces
[0.634s] -- Up-to-date: /home/saeedbazargan/Desktop/ROS2-Humble/My-ROS2_Projects/My-ROS2-Humble/Tutorial_MobileRobot/mobilebot_ws/install/mobilebot_interfaces/include/mobilebot_interfaces/mobilebot_interfaces/msg
[0.634s] -- Up-to-date: /home/saeedbazargan/Desktop/ROS2-Humble/My-ROS2_Projects/My-ROS2-Humble/Tutorial_MobileRobot/mobilebot_ws/install/mobilebot_interfaces/include/mobilebot_interfaces/mobilebot_interfaces/msg/rosidl_typesupport_introspection_c__visibility_control.h
[0.634s] -- Up-to-date: /home/saeedbazargan/Desktop/ROS2-Humble/My-ROS2_Projects/My-ROS2-Humble/Tutorial_MobileRobot/mobilebot_ws/install/mobilebot_interfaces/include/mobilebot_interfaces/mobilebot_interfaces/action
[0.634s] -- Up-to-date: /home/saeedbazargan/Desktop/ROS2-Humble/My-ROS2_Projects/My-ROS2-Humble/Tutorial_MobileRobot/mobilebot_ws/install/mobilebot_interfaces/include/mobilebot_interfaces/mobilebot_interfaces/action/detail
[0.634s] -- Up-to-date: /home/saeedbazargan/Desktop/ROS2-Humble/My-ROS2_Projects/My-ROS2-Humble/Tutorial_MobileRobot/mobilebot_ws/install/mobilebot_interfaces/include/mobilebot_interfaces/mobilebot_interfaces/action/detail/count_until__type_support.c
[0.634s] -- Up-to-date: /home/saeedbazargan/Desktop/ROS2-Humble/My-ROS2_Projects/My-ROS2-Humble/Tutorial_MobileRobot/mobilebot_ws/install/mobilebot_interfaces/include/mobilebot_interfaces/mobilebot_interfaces/action/detail/count_until__rosidl_typesupport_introspection_c.h
[0.635s] -- Up-to-date: /home/saeedbazargan/Desktop/ROS2-Humble/My-ROS2_Projects/My-ROS2-Humble/Tutorial_MobileRobot/mobilebot_ws/install/mobilebot_interfaces/lib/libmobilebot_interfaces__rosidl_typesupport_introspection_c.so
[0.636s] -- Up-to-date: /home/saeedbazargan/Desktop/ROS2-Humble/My-ROS2_Projects/My-ROS2-Humble/Tutorial_MobileRobot/mobilebot_ws/install/mobilebot_interfaces/lib/libmobilebot_interfaces__rosidl_typesupport_c.so
[0.636s] -- Up-to-date: /home/saeedbazargan/Desktop/ROS2-Humble/My-ROS2_Projects/My-ROS2-Humble/Tutorial_MobileRobot/mobilebot_ws/install/mobilebot_interfaces/include/mobilebot_interfaces/mobilebot_interfaces
[0.636s] -- Up-to-date: /home/saeedbazargan/Desktop/ROS2-Humble/My-ROS2_Projects/My-ROS2-Humble/Tutorial_MobileRobot/mobilebot_ws/install/mobilebot_interfaces/include/mobilebot_interfaces/mobilebot_interfaces/msg
[0.636s] -- Up-to-date: /home/saeedbazargan/Desktop/ROS2-Humble/My-ROS2_Projects/My-ROS2-Humble/Tutorial_MobileRobot/mobilebot_ws/install/mobilebot_interfaces/include/mobilebot_interfaces/mobilebot_interfaces/msg/rosidl_generator_cpp__visibility_control.hpp
[0.636s] -- Up-to-date: /home/saeedbazargan/Desktop/ROS2-Humble/My-ROS2_Projects/My-ROS2-Humble/Tutorial_MobileRobot/mobilebot_ws/install/mobilebot_interfaces/include/mobilebot_interfaces/mobilebot_interfaces/action
[0.637s] -- Up-to-date: /home/saeedbazargan/Desktop/ROS2-Humble/My-ROS2_Projects/My-ROS2-Humble/Tutorial_MobileRobot/mobilebot_ws/install/mobilebot_interfaces/include/mobilebot_interfaces/mobilebot_interfaces/action/count_until.hpp
[0.637s] -- Up-to-date: /home/saeedbazargan/Desktop/ROS2-Humble/My-ROS2_Projects/My-ROS2-Humble/Tutorial_MobileRobot/mobilebot_ws/install/mobilebot_interfaces/include/mobilebot_interfaces/mobilebot_interfaces/action/detail
[0.637s] -- Up-to-date: /home/saeedbazargan/Desktop/ROS2-Humble/My-ROS2_Projects/My-ROS2-Humble/Tutorial_MobileRobot/mobilebot_ws/install/mobilebot_interfaces/include/mobilebot_interfaces/mobilebot_interfaces/action/detail/count_until__builder.hpp
[0.637s] -- Up-to-date: /home/saeedbazargan/Desktop/ROS2-Humble/My-ROS2_Projects/My-ROS2-Humble/Tutorial_MobileRobot/mobilebot_ws/install/mobilebot_interfaces/include/mobilebot_interfaces/mobilebot_interfaces/action/detail/count_until__type_support.hpp
[0.637s] -- Up-to-date: /home/saeedbazargan/Desktop/ROS2-Humble/My-ROS2_Projects/My-ROS2-Humble/Tutorial_MobileRobot/mobilebot_ws/install/mobilebot_interfaces/include/mobilebot_interfaces/mobilebot_interfaces/action/detail/count_until__struct.hpp
[0.637s] -- Up-to-date: /home/saeedbazargan/Desktop/ROS2-Humble/My-ROS2_Projects/My-ROS2-Humble/Tutorial_MobileRobot/mobilebot_ws/install/mobilebot_interfaces/include/mobilebot_interfaces/mobilebot_interfaces/action/detail/count_until__traits.hpp
[0.638s] -- Up-to-date: /home/saeedbazargan/Desktop/ROS2-Humble/My-ROS2_Projects/My-ROS2-Humble/Tutorial_MobileRobot/mobilebot_ws/install/mobilebot_interfaces/include/mobilebot_interfaces/mobilebot_interfaces
[0.638s] -- Up-to-date: /home/saeedbazargan/Desktop/ROS2-Humble/My-ROS2_Projects/My-ROS2-Humble/Tutorial_MobileRobot/mobilebot_ws/install/mobilebot_interfaces/include/mobilebot_interfaces/mobilebot_interfaces/msg
[0.638s] -- Up-to-date: /home/saeedbazargan/Desktop/ROS2-Humble/My-ROS2_Projects/My-ROS2-Humble/Tutorial_MobileRobot/mobilebot_ws/install/mobilebot_interfaces/include/mobilebot_interfaces/mobilebot_interfaces/msg/rosidl_typesupport_fastrtps_cpp__visibility_control.h
[0.638s] -- Up-to-date: /home/saeedbazargan/Desktop/ROS2-Humble/My-ROS2_Projects/My-ROS2-Humble/Tutorial_MobileRobot/mobilebot_ws/install/mobilebot_interfaces/include/mobilebot_interfaces/mobilebot_interfaces/action
[0.638s] -- Up-to-date: /home/saeedbazargan/Desktop/ROS2-Humble/My-ROS2_Projects/My-ROS2-Humble/Tutorial_MobileRobot/mobilebot_ws/install/mobilebot_interfaces/include/mobilebot_interfaces/mobilebot_interfaces/action/detail
[0.638s] -- Up-to-date: /home/saeedbazargan/Desktop/ROS2-Humble/My-ROS2_Projects/My-ROS2-Humble/Tutorial_MobileRobot/mobilebot_ws/install/mobilebot_interfaces/include/mobilebot_interfaces/mobilebot_interfaces/action/detail/dds_fastrtps
[0.639s] -- Up-to-date: /home/saeedbazargan/Desktop/ROS2-Humble/My-ROS2_Projects/My-ROS2-Humble/Tutorial_MobileRobot/mobilebot_ws/install/mobilebot_interfaces/include/mobilebot_interfaces/mobilebot_interfaces/action/detail/count_until__rosidl_typesupport_fastrtps_cpp.hpp
[0.639s] -- Up-to-date: /home/saeedbazargan/Desktop/ROS2-Humble/My-ROS2_Projects/My-ROS2-Humble/Tutorial_MobileRobot/mobilebot_ws/install/mobilebot_interfaces/lib/libmobilebot_interfaces__rosidl_typesupport_fastrtps_cpp.so
[0.639s] -- Up-to-date: /home/saeedbazargan/Desktop/ROS2-Humble/My-ROS2_Projects/My-ROS2-Humble/Tutorial_MobileRobot/mobilebot_ws/install/mobilebot_interfaces/include/mobilebot_interfaces/mobilebot_interfaces
[0.639s] -- Up-to-date: /home/saeedbazargan/Desktop/ROS2-Humble/My-ROS2_Projects/My-ROS2-Humble/Tutorial_MobileRobot/mobilebot_ws/install/mobilebot_interfaces/include/mobilebot_interfaces/mobilebot_interfaces/action
[0.639s] -- Up-to-date: /home/saeedbazargan/Desktop/ROS2-Humble/My-ROS2_Projects/My-ROS2-Humble/Tutorial_MobileRobot/mobilebot_ws/install/mobilebot_interfaces/include/mobilebot_interfaces/mobilebot_interfaces/action/detail
[0.639s] -- Up-to-date: /home/saeedbazargan/Desktop/ROS2-Humble/My-ROS2_Projects/My-ROS2-Humble/Tutorial_MobileRobot/mobilebot_ws/install/mobilebot_interfaces/include/mobilebot_interfaces/mobilebot_interfaces/action/detail/count_until__rosidl_typesupport_introspection_cpp.hpp
[0.639s] -- Up-to-date: /home/saeedbazargan/Desktop/ROS2-Humble/My-ROS2_Projects/My-ROS2-Humble/Tutorial_MobileRobot/mobilebot_ws/install/mobilebot_interfaces/include/mobilebot_interfaces/mobilebot_interfaces/action/detail/count_until__type_support.cpp
[0.639s] -- Up-to-date: /home/saeedbazargan/Desktop/ROS2-Humble/My-ROS2_Projects/My-ROS2-Humble/Tutorial_MobileRobot/mobilebot_ws/install/mobilebot_interfaces/lib/libmobilebot_interfaces__rosidl_typesupport_introspection_cpp.so
[0.640s] -- Up-to-date: /home/saeedbazargan/Desktop/ROS2-Humble/My-ROS2_Projects/My-ROS2-Humble/Tutorial_MobileRobot/mobilebot_ws/install/mobilebot_interfaces/lib/libmobilebot_interfaces__rosidl_typesupport_cpp.so
[0.640s] -- Up-to-date: /home/saeedbazargan/Desktop/ROS2-Humble/My-ROS2_Projects/My-ROS2-Humble/Tutorial_MobileRobot/mobilebot_ws/install/mobilebot_interfaces/share/mobilebot_interfaces/environment/pythonpath.sh
[0.640s] -- Up-to-date: /home/saeedbazargan/Desktop/ROS2-Humble/My-ROS2_Projects/My-ROS2-Humble/Tutorial_MobileRobot/mobilebot_ws/install/mobilebot_interfaces/share/mobilebot_interfaces/environment/pythonpath.dsv
[0.641s] -- Up-to-date: /home/saeedbazargan/Desktop/ROS2-Humble/My-ROS2_Projects/My-ROS2-Humble/Tutorial_MobileRobot/mobilebot_ws/install/mobilebot_interfaces/local/lib/python3.10/dist-packages/mobilebot_interfaces-0.0.0-py3.10.egg-info
[0.641s] -- Installing: /home/saeedbazargan/Desktop/ROS2-Humble/My-ROS2_Projects/My-ROS2-Humble/Tutorial_MobileRobot/mobilebot_ws/install/mobilebot_interfaces/local/lib/python3.10/dist-packages/mobilebot_interfaces-0.0.0-py3.10.egg-info/dependency_links.txt
[0.641s] -- Installing: /home/saeedbazargan/Desktop/ROS2-Humble/My-ROS2_Projects/My-ROS2-Humble/Tutorial_MobileRobot/mobilebot_ws/install/mobilebot_interfaces/local/lib/python3.10/dist-packages/mobilebot_interfaces-0.0.0-py3.10.egg-info/PKG-INFO
[0.642s] -- Installing: /home/saeedbazargan/Desktop/ROS2-Humble/My-ROS2_Projects/My-ROS2-Humble/Tutorial_MobileRobot/mobilebot_ws/install/mobilebot_interfaces/local/lib/python3.10/dist-packages/mobilebot_interfaces-0.0.0-py3.10.egg-info/top_level.txt
[0.642s] -- Installing: /home/saeedbazargan/Desktop/ROS2-Humble/My-ROS2_Projects/My-ROS2-Humble/Tutorial_MobileRobot/mobilebot_ws/install/mobilebot_interfaces/local/lib/python3.10/dist-packages/mobilebot_interfaces-0.0.0-py3.10.egg-info/SOURCES.txt
[0.642s] -- Up-to-date: /home/saeedbazargan/Desktop/ROS2-Humble/My-ROS2_Projects/My-ROS2-Humble/Tutorial_MobileRobot/mobilebot_ws/install/mobilebot_interfaces/local/lib/python3.10/dist-packages/mobilebot_interfaces
[0.642s] -- Up-to-date: /home/saeedbazargan/Desktop/ROS2-Humble/My-ROS2_Projects/My-ROS2-Humble/Tutorial_MobileRobot/mobilebot_ws/install/mobilebot_interfaces/local/lib/python3.10/dist-packages/mobilebot_interfaces/__init__.py
[0.643s] -- Up-to-date: /home/saeedbazargan/Desktop/ROS2-Humble/My-ROS2_Projects/My-ROS2-Humble/Tutorial_MobileRobot/mobilebot_ws/install/mobilebot_interfaces/local/lib/python3.10/dist-packages/mobilebot_interfaces/_mobilebot_interfaces_s.ep.rosidl_typesupport_fastrtps_c.c
[0.643s] -- Up-to-date: /home/saeedbazargan/Desktop/ROS2-Humble/My-ROS2_Projects/My-ROS2-Humble/Tutorial_MobileRobot/mobilebot_ws/install/mobilebot_interfaces/local/lib/python3.10/dist-packages/mobilebot_interfaces/_mobilebot_interfaces_s.ep.rosidl_typesupport_c.c
[0.643s] -- Up-to-date: /home/saeedbazargan/Desktop/ROS2-Humble/My-ROS2_Projects/My-ROS2-Humble/Tutorial_MobileRobot/mobilebot_ws/install/mobilebot_interfaces/local/lib/python3.10/dist-packages/mobilebot_interfaces/_mobilebot_interfaces_s.ep.rosidl_typesupport_introspection_c.c
[0.643s] -- Up-to-date: /home/saeedbazargan/Desktop/ROS2-Humble/My-ROS2_Projects/My-ROS2-Humble/Tutorial_MobileRobot/mobilebot_ws/install/mobilebot_interfaces/local/lib/python3.10/dist-packages/mobilebot_interfaces/libmobilebot_interfaces__rosidl_generator_py.so
[0.643s] -- Up-to-date: /home/saeedbazargan/Desktop/ROS2-Humble/My-ROS2_Projects/My-ROS2-Humble/Tutorial_MobileRobot/mobilebot_ws/install/mobilebot_interfaces/local/lib/python3.10/dist-packages/mobilebot_interfaces/mobilebot_interfaces_s__rosidl_typesupport_introspection_c.cpython-310-x86_64-linux-gnu.so
[0.643s] -- Up-to-date: /home/saeedbazargan/Desktop/ROS2-Humble/My-ROS2_Projects/My-ROS2-Humble/Tutorial_MobileRobot/mobilebot_ws/install/mobilebot_interfaces/local/lib/python3.10/dist-packages/mobilebot_interfaces/mobilebot_interfaces_s__rosidl_typesupport_fastrtps_c.cpython-310-x86_64-linux-gnu.so
[0.644s] -- Up-to-date: /home/saeedbazargan/Desktop/ROS2-Humble/My-ROS2_Projects/My-ROS2-Humble/Tutorial_MobileRobot/mobilebot_ws/install/mobilebot_interfaces/local/lib/python3.10/dist-packages/mobilebot_interfaces/action
[0.644s] -- Up-to-date: /home/saeedbazargan/Desktop/ROS2-Humble/My-ROS2_Projects/My-ROS2-Humble/Tutorial_MobileRobot/mobilebot_ws/install/mobilebot_interfaces/local/lib/python3.10/dist-packages/mobilebot_interfaces/action/__init__.py
[0.644s] -- Up-to-date: /home/saeedbazargan/Desktop/ROS2-Humble/My-ROS2_Projects/My-ROS2-Humble/Tutorial_MobileRobot/mobilebot_ws/install/mobilebot_interfaces/local/lib/python3.10/dist-packages/mobilebot_interfaces/action/_count_until.py
[0.644s] -- Up-to-date: /home/saeedbazargan/Desktop/ROS2-Humble/My-ROS2_Projects/My-ROS2-Humble/Tutorial_MobileRobot/mobilebot_ws/install/mobilebot_interfaces/local/lib/python3.10/dist-packages/mobilebot_interfaces/action/_count_until_s.c
[0.644s] -- Up-to-date: /home/saeedbazargan/Desktop/ROS2-Humble/My-ROS2_Projects/My-ROS2-Humble/Tutorial_MobileRobot/mobilebot_ws/install/mobilebot_interfaces/local/lib/python3.10/dist-packages/mobilebot_interfaces/mobilebot_interfaces_s__rosidl_typesupport_c.cpython-310-x86_64-linux-gnu.so
[0.680s] Listing '/home/saeedbazargan/Desktop/ROS2-Humble/My-ROS2_Projects/My-ROS2-Humble/Tutorial_MobileRobot/mobilebot_ws/install/mobilebot_interfaces/local/lib/python3.10/dist-packages/mobilebot_interfaces'...
[0.680s] Listing '/home/saeedbazargan/Desktop/ROS2-Humble/My-ROS2_Projects/My-ROS2-Humble/Tutorial_MobileRobot/mobilebot_ws/install/mobilebot_interfaces/local/lib/python3.10/dist-packages/mobilebot_interfaces/action'...
[0.685s] -- Up-to-date: /home/saeedbazargan/Desktop/ROS2-Humble/My-ROS2_Projects/My-ROS2-Humble/Tutorial_MobileRobot/mobilebot_ws/install/mobilebot_interfaces/local/lib/python3.10/dist-packages/mobilebot_interfaces/mobilebot_interfaces_s__rosidl_typesupport_fastrtps_c.cpython-310-x86_64-linux-gnu.so
[0.686s] -- Up-to-date: /home/saeedbazargan/Desktop/ROS2-Humble/My-ROS2_Projects/My-ROS2-Humble/Tutorial_MobileRobot/mobilebot_ws/install/mobilebot_interfaces/local/lib/python3.10/dist-packages/mobilebot_interfaces/mobilebot_interfaces_s__rosidl_typesupport_introspection_c.cpython-310-x86_64-linux-gnu.so
[0.687s] -- Up-to-date: /home/saeedbazargan/Desktop/ROS2-Humble/My-ROS2_Projects/My-ROS2-Humble/Tutorial_MobileRobot/mobilebot_ws/install/mobilebot_interfaces/local/lib/python3.10/dist-packages/mobilebot_interfaces/mobilebot_interfaces_s__rosidl_typesupport_c.cpython-310-x86_64-linux-gnu.so
[0.688s] -- Up-to-date: /home/saeedbazargan/Desktop/ROS2-Humble/My-ROS2_Projects/My-ROS2-Humble/Tutorial_MobileRobot/mobilebot_ws/install/mobilebot_interfaces/lib/libmobilebot_interfaces__rosidl_generator_py.so
[0.688s] -- Up-to-date: /home/saeedbazargan/Desktop/ROS2-Humble/My-ROS2_Projects/My-ROS2-Humble/Tutorial_MobileRobot/mobilebot_ws/install/mobilebot_interfaces/share/mobilebot_interfaces/action/CountUntil.idl
[0.689s] -- Up-to-date: /home/saeedbazargan/Desktop/ROS2-Humble/My-ROS2_Projects/My-ROS2-Humble/Tutorial_MobileRobot/mobilebot_ws/install/mobilebot_interfaces/share/mobilebot_interfaces/action/CountUntil.action
[0.689s] -- Up-to-date: /home/saeedbazargan/Desktop/ROS2-Humble/My-ROS2_Projects/My-ROS2-Humble/Tutorial_MobileRobot/mobilebot_ws/install/mobilebot_interfaces/share/ament_index/resource_index/package_run_dependencies/mobilebot_interfaces
[0.689s] -- Up-to-date: /home/saeedbazargan/Desktop/ROS2-Humble/My-ROS2_Projects/My-ROS2-Humble/Tutorial_MobileRobot/mobilebot_ws/install/mobilebot_interfaces/share/ament_index/resource_index/parent_prefix_path/mobilebot_interfaces
[0.689s] -- Up-to-date: /home/saeedbazargan/Desktop/ROS2-Humble/My-ROS2_Projects/My-ROS2-Humble/Tutorial_MobileRobot/mobilebot_ws/install/mobilebot_interfaces/share/mobilebot_interfaces/environment/ament_prefix_path.sh
[0.689s] -- Up-to-date: /home/saeedbazargan/Desktop/ROS2-Humble/My-ROS2_Projects/My-ROS2-Humble/Tutorial_MobileRobot/mobilebot_ws/install/mobilebot_interfaces/share/mobilebot_interfaces/environment/ament_prefix_path.dsv
[0.689s] -- Up-to-date: /home/saeedbazargan/Desktop/ROS2-Humble/My-ROS2_Projects/My-ROS2-Humble/Tutorial_MobileRobot/mobilebot_ws/install/mobilebot_interfaces/share/mobilebot_interfaces/environment/path.sh
[0.690s] -- Up-to-date: /home/saeedbazargan/Desktop/ROS2-Humble/My-ROS2_Projects/My-ROS2-Humble/Tutorial_MobileRobot/mobilebot_ws/install/mobilebot_interfaces/share/mobilebot_interfaces/environment/path.dsv
[0.690s] -- Up-to-date: /home/saeedbazargan/Desktop/ROS2-Humble/My-ROS2_Projects/My-ROS2-Humble/Tutorial_MobileRobot/mobilebot_ws/install/mobilebot_interfaces/share/mobilebot_interfaces/local_setup.bash
[0.690s] -- Up-to-date: /home/saeedbazargan/Desktop/ROS2-Humble/My-ROS2_Projects/My-ROS2-Humble/Tutorial_MobileRobot/mobilebot_ws/install/mobilebot_interfaces/share/mobilebot_interfaces/local_setup.sh
[0.690s] -- Up-to-date: /home/saeedbazargan/Desktop/ROS2-Humble/My-ROS2_Projects/My-ROS2-Humble/Tutorial_MobileRobot/mobilebot_ws/install/mobilebot_interfaces/share/mobilebot_interfaces/local_setup.zsh
[0.690s] -- Up-to-date: /home/saeedbazargan/Desktop/ROS2-Humble/My-ROS2_Projects/My-ROS2-Humble/Tutorial_MobileRobot/mobilebot_ws/install/mobilebot_interfaces/share/mobilebot_interfaces/local_setup.dsv
[0.690s] -- Installing: /home/saeedbazargan/Desktop/ROS2-Humble/My-ROS2_Projects/My-ROS2-Humble/Tutorial_MobileRobot/mobilebot_ws/install/mobilebot_interfaces/share/mobilebot_interfaces/package.dsv
[0.690s] -- Up-to-date: /home/saeedbazargan/Desktop/ROS2-Humble/My-ROS2_Projects/My-ROS2-Humble/Tutorial_MobileRobot/mobilebot_ws/install/mobilebot_interfaces/share/ament_index/resource_index/packages/mobilebot_interfaces
[0.691s] -- Up-to-date: /home/saeedbazargan/Desktop/ROS2-Humble/My-ROS2_Projects/My-ROS2-Humble/Tutorial_MobileRobot/mobilebot_ws/install/mobilebot_interfaces/share/mobilebot_interfaces/cmake/export_mobilebot_interfaces__rosidl_generator_cExport.cmake
[0.691s] -- Up-to-date: /home/saeedbazargan/Desktop/ROS2-Humble/My-ROS2_Projects/My-ROS2-Humble/Tutorial_MobileRobot/mobilebot_ws/install/mobilebot_interfaces/share/mobilebot_interfaces/cmake/export_mobilebot_interfaces__rosidl_generator_cExport-noconfig.cmake
[0.692s] -- Up-to-date: /home/saeedbazargan/Desktop/ROS2-Humble/My-ROS2_Projects/My-ROS2-Humble/Tutorial_MobileRobot/mobilebot_ws/install/mobilebot_interfaces/share/mobilebot_interfaces/cmake/export_mobilebot_interfaces__rosidl_typesupport_fastrtps_cExport.cmake
[0.692s] -- Up-to-date: /home/saeedbazargan/Desktop/ROS2-Humble/My-ROS2_Projects/My-ROS2-Humble/Tutorial_MobileRobot/mobilebot_ws/install/mobilebot_interfaces/share/mobilebot_interfaces/cmake/export_mobilebot_interfaces__rosidl_typesupport_fastrtps_cExport-noconfig.cmake
[0.692s] -- Up-to-date: /home/saeedbazargan/Desktop/ROS2-Humble/My-ROS2_Projects/My-ROS2-Humble/Tutorial_MobileRobot/mobilebot_ws/install/mobilebot_interfaces/share/mobilebot_interfaces/cmake/mobilebot_interfaces__rosidl_typesupport_introspection_cExport.cmake
[0.693s] -- Up-to-date: /home/saeedbazargan/Desktop/ROS2-Humble/My-ROS2_Projects/My-ROS2-Humble/Tutorial_MobileRobot/mobilebot_ws/install/mobilebot_interfaces/share/mobilebot_interfaces/cmake/mobilebot_interfaces__rosidl_typesupport_introspection_cExport-noconfig.cmake
[0.693s] -- Up-to-date: /home/saeedbazargan/Desktop/ROS2-Humble/My-ROS2_Projects/My-ROS2-Humble/Tutorial_MobileRobot/mobilebot_ws/install/mobilebot_interfaces/share/mobilebot_interfaces/cmake/mobilebot_interfaces__rosidl_typesupport_cExport.cmake
[0.693s] -- Up-to-date: /home/saeedbazargan/Desktop/ROS2-Humble/My-ROS2_Projects/My-ROS2-Humble/Tutorial_MobileRobot/mobilebot_ws/install/mobilebot_interfaces/share/mobilebot_interfaces/cmake/mobilebot_interfaces__rosidl_typesupport_cExport-noconfig.cmake
[0.694s] -- Up-to-date: /home/saeedbazargan/Desktop/ROS2-Humble/My-ROS2_Projects/My-ROS2-Humble/Tutorial_MobileRobot/mobilebot_ws/install/mobilebot_interfaces/share/mobilebot_interfaces/cmake/export_mobilebot_interfaces__rosidl_generator_cppExport.cmake
[0.694s] -- Up-to-date: /home/saeedbazargan/Desktop/ROS2-Humble/My-ROS2_Projects/My-ROS2-Humble/Tutorial_MobileRobot/mobilebot_ws/install/mobilebot_interfaces/share/mobilebot_interfaces/cmake/export_mobilebot_interfaces__rosidl_typesupport_fastrtps_cppExport.cmake
[0.695s] -- Up-to-date: /home/saeedbazargan/Desktop/ROS2-Humble/My-ROS2_Projects/My-ROS2-Humble/Tutorial_MobileRobot/mobilebot_ws/install/mobilebot_interfaces/share/mobilebot_interfaces/cmake/export_mobilebot_interfaces__rosidl_typesupport_fastrtps_cppExport-noconfig.cmake
[0.695s] -- Up-to-date: /home/saeedbazargan/Desktop/ROS2-Humble/My-ROS2_Projects/My-ROS2-Humble/Tutorial_MobileRobot/mobilebot_ws/install/mobilebot_interfaces/share/mobilebot_interfaces/cmake/mobilebot_interfaces__rosidl_typesupport_introspection_cppExport.cmake
[0.695s] -- Up-to-date: /home/saeedbazargan/Desktop/ROS2-Humble/My-ROS2_Projects/My-ROS2-Humble/Tutorial_MobileRobot/mobilebot_ws/install/mobilebot_interfaces/share/mobilebot_interfaces/cmake/mobilebot_interfaces__rosidl_typesupport_introspection_cppExport-noconfig.cmake
[0.695s] -- Up-to-date: /home/saeedbazargan/Desktop/ROS2-Humble/My-ROS2_Projects/My-ROS2-Humble/Tutorial_MobileRobot/mobilebot_ws/install/mobilebot_interfaces/share/mobilebot_interfaces/cmake/mobilebot_interfaces__rosidl_typesupport_cppExport.cmake
[0.696s] -- Up-to-date: /home/saeedbazargan/Desktop/ROS2-Humble/My-ROS2_Projects/My-ROS2-Humble/Tutorial_MobileRobot/mobilebot_ws/install/mobilebot_interfaces/share/mobilebot_interfaces/cmake/mobilebot_interfaces__rosidl_typesupport_cppExport-noconfig.cmake
[0.696s] -- Up-to-date: /home/saeedbazargan/Desktop/ROS2-Humble/My-ROS2_Projects/My-ROS2-Humble/Tutorial_MobileRobot/mobilebot_ws/install/mobilebot_interfaces/share/mobilebot_interfaces/cmake/export_mobilebot_interfaces__rosidl_generator_pyExport.cmake
[0.696s] -- Up-to-date: /home/saeedbazargan/Desktop/ROS2-Humble/My-ROS2_Projects/My-ROS2-Humble/Tutorial_MobileRobot/mobilebot_ws/install/mobilebot_interfaces/share/mobilebot_interfaces/cmake/export_mobilebot_interfaces__rosidl_generator_pyExport-noconfig.cmake
[0.696s] -- Up-to-date: /home/saeedbazargan/Desktop/ROS2-Humble/My-ROS2_Projects/My-ROS2-Humble/Tutorial_MobileRobot/mobilebot_ws/install/mobilebot_interfaces/share/mobilebot_interfaces/cmake/rosidl_cmake-extras.cmake
[0.697s] -- Up-to-date: /home/saeedbazargan/Desktop/ROS2-Humble/My-ROS2_Projects/My-ROS2-Humble/Tutorial_MobileRobot/mobilebot_ws/install/mobilebot_interfaces/share/mobilebot_interfaces/cmake/ament_cmake_export_dependencies-extras.cmake
[0.697s] -- Up-to-date: /home/saeedbazargan/Desktop/ROS2-Humble/My-ROS2_Projects/My-ROS2-Humble/Tutorial_MobileRobot/mobilebot_ws/install/mobilebot_interfaces/share/mobilebot_interfaces/cmake/ament_cmake_export_include_directories-extras.cmake
[0.697s] -- Up-to-date: /home/saeedbazargan/Desktop/ROS2-Humble/My-ROS2_Projects/My-ROS2-Humble/Tutorial_MobileRobot/mobilebot_ws/install/mobilebot_interfaces/share/mobilebot_interfaces/cmake/ament_cmake_export_libraries-extras.cmake
[0.697s] -- Up-to-date: /home/saeedbazargan/Desktop/ROS2-Humble/My-ROS2_Projects/My-ROS2-Humble/Tutorial_MobileRobot/mobilebot_ws/install/mobilebot_interfaces/share/mobilebot_interfaces/cmake/ament_cmake_export_targets-extras.cmake
[0.697s] -- Up-to-date: /home/saeedbazargan/Desktop/ROS2-Humble/My-ROS2_Projects/My-ROS2-Humble/Tutorial_MobileRobot/mobilebot_ws/install/mobilebot_interfaces/share/mobilebot_interfaces/cmake/rosidl_cmake_export_typesupport_targets-extras.cmake
[0.697s] -- Up-to-date: /home/saeedbazargan/Desktop/ROS2-Humble/My-ROS2_Projects/My-ROS2-Humble/Tutorial_MobileRobot/mobilebot_ws/install/mobilebot_interfaces/share/mobilebot_interfaces/cmake/rosidl_cmake_export_typesupport_libraries-extras.cmake
[0.697s] -- Up-to-date: /home/saeedbazargan/Desktop/ROS2-Humble/My-ROS2_Projects/My-ROS2-Humble/Tutorial_MobileRobot/mobilebot_ws/install/mobilebot_interfaces/share/mobilebot_interfaces/cmake/mobilebot_interfacesConfig.cmake
[0.697s] -- Up-to-date: /home/saeedbazargan/Desktop/ROS2-Humble/My-ROS2_Projects/My-ROS2-Humble/Tutorial_MobileRobot/mobilebot_ws/install/mobilebot_interfaces/share/mobilebot_interfaces/cmake/mobilebot_interfacesConfig-version.cmake
[0.697s] -- Up-to-date: /home/saeedbazargan/Desktop/ROS2-Humble/My-ROS2_Projects/My-ROS2-Humble/Tutorial_MobileRobot/mobilebot_ws/install/mobilebot_interfaces/share/mobilebot_interfaces/package.xml
[0.700s] Invoked command in '/home/saeedbazargan/Desktop/ROS2-Humble/My-ROS2_Projects/My-ROS2-Humble/Tutorial_MobileRobot/mobilebot_ws/build/mobilebot_interfaces' returned '0': CMAKE_PREFIX_PATH=/opt/ros/humble /usr/bin/cmake --install /home/saeedbazargan/Desktop/ROS2-Humble/My-ROS2_Projects/My-ROS2-Humble/Tutorial_MobileRobot/mobilebot_ws/build/mobilebot_interfaces
