[0.119s] DEBUG:colcon:Command line arguments: ['/usr/bin/colcon', 'build']
[0.119s] DEBUG:colcon:Parsed command line arguments: Namespace(log_base=None, log_level=None, verb_name='build', build_base='build', install_base='install', merge_install=False, symlink_install=False, test_result_base=None, continue_on_error=False, executor='parallel', parallel_workers=4, event_handlers=None, ignore_user_meta=False, metas=['./colcon.meta'], base_paths=['.'], packages_ignore=None, packages_ignore_regex=None, paths=None, packages_up_to=None, packages_up_to_regex=None, packages_above=None, packages_above_and_dependencies=None, packages_above_depth=None, packages_select_by_dep=None, packages_skip_by_dep=None, packages_skip_up_to=None, packages_select_build_failed=False, packages_skip_build_finished=False, packages_select_test_failures=False, packages_skip_test_passed=False, packages_select=None, packages_skip=None, packages_select_regex=None, packages_skip_regex=None, packages_start=None, packages_end=None, allow_overriding=[], cmake_args=None, cmake_target=None, cmake_target_skip_unavailable=False, cmake_clean_cache=False, cmake_clean_first=False, cmake_force_configure=False, ament_cmake_args=None, catkin_cmake_args=None, catkin_skip_building_tests=False, mixin_files=None, mixin=None, verb_parser=<colcon_mixin.mixin.mixin_argument.MixinArgumentDecorator object at 0x7b27c7f21a50>, verb_extension=<colcon_core.verb.build.BuildVerb object at 0x7b27c801e9b0>, main=<bound method BuildVerb.main of <colcon_core.verb.build.BuildVerb object at 0x7b27c801e9b0>>, mixin_verb=('build',))
[0.295s] Level 1:colcon.colcon_core.package_discovery:discover_packages(colcon_meta) check parameters
[0.295s] Level 1:colcon.colcon_core.package_discovery:discover_packages(recursive) check parameters
[0.295s] Level 1:colcon.colcon_core.package_discovery:discover_packages(ignore) check parameters
[0.295s] Level 1:colcon.colcon_core.package_discovery:discover_packages(path) check parameters
[0.295s] Level 1:colcon.colcon_core.package_discovery:discover_packages(colcon_meta) discover
[0.295s] Level 1:colcon.colcon_core.package_discovery:discover_packages(recursive) discover
[0.296s] INFO:colcon.colcon_core.package_discovery:Crawling recursively for packages in '/home/saeedbzrgn/Desktop/My-ROS2_Projects/My-ROS2-Humble/Tutorial_ROS2_Control/ROS2Ctrl_ws'
[0.296s] Level 1:colcon.colcon_core.package_identification:_identify(.) by extensions ['ignore', 'ignore_ament_install']
[0.296s] Level 1:colcon.colcon_core.package_identification:_identify(.) by extension 'ignore'
[0.296s] Level 1:colcon.colcon_core.package_identification:_identify(.) by extension 'ignore_ament_install'
[0.296s] Level 1:colcon.colcon_core.package_identification:_identify(.) by extensions ['colcon_pkg']
[0.296s] Level 1:colcon.colcon_core.package_identification:_identify(.) by extension 'colcon_pkg'
[0.296s] Level 1:colcon.colcon_core.package_identification:_identify(.) by extensions ['colcon_meta']
[0.296s] Level 1:colcon.colcon_core.package_identification:_identify(.) by extension 'colcon_meta'
[0.296s] Level 1:colcon.colcon_core.package_identification:_identify(.) by extensions ['ros']
[0.296s] Level 1:colcon.colcon_core.package_identification:_identify(.) by extension 'ros'
[0.308s] Level 1:colcon.colcon_core.package_identification:_identify(.) by extensions ['cmake', 'python']
[0.308s] Level 1:colcon.colcon_core.package_identification:_identify(.) by extension 'cmake'
[0.308s] Level 1:colcon.colcon_core.package_identification:_identify(.) by extension 'python'
[0.308s] Level 1:colcon.colcon_core.package_identification:_identify(.) by extensions ['python_setup_py']
[0.308s] Level 1:colcon.colcon_core.package_identification:_identify(.) by extension 'python_setup_py'
[0.308s] Level 1:colcon.colcon_core.package_identification:_identify(build) by extensions ['ignore', 'ignore_ament_install']
[0.308s] Level 1:colcon.colcon_core.package_identification:_identify(build) by extension 'ignore'
[0.308s] Level 1:colcon.colcon_core.package_identification:_identify(build) ignored
[0.308s] Level 1:colcon.colcon_core.package_identification:_identify(install) by extensions ['ignore', 'ignore_ament_install']
[0.308s] Level 1:colcon.colcon_core.package_identification:_identify(install) by extension 'ignore'
[0.308s] Level 1:colcon.colcon_core.package_identification:_identify(install) ignored
[0.308s] Level 1:colcon.colcon_core.package_identification:_identify(log) by extensions ['ignore', 'ignore_ament_install']
[0.308s] Level 1:colcon.colcon_core.package_identification:_identify(log) by extension 'ignore'
[0.309s] Level 1:colcon.colcon_core.package_identification:_identify(log) ignored
[0.309s] Level 1:colcon.colcon_core.package_identification:_identify(src) by extensions ['ignore', 'ignore_ament_install']
[0.309s] Level 1:colcon.colcon_core.package_identification:_identify(src) by extension 'ignore'
[0.309s] Level 1:colcon.colcon_core.package_identification:_identify(src) by extension 'ignore_ament_install'
[0.309s] Level 1:colcon.colcon_core.package_identification:_identify(src) by extensions ['colcon_pkg']
[0.309s] Level 1:colcon.colcon_core.package_identification:_identify(src) by extension 'colcon_pkg'
[0.309s] Level 1:colcon.colcon_core.package_identification:_identify(src) by extensions ['colcon_meta']
[0.309s] Level 1:colcon.colcon_core.package_identification:_identify(src) by extension 'colcon_meta'
[0.309s] Level 1:colcon.colcon_core.package_identification:_identify(src) by extensions ['ros']
[0.309s] Level 1:colcon.colcon_core.package_identification:_identify(src) by extension 'ros'
[0.309s] Level 1:colcon.colcon_core.package_identification:_identify(src) by extensions ['cmake', 'python']
[0.309s] Level 1:colcon.colcon_core.package_identification:_identify(src) by extension 'cmake'
[0.309s] Level 1:colcon.colcon_core.package_identification:_identify(src) by extension 'python'
[0.309s] Level 1:colcon.colcon_core.package_identification:_identify(src) by extensions ['python_setup_py']
[0.309s] Level 1:colcon.colcon_core.package_identification:_identify(src) by extension 'python_setup_py'
[0.309s] Level 1:colcon.colcon_core.package_identification:_identify(src/dxl_test) by extensions ['ignore', 'ignore_ament_install']
[0.309s] Level 1:colcon.colcon_core.package_identification:_identify(src/dxl_test) by extension 'ignore'
[0.309s] Level 1:colcon.colcon_core.package_identification:_identify(src/dxl_test) by extension 'ignore_ament_install'
[0.310s] Level 1:colcon.colcon_core.package_identification:_identify(src/dxl_test) by extensions ['colcon_pkg']
[0.310s] Level 1:colcon.colcon_core.package_identification:_identify(src/dxl_test) by extension 'colcon_pkg'
[0.310s] Level 1:colcon.colcon_core.package_identification:_identify(src/dxl_test) by extensions ['colcon_meta']
[0.310s] Level 1:colcon.colcon_core.package_identification:_identify(src/dxl_test) by extension 'colcon_meta'
[0.310s] Level 1:colcon.colcon_core.package_identification:_identify(src/dxl_test) by extensions ['ros']
[0.310s] Level 1:colcon.colcon_core.package_identification:_identify(src/dxl_test) by extension 'ros'
[0.312s] DEBUG:colcon.colcon_core.package_identification:Package 'src/dxl_test' with type 'ros.ament_cmake' and name 'dxl_test'
[0.313s] Level 1:colcon.colcon_core.package_identification:_identify(src/mobilebot_bringup) by extensions ['ignore', 'ignore_ament_install']
[0.313s] Level 1:colcon.colcon_core.package_identification:_identify(src/mobilebot_bringup) by extension 'ignore'
[0.313s] Level 1:colcon.colcon_core.package_identification:_identify(src/mobilebot_bringup) by extension 'ignore_ament_install'
[0.313s] Level 1:colcon.colcon_core.package_identification:_identify(src/mobilebot_bringup) by extensions ['colcon_pkg']
[0.313s] Level 1:colcon.colcon_core.package_identification:_identify(src/mobilebot_bringup) by extension 'colcon_pkg'
[0.313s] Level 1:colcon.colcon_core.package_identification:_identify(src/mobilebot_bringup) by extensions ['colcon_meta']
[0.313s] Level 1:colcon.colcon_core.package_identification:_identify(src/mobilebot_bringup) by extension 'colcon_meta'
[0.313s] Level 1:colcon.colcon_core.package_identification:_identify(src/mobilebot_bringup) by extensions ['ros']
[0.313s] Level 1:colcon.colcon_core.package_identification:_identify(src/mobilebot_bringup) by extension 'ros'
[0.314s] DEBUG:colcon.colcon_core.package_identification:Package 'src/mobilebot_bringup' with type 'ros.ament_cmake' and name 'mobilebot_bringup'
[0.314s] Level 1:colcon.colcon_core.package_identification:_identify(src/mobilebot_description) by extensions ['ignore', 'ignore_ament_install']
[0.314s] Level 1:colcon.colcon_core.package_identification:_identify(src/mobilebot_description) by extension 'ignore'
[0.314s] Level 1:colcon.colcon_core.package_identification:_identify(src/mobilebot_description) by extension 'ignore_ament_install'
[0.314s] Level 1:colcon.colcon_core.package_identification:_identify(src/mobilebot_description) by extensions ['colcon_pkg']
[0.314s] Level 1:colcon.colcon_core.package_identification:_identify(src/mobilebot_description) by extension 'colcon_pkg'
[0.314s] Level 1:colcon.colcon_core.package_identification:_identify(src/mobilebot_description) by extensions ['colcon_meta']
[0.314s] Level 1:colcon.colcon_core.package_identification:_identify(src/mobilebot_description) by extension 'colcon_meta'
[0.314s] Level 1:colcon.colcon_core.package_identification:_identify(src/mobilebot_description) by extensions ['ros']
[0.314s] Level 1:colcon.colcon_core.package_identification:_identify(src/mobilebot_description) by extension 'ros'
[0.315s] DEBUG:colcon.colcon_core.package_identification:Package 'src/mobilebot_description' with type 'ros.ament_cmake' and name 'mobilebot_description'
[0.315s] Level 1:colcon.colcon_core.package_identification:_identify(src/mobilebot_hardware) by extensions ['ignore', 'ignore_ament_install']
[0.315s] Level 1:colcon.colcon_core.package_identification:_identify(src/mobilebot_hardware) by extension 'ignore'
[0.315s] Level 1:colcon.colcon_core.package_identification:_identify(src/mobilebot_hardware) by extension 'ignore_ament_install'
[0.315s] Level 1:colcon.colcon_core.package_identification:_identify(src/mobilebot_hardware) by extensions ['colcon_pkg']
[0.315s] Level 1:colcon.colcon_core.package_identification:_identify(src/mobilebot_hardware) by extension 'colcon_pkg'
[0.315s] Level 1:colcon.colcon_core.package_identification:_identify(src/mobilebot_hardware) by extensions ['colcon_meta']
[0.315s] Level 1:colcon.colcon_core.package_identification:_identify(src/mobilebot_hardware) by extension 'colcon_meta'
[0.315s] Level 1:colcon.colcon_core.package_identification:_identify(src/mobilebot_hardware) by extensions ['ros']
[0.315s] Level 1:colcon.colcon_core.package_identification:_identify(src/mobilebot_hardware) by extension 'ros'
[0.316s] DEBUG:colcon.colcon_core.package_identification:Package 'src/mobilebot_hardware' with type 'ros.ament_cmake' and name 'mobilebot_hardware'
[0.316s] Level 1:colcon.colcon_core.package_discovery:discover_packages(recursive) using defaults
[0.316s] Level 1:colcon.colcon_core.package_discovery:discover_packages(ignore) discover
[0.316s] Level 1:colcon.colcon_core.package_discovery:discover_packages(ignore) using defaults
[0.316s] Level 1:colcon.colcon_core.package_discovery:discover_packages(path) discover
[0.316s] Level 1:colcon.colcon_core.package_discovery:discover_packages(path) using defaults
[0.349s] Level 1:colcon.colcon_core.package_discovery:discover_packages(prefix_path) check parameters
[0.350s] Level 1:colcon.colcon_core.package_discovery:discover_packages(prefix_path) discover
[0.352s] DEBUG:colcon.colcon_installed_package_information.package_discovery:Found 3 installed packages in /home/saeedbzrgn/Desktop/My-ROS2_Projects/My-ROS2-Humble/Tutorial_ROS2_Control/ROS2Ctrl_ws/install
[0.354s] DEBUG:colcon.colcon_installed_package_information.package_discovery:Found 324 installed packages in /opt/ros/humble
[0.355s] Level 1:colcon.colcon_core.package_discovery:discover_packages(prefix_path) using defaults
[0.402s] Level 5:colcon.colcon_core.verb:set package 'dxl_test' build argument 'cmake_args' from command line to 'None'
[0.402s] Level 5:colcon.colcon_core.verb:set package 'dxl_test' build argument 'cmake_target' from command line to 'None'
[0.402s] Level 5:colcon.colcon_core.verb:set package 'dxl_test' build argument 'cmake_target_skip_unavailable' from command line to 'False'
[0.402s] Level 5:colcon.colcon_core.verb:set package 'dxl_test' build argument 'cmake_clean_cache' from command line to 'False'
[0.402s] Level 5:colcon.colcon_core.verb:set package 'dxl_test' build argument 'cmake_clean_first' from command line to 'False'
[0.402s] Level 5:colcon.colcon_core.verb:set package 'dxl_test' build argument 'cmake_force_configure' from command line to 'False'
[0.402s] Level 5:colcon.colcon_core.verb:set package 'dxl_test' build argument 'ament_cmake_args' from command line to 'None'
[0.402s] Level 5:colcon.colcon_core.verb:set package 'dxl_test' build argument 'catkin_cmake_args' from command line to 'None'
[0.403s] Level 5:colcon.colcon_core.verb:set package 'dxl_test' build argument 'catkin_skip_building_tests' from command line to 'False'
[0.403s] DEBUG:colcon.colcon_core.verb:Building package 'dxl_test' with the following arguments: {'ament_cmake_args': None, 'build_base': '/home/saeedbzrgn/Desktop/My-ROS2_Projects/My-ROS2-Humble/Tutorial_ROS2_Control/ROS2Ctrl_ws/build/dxl_test', 'catkin_cmake_args': None, 'catkin_skip_building_tests': False, 'cmake_args': None, 'cmake_clean_cache': False, 'cmake_clean_first': False, 'cmake_force_configure': False, 'cmake_target': None, 'cmake_target_skip_unavailable': False, 'install_base': '/home/saeedbzrgn/Desktop/My-ROS2_Projects/My-ROS2-Humble/Tutorial_ROS2_Control/ROS2Ctrl_ws/install/dxl_test', 'merge_install': False, 'path': '/home/saeedbzrgn/Desktop/My-ROS2_Projects/My-ROS2-Humble/Tutorial_ROS2_Control/ROS2Ctrl_ws/src/dxl_test', 'symlink_install': False, 'test_result_base': None}
[0.403s] Level 5:colcon.colcon_core.verb:set package 'mobilebot_description' build argument 'cmake_args' from command line to 'None'
[0.403s] Level 5:colcon.colcon_core.verb:set package 'mobilebot_description' build argument 'cmake_target' from command line to 'None'
[0.403s] Level 5:colcon.colcon_core.verb:set package 'mobilebot_description' build argument 'cmake_target_skip_unavailable' from command line to 'False'
[0.403s] Level 5:colcon.colcon_core.verb:set package 'mobilebot_description' build argument 'cmake_clean_cache' from command line to 'False'
[0.403s] Level 5:colcon.colcon_core.verb:set package 'mobilebot_description' build argument 'cmake_clean_first' from command line to 'False'
[0.403s] Level 5:colcon.colcon_core.verb:set package 'mobilebot_description' build argument 'cmake_force_configure' from command line to 'False'
[0.403s] Level 5:colcon.colcon_core.verb:set package 'mobilebot_description' build argument 'ament_cmake_args' from command line to 'None'
[0.403s] Level 5:colcon.colcon_core.verb:set package 'mobilebot_description' build argument 'catkin_cmake_args' from command line to 'None'
[0.403s] Level 5:colcon.colcon_core.verb:set package 'mobilebot_description' build argument 'catkin_skip_building_tests' from command line to 'False'
[0.403s] DEBUG:colcon.colcon_core.verb:Building package 'mobilebot_description' with the following arguments: {'ament_cmake_args': None, 'build_base': '/home/saeedbzrgn/Desktop/My-ROS2_Projects/My-ROS2-Humble/Tutorial_ROS2_Control/ROS2Ctrl_ws/build/mobilebot_description', 'catkin_cmake_args': None, 'catkin_skip_building_tests': False, 'cmake_args': None, 'cmake_clean_cache': False, 'cmake_clean_first': False, 'cmake_force_configure': False, 'cmake_target': None, 'cmake_target_skip_unavailable': False, 'install_base': '/home/saeedbzrgn/Desktop/My-ROS2_Projects/My-ROS2-Humble/Tutorial_ROS2_Control/ROS2Ctrl_ws/install/mobilebot_description', 'merge_install': False, 'path': '/home/saeedbzrgn/Desktop/My-ROS2_Projects/My-ROS2-Humble/Tutorial_ROS2_Control/ROS2Ctrl_ws/src/mobilebot_description', 'symlink_install': False, 'test_result_base': None}
[0.404s] Level 5:colcon.colcon_core.verb:set package 'mobilebot_hardware' build argument 'cmake_args' from command line to 'None'
[0.404s] Level 5:colcon.colcon_core.verb:set package 'mobilebot_hardware' build argument 'cmake_target' from command line to 'None'
[0.404s] Level 5:colcon.colcon_core.verb:set package 'mobilebot_hardware' build argument 'cmake_target_skip_unavailable' from command line to 'False'
[0.404s] Level 5:colcon.colcon_core.verb:set package 'mobilebot_hardware' build argument 'cmake_clean_cache' from command line to 'False'
[0.404s] Level 5:colcon.colcon_core.verb:set package 'mobilebot_hardware' build argument 'cmake_clean_first' from command line to 'False'
[0.404s] Level 5:colcon.colcon_core.verb:set package 'mobilebot_hardware' build argument 'cmake_force_configure' from command line to 'False'
[0.404s] Level 5:colcon.colcon_core.verb:set package 'mobilebot_hardware' build argument 'ament_cmake_args' from command line to 'None'
[0.404s] Level 5:colcon.colcon_core.verb:set package 'mobilebot_hardware' build argument 'catkin_cmake_args' from command line to 'None'
[0.404s] Level 5:colcon.colcon_core.verb:set package 'mobilebot_hardware' build argument 'catkin_skip_building_tests' from command line to 'False'
[0.404s] DEBUG:colcon.colcon_core.verb:Building package 'mobilebot_hardware' with the following arguments: {'ament_cmake_args': None, 'build_base': '/home/saeedbzrgn/Desktop/My-ROS2_Projects/My-ROS2-Humble/Tutorial_ROS2_Control/ROS2Ctrl_ws/build/mobilebot_hardware', 'catkin_cmake_args': None, 'catkin_skip_building_tests': False, 'cmake_args': None, 'cmake_clean_cache': False, 'cmake_clean_first': False, 'cmake_force_configure': False, 'cmake_target': None, 'cmake_target_skip_unavailable': False, 'install_base': '/home/saeedbzrgn/Desktop/My-ROS2_Projects/My-ROS2-Humble/Tutorial_ROS2_Control/ROS2Ctrl_ws/install/mobilebot_hardware', 'merge_install': False, 'path': '/home/saeedbzrgn/Desktop/My-ROS2_Projects/My-ROS2-Humble/Tutorial_ROS2_Control/ROS2Ctrl_ws/src/mobilebot_hardware', 'symlink_install': False, 'test_result_base': None}
[0.404s] Level 5:colcon.colcon_core.verb:set package 'mobilebot_bringup' build argument 'cmake_args' from command line to 'None'
[0.404s] Level 5:colcon.colcon_core.verb:set package 'mobilebot_bringup' build argument 'cmake_target' from command line to 'None'
[0.404s] Level 5:colcon.colcon_core.verb:set package 'mobilebot_bringup' build argument 'cmake_target_skip_unavailable' from command line to 'False'
[0.404s] Level 5:colcon.colcon_core.verb:set package 'mobilebot_bringup' build argument 'cmake_clean_cache' from command line to 'False'
[0.404s] Level 5:colcon.colcon_core.verb:set package 'mobilebot_bringup' build argument 'cmake_clean_first' from command line to 'False'
[0.404s] Level 5:colcon.colcon_core.verb:set package 'mobilebot_bringup' build argument 'cmake_force_configure' from command line to 'False'
[0.404s] Level 5:colcon.colcon_core.verb:set package 'mobilebot_bringup' build argument 'ament_cmake_args' from command line to 'None'
[0.404s] Level 5:colcon.colcon_core.verb:set package 'mobilebot_bringup' build argument 'catkin_cmake_args' from command line to 'None'
[0.404s] Level 5:colcon.colcon_core.verb:set package 'mobilebot_bringup' build argument 'catkin_skip_building_tests' from command line to 'False'
[0.404s] DEBUG:colcon.colcon_core.verb:Building package 'mobilebot_bringup' with the following arguments: {'ament_cmake_args': None, 'build_base': '/home/saeedbzrgn/Desktop/My-ROS2_Projects/My-ROS2-Humble/Tutorial_ROS2_Control/ROS2Ctrl_ws/build/mobilebot_bringup', 'catkin_cmake_args': None, 'catkin_skip_building_tests': False, 'cmake_args': None, 'cmake_clean_cache': False, 'cmake_clean_first': False, 'cmake_force_configure': False, 'cmake_target': None, 'cmake_target_skip_unavailable': False, 'install_base': '/home/saeedbzrgn/Desktop/My-ROS2_Projects/My-ROS2-Humble/Tutorial_ROS2_Control/ROS2Ctrl_ws/install/mobilebot_bringup', 'merge_install': False, 'path': '/home/saeedbzrgn/Desktop/My-ROS2_Projects/My-ROS2-Humble/Tutorial_ROS2_Control/ROS2Ctrl_ws/src/mobilebot_bringup', 'symlink_install': False, 'test_result_base': None}
[0.404s] INFO:colcon.colcon_core.executor:Executing jobs using 'parallel' executor
[0.405s] DEBUG:colcon.colcon_parallel_executor.executor.parallel:run_until_complete
[0.406s] INFO:colcon.colcon_ros.task.ament_cmake.build:Building ROS package in '/home/saeedbzrgn/Desktop/My-ROS2_Projects/My-ROS2-Humble/Tutorial_ROS2_Control/ROS2Ctrl_ws/src/mobilebot_description' with build type 'ament_cmake'
[0.406s] INFO:colcon.colcon_cmake.task.cmake.build:Building CMake package in '/home/saeedbzrgn/Desktop/My-ROS2_Projects/My-ROS2-Humble/Tutorial_ROS2_Control/ROS2Ctrl_ws/src/mobilebot_description'
[0.408s] INFO:colcon.colcon_core.plugin_system:Skipping extension 'colcon_core.shell.bat': Not used on non-Windows systems
[0.409s] INFO:colcon.colcon_core.shell:Skip shell extension 'powershell' for command environment: Not usable outside of PowerShell
[0.409s] DEBUG:colcon.colcon_core.shell:Skip shell extension 'dsv' for command environment
[0.413s] INFO:colcon.colcon_ros.task.ament_cmake.build:Building ROS package in '/home/saeedbzrgn/Desktop/My-ROS2_Projects/My-ROS2-Humble/Tutorial_ROS2_Control/ROS2Ctrl_ws/src/dxl_test' with build type 'ament_cmake'
[0.413s] INFO:colcon.colcon_cmake.task.cmake.build:Building CMake package in '/home/saeedbzrgn/Desktop/My-ROS2_Projects/My-ROS2-Humble/Tutorial_ROS2_Control/ROS2Ctrl_ws/src/dxl_test'
[0.413s] INFO:colcon.colcon_core.shell:Skip shell extension 'powershell' for command environment: Not usable outside of PowerShell
[0.413s] DEBUG:colcon.colcon_core.shell:Skip shell extension 'dsv' for command environment
[0.419s] INFO:colcon.colcon_ros.task.ament_cmake.build:Building ROS package in '/home/saeedbzrgn/Desktop/My-ROS2_Projects/My-ROS2-Humble/Tutorial_ROS2_Control/ROS2Ctrl_ws/src/mobilebot_hardware' with build type 'ament_cmake'
[0.419s] INFO:colcon.colcon_cmake.task.cmake.build:Building CMake package in '/home/saeedbzrgn/Desktop/My-ROS2_Projects/My-ROS2-Humble/Tutorial_ROS2_Control/ROS2Ctrl_ws/src/mobilebot_hardware'
[0.419s] INFO:colcon.colcon_core.shell:Skip shell extension 'powershell' for command environment: Not usable outside of PowerShell
[0.420s] DEBUG:colcon.colcon_core.shell:Skip shell extension 'dsv' for command environment
[0.430s] DEBUG:colcon.colcon_core.event_handler.log_command:Invoking command in '/home/saeedbzrgn/Desktop/My-ROS2_Projects/My-ROS2-Humble/Tutorial_ROS2_Control/ROS2Ctrl_ws/build/mobilebot_description': CMAKE_PREFIX_PATH=${CMAKE_PREFIX_PATH}:/opt/ros/humble /usr/bin/cmake --build /home/saeedbzrgn/Desktop/My-ROS2_Projects/My-ROS2-Humble/Tutorial_ROS2_Control/ROS2Ctrl_ws/build/mobilebot_description -- -j4 -l4
[0.434s] DEBUG:colcon.colcon_core.event_handler.log_command:Invoking command in '/home/saeedbzrgn/Desktop/My-ROS2_Projects/My-ROS2-Humble/Tutorial_ROS2_Control/ROS2Ctrl_ws/build/dxl_test': CMAKE_PREFIX_PATH=${CMAKE_PREFIX_PATH}:/opt/ros/humble /usr/bin/cmake /home/saeedbzrgn/Desktop/My-ROS2_Projects/My-ROS2-Humble/Tutorial_ROS2_Control/ROS2Ctrl_ws/src/dxl_test -DCMAKE_INSTALL_PREFIX=/home/saeedbzrgn/Desktop/My-ROS2_Projects/My-ROS2-Humble/Tutorial_ROS2_Control/ROS2Ctrl_ws/install/dxl_test
[0.440s] DEBUG:colcon.colcon_core.event_handler.log_command:Invoking command in '/home/saeedbzrgn/Desktop/My-ROS2_Projects/My-ROS2-Humble/Tutorial_ROS2_Control/ROS2Ctrl_ws/build/mobilebot_hardware': CMAKE_PREFIX_PATH=${CMAKE_PREFIX_PATH}:/opt/ros/humble /usr/bin/cmake /home/saeedbzrgn/Desktop/My-ROS2_Projects/My-ROS2-Humble/Tutorial_ROS2_Control/ROS2Ctrl_ws/src/mobilebot_hardware -DCMAKE_INSTALL_PREFIX=/home/saeedbzrgn/Desktop/My-ROS2_Projects/My-ROS2-Humble/Tutorial_ROS2_Control/ROS2Ctrl_ws/install/mobilebot_hardware
[0.496s] DEBUG:colcon.colcon_core.event_handler.log_command:Invoked command in '/home/saeedbzrgn/Desktop/My-ROS2_Projects/My-ROS2-Humble/Tutorial_ROS2_Control/ROS2Ctrl_ws/build/mobilebot_description' returned '0': CMAKE_PREFIX_PATH=${CMAKE_PREFIX_PATH}:/opt/ros/humble /usr/bin/cmake --build /home/saeedbzrgn/Desktop/My-ROS2_Projects/My-ROS2-Humble/Tutorial_ROS2_Control/ROS2Ctrl_ws/build/mobilebot_description -- -j4 -l4
[0.512s] DEBUG:colcon.colcon_core.event_handler.log_command:Invoking command in '/home/saeedbzrgn/Desktop/My-ROS2_Projects/My-ROS2-Humble/Tutorial_ROS2_Control/ROS2Ctrl_ws/build/mobilebot_description': CMAKE_PREFIX_PATH=${CMAKE_PREFIX_PATH}:/opt/ros/humble /usr/bin/cmake --install /home/saeedbzrgn/Desktop/My-ROS2_Projects/My-ROS2-Humble/Tutorial_ROS2_Control/ROS2Ctrl_ws/build/mobilebot_description
[0.531s] Level 1:colcon.colcon_core.environment:create_environment_scripts_only(mobilebot_description)
[0.532s] DEBUG:colcon.colcon_core.event_handler.log_command:Invoked command in '/home/saeedbzrgn/Desktop/My-ROS2_Projects/My-ROS2-Humble/Tutorial_ROS2_Control/ROS2Ctrl_ws/build/mobilebot_description' returned '0': CMAKE_PREFIX_PATH=${CMAKE_PREFIX_PATH}:/opt/ros/humble /usr/bin/cmake --install /home/saeedbzrgn/Desktop/My-ROS2_Projects/My-ROS2-Humble/Tutorial_ROS2_Control/ROS2Ctrl_ws/build/mobilebot_description
[0.536s] Level 1:colcon.colcon_core.environment:checking '/home/saeedbzrgn/Desktop/My-ROS2_Projects/My-ROS2-Humble/Tutorial_ROS2_Control/ROS2Ctrl_ws/install/mobilebot_description' for CMake module files
[0.537s] Level 1:colcon.colcon_core.environment:checking '/home/saeedbzrgn/Desktop/My-ROS2_Projects/My-ROS2-Humble/Tutorial_ROS2_Control/ROS2Ctrl_ws/install/mobilebot_description' for CMake config files
[0.537s] Level 1:colcon.colcon_core.shell:create_environment_hook('mobilebot_description', 'cmake_prefix_path')
[0.538s] INFO:colcon.colcon_core.shell:Creating environment hook '/home/saeedbzrgn/Desktop/My-ROS2_Projects/My-ROS2-Humble/Tutorial_ROS2_Control/ROS2Ctrl_ws/install/mobilebot_description/share/mobilebot_description/hook/cmake_prefix_path.ps1'
[0.539s] INFO:colcon.colcon_core.shell:Creating environment descriptor '/home/saeedbzrgn/Desktop/My-ROS2_Projects/My-ROS2-Humble/Tutorial_ROS2_Control/ROS2Ctrl_ws/install/mobilebot_description/share/mobilebot_description/hook/cmake_prefix_path.dsv'
[0.540s] INFO:colcon.colcon_core.shell:Creating environment hook '/home/saeedbzrgn/Desktop/My-ROS2_Projects/My-ROS2-Humble/Tutorial_ROS2_Control/ROS2Ctrl_ws/install/mobilebot_description/share/mobilebot_description/hook/cmake_prefix_path.sh'
[0.541s] Level 1:colcon.colcon_core.environment:checking '/home/saeedbzrgn/Desktop/My-ROS2_Projects/My-ROS2-Humble/Tutorial_ROS2_Control/ROS2Ctrl_ws/install/mobilebot_description/bin'
[0.542s] Level 1:colcon.colcon_core.environment:checking '/home/saeedbzrgn/Desktop/My-ROS2_Projects/My-ROS2-Humble/Tutorial_ROS2_Control/ROS2Ctrl_ws/install/mobilebot_description/lib/pkgconfig/mobilebot_description.pc'
[0.542s] Level 1:colcon.colcon_core.environment:checking '/home/saeedbzrgn/Desktop/My-ROS2_Projects/My-ROS2-Humble/Tutorial_ROS2_Control/ROS2Ctrl_ws/install/mobilebot_description/lib/python3.10/site-packages'
[0.543s] Level 1:colcon.colcon_core.environment:checking '/home/saeedbzrgn/Desktop/My-ROS2_Projects/My-ROS2-Humble/Tutorial_ROS2_Control/ROS2Ctrl_ws/install/mobilebot_description/bin'
[0.544s] INFO:colcon.colcon_core.shell:Creating package script '/home/saeedbzrgn/Desktop/My-ROS2_Projects/My-ROS2-Humble/Tutorial_ROS2_Control/ROS2Ctrl_ws/install/mobilebot_description/share/mobilebot_description/package.ps1'
[0.546s] INFO:colcon.colcon_core.shell:Creating package descriptor '/home/saeedbzrgn/Desktop/My-ROS2_Projects/My-ROS2-Humble/Tutorial_ROS2_Control/ROS2Ctrl_ws/install/mobilebot_description/share/mobilebot_description/package.dsv'
[0.546s] INFO:colcon.colcon_core.shell:Creating package script '/home/saeedbzrgn/Desktop/My-ROS2_Projects/My-ROS2-Humble/Tutorial_ROS2_Control/ROS2Ctrl_ws/install/mobilebot_description/share/mobilebot_description/package.sh'
[0.547s] INFO:colcon.colcon_core.shell:Creating package script '/home/saeedbzrgn/Desktop/My-ROS2_Projects/My-ROS2-Humble/Tutorial_ROS2_Control/ROS2Ctrl_ws/install/mobilebot_description/share/mobilebot_description/package.bash'
[0.548s] INFO:colcon.colcon_core.shell:Creating package script '/home/saeedbzrgn/Desktop/My-ROS2_Projects/My-ROS2-Humble/Tutorial_ROS2_Control/ROS2Ctrl_ws/install/mobilebot_description/share/mobilebot_description/package.zsh'
[0.549s] Level 1:colcon.colcon_core.environment:create_file_with_runtime_dependencies(/home/saeedbzrgn/Desktop/My-ROS2_Projects/My-ROS2-Humble/Tutorial_ROS2_Control/ROS2Ctrl_ws/install/mobilebot_description/share/colcon-core/packages/mobilebot_description)
[0.550s] Level 1:colcon.colcon_core.environment:create_environment_scripts_only(mobilebot_description)
[0.550s] Level 1:colcon.colcon_core.environment:checking '/home/saeedbzrgn/Desktop/My-ROS2_Projects/My-ROS2-Humble/Tutorial_ROS2_Control/ROS2Ctrl_ws/install/mobilebot_description' for CMake module files
[0.551s] Level 1:colcon.colcon_core.environment:checking '/home/saeedbzrgn/Desktop/My-ROS2_Projects/My-ROS2-Humble/Tutorial_ROS2_Control/ROS2Ctrl_ws/install/mobilebot_description' for CMake config files
[0.552s] Level 1:colcon.colcon_core.shell:create_environment_hook('mobilebot_description', 'cmake_prefix_path')
[0.552s] INFO:colcon.colcon_core.shell:Creating environment hook '/home/saeedbzrgn/Desktop/My-ROS2_Projects/My-ROS2-Humble/Tutorial_ROS2_Control/ROS2Ctrl_ws/install/mobilebot_description/share/mobilebot_description/hook/cmake_prefix_path.ps1'
[0.553s] INFO:colcon.colcon_core.shell:Creating environment descriptor '/home/saeedbzrgn/Desktop/My-ROS2_Projects/My-ROS2-Humble/Tutorial_ROS2_Control/ROS2Ctrl_ws/install/mobilebot_description/share/mobilebot_description/hook/cmake_prefix_path.dsv'
[0.554s] INFO:colcon.colcon_core.shell:Creating environment hook '/home/saeedbzrgn/Desktop/My-ROS2_Projects/My-ROS2-Humble/Tutorial_ROS2_Control/ROS2Ctrl_ws/install/mobilebot_description/share/mobilebot_description/hook/cmake_prefix_path.sh'
[0.555s] Level 1:colcon.colcon_core.environment:checking '/home/saeedbzrgn/Desktop/My-ROS2_Projects/My-ROS2-Humble/Tutorial_ROS2_Control/ROS2Ctrl_ws/install/mobilebot_description/bin'
[0.555s] Level 1:colcon.colcon_core.environment:checking '/home/saeedbzrgn/Desktop/My-ROS2_Projects/My-ROS2-Humble/Tutorial_ROS2_Control/ROS2Ctrl_ws/install/mobilebot_description/lib/pkgconfig/mobilebot_description.pc'
[0.555s] Level 1:colcon.colcon_core.environment:checking '/home/saeedbzrgn/Desktop/My-ROS2_Projects/My-ROS2-Humble/Tutorial_ROS2_Control/ROS2Ctrl_ws/install/mobilebot_description/lib/python3.10/site-packages'
[0.556s] Level 1:colcon.colcon_core.environment:checking '/home/saeedbzrgn/Desktop/My-ROS2_Projects/My-ROS2-Humble/Tutorial_ROS2_Control/ROS2Ctrl_ws/install/mobilebot_description/bin'
[0.556s] INFO:colcon.colcon_core.shell:Creating package script '/home/saeedbzrgn/Desktop/My-ROS2_Projects/My-ROS2-Humble/Tutorial_ROS2_Control/ROS2Ctrl_ws/install/mobilebot_description/share/mobilebot_description/package.ps1'
[0.557s] INFO:colcon.colcon_core.shell:Creating package descriptor '/home/saeedbzrgn/Desktop/My-ROS2_Projects/My-ROS2-Humble/Tutorial_ROS2_Control/ROS2Ctrl_ws/install/mobilebot_description/share/mobilebot_description/package.dsv'
[0.558s] INFO:colcon.colcon_core.shell:Creating package script '/home/saeedbzrgn/Desktop/My-ROS2_Projects/My-ROS2-Humble/Tutorial_ROS2_Control/ROS2Ctrl_ws/install/mobilebot_description/share/mobilebot_description/package.sh'
[0.558s] INFO:colcon.colcon_core.shell:Creating package script '/home/saeedbzrgn/Desktop/My-ROS2_Projects/My-ROS2-Humble/Tutorial_ROS2_Control/ROS2Ctrl_ws/install/mobilebot_description/share/mobilebot_description/package.bash'
[0.559s] INFO:colcon.colcon_core.shell:Creating package script '/home/saeedbzrgn/Desktop/My-ROS2_Projects/My-ROS2-Humble/Tutorial_ROS2_Control/ROS2Ctrl_ws/install/mobilebot_description/share/mobilebot_description/package.zsh'
[0.559s] Level 1:colcon.colcon_core.environment:create_file_with_runtime_dependencies(/home/saeedbzrgn/Desktop/My-ROS2_Projects/My-ROS2-Humble/Tutorial_ROS2_Control/ROS2Ctrl_ws/install/mobilebot_description/share/colcon-core/packages/mobilebot_description)
[0.560s] INFO:colcon.colcon_ros.task.ament_cmake.build:Building ROS package in '/home/saeedbzrgn/Desktop/My-ROS2_Projects/My-ROS2-Humble/Tutorial_ROS2_Control/ROS2Ctrl_ws/src/mobilebot_bringup' with build type 'ament_cmake'
[0.560s] INFO:colcon.colcon_cmake.task.cmake.build:Building CMake package in '/home/saeedbzrgn/Desktop/My-ROS2_Projects/My-ROS2-Humble/Tutorial_ROS2_Control/ROS2Ctrl_ws/src/mobilebot_bringup'
[0.560s] INFO:colcon.colcon_core.shell:Skip shell extension 'powershell' for command environment: Not usable outside of PowerShell
[0.561s] DEBUG:colcon.colcon_core.shell:Skip shell extension 'dsv' for command environment
[0.576s] DEBUG:colcon.colcon_core.event_handler.log_command:Invoking command in '/home/saeedbzrgn/Desktop/My-ROS2_Projects/My-ROS2-Humble/Tutorial_ROS2_Control/ROS2Ctrl_ws/build/mobilebot_bringup': CMAKE_PREFIX_PATH=/home/saeedbzrgn/Desktop/My-ROS2_Projects/My-ROS2-Humble/Tutorial_ROS2_Control/ROS2Ctrl_ws/install/mobilebot_description:/home/saeedbzrgn/Desktop/My-ROS2_Projects/My-ROS2-Humble/Tutorial_ROS2_Control/ROS2Ctrl_ws/install/mobilebot_bringup:/opt/ros/humble /usr/bin/cmake --build /home/saeedbzrgn/Desktop/My-ROS2_Projects/My-ROS2-Humble/Tutorial_ROS2_Control/ROS2Ctrl_ws/build/mobilebot_bringup -- -j4 -l4
[0.631s] DEBUG:colcon.colcon_core.event_handler.log_command:Invoked command in '/home/saeedbzrgn/Desktop/My-ROS2_Projects/My-ROS2-Humble/Tutorial_ROS2_Control/ROS2Ctrl_ws/build/mobilebot_bringup' returned '0': CMAKE_PREFIX_PATH=/home/saeedbzrgn/Desktop/My-ROS2_Projects/My-ROS2-Humble/Tutorial_ROS2_Control/ROS2Ctrl_ws/install/mobilebot_description:/home/saeedbzrgn/Desktop/My-ROS2_Projects/My-ROS2-Humble/Tutorial_ROS2_Control/ROS2Ctrl_ws/install/mobilebot_bringup:/opt/ros/humble /usr/bin/cmake --build /home/saeedbzrgn/Desktop/My-ROS2_Projects/My-ROS2-Humble/Tutorial_ROS2_Control/ROS2Ctrl_ws/build/mobilebot_bringup -- -j4 -l4
[0.633s] DEBUG:colcon.colcon_core.event_handler.log_command:Invoking command in '/home/saeedbzrgn/Desktop/My-ROS2_Projects/My-ROS2-Humble/Tutorial_ROS2_Control/ROS2Ctrl_ws/build/mobilebot_bringup': CMAKE_PREFIX_PATH=/home/saeedbzrgn/Desktop/My-ROS2_Projects/My-ROS2-Humble/Tutorial_ROS2_Control/ROS2Ctrl_ws/install/mobilebot_description:/home/saeedbzrgn/Desktop/My-ROS2_Projects/My-ROS2-Humble/Tutorial_ROS2_Control/ROS2Ctrl_ws/install/mobilebot_bringup:/opt/ros/humble /usr/bin/cmake --install /home/saeedbzrgn/Desktop/My-ROS2_Projects/My-ROS2-Humble/Tutorial_ROS2_Control/ROS2Ctrl_ws/build/mobilebot_bringup
[0.647s] Level 1:colcon.colcon_core.environment:create_environment_scripts_only(mobilebot_bringup)
[0.648s] Level 1:colcon.colcon_core.environment:checking '/home/saeedbzrgn/Desktop/My-ROS2_Projects/My-ROS2-Humble/Tutorial_ROS2_Control/ROS2Ctrl_ws/install/mobilebot_bringup' for CMake module files
[0.649s] DEBUG:colcon.colcon_core.event_handler.log_command:Invoked command in '/home/saeedbzrgn/Desktop/My-ROS2_Projects/My-ROS2-Humble/Tutorial_ROS2_Control/ROS2Ctrl_ws/build/mobilebot_bringup' returned '0': CMAKE_PREFIX_PATH=/home/saeedbzrgn/Desktop/My-ROS2_Projects/My-ROS2-Humble/Tutorial_ROS2_Control/ROS2Ctrl_ws/install/mobilebot_description:/home/saeedbzrgn/Desktop/My-ROS2_Projects/My-ROS2-Humble/Tutorial_ROS2_Control/ROS2Ctrl_ws/install/mobilebot_bringup:/opt/ros/humble /usr/bin/cmake --install /home/saeedbzrgn/Desktop/My-ROS2_Projects/My-ROS2-Humble/Tutorial_ROS2_Control/ROS2Ctrl_ws/build/mobilebot_bringup
[0.650s] Level 1:colcon.colcon_core.environment:checking '/home/saeedbzrgn/Desktop/My-ROS2_Projects/My-ROS2-Humble/Tutorial_ROS2_Control/ROS2Ctrl_ws/install/mobilebot_bringup' for CMake config files
[0.650s] Level 1:colcon.colcon_core.shell:create_environment_hook('mobilebot_bringup', 'cmake_prefix_path')
[0.650s] INFO:colcon.colcon_core.shell:Creating environment hook '/home/saeedbzrgn/Desktop/My-ROS2_Projects/My-ROS2-Humble/Tutorial_ROS2_Control/ROS2Ctrl_ws/install/mobilebot_bringup/share/mobilebot_bringup/hook/cmake_prefix_path.ps1'
[0.651s] INFO:colcon.colcon_core.shell:Creating environment descriptor '/home/saeedbzrgn/Desktop/My-ROS2_Projects/My-ROS2-Humble/Tutorial_ROS2_Control/ROS2Ctrl_ws/install/mobilebot_bringup/share/mobilebot_bringup/hook/cmake_prefix_path.dsv'
[0.652s] INFO:colcon.colcon_core.shell:Creating environment hook '/home/saeedbzrgn/Desktop/My-ROS2_Projects/My-ROS2-Humble/Tutorial_ROS2_Control/ROS2Ctrl_ws/install/mobilebot_bringup/share/mobilebot_bringup/hook/cmake_prefix_path.sh'
[0.652s] Level 1:colcon.colcon_core.environment:checking '/home/saeedbzrgn/Desktop/My-ROS2_Projects/My-ROS2-Humble/Tutorial_ROS2_Control/ROS2Ctrl_ws/install/mobilebot_bringup/bin'
[0.652s] Level 1:colcon.colcon_core.environment:checking '/home/saeedbzrgn/Desktop/My-ROS2_Projects/My-ROS2-Humble/Tutorial_ROS2_Control/ROS2Ctrl_ws/install/mobilebot_bringup/lib/pkgconfig/mobilebot_bringup.pc'
[0.653s] Level 1:colcon.colcon_core.environment:checking '/home/saeedbzrgn/Desktop/My-ROS2_Projects/My-ROS2-Humble/Tutorial_ROS2_Control/ROS2Ctrl_ws/install/mobilebot_bringup/lib/python3.10/site-packages'
[0.653s] Level 1:colcon.colcon_core.environment:checking '/home/saeedbzrgn/Desktop/My-ROS2_Projects/My-ROS2-Humble/Tutorial_ROS2_Control/ROS2Ctrl_ws/install/mobilebot_bringup/bin'
[0.653s] INFO:colcon.colcon_core.shell:Creating package script '/home/saeedbzrgn/Desktop/My-ROS2_Projects/My-ROS2-Humble/Tutorial_ROS2_Control/ROS2Ctrl_ws/install/mobilebot_bringup/share/mobilebot_bringup/package.ps1'
[0.654s] INFO:colcon.colcon_core.shell:Creating package descriptor '/home/saeedbzrgn/Desktop/My-ROS2_Projects/My-ROS2-Humble/Tutorial_ROS2_Control/ROS2Ctrl_ws/install/mobilebot_bringup/share/mobilebot_bringup/package.dsv'
[0.655s] INFO:colcon.colcon_core.shell:Creating package script '/home/saeedbzrgn/Desktop/My-ROS2_Projects/My-ROS2-Humble/Tutorial_ROS2_Control/ROS2Ctrl_ws/install/mobilebot_bringup/share/mobilebot_bringup/package.sh'
[0.655s] INFO:colcon.colcon_core.shell:Creating package script '/home/saeedbzrgn/Desktop/My-ROS2_Projects/My-ROS2-Humble/Tutorial_ROS2_Control/ROS2Ctrl_ws/install/mobilebot_bringup/share/mobilebot_bringup/package.bash'
[0.656s] INFO:colcon.colcon_core.shell:Creating package script '/home/saeedbzrgn/Desktop/My-ROS2_Projects/My-ROS2-Humble/Tutorial_ROS2_Control/ROS2Ctrl_ws/install/mobilebot_bringup/share/mobilebot_bringup/package.zsh'
[0.656s] Level 1:colcon.colcon_core.environment:create_file_with_runtime_dependencies(/home/saeedbzrgn/Desktop/My-ROS2_Projects/My-ROS2-Humble/Tutorial_ROS2_Control/ROS2Ctrl_ws/install/mobilebot_bringup/share/colcon-core/packages/mobilebot_bringup)
[0.657s] Level 1:colcon.colcon_core.environment:create_environment_scripts_only(mobilebot_bringup)
[0.657s] Level 1:colcon.colcon_core.environment:checking '/home/saeedbzrgn/Desktop/My-ROS2_Projects/My-ROS2-Humble/Tutorial_ROS2_Control/ROS2Ctrl_ws/install/mobilebot_bringup' for CMake module files
[0.658s] Level 1:colcon.colcon_core.environment:checking '/home/saeedbzrgn/Desktop/My-ROS2_Projects/My-ROS2-Humble/Tutorial_ROS2_Control/ROS2Ctrl_ws/install/mobilebot_bringup' for CMake config files
[0.658s] Level 1:colcon.colcon_core.shell:create_environment_hook('mobilebot_bringup', 'cmake_prefix_path')
[0.658s] INFO:colcon.colcon_core.shell:Creating environment hook '/home/saeedbzrgn/Desktop/My-ROS2_Projects/My-ROS2-Humble/Tutorial_ROS2_Control/ROS2Ctrl_ws/install/mobilebot_bringup/share/mobilebot_bringup/hook/cmake_prefix_path.ps1'
[0.659s] INFO:colcon.colcon_core.shell:Creating environment descriptor '/home/saeedbzrgn/Desktop/My-ROS2_Projects/My-ROS2-Humble/Tutorial_ROS2_Control/ROS2Ctrl_ws/install/mobilebot_bringup/share/mobilebot_bringup/hook/cmake_prefix_path.dsv'
[0.659s] INFO:colcon.colcon_core.shell:Creating environment hook '/home/saeedbzrgn/Desktop/My-ROS2_Projects/My-ROS2-Humble/Tutorial_ROS2_Control/ROS2Ctrl_ws/install/mobilebot_bringup/share/mobilebot_bringup/hook/cmake_prefix_path.sh'
[0.660s] Level 1:colcon.colcon_core.environment:checking '/home/saeedbzrgn/Desktop/My-ROS2_Projects/My-ROS2-Humble/Tutorial_ROS2_Control/ROS2Ctrl_ws/install/mobilebot_bringup/bin'
[0.660s] Level 1:colcon.colcon_core.environment:checking '/home/saeedbzrgn/Desktop/My-ROS2_Projects/My-ROS2-Humble/Tutorial_ROS2_Control/ROS2Ctrl_ws/install/mobilebot_bringup/lib/pkgconfig/mobilebot_bringup.pc'
[0.661s] Level 1:colcon.colcon_core.environment:checking '/home/saeedbzrgn/Desktop/My-ROS2_Projects/My-ROS2-Humble/Tutorial_ROS2_Control/ROS2Ctrl_ws/install/mobilebot_bringup/lib/python3.10/site-packages'
[0.661s] Level 1:colcon.colcon_core.environment:checking '/home/saeedbzrgn/Desktop/My-ROS2_Projects/My-ROS2-Humble/Tutorial_ROS2_Control/ROS2Ctrl_ws/install/mobilebot_bringup/bin'
[0.662s] INFO:colcon.colcon_core.shell:Creating package script '/home/saeedbzrgn/Desktop/My-ROS2_Projects/My-ROS2-Humble/Tutorial_ROS2_Control/ROS2Ctrl_ws/install/mobilebot_bringup/share/mobilebot_bringup/package.ps1'
[0.662s] INFO:colcon.colcon_core.shell:Creating package descriptor '/home/saeedbzrgn/Desktop/My-ROS2_Projects/My-ROS2-Humble/Tutorial_ROS2_Control/ROS2Ctrl_ws/install/mobilebot_bringup/share/mobilebot_bringup/package.dsv'
[0.663s] INFO:colcon.colcon_core.shell:Creating package script '/home/saeedbzrgn/Desktop/My-ROS2_Projects/My-ROS2-Humble/Tutorial_ROS2_Control/ROS2Ctrl_ws/install/mobilebot_bringup/share/mobilebot_bringup/package.sh'
[0.664s] INFO:colcon.colcon_core.shell:Creating package script '/home/saeedbzrgn/Desktop/My-ROS2_Projects/My-ROS2-Humble/Tutorial_ROS2_Control/ROS2Ctrl_ws/install/mobilebot_bringup/share/mobilebot_bringup/package.bash'
[0.664s] INFO:colcon.colcon_core.shell:Creating package script '/home/saeedbzrgn/Desktop/My-ROS2_Projects/My-ROS2-Humble/Tutorial_ROS2_Control/ROS2Ctrl_ws/install/mobilebot_bringup/share/mobilebot_bringup/package.zsh'
[0.665s] Level 1:colcon.colcon_core.environment:create_file_with_runtime_dependencies(/home/saeedbzrgn/Desktop/My-ROS2_Projects/My-ROS2-Humble/Tutorial_ROS2_Control/ROS2Ctrl_ws/install/mobilebot_bringup/share/colcon-core/packages/mobilebot_bringup)
[1.097s] DEBUG:colcon.colcon_core.event_handler.log_command:Invoked command in '/home/saeedbzrgn/Desktop/My-ROS2_Projects/My-ROS2-Humble/Tutorial_ROS2_Control/ROS2Ctrl_ws/build/dxl_test' returned '0': CMAKE_PREFIX_PATH=${CMAKE_PREFIX_PATH}:/opt/ros/humble /usr/bin/cmake /home/saeedbzrgn/Desktop/My-ROS2_Projects/My-ROS2-Humble/Tutorial_ROS2_Control/ROS2Ctrl_ws/src/dxl_test -DCMAKE_INSTALL_PREFIX=/home/saeedbzrgn/Desktop/My-ROS2_Projects/My-ROS2-Humble/Tutorial_ROS2_Control/ROS2Ctrl_ws/install/dxl_test
[1.099s] DEBUG:colcon.colcon_core.event_handler.log_command:Invoking command in '/home/saeedbzrgn/Desktop/My-ROS2_Projects/My-ROS2-Humble/Tutorial_ROS2_Control/ROS2Ctrl_ws/build/dxl_test': CMAKE_PREFIX_PATH=${CMAKE_PREFIX_PATH}:/opt/ros/humble /usr/bin/cmake --build /home/saeedbzrgn/Desktop/My-ROS2_Projects/My-ROS2-Humble/Tutorial_ROS2_Control/ROS2Ctrl_ws/build/dxl_test -- -j4 -l4
[1.287s] DEBUG:colcon.colcon_core.event_handler.log_command:Invoked command in '/home/saeedbzrgn/Desktop/My-ROS2_Projects/My-ROS2-Humble/Tutorial_ROS2_Control/ROS2Ctrl_ws/build/mobilebot_hardware' returned '0': CMAKE_PREFIX_PATH=${CMAKE_PREFIX_PATH}:/opt/ros/humble /usr/bin/cmake /home/saeedbzrgn/Desktop/My-ROS2_Projects/My-ROS2-Humble/Tutorial_ROS2_Control/ROS2Ctrl_ws/src/mobilebot_hardware -DCMAKE_INSTALL_PREFIX=/home/saeedbzrgn/Desktop/My-ROS2_Projects/My-ROS2-Humble/Tutorial_ROS2_Control/ROS2Ctrl_ws/install/mobilebot_hardware
[1.290s] DEBUG:colcon.colcon_core.event_handler.log_command:Invoking command in '/home/saeedbzrgn/Desktop/My-ROS2_Projects/My-ROS2-Humble/Tutorial_ROS2_Control/ROS2Ctrl_ws/build/mobilebot_hardware': CMAKE_PREFIX_PATH=${CMAKE_PREFIX_PATH}:/opt/ros/humble /usr/bin/cmake --build /home/saeedbzrgn/Desktop/My-ROS2_Projects/My-ROS2-Humble/Tutorial_ROS2_Control/ROS2Ctrl_ws/build/mobilebot_hardware -- -j4 -l4
[3.382s] DEBUG:colcon.colcon_core.event_handler.log_command:Invoked command in '/home/saeedbzrgn/Desktop/My-ROS2_Projects/My-ROS2-Humble/Tutorial_ROS2_Control/ROS2Ctrl_ws/build/mobilebot_hardware' returned '0': CMAKE_PREFIX_PATH=${CMAKE_PREFIX_PATH}:/opt/ros/humble /usr/bin/cmake --build /home/saeedbzrgn/Desktop/My-ROS2_Projects/My-ROS2-Humble/Tutorial_ROS2_Control/ROS2Ctrl_ws/build/mobilebot_hardware -- -j4 -l4
[3.385s] DEBUG:colcon.colcon_core.event_handler.log_command:Invoking command in '/home/saeedbzrgn/Desktop/My-ROS2_Projects/My-ROS2-Humble/Tutorial_ROS2_Control/ROS2Ctrl_ws/build/mobilebot_hardware': CMAKE_PREFIX_PATH=${CMAKE_PREFIX_PATH}:/opt/ros/humble /usr/bin/cmake --install /home/saeedbzrgn/Desktop/My-ROS2_Projects/My-ROS2-Humble/Tutorial_ROS2_Control/ROS2Ctrl_ws/build/mobilebot_hardware
[3.405s] Level 1:colcon.colcon_core.environment:create_environment_scripts_only(mobilebot_hardware)
[3.405s] Level 1:colcon.colcon_core.environment:checking '/home/saeedbzrgn/Desktop/My-ROS2_Projects/My-ROS2-Humble/Tutorial_ROS2_Control/ROS2Ctrl_ws/install/mobilebot_hardware' for CMake module files
[3.406s] DEBUG:colcon.colcon_core.event_handler.log_command:Invoked command in '/home/saeedbzrgn/Desktop/My-ROS2_Projects/My-ROS2-Humble/Tutorial_ROS2_Control/ROS2Ctrl_ws/build/mobilebot_hardware' returned '0': CMAKE_PREFIX_PATH=${CMAKE_PREFIX_PATH}:/opt/ros/humble /usr/bin/cmake --install /home/saeedbzrgn/Desktop/My-ROS2_Projects/My-ROS2-Humble/Tutorial_ROS2_Control/ROS2Ctrl_ws/build/mobilebot_hardware
[3.407s] Level 1:colcon.colcon_core.environment:checking '/home/saeedbzrgn/Desktop/My-ROS2_Projects/My-ROS2-Humble/Tutorial_ROS2_Control/ROS2Ctrl_ws/install/mobilebot_hardware' for CMake config files
[3.407s] Level 1:colcon.colcon_core.shell:create_environment_hook('mobilebot_hardware', 'cmake_prefix_path')
[3.407s] INFO:colcon.colcon_core.shell:Creating environment hook '/home/saeedbzrgn/Desktop/My-ROS2_Projects/My-ROS2-Humble/Tutorial_ROS2_Control/ROS2Ctrl_ws/install/mobilebot_hardware/share/mobilebot_hardware/hook/cmake_prefix_path.ps1'
[3.408s] INFO:colcon.colcon_core.shell:Creating environment descriptor '/home/saeedbzrgn/Desktop/My-ROS2_Projects/My-ROS2-Humble/Tutorial_ROS2_Control/ROS2Ctrl_ws/install/mobilebot_hardware/share/mobilebot_hardware/hook/cmake_prefix_path.dsv'
[3.409s] INFO:colcon.colcon_core.shell:Creating environment hook '/home/saeedbzrgn/Desktop/My-ROS2_Projects/My-ROS2-Humble/Tutorial_ROS2_Control/ROS2Ctrl_ws/install/mobilebot_hardware/share/mobilebot_hardware/hook/cmake_prefix_path.sh'
[3.410s] Level 1:colcon.colcon_core.environment:checking '/home/saeedbzrgn/Desktop/My-ROS2_Projects/My-ROS2-Humble/Tutorial_ROS2_Control/ROS2Ctrl_ws/install/mobilebot_hardware/lib'
[3.410s] Level 1:colcon.colcon_core.shell:create_environment_hook('mobilebot_hardware', 'ld_library_path_lib')
[3.411s] INFO:colcon.colcon_core.shell:Creating environment hook '/home/saeedbzrgn/Desktop/My-ROS2_Projects/My-ROS2-Humble/Tutorial_ROS2_Control/ROS2Ctrl_ws/install/mobilebot_hardware/share/mobilebot_hardware/hook/ld_library_path_lib.ps1'
[3.411s] INFO:colcon.colcon_core.shell:Creating environment descriptor '/home/saeedbzrgn/Desktop/My-ROS2_Projects/My-ROS2-Humble/Tutorial_ROS2_Control/ROS2Ctrl_ws/install/mobilebot_hardware/share/mobilebot_hardware/hook/ld_library_path_lib.dsv'
[3.412s] INFO:colcon.colcon_core.shell:Creating environment hook '/home/saeedbzrgn/Desktop/My-ROS2_Projects/My-ROS2-Humble/Tutorial_ROS2_Control/ROS2Ctrl_ws/install/mobilebot_hardware/share/mobilebot_hardware/hook/ld_library_path_lib.sh'
[3.413s] Level 1:colcon.colcon_core.environment:checking '/home/saeedbzrgn/Desktop/My-ROS2_Projects/My-ROS2-Humble/Tutorial_ROS2_Control/ROS2Ctrl_ws/install/mobilebot_hardware/bin'
[3.413s] Level 1:colcon.colcon_core.environment:checking '/home/saeedbzrgn/Desktop/My-ROS2_Projects/My-ROS2-Humble/Tutorial_ROS2_Control/ROS2Ctrl_ws/install/mobilebot_hardware/lib/pkgconfig/mobilebot_hardware.pc'
[3.413s] Level 1:colcon.colcon_core.environment:checking '/home/saeedbzrgn/Desktop/My-ROS2_Projects/My-ROS2-Humble/Tutorial_ROS2_Control/ROS2Ctrl_ws/install/mobilebot_hardware/lib/python3.10/site-packages'
[3.414s] Level 1:colcon.colcon_core.environment:checking '/home/saeedbzrgn/Desktop/My-ROS2_Projects/My-ROS2-Humble/Tutorial_ROS2_Control/ROS2Ctrl_ws/install/mobilebot_hardware/bin'
[3.415s] INFO:colcon.colcon_core.shell:Creating package script '/home/saeedbzrgn/Desktop/My-ROS2_Projects/My-ROS2-Humble/Tutorial_ROS2_Control/ROS2Ctrl_ws/install/mobilebot_hardware/share/mobilebot_hardware/package.ps1'
[3.416s] INFO:colcon.colcon_core.shell:Creating package descriptor '/home/saeedbzrgn/Desktop/My-ROS2_Projects/My-ROS2-Humble/Tutorial_ROS2_Control/ROS2Ctrl_ws/install/mobilebot_hardware/share/mobilebot_hardware/package.dsv'
[3.417s] INFO:colcon.colcon_core.shell:Creating package script '/home/saeedbzrgn/Desktop/My-ROS2_Projects/My-ROS2-Humble/Tutorial_ROS2_Control/ROS2Ctrl_ws/install/mobilebot_hardware/share/mobilebot_hardware/package.sh'
[3.418s] INFO:colcon.colcon_core.shell:Creating package script '/home/saeedbzrgn/Desktop/My-ROS2_Projects/My-ROS2-Humble/Tutorial_ROS2_Control/ROS2Ctrl_ws/install/mobilebot_hardware/share/mobilebot_hardware/package.bash'
[3.418s] INFO:colcon.colcon_core.shell:Creating package script '/home/saeedbzrgn/Desktop/My-ROS2_Projects/My-ROS2-Humble/Tutorial_ROS2_Control/ROS2Ctrl_ws/install/mobilebot_hardware/share/mobilebot_hardware/package.zsh'
[3.419s] Level 1:colcon.colcon_core.environment:create_file_with_runtime_dependencies(/home/saeedbzrgn/Desktop/My-ROS2_Projects/My-ROS2-Humble/Tutorial_ROS2_Control/ROS2Ctrl_ws/install/mobilebot_hardware/share/colcon-core/packages/mobilebot_hardware)
[3.420s] Level 1:colcon.colcon_core.environment:create_environment_scripts_only(mobilebot_hardware)
[3.420s] Level 1:colcon.colcon_core.environment:checking '/home/saeedbzrgn/Desktop/My-ROS2_Projects/My-ROS2-Humble/Tutorial_ROS2_Control/ROS2Ctrl_ws/install/mobilebot_hardware' for CMake module files
[3.421s] Level 1:colcon.colcon_core.environment:checking '/home/saeedbzrgn/Desktop/My-ROS2_Projects/My-ROS2-Humble/Tutorial_ROS2_Control/ROS2Ctrl_ws/install/mobilebot_hardware' for CMake config files
[3.422s] Level 1:colcon.colcon_core.shell:create_environment_hook('mobilebot_hardware', 'cmake_prefix_path')
[3.422s] INFO:colcon.colcon_core.shell:Creating environment hook '/home/saeedbzrgn/Desktop/My-ROS2_Projects/My-ROS2-Humble/Tutorial_ROS2_Control/ROS2Ctrl_ws/install/mobilebot_hardware/share/mobilebot_hardware/hook/cmake_prefix_path.ps1'
[3.423s] INFO:colcon.colcon_core.shell:Creating environment descriptor '/home/saeedbzrgn/Desktop/My-ROS2_Projects/My-ROS2-Humble/Tutorial_ROS2_Control/ROS2Ctrl_ws/install/mobilebot_hardware/share/mobilebot_hardware/hook/cmake_prefix_path.dsv'
[3.424s] INFO:colcon.colcon_core.shell:Creating environment hook '/home/saeedbzrgn/Desktop/My-ROS2_Projects/My-ROS2-Humble/Tutorial_ROS2_Control/ROS2Ctrl_ws/install/mobilebot_hardware/share/mobilebot_hardware/hook/cmake_prefix_path.sh'
[3.425s] Level 1:colcon.colcon_core.environment:checking '/home/saeedbzrgn/Desktop/My-ROS2_Projects/My-ROS2-Humble/Tutorial_ROS2_Control/ROS2Ctrl_ws/install/mobilebot_hardware/lib'
[3.425s] Level 1:colcon.colcon_core.shell:create_environment_hook('mobilebot_hardware', 'ld_library_path_lib')
[3.425s] INFO:colcon.colcon_core.shell:Creating environment hook '/home/saeedbzrgn/Desktop/My-ROS2_Projects/My-ROS2-Humble/Tutorial_ROS2_Control/ROS2Ctrl_ws/install/mobilebot_hardware/share/mobilebot_hardware/hook/ld_library_path_lib.ps1'
[3.426s] INFO:colcon.colcon_core.shell:Creating environment descriptor '/home/saeedbzrgn/Desktop/My-ROS2_Projects/My-ROS2-Humble/Tutorial_ROS2_Control/ROS2Ctrl_ws/install/mobilebot_hardware/share/mobilebot_hardware/hook/ld_library_path_lib.dsv'
[3.426s] INFO:colcon.colcon_core.shell:Creating environment hook '/home/saeedbzrgn/Desktop/My-ROS2_Projects/My-ROS2-Humble/Tutorial_ROS2_Control/ROS2Ctrl_ws/install/mobilebot_hardware/share/mobilebot_hardware/hook/ld_library_path_lib.sh'
[3.427s] Level 1:colcon.colcon_core.environment:checking '/home/saeedbzrgn/Desktop/My-ROS2_Projects/My-ROS2-Humble/Tutorial_ROS2_Control/ROS2Ctrl_ws/install/mobilebot_hardware/bin'
[3.427s] Level 1:colcon.colcon_core.environment:checking '/home/saeedbzrgn/Desktop/My-ROS2_Projects/My-ROS2-Humble/Tutorial_ROS2_Control/ROS2Ctrl_ws/install/mobilebot_hardware/lib/pkgconfig/mobilebot_hardware.pc'
[3.427s] Level 1:colcon.colcon_core.environment:checking '/home/saeedbzrgn/Desktop/My-ROS2_Projects/My-ROS2-Humble/Tutorial_ROS2_Control/ROS2Ctrl_ws/install/mobilebot_hardware/lib/python3.10/site-packages'
[3.428s] Level 1:colcon.colcon_core.environment:checking '/home/saeedbzrgn/Desktop/My-ROS2_Projects/My-ROS2-Humble/Tutorial_ROS2_Control/ROS2Ctrl_ws/install/mobilebot_hardware/bin'
[3.428s] INFO:colcon.colcon_core.shell:Creating package script '/home/saeedbzrgn/Desktop/My-ROS2_Projects/My-ROS2-Humble/Tutorial_ROS2_Control/ROS2Ctrl_ws/install/mobilebot_hardware/share/mobilebot_hardware/package.ps1'
[3.429s] INFO:colcon.colcon_core.shell:Creating package descriptor '/home/saeedbzrgn/Desktop/My-ROS2_Projects/My-ROS2-Humble/Tutorial_ROS2_Control/ROS2Ctrl_ws/install/mobilebot_hardware/share/mobilebot_hardware/package.dsv'
[3.429s] INFO:colcon.colcon_core.shell:Creating package script '/home/saeedbzrgn/Desktop/My-ROS2_Projects/My-ROS2-Humble/Tutorial_ROS2_Control/ROS2Ctrl_ws/install/mobilebot_hardware/share/mobilebot_hardware/package.sh'
[3.430s] INFO:colcon.colcon_core.shell:Creating package script '/home/saeedbzrgn/Desktop/My-ROS2_Projects/My-ROS2-Humble/Tutorial_ROS2_Control/ROS2Ctrl_ws/install/mobilebot_hardware/share/mobilebot_hardware/package.bash'
[3.430s] INFO:colcon.colcon_core.shell:Creating package script '/home/saeedbzrgn/Desktop/My-ROS2_Projects/My-ROS2-Humble/Tutorial_ROS2_Control/ROS2Ctrl_ws/install/mobilebot_hardware/share/mobilebot_hardware/package.zsh'
[3.431s] Level 1:colcon.colcon_core.environment:create_file_with_runtime_dependencies(/home/saeedbzrgn/Desktop/My-ROS2_Projects/My-ROS2-Humble/Tutorial_ROS2_Control/ROS2Ctrl_ws/install/mobilebot_hardware/share/colcon-core/packages/mobilebot_hardware)
[4.790s] DEBUG:colcon.colcon_core.event_handler.log_command:Invoked command in '/home/saeedbzrgn/Desktop/My-ROS2_Projects/My-ROS2-Humble/Tutorial_ROS2_Control/ROS2Ctrl_ws/build/dxl_test' returned '0': CMAKE_PREFIX_PATH=${CMAKE_PREFIX_PATH}:/opt/ros/humble /usr/bin/cmake --build /home/saeedbzrgn/Desktop/My-ROS2_Projects/My-ROS2-Humble/Tutorial_ROS2_Control/ROS2Ctrl_ws/build/dxl_test -- -j4 -l4
[4.792s] DEBUG:colcon.colcon_core.event_handler.log_command:Invoking command in '/home/saeedbzrgn/Desktop/My-ROS2_Projects/My-ROS2-Humble/Tutorial_ROS2_Control/ROS2Ctrl_ws/build/dxl_test': CMAKE_PREFIX_PATH=${CMAKE_PREFIX_PATH}:/opt/ros/humble /usr/bin/cmake --install /home/saeedbzrgn/Desktop/My-ROS2_Projects/My-ROS2-Humble/Tutorial_ROS2_Control/ROS2Ctrl_ws/build/dxl_test
[4.808s] Level 1:colcon.colcon_core.environment:create_environment_scripts_only(dxl_test)
[4.809s] Level 1:colcon.colcon_core.environment:checking '/home/saeedbzrgn/Desktop/My-ROS2_Projects/My-ROS2-Humble/Tutorial_ROS2_Control/ROS2Ctrl_ws/install/dxl_test' for CMake module files
[4.809s] DEBUG:colcon.colcon_core.event_handler.log_command:Invoked command in '/home/saeedbzrgn/Desktop/My-ROS2_Projects/My-ROS2-Humble/Tutorial_ROS2_Control/ROS2Ctrl_ws/build/dxl_test' returned '0': CMAKE_PREFIX_PATH=${CMAKE_PREFIX_PATH}:/opt/ros/humble /usr/bin/cmake --install /home/saeedbzrgn/Desktop/My-ROS2_Projects/My-ROS2-Humble/Tutorial_ROS2_Control/ROS2Ctrl_ws/build/dxl_test
[4.810s] Level 1:colcon.colcon_core.environment:checking '/home/saeedbzrgn/Desktop/My-ROS2_Projects/My-ROS2-Humble/Tutorial_ROS2_Control/ROS2Ctrl_ws/install/dxl_test' for CMake config files
[4.810s] Level 1:colcon.colcon_core.shell:create_environment_hook('dxl_test', 'cmake_prefix_path')
[4.810s] INFO:colcon.colcon_core.shell:Creating environment hook '/home/saeedbzrgn/Desktop/My-ROS2_Projects/My-ROS2-Humble/Tutorial_ROS2_Control/ROS2Ctrl_ws/install/dxl_test/share/dxl_test/hook/cmake_prefix_path.ps1'
[4.811s] INFO:colcon.colcon_core.shell:Creating environment descriptor '/home/saeedbzrgn/Desktop/My-ROS2_Projects/My-ROS2-Humble/Tutorial_ROS2_Control/ROS2Ctrl_ws/install/dxl_test/share/dxl_test/hook/cmake_prefix_path.dsv'
[4.811s] INFO:colcon.colcon_core.shell:Creating environment hook '/home/saeedbzrgn/Desktop/My-ROS2_Projects/My-ROS2-Humble/Tutorial_ROS2_Control/ROS2Ctrl_ws/install/dxl_test/share/dxl_test/hook/cmake_prefix_path.sh'
[4.812s] Level 1:colcon.colcon_core.environment:checking '/home/saeedbzrgn/Desktop/My-ROS2_Projects/My-ROS2-Humble/Tutorial_ROS2_Control/ROS2Ctrl_ws/install/dxl_test/lib'
[4.812s] Level 1:colcon.colcon_core.environment:checking '/home/saeedbzrgn/Desktop/My-ROS2_Projects/My-ROS2-Humble/Tutorial_ROS2_Control/ROS2Ctrl_ws/install/dxl_test/bin'
[4.812s] Level 1:colcon.colcon_core.environment:checking '/home/saeedbzrgn/Desktop/My-ROS2_Projects/My-ROS2-Humble/Tutorial_ROS2_Control/ROS2Ctrl_ws/install/dxl_test/lib/pkgconfig/dxl_test.pc'
[4.812s] Level 1:colcon.colcon_core.environment:checking '/home/saeedbzrgn/Desktop/My-ROS2_Projects/My-ROS2-Humble/Tutorial_ROS2_Control/ROS2Ctrl_ws/install/dxl_test/lib/python3.10/site-packages'
[4.812s] Level 1:colcon.colcon_core.environment:checking '/home/saeedbzrgn/Desktop/My-ROS2_Projects/My-ROS2-Humble/Tutorial_ROS2_Control/ROS2Ctrl_ws/install/dxl_test/bin'
[4.813s] INFO:colcon.colcon_core.shell:Creating package script '/home/saeedbzrgn/Desktop/My-ROS2_Projects/My-ROS2-Humble/Tutorial_ROS2_Control/ROS2Ctrl_ws/install/dxl_test/share/dxl_test/package.ps1'
[4.813s] INFO:colcon.colcon_core.shell:Creating package descriptor '/home/saeedbzrgn/Desktop/My-ROS2_Projects/My-ROS2-Humble/Tutorial_ROS2_Control/ROS2Ctrl_ws/install/dxl_test/share/dxl_test/package.dsv'
[4.814s] INFO:colcon.colcon_core.shell:Creating package script '/home/saeedbzrgn/Desktop/My-ROS2_Projects/My-ROS2-Humble/Tutorial_ROS2_Control/ROS2Ctrl_ws/install/dxl_test/share/dxl_test/package.sh'
[4.814s] INFO:colcon.colcon_core.shell:Creating package script '/home/saeedbzrgn/Desktop/My-ROS2_Projects/My-ROS2-Humble/Tutorial_ROS2_Control/ROS2Ctrl_ws/install/dxl_test/share/dxl_test/package.bash'
[4.815s] INFO:colcon.colcon_core.shell:Creating package script '/home/saeedbzrgn/Desktop/My-ROS2_Projects/My-ROS2-Humble/Tutorial_ROS2_Control/ROS2Ctrl_ws/install/dxl_test/share/dxl_test/package.zsh'
[4.815s] Level 1:colcon.colcon_core.environment:create_file_with_runtime_dependencies(/home/saeedbzrgn/Desktop/My-ROS2_Projects/My-ROS2-Humble/Tutorial_ROS2_Control/ROS2Ctrl_ws/install/dxl_test/share/colcon-core/packages/dxl_test)
[4.816s] Level 1:colcon.colcon_core.environment:create_environment_scripts_only(dxl_test)
[4.816s] Level 1:colcon.colcon_core.environment:checking '/home/saeedbzrgn/Desktop/My-ROS2_Projects/My-ROS2-Humble/Tutorial_ROS2_Control/ROS2Ctrl_ws/install/dxl_test' for CMake module files
[4.817s] Level 1:colcon.colcon_core.environment:checking '/home/saeedbzrgn/Desktop/My-ROS2_Projects/My-ROS2-Humble/Tutorial_ROS2_Control/ROS2Ctrl_ws/install/dxl_test' for CMake config files
[4.817s] Level 1:colcon.colcon_core.shell:create_environment_hook('dxl_test', 'cmake_prefix_path')
[4.817s] INFO:colcon.colcon_core.shell:Creating environment hook '/home/saeedbzrgn/Desktop/My-ROS2_Projects/My-ROS2-Humble/Tutorial_ROS2_Control/ROS2Ctrl_ws/install/dxl_test/share/dxl_test/hook/cmake_prefix_path.ps1'
[4.818s] INFO:colcon.colcon_core.shell:Creating environment descriptor '/home/saeedbzrgn/Desktop/My-ROS2_Projects/My-ROS2-Humble/Tutorial_ROS2_Control/ROS2Ctrl_ws/install/dxl_test/share/dxl_test/hook/cmake_prefix_path.dsv'
[4.818s] INFO:colcon.colcon_core.shell:Creating environment hook '/home/saeedbzrgn/Desktop/My-ROS2_Projects/My-ROS2-Humble/Tutorial_ROS2_Control/ROS2Ctrl_ws/install/dxl_test/share/dxl_test/hook/cmake_prefix_path.sh'
[4.819s] Level 1:colcon.colcon_core.environment:checking '/home/saeedbzrgn/Desktop/My-ROS2_Projects/My-ROS2-Humble/Tutorial_ROS2_Control/ROS2Ctrl_ws/install/dxl_test/lib'
[4.819s] Level 1:colcon.colcon_core.environment:checking '/home/saeedbzrgn/Desktop/My-ROS2_Projects/My-ROS2-Humble/Tutorial_ROS2_Control/ROS2Ctrl_ws/install/dxl_test/bin'
[4.819s] Level 1:colcon.colcon_core.environment:checking '/home/saeedbzrgn/Desktop/My-ROS2_Projects/My-ROS2-Humble/Tutorial_ROS2_Control/ROS2Ctrl_ws/install/dxl_test/lib/pkgconfig/dxl_test.pc'
[4.819s] Level 1:colcon.colcon_core.environment:checking '/home/saeedbzrgn/Desktop/My-ROS2_Projects/My-ROS2-Humble/Tutorial_ROS2_Control/ROS2Ctrl_ws/install/dxl_test/lib/python3.10/site-packages'
[4.820s] Level 1:colcon.colcon_core.environment:checking '/home/saeedbzrgn/Desktop/My-ROS2_Projects/My-ROS2-Humble/Tutorial_ROS2_Control/ROS2Ctrl_ws/install/dxl_test/bin'
[4.820s] INFO:colcon.colcon_core.shell:Creating package script '/home/saeedbzrgn/Desktop/My-ROS2_Projects/My-ROS2-Humble/Tutorial_ROS2_Control/ROS2Ctrl_ws/install/dxl_test/share/dxl_test/package.ps1'
[4.821s] INFO:colcon.colcon_core.shell:Creating package descriptor '/home/saeedbzrgn/Desktop/My-ROS2_Projects/My-ROS2-Humble/Tutorial_ROS2_Control/ROS2Ctrl_ws/install/dxl_test/share/dxl_test/package.dsv'
[4.821s] INFO:colcon.colcon_core.shell:Creating package script '/home/saeedbzrgn/Desktop/My-ROS2_Projects/My-ROS2-Humble/Tutorial_ROS2_Control/ROS2Ctrl_ws/install/dxl_test/share/dxl_test/package.sh'
[4.822s] INFO:colcon.colcon_core.shell:Creating package script '/home/saeedbzrgn/Desktop/My-ROS2_Projects/My-ROS2-Humble/Tutorial_ROS2_Control/ROS2Ctrl_ws/install/dxl_test/share/dxl_test/package.bash'
[4.822s] INFO:colcon.colcon_core.shell:Creating package script '/home/saeedbzrgn/Desktop/My-ROS2_Projects/My-ROS2-Humble/Tutorial_ROS2_Control/ROS2Ctrl_ws/install/dxl_test/share/dxl_test/package.zsh'
[4.823s] Level 1:colcon.colcon_core.environment:create_file_with_runtime_dependencies(/home/saeedbzrgn/Desktop/My-ROS2_Projects/My-ROS2-Humble/Tutorial_ROS2_Control/ROS2Ctrl_ws/install/dxl_test/share/colcon-core/packages/dxl_test)
[4.823s] DEBUG:colcon.colcon_parallel_executor.executor.parallel:closing loop
[4.824s] DEBUG:colcon.colcon_parallel_executor.executor.parallel:loop closed
[4.824s] DEBUG:colcon.colcon_parallel_executor.executor.parallel:run_until_complete finished with '0'
[4.824s] DEBUG:colcon.colcon_core.event_reactor:joining thread
[4.831s] INFO:colcon.colcon_core.plugin_system:Skipping extension 'colcon_notification.desktop_notification.terminal_notifier': Not used on non-Darwin systems
[4.831s] INFO:colcon.colcon_core.plugin_system:Skipping extension 'colcon_notification.desktop_notification.win32': Not used on non-Windows systems
[4.831s] INFO:colcon.colcon_notification.desktop_notification:Sending desktop notification using 'notify2'
[4.845s] DEBUG:colcon.colcon_core.event_reactor:joined thread
[4.846s] INFO:colcon.colcon_core.shell:Creating prefix script '/home/saeedbzrgn/Desktop/My-ROS2_Projects/My-ROS2-Humble/Tutorial_ROS2_Control/ROS2Ctrl_ws/install/local_setup.ps1'
[4.848s] INFO:colcon.colcon_core.shell:Creating prefix util module '/home/saeedbzrgn/Desktop/My-ROS2_Projects/My-ROS2-Humble/Tutorial_ROS2_Control/ROS2Ctrl_ws/install/_local_setup_util_ps1.py'
[4.851s] INFO:colcon.colcon_core.shell:Creating prefix chain script '/home/saeedbzrgn/Desktop/My-ROS2_Projects/My-ROS2-Humble/Tutorial_ROS2_Control/ROS2Ctrl_ws/install/setup.ps1'
[4.854s] INFO:colcon.colcon_core.shell:Creating prefix script '/home/saeedbzrgn/Desktop/My-ROS2_Projects/My-ROS2-Humble/Tutorial_ROS2_Control/ROS2Ctrl_ws/install/local_setup.sh'
[4.855s] INFO:colcon.colcon_core.shell:Creating prefix util module '/home/saeedbzrgn/Desktop/My-ROS2_Projects/My-ROS2-Humble/Tutorial_ROS2_Control/ROS2Ctrl_ws/install/_local_setup_util_sh.py'
[4.856s] INFO:colcon.colcon_core.shell:Creating prefix chain script '/home/saeedbzrgn/Desktop/My-ROS2_Projects/My-ROS2-Humble/Tutorial_ROS2_Control/ROS2Ctrl_ws/install/setup.sh'
[4.858s] INFO:colcon.colcon_core.shell:Creating prefix script '/home/saeedbzrgn/Desktop/My-ROS2_Projects/My-ROS2-Humble/Tutorial_ROS2_Control/ROS2Ctrl_ws/install/local_setup.bash'
[4.858s] INFO:colcon.colcon_core.shell:Creating prefix chain script '/home/saeedbzrgn/Desktop/My-ROS2_Projects/My-ROS2-Humble/Tutorial_ROS2_Control/ROS2Ctrl_ws/install/setup.bash'
[4.859s] INFO:colcon.colcon_core.shell:Creating prefix script '/home/saeedbzrgn/Desktop/My-ROS2_Projects/My-ROS2-Humble/Tutorial_ROS2_Control/ROS2Ctrl_ws/install/local_setup.zsh'
[4.860s] INFO:colcon.colcon_core.shell:Creating prefix chain script '/home/saeedbzrgn/Desktop/My-ROS2_Projects/My-ROS2-Humble/Tutorial_ROS2_Control/ROS2Ctrl_ws/install/setup.zsh'
