[0.014s] Invoking command in '/home/saeedbazargan/Desktop/My-ROS2_Projects/My-ROS2-Humble/Tutorial_ROS2_Control/ROS2Ctrl_ws/build/mobilebot_description': CMAKE_PREFIX_PATH=/opt/ros/humble /usr/bin/cmake /home/saeedbazargan/Desktop/My-ROS2_Projects/My-ROS2-Humble/Tutorial_ROS2_Control/ROS2Ctrl_ws/src/mobilebot_description -DAMENT_CMAKE_SYMLINK_INSTALL=1 -DCMAKE_INSTALL_PREFIX=/home/saeedbazargan/Desktop/My-ROS2_Projects/My-ROS2-Humble/Tutorial_ROS2_Control/ROS2Ctrl_ws/install/mobilebot_description
[0.030s] -- Found ament_cmake: 1.3.12 (/opt/ros/humble/share/ament_cmake/cmake)
[0.180s] -- Override CMake install command with custom implementation using symlinks instead of copying resources
[0.273s] -- Configuring done
[0.277s] -- Generating done
[0.281s] -- Build files have been written to: /home/saeedbazargan/Desktop/My-ROS2_Projects/My-ROS2-Humble/Tutorial_ROS2_Control/ROS2Ctrl_ws/build/mobilebot_description
[0.285s] Invoked command in '/home/saeedbazargan/Desktop/My-ROS2_Projects/My-ROS2-Humble/Tutorial_ROS2_Control/ROS2Ctrl_ws/build/mobilebot_description' returned '0': CMAKE_PREFIX_PATH=/opt/ros/humble /usr/bin/cmake /home/saeedbazargan/Desktop/My-ROS2_Projects/My-ROS2-Humble/Tutorial_ROS2_Control/ROS2Ctrl_ws/src/mobilebot_description -DAMENT_CMAKE_SYMLINK_INSTALL=1 -DCMAKE_INSTALL_PREFIX=/home/saeedbazargan/Desktop/My-ROS2_Projects/My-ROS2-Humble/Tutorial_ROS2_Control/ROS2Ctrl_ws/install/mobilebot_description
[0.287s] Invoking command in '/home/saeedbazargan/Desktop/My-ROS2_Projects/My-ROS2-Humble/Tutorial_ROS2_Control/ROS2Ctrl_ws/build/mobilebot_description': CMAKE_PREFIX_PATH=/opt/ros/humble /usr/bin/cmake --build /home/saeedbazargan/Desktop/My-ROS2_Projects/My-ROS2-Humble/Tutorial_ROS2_Control/ROS2Ctrl_ws/build/mobilebot_description -- -j4 -l4
[0.347s] Invoked command in '/home/saeedbazargan/Desktop/My-ROS2_Projects/My-ROS2-Humble/Tutorial_ROS2_Control/ROS2Ctrl_ws/build/mobilebot_description' returned '0': CMAKE_PREFIX_PATH=/opt/ros/humble /usr/bin/cmake --build /home/saeedbazargan/Desktop/My-ROS2_Projects/My-ROS2-Humble/Tutorial_ROS2_Control/ROS2Ctrl_ws/build/mobilebot_description -- -j4 -l4
[0.350s] Invoking command in '/home/saeedbazargan/Desktop/My-ROS2_Projects/My-ROS2-Humble/Tutorial_ROS2_Control/ROS2Ctrl_ws/build/mobilebot_description': CMAKE_PREFIX_PATH=/opt/ros/humble /usr/bin/cmake --install /home/saeedbazargan/Desktop/My-ROS2_Projects/My-ROS2-Humble/Tutorial_ROS2_Control/ROS2Ctrl_ws/build/mobilebot_description
[0.359s] -- Install configuration: ""
[0.360s] -- Execute custom install script
[0.360s] -- Symlinking: /home/saeedbazargan/Desktop/My-ROS2_Projects/My-ROS2-Humble/Tutorial_ROS2_Control/ROS2Ctrl_ws/install/mobilebot_description/share/mobilebot_description//urdf/arm.xacro
[0.371s] -- Symlinking: /home/saeedbazargan/Desktop/My-ROS2_Projects/My-ROS2-Humble/Tutorial_ROS2_Control/ROS2Ctrl_ws/install/mobilebot_description/share/mobilebot_description//urdf/arm_gazebo.xacro
[0.383s] -- Symlinking: /home/saeedbazargan/Desktop/My-ROS2_Projects/My-ROS2-Humble/Tutorial_ROS2_Control/ROS2Ctrl_ws/install/mobilebot_description/share/mobilebot_description//urdf/common_properties.xacro
[0.394s] -- Symlinking: /home/saeedbazargan/Desktop/My-ROS2_Projects/My-ROS2-Humble/Tutorial_ROS2_Control/ROS2Ctrl_ws/install/mobilebot_description/share/mobilebot_description//urdf/mobilebot.urdf.xacro
[0.405s] -- Symlinking: /home/saeedbazargan/Desktop/My-ROS2_Projects/My-ROS2-Humble/Tutorial_ROS2_Control/ROS2Ctrl_ws/install/mobilebot_description/share/mobilebot_description//urdf/mobilebot_base.ros2_control.xacro
[0.416s] -- Symlinking: /home/saeedbazargan/Desktop/My-ROS2_Projects/My-ROS2-Humble/Tutorial_ROS2_Control/ROS2Ctrl_ws/install/mobilebot_description/share/mobilebot_description//urdf/mobilebot_base.xacro
[0.427s] -- Symlinking: /home/saeedbazargan/Desktop/My-ROS2_Projects/My-ROS2-Humble/Tutorial_ROS2_Control/ROS2Ctrl_ws/install/mobilebot_description/share/mobilebot_description//urdf/mobilebot_base_gazebo.xacro
[0.439s] -- Symlinking: /home/saeedbazargan/Desktop/My-ROS2_Projects/My-ROS2-Humble/Tutorial_ROS2_Control/ROS2Ctrl_ws/install/mobilebot_description/share/mobilebot_description//urdf/standalone_arm.urdf.xacro
[0.450s] -- Symlinking: /home/saeedbazargan/Desktop/My-ROS2_Projects/My-ROS2-Humble/Tutorial_ROS2_Control/ROS2Ctrl_ws/install/mobilebot_description/share/mobilebot_description//launch/display.launch.py
[0.461s] -- Symlinking: /home/saeedbazargan/Desktop/My-ROS2_Projects/My-ROS2-Humble/Tutorial_ROS2_Control/ROS2Ctrl_ws/install/mobilebot_description/share/mobilebot_description//rviz/mobilebot_config.rviz
[0.472s] -- Symlinking: /home/saeedbazargan/Desktop/My-ROS2_Projects/My-ROS2-Humble/Tutorial_ROS2_Control/ROS2Ctrl_ws/install/mobilebot_description/share/ament_index/resource_index/package_run_dependencies/mobilebot_description
[0.483s] -- Symlinking: /home/saeedbazargan/Desktop/My-ROS2_Projects/My-ROS2-Humble/Tutorial_ROS2_Control/ROS2Ctrl_ws/install/mobilebot_description/share/ament_index/resource_index/parent_prefix_path/mobilebot_description
[0.494s] -- Symlinking: /home/saeedbazargan/Desktop/My-ROS2_Projects/My-ROS2-Humble/Tutorial_ROS2_Control/ROS2Ctrl_ws/install/mobilebot_description/share/mobilebot_description/environment/ament_prefix_path.sh
[0.504s] -- Symlinking: /home/saeedbazargan/Desktop/My-ROS2_Projects/My-ROS2-Humble/Tutorial_ROS2_Control/ROS2Ctrl_ws/install/mobilebot_description/share/mobilebot_description/environment/ament_prefix_path.dsv
[0.515s] -- Symlinking: /home/saeedbazargan/Desktop/My-ROS2_Projects/My-ROS2-Humble/Tutorial_ROS2_Control/ROS2Ctrl_ws/install/mobilebot_description/share/mobilebot_description/environment/path.sh
[0.527s] -- Symlinking: /home/saeedbazargan/Desktop/My-ROS2_Projects/My-ROS2-Humble/Tutorial_ROS2_Control/ROS2Ctrl_ws/install/mobilebot_description/share/mobilebot_description/environment/path.dsv
[0.538s] -- Symlinking: /home/saeedbazargan/Desktop/My-ROS2_Projects/My-ROS2-Humble/Tutorial_ROS2_Control/ROS2Ctrl_ws/install/mobilebot_description/share/mobilebot_description/local_setup.bash
[0.550s] -- Symlinking: /home/saeedbazargan/Desktop/My-ROS2_Projects/My-ROS2-Humble/Tutorial_ROS2_Control/ROS2Ctrl_ws/install/mobilebot_description/share/mobilebot_description/local_setup.sh
[0.562s] -- Symlinking: /home/saeedbazargan/Desktop/My-ROS2_Projects/My-ROS2-Humble/Tutorial_ROS2_Control/ROS2Ctrl_ws/install/mobilebot_description/share/mobilebot_description/local_setup.zsh
[0.573s] -- Symlinking: /home/saeedbazargan/Desktop/My-ROS2_Projects/My-ROS2-Humble/Tutorial_ROS2_Control/ROS2Ctrl_ws/install/mobilebot_description/share/mobilebot_description/local_setup.dsv
[0.585s] -- Symlinking: /home/saeedbazargan/Desktop/My-ROS2_Projects/My-ROS2-Humble/Tutorial_ROS2_Control/ROS2Ctrl_ws/install/mobilebot_description/share/mobilebot_description/package.dsv
[0.597s] -- Symlinking: /home/saeedbazargan/Desktop/My-ROS2_Projects/My-ROS2-Humble/Tutorial_ROS2_Control/ROS2Ctrl_ws/install/mobilebot_description/share/ament_index/resource_index/packages/mobilebot_description
[0.608s] -- Symlinking: /home/saeedbazargan/Desktop/My-ROS2_Projects/My-ROS2-Humble/Tutorial_ROS2_Control/ROS2Ctrl_ws/install/mobilebot_description/share/mobilebot_description/cmake/mobilebot_descriptionConfig.cmake
[0.619s] -- Symlinking: /home/saeedbazargan/Desktop/My-ROS2_Projects/My-ROS2-Humble/Tutorial_ROS2_Control/ROS2Ctrl_ws/install/mobilebot_description/share/mobilebot_description/cmake/mobilebot_descriptionConfig-version.cmake
[0.630s] -- Symlinking: /home/saeedbazargan/Desktop/My-ROS2_Projects/My-ROS2-Humble/Tutorial_ROS2_Control/ROS2Ctrl_ws/install/mobilebot_description/share/mobilebot_description/package.xml
[0.644s] Invoked command in '/home/saeedbazargan/Desktop/My-ROS2_Projects/My-ROS2-Humble/Tutorial_ROS2_Control/ROS2Ctrl_ws/build/mobilebot_description' returned '0': CMAKE_PREFIX_PATH=/opt/ros/humble /usr/bin/cmake --install /home/saeedbazargan/Desktop/My-ROS2_Projects/My-ROS2-Humble/Tutorial_ROS2_Control/ROS2Ctrl_ws/build/mobilebot_description
