[0.014s] Invoking command in '/home/sbzrgn/Desktop/My-ROS2_Projects/My-ROS2/TalktoMCU_without_uROS/build/talk_to_mcu_interfaces': CMAKE_PREFIX_PATH=${CMAKE_PREFIX_PATH}:/opt/ros/jazzy DEBUGINFOD_URLS=https://debuginfod.ubuntu.com /usr/bin/cmake --build /home/sbzrgn/Desktop/My-ROS2_Projects/My-ROS2/TalktoMCU_without_uROS/build/talk_to_mcu_interfaces -- -j4 -l4
[0.087s] [  2%] Built target talk_to_mcu_interfaces__rs
[0.090s] [  5%] Built target talk_to_mcu_interfaces__rosidl_generator_type_description
[0.104s] [  5%] Built target ament_cmake_python_copy_talk_to_mcu_interfaces
[0.123s] [  8%] Built target talk_to_mcu_interfaces__cpp
[0.128s] [ 22%] Built target talk_to_mcu_interfaces__rosidl_generator_c
[0.170s] [ 31%] Built target talk_to_mcu_interfaces__rosidl_typesupport_introspection_cpp
[0.170s] [ 40%] Built target talk_to_mcu_interfaces__rosidl_typesupport_cpp
[0.170s] [ 48%] Built target talk_to_mcu_interfaces__rosidl_typesupport_fastrtps_c
[0.210s] [ 60%] Built target talk_to_mcu_interfaces__rosidl_typesupport_introspection_c
[0.212s] [ 65%] Built target talk_to_mcu_interfaces__rosidl_typesupport_c
[0.214s] [ 74%] Built target talk_to_mcu_interfaces__rosidl_typesupport_fastrtps_cpp
[0.242s] [ 74%] Built target talk_to_mcu_interfaces
[0.268s] [ 77%] Built target talk_to_mcu_interfaces__py
[0.297s] [ 82%] Built target talk_to_mcu_interfaces__rosidl_generator_py
[0.340s] [ 97%] Built target talk_to_mcu_interfaces_s__rosidl_typesupport_c
[0.340s] [ 97%] Built target talk_to_mcu_interfaces_s__rosidl_typesupport_introspection_c
[0.341s] [100%] Built target talk_to_mcu_interfaces_s__rosidl_typesupport_fastrtps_c
[0.493s] running egg_info
[0.520s] writing talk_to_mcu_interfaces.egg-info/PKG-INFO
[0.520s] writing dependency_links to talk_to_mcu_interfaces.egg-info/dependency_links.txt
[0.520s] writing top-level names to talk_to_mcu_interfaces.egg-info/top_level.txt
[0.592s] reading manifest file 'talk_to_mcu_interfaces.egg-info/SOURCES.txt'
[0.593s] writing manifest file 'talk_to_mcu_interfaces.egg-info/SOURCES.txt'
[0.631s] [100%] Built target ament_cmake_python_build_talk_to_mcu_interfaces_egg
[0.649s] Invoked command in '/home/sbzrgn/Desktop/My-ROS2_Projects/My-ROS2/TalktoMCU_without_uROS/build/talk_to_mcu_interfaces' returned '0': CMAKE_PREFIX_PATH=${CMAKE_PREFIX_PATH}:/opt/ros/jazzy DEBUGINFOD_URLS=https://debuginfod.ubuntu.com /usr/bin/cmake --build /home/sbzrgn/Desktop/My-ROS2_Projects/My-ROS2/TalktoMCU_without_uROS/build/talk_to_mcu_interfaces -- -j4 -l4
[0.662s] Invoking command in '/home/sbzrgn/Desktop/My-ROS2_Projects/My-ROS2/TalktoMCU_without_uROS/build/talk_to_mcu_interfaces': CMAKE_PREFIX_PATH=${CMAKE_PREFIX_PATH}:/opt/ros/jazzy DEBUGINFOD_URLS=https://debuginfod.ubuntu.com /usr/bin/cmake --install /home/sbzrgn/Desktop/My-ROS2_Projects/My-ROS2/TalktoMCU_without_uROS/build/talk_to_mcu_interfaces
[0.673s] -- Install configuration: ""
[0.673s] -- Up-to-date: /home/sbzrgn/Desktop/My-ROS2_Projects/My-ROS2/TalktoMCU_without_uROS/install/talk_to_mcu_interfaces/share/ament_index/resource_index/rosidl_interfaces/talk_to_mcu_interfaces
[0.673s] -- Up-to-date: /home/sbzrgn/Desktop/My-ROS2_Projects/My-ROS2/TalktoMCU_without_uROS/install/talk_to_mcu_interfaces/share/talk_to_mcu_interfaces/msg/Num.json
[0.674s] -- Up-to-date: /home/sbzrgn/Desktop/My-ROS2_Projects/My-ROS2/TalktoMCU_without_uROS/install/talk_to_mcu_interfaces/include/talk_to_mcu_interfaces/talk_to_mcu_interfaces
[0.674s] -- Up-to-date: /home/sbzrgn/Desktop/My-ROS2_Projects/My-ROS2/TalktoMCU_without_uROS/install/talk_to_mcu_interfaces/include/talk_to_mcu_interfaces/talk_to_mcu_interfaces/msg
[0.674s] -- Up-to-date: /home/sbzrgn/Desktop/My-ROS2_Projects/My-ROS2/TalktoMCU_without_uROS/install/talk_to_mcu_interfaces/include/talk_to_mcu_interfaces/talk_to_mcu_interfaces/msg/num.h
[0.674s] -- Up-to-date: /home/sbzrgn/Desktop/My-ROS2_Projects/My-ROS2/TalktoMCU_without_uROS/install/talk_to_mcu_interfaces/include/talk_to_mcu_interfaces/talk_to_mcu_interfaces/msg/detail
[0.674s] -- Up-to-date: /home/sbzrgn/Desktop/My-ROS2_Projects/My-ROS2/TalktoMCU_without_uROS/install/talk_to_mcu_interfaces/include/talk_to_mcu_interfaces/talk_to_mcu_interfaces/msg/detail/num__description.c
[0.675s] -- Installing: /home/sbzrgn/Desktop/My-ROS2_Projects/My-ROS2/TalktoMCU_without_uROS/install/talk_to_mcu_interfaces/include/talk_to_mcu_interfaces/talk_to_mcu_interfaces/msg/detail/num__type_support.c
[0.675s] -- Up-to-date: /home/sbzrgn/Desktop/My-ROS2_Projects/My-ROS2/TalktoMCU_without_uROS/install/talk_to_mcu_interfaces/include/talk_to_mcu_interfaces/talk_to_mcu_interfaces/msg/detail/num__functions.c
[0.675s] -- Up-to-date: /home/sbzrgn/Desktop/My-ROS2_Projects/My-ROS2/TalktoMCU_without_uROS/install/talk_to_mcu_interfaces/include/talk_to_mcu_interfaces/talk_to_mcu_interfaces/msg/detail/num__struct.h
[0.675s] -- Up-to-date: /home/sbzrgn/Desktop/My-ROS2_Projects/My-ROS2/TalktoMCU_without_uROS/install/talk_to_mcu_interfaces/include/talk_to_mcu_interfaces/talk_to_mcu_interfaces/msg/detail/num__functions.h
[0.675s] -- Up-to-date: /home/sbzrgn/Desktop/My-ROS2_Projects/My-ROS2/TalktoMCU_without_uROS/install/talk_to_mcu_interfaces/include/talk_to_mcu_interfaces/talk_to_mcu_interfaces/msg/detail/num__type_support.h
[0.675s] -- Up-to-date: /home/sbzrgn/Desktop/My-ROS2_Projects/My-ROS2/TalktoMCU_without_uROS/install/talk_to_mcu_interfaces/include/talk_to_mcu_interfaces/talk_to_mcu_interfaces/msg/rosidl_generator_c__visibility_control.h
[0.676s] -- Up-to-date: /home/sbzrgn/Desktop/My-ROS2_Projects/My-ROS2/TalktoMCU_without_uROS/install/talk_to_mcu_interfaces/share/talk_to_mcu_interfaces/environment/library_path.sh
[0.676s] -- Up-to-date: /home/sbzrgn/Desktop/My-ROS2_Projects/My-ROS2/TalktoMCU_without_uROS/install/talk_to_mcu_interfaces/share/talk_to_mcu_interfaces/environment/library_path.dsv
[0.676s] -- Up-to-date: /home/sbzrgn/Desktop/My-ROS2_Projects/My-ROS2/TalktoMCU_without_uROS/install/talk_to_mcu_interfaces/lib/libtalk_to_mcu_interfaces__rosidl_generator_c.so
[0.676s] -- Up-to-date: /home/sbzrgn/Desktop/My-ROS2_Projects/My-ROS2/TalktoMCU_without_uROS/install/talk_to_mcu_interfaces/include/talk_to_mcu_interfaces/talk_to_mcu_interfaces
[0.677s] -- Up-to-date: /home/sbzrgn/Desktop/My-ROS2_Projects/My-ROS2/TalktoMCU_without_uROS/install/talk_to_mcu_interfaces/include/talk_to_mcu_interfaces/talk_to_mcu_interfaces/msg
[0.677s] -- Up-to-date: /home/sbzrgn/Desktop/My-ROS2_Projects/My-ROS2/TalktoMCU_without_uROS/install/talk_to_mcu_interfaces/include/talk_to_mcu_interfaces/talk_to_mcu_interfaces/msg/detail
[0.677s] -- Up-to-date: /home/sbzrgn/Desktop/My-ROS2_Projects/My-ROS2/TalktoMCU_without_uROS/install/talk_to_mcu_interfaces/include/talk_to_mcu_interfaces/talk_to_mcu_interfaces/msg/detail/num__rosidl_typesupport_fastrtps_c.h
[0.677s] -- Up-to-date: /home/sbzrgn/Desktop/My-ROS2_Projects/My-ROS2/TalktoMCU_without_uROS/install/talk_to_mcu_interfaces/include/talk_to_mcu_interfaces/talk_to_mcu_interfaces/msg/rosidl_typesupport_fastrtps_c__visibility_control.h
[0.677s] -- Up-to-date: /home/sbzrgn/Desktop/My-ROS2_Projects/My-ROS2/TalktoMCU_without_uROS/install/talk_to_mcu_interfaces/lib/libtalk_to_mcu_interfaces__rosidl_typesupport_fastrtps_c.so
[0.678s] -- Up-to-date: /home/sbzrgn/Desktop/My-ROS2_Projects/My-ROS2/TalktoMCU_without_uROS/install/talk_to_mcu_interfaces/include/talk_to_mcu_interfaces/talk_to_mcu_interfaces
[0.678s] -- Up-to-date: /home/sbzrgn/Desktop/My-ROS2_Projects/My-ROS2/TalktoMCU_without_uROS/install/talk_to_mcu_interfaces/include/talk_to_mcu_interfaces/talk_to_mcu_interfaces/msg
[0.678s] -- Up-to-date: /home/sbzrgn/Desktop/My-ROS2_Projects/My-ROS2/TalktoMCU_without_uROS/install/talk_to_mcu_interfaces/include/talk_to_mcu_interfaces/talk_to_mcu_interfaces/msg/detail
[0.678s] -- Up-to-date: /home/sbzrgn/Desktop/My-ROS2_Projects/My-ROS2/TalktoMCU_without_uROS/install/talk_to_mcu_interfaces/include/talk_to_mcu_interfaces/talk_to_mcu_interfaces/msg/detail/num__rosidl_typesupport_introspection_c.h
[0.679s] -- Installing: /home/sbzrgn/Desktop/My-ROS2_Projects/My-ROS2/TalktoMCU_without_uROS/install/talk_to_mcu_interfaces/include/talk_to_mcu_interfaces/talk_to_mcu_interfaces/msg/detail/num__type_support.c
[0.679s] -- Up-to-date: /home/sbzrgn/Desktop/My-ROS2_Projects/My-ROS2/TalktoMCU_without_uROS/install/talk_to_mcu_interfaces/include/talk_to_mcu_interfaces/talk_to_mcu_interfaces/msg/rosidl_typesupport_introspection_c__visibility_control.h
[0.679s] -- Up-to-date: /home/sbzrgn/Desktop/My-ROS2_Projects/My-ROS2/TalktoMCU_without_uROS/install/talk_to_mcu_interfaces/lib/libtalk_to_mcu_interfaces__rosidl_typesupport_introspection_c.so
[0.679s] -- Up-to-date: /home/sbzrgn/Desktop/My-ROS2_Projects/My-ROS2/TalktoMCU_without_uROS/install/talk_to_mcu_interfaces/lib/libtalk_to_mcu_interfaces__rosidl_typesupport_c.so
[0.680s] -- Up-to-date: /home/sbzrgn/Desktop/My-ROS2_Projects/My-ROS2/TalktoMCU_without_uROS/install/talk_to_mcu_interfaces/include/talk_to_mcu_interfaces/talk_to_mcu_interfaces
[0.680s] -- Up-to-date: /home/sbzrgn/Desktop/My-ROS2_Projects/My-ROS2/TalktoMCU_without_uROS/install/talk_to_mcu_interfaces/include/talk_to_mcu_interfaces/talk_to_mcu_interfaces/msg
[0.680s] -- Up-to-date: /home/sbzrgn/Desktop/My-ROS2_Projects/My-ROS2/TalktoMCU_without_uROS/install/talk_to_mcu_interfaces/include/talk_to_mcu_interfaces/talk_to_mcu_interfaces/msg/num.hpp
[0.680s] -- Up-to-date: /home/sbzrgn/Desktop/My-ROS2_Projects/My-ROS2/TalktoMCU_without_uROS/install/talk_to_mcu_interfaces/include/talk_to_mcu_interfaces/talk_to_mcu_interfaces/msg/rosidl_generator_cpp__visibility_control.hpp
[0.681s] -- Up-to-date: /home/sbzrgn/Desktop/My-ROS2_Projects/My-ROS2/TalktoMCU_without_uROS/install/talk_to_mcu_interfaces/include/talk_to_mcu_interfaces/talk_to_mcu_interfaces/msg/detail
[0.681s] -- Up-to-date: /home/sbzrgn/Desktop/My-ROS2_Projects/My-ROS2/TalktoMCU_without_uROS/install/talk_to_mcu_interfaces/include/talk_to_mcu_interfaces/talk_to_mcu_interfaces/msg/detail/num__traits.hpp
[0.681s] -- Up-to-date: /home/sbzrgn/Desktop/My-ROS2_Projects/My-ROS2/TalktoMCU_without_uROS/install/talk_to_mcu_interfaces/include/talk_to_mcu_interfaces/talk_to_mcu_interfaces/msg/detail/num__struct.hpp
[0.682s] -- Up-to-date: /home/sbzrgn/Desktop/My-ROS2_Projects/My-ROS2/TalktoMCU_without_uROS/install/talk_to_mcu_interfaces/include/talk_to_mcu_interfaces/talk_to_mcu_interfaces/msg/detail/num__builder.hpp
[0.682s] -- Up-to-date: /home/sbzrgn/Desktop/My-ROS2_Projects/My-ROS2/TalktoMCU_without_uROS/install/talk_to_mcu_interfaces/include/talk_to_mcu_interfaces/talk_to_mcu_interfaces/msg/detail/num__type_support.hpp
[0.682s] -- Up-to-date: /home/sbzrgn/Desktop/My-ROS2_Projects/My-ROS2/TalktoMCU_without_uROS/install/talk_to_mcu_interfaces/include/talk_to_mcu_interfaces/talk_to_mcu_interfaces
[0.683s] -- Up-to-date: /home/sbzrgn/Desktop/My-ROS2_Projects/My-ROS2/TalktoMCU_without_uROS/install/talk_to_mcu_interfaces/include/talk_to_mcu_interfaces/talk_to_mcu_interfaces/msg
[0.683s] -- Up-to-date: /home/sbzrgn/Desktop/My-ROS2_Projects/My-ROS2/TalktoMCU_without_uROS/install/talk_to_mcu_interfaces/include/talk_to_mcu_interfaces/talk_to_mcu_interfaces/msg/rosidl_typesupport_fastrtps_cpp__visibility_control.h
[0.683s] -- Up-to-date: /home/sbzrgn/Desktop/My-ROS2_Projects/My-ROS2/TalktoMCU_without_uROS/install/talk_to_mcu_interfaces/include/talk_to_mcu_interfaces/talk_to_mcu_interfaces/msg/detail
[0.684s] -- Up-to-date: /home/sbzrgn/Desktop/My-ROS2_Projects/My-ROS2/TalktoMCU_without_uROS/install/talk_to_mcu_interfaces/include/talk_to_mcu_interfaces/talk_to_mcu_interfaces/msg/detail/dds_fastrtps
[0.684s] -- Up-to-date: /home/sbzrgn/Desktop/My-ROS2_Projects/My-ROS2/TalktoMCU_without_uROS/install/talk_to_mcu_interfaces/include/talk_to_mcu_interfaces/talk_to_mcu_interfaces/msg/detail/num__rosidl_typesupport_fastrtps_cpp.hpp
[0.684s] -- Up-to-date: /home/sbzrgn/Desktop/My-ROS2_Projects/My-ROS2/TalktoMCU_without_uROS/install/talk_to_mcu_interfaces/lib/libtalk_to_mcu_interfaces__rosidl_typesupport_fastrtps_cpp.so
[0.684s] -- Up-to-date: /home/sbzrgn/Desktop/My-ROS2_Projects/My-ROS2/TalktoMCU_without_uROS/install/talk_to_mcu_interfaces/include/talk_to_mcu_interfaces/talk_to_mcu_interfaces
[0.684s] -- Up-to-date: /home/sbzrgn/Desktop/My-ROS2_Projects/My-ROS2/TalktoMCU_without_uROS/install/talk_to_mcu_interfaces/include/talk_to_mcu_interfaces/talk_to_mcu_interfaces/msg
[0.684s] -- Up-to-date: /home/sbzrgn/Desktop/My-ROS2_Projects/My-ROS2/TalktoMCU_without_uROS/install/talk_to_mcu_interfaces/include/talk_to_mcu_interfaces/talk_to_mcu_interfaces/msg/detail
[0.685s] -- Up-to-date: /home/sbzrgn/Desktop/My-ROS2_Projects/My-ROS2/TalktoMCU_without_uROS/install/talk_to_mcu_interfaces/include/talk_to_mcu_interfaces/talk_to_mcu_interfaces/msg/detail/num__type_support.cpp
[0.685s] -- Up-to-date: /home/sbzrgn/Desktop/My-ROS2_Projects/My-ROS2/TalktoMCU_without_uROS/install/talk_to_mcu_interfaces/include/talk_to_mcu_interfaces/talk_to_mcu_interfaces/msg/detail/num__rosidl_typesupport_introspection_cpp.hpp
[0.685s] -- Up-to-date: /home/sbzrgn/Desktop/My-ROS2_Projects/My-ROS2/TalktoMCU_without_uROS/install/talk_to_mcu_interfaces/lib/libtalk_to_mcu_interfaces__rosidl_typesupport_introspection_cpp.so
[0.685s] -- Up-to-date: /home/sbzrgn/Desktop/My-ROS2_Projects/My-ROS2/TalktoMCU_without_uROS/install/talk_to_mcu_interfaces/lib/libtalk_to_mcu_interfaces__rosidl_typesupport_cpp.so
[0.685s] -- Up-to-date: /home/sbzrgn/Desktop/My-ROS2_Projects/My-ROS2/TalktoMCU_without_uROS/install/talk_to_mcu_interfaces/share/talk_to_mcu_interfaces/environment/pythonpath.sh
[0.686s] -- Up-to-date: /home/sbzrgn/Desktop/My-ROS2_Projects/My-ROS2/TalktoMCU_without_uROS/install/talk_to_mcu_interfaces/share/talk_to_mcu_interfaces/environment/pythonpath.dsv
[0.686s] -- Up-to-date: /home/sbzrgn/Desktop/My-ROS2_Projects/My-ROS2/TalktoMCU_without_uROS/install/talk_to_mcu_interfaces/lib/python3.12/site-packages/talk_to_mcu_interfaces-0.0.0-py3.12.egg-info
[0.686s] -- Installing: /home/sbzrgn/Desktop/My-ROS2_Projects/My-ROS2/TalktoMCU_without_uROS/install/talk_to_mcu_interfaces/lib/python3.12/site-packages/talk_to_mcu_interfaces-0.0.0-py3.12.egg-info/PKG-INFO
[0.686s] -- Installing: /home/sbzrgn/Desktop/My-ROS2_Projects/My-ROS2/TalktoMCU_without_uROS/install/talk_to_mcu_interfaces/lib/python3.12/site-packages/talk_to_mcu_interfaces-0.0.0-py3.12.egg-info/top_level.txt
[0.686s] -- Installing: /home/sbzrgn/Desktop/My-ROS2_Projects/My-ROS2/TalktoMCU_without_uROS/install/talk_to_mcu_interfaces/lib/python3.12/site-packages/talk_to_mcu_interfaces-0.0.0-py3.12.egg-info/dependency_links.txt
[0.687s] -- Installing: /home/sbzrgn/Desktop/My-ROS2_Projects/My-ROS2/TalktoMCU_without_uROS/install/talk_to_mcu_interfaces/lib/python3.12/site-packages/talk_to_mcu_interfaces-0.0.0-py3.12.egg-info/SOURCES.txt
[0.687s] -- Up-to-date: /home/sbzrgn/Desktop/My-ROS2_Projects/My-ROS2/TalktoMCU_without_uROS/install/talk_to_mcu_interfaces/lib/python3.12/site-packages/talk_to_mcu_interfaces
[0.687s] -- Up-to-date: /home/sbzrgn/Desktop/My-ROS2_Projects/My-ROS2/TalktoMCU_without_uROS/install/talk_to_mcu_interfaces/lib/python3.12/site-packages/talk_to_mcu_interfaces/_talk_to_mcu_interfaces_s.ep.rosidl_typesupport_introspection_c.c
[0.687s] -- Up-to-date: /home/sbzrgn/Desktop/My-ROS2_Projects/My-ROS2/TalktoMCU_without_uROS/install/talk_to_mcu_interfaces/lib/python3.12/site-packages/talk_to_mcu_interfaces/_talk_to_mcu_interfaces_s.ep.rosidl_typesupport_c.c
[0.688s] -- Up-to-date: /home/sbzrgn/Desktop/My-ROS2_Projects/My-ROS2/TalktoMCU_without_uROS/install/talk_to_mcu_interfaces/lib/python3.12/site-packages/talk_to_mcu_interfaces/talk_to_mcu_interfaces_s__rosidl_typesupport_fastrtps_c.so
[0.688s] -- Up-to-date: /home/sbzrgn/Desktop/My-ROS2_Projects/My-ROS2/TalktoMCU_without_uROS/install/talk_to_mcu_interfaces/lib/python3.12/site-packages/talk_to_mcu_interfaces/talk_to_mcu_interfaces_s__rosidl_typesupport_c.so
[0.688s] -- Up-to-date: /home/sbzrgn/Desktop/My-ROS2_Projects/My-ROS2/TalktoMCU_without_uROS/install/talk_to_mcu_interfaces/lib/python3.12/site-packages/talk_to_mcu_interfaces/msg
[0.688s] -- Up-to-date: /home/sbzrgn/Desktop/My-ROS2_Projects/My-ROS2/TalktoMCU_without_uROS/install/talk_to_mcu_interfaces/lib/python3.12/site-packages/talk_to_mcu_interfaces/msg/_num_s.c
[0.688s] -- Up-to-date: /home/sbzrgn/Desktop/My-ROS2_Projects/My-ROS2/TalktoMCU_without_uROS/install/talk_to_mcu_interfaces/lib/python3.12/site-packages/talk_to_mcu_interfaces/msg/_num.py
[0.689s] -- Up-to-date: /home/sbzrgn/Desktop/My-ROS2_Projects/My-ROS2/TalktoMCU_without_uROS/install/talk_to_mcu_interfaces/lib/python3.12/site-packages/talk_to_mcu_interfaces/msg/__init__.py
[0.689s] -- Up-to-date: /home/sbzrgn/Desktop/My-ROS2_Projects/My-ROS2/TalktoMCU_without_uROS/install/talk_to_mcu_interfaces/lib/python3.12/site-packages/talk_to_mcu_interfaces/_talk_to_mcu_interfaces_s.ep.rosidl_typesupport_fastrtps_c.c
[0.689s] -- Up-to-date: /home/sbzrgn/Desktop/My-ROS2_Projects/My-ROS2/TalktoMCU_without_uROS/install/talk_to_mcu_interfaces/lib/python3.12/site-packages/talk_to_mcu_interfaces/__init__.py
[0.689s] -- Up-to-date: /home/sbzrgn/Desktop/My-ROS2_Projects/My-ROS2/TalktoMCU_without_uROS/install/talk_to_mcu_interfaces/lib/python3.12/site-packages/talk_to_mcu_interfaces/talk_to_mcu_interfaces_s__rosidl_typesupport_introspection_c.so
[0.732s] Listing '/home/sbzrgn/Desktop/My-ROS2_Projects/My-ROS2/TalktoMCU_without_uROS/install/talk_to_mcu_interfaces/lib/python3.12/site-packages/talk_to_mcu_interfaces'...
[0.732s] Listing '/home/sbzrgn/Desktop/My-ROS2_Projects/My-ROS2/TalktoMCU_without_uROS/install/talk_to_mcu_interfaces/lib/python3.12/site-packages/talk_to_mcu_interfaces/msg'...
[0.740s] -- Up-to-date: /home/sbzrgn/Desktop/My-ROS2_Projects/My-ROS2/TalktoMCU_without_uROS/install/talk_to_mcu_interfaces/lib/python3.12/site-packages/talk_to_mcu_interfaces/talk_to_mcu_interfaces_s__rosidl_typesupport_fastrtps_c.so
[0.741s] -- Up-to-date: /home/sbzrgn/Desktop/My-ROS2_Projects/My-ROS2/TalktoMCU_without_uROS/install/talk_to_mcu_interfaces/lib/python3.12/site-packages/talk_to_mcu_interfaces/talk_to_mcu_interfaces_s__rosidl_typesupport_introspection_c.so
[0.741s] -- Up-to-date: /home/sbzrgn/Desktop/My-ROS2_Projects/My-ROS2/TalktoMCU_without_uROS/install/talk_to_mcu_interfaces/lib/python3.12/site-packages/talk_to_mcu_interfaces/talk_to_mcu_interfaces_s__rosidl_typesupport_c.so
[0.742s] -- Up-to-date: /home/sbzrgn/Desktop/My-ROS2_Projects/My-ROS2/TalktoMCU_without_uROS/install/talk_to_mcu_interfaces/lib/libtalk_to_mcu_interfaces__rosidl_generator_py.so
[0.742s] -- Up-to-date: /home/sbzrgn/Desktop/My-ROS2_Projects/My-ROS2/TalktoMCU_without_uROS/install/talk_to_mcu_interfaces/share/ament_index/resource_index/rust_packages/talk_to_mcu_interfaces
[0.743s] -- Up-to-date: /home/sbzrgn/Desktop/My-ROS2_Projects/My-ROS2/TalktoMCU_without_uROS/install/talk_to_mcu_interfaces/share/talk_to_mcu_interfaces/rust
[0.743s] -- Up-to-date: /home/sbzrgn/Desktop/My-ROS2_Projects/My-ROS2/TalktoMCU_without_uROS/install/talk_to_mcu_interfaces/share/talk_to_mcu_interfaces/rust/src
[0.743s] -- Up-to-date: /home/sbzrgn/Desktop/My-ROS2_Projects/My-ROS2/TalktoMCU_without_uROS/install/talk_to_mcu_interfaces/share/talk_to_mcu_interfaces/rust/src/lib.rs
[0.744s] -- Up-to-date: /home/sbzrgn/Desktop/My-ROS2_Projects/My-ROS2/TalktoMCU_without_uROS/install/talk_to_mcu_interfaces/share/talk_to_mcu_interfaces/rust/src/msg.rs
[0.744s] -- Up-to-date: /home/sbzrgn/Desktop/My-ROS2_Projects/My-ROS2/TalktoMCU_without_uROS/install/talk_to_mcu_interfaces/share/talk_to_mcu_interfaces/rust/src/msg
[0.744s] -- Up-to-date: /home/sbzrgn/Desktop/My-ROS2_Projects/My-ROS2/TalktoMCU_without_uROS/install/talk_to_mcu_interfaces/share/talk_to_mcu_interfaces/rust/src/msg/rmw.rs
[0.745s] -- Up-to-date: /home/sbzrgn/Desktop/My-ROS2_Projects/My-ROS2/TalktoMCU_without_uROS/install/talk_to_mcu_interfaces/share/talk_to_mcu_interfaces/rust/Cargo.toml
[0.745s] -- Up-to-date: /home/sbzrgn/Desktop/My-ROS2_Projects/My-ROS2/TalktoMCU_without_uROS/install/talk_to_mcu_interfaces/share/talk_to_mcu_interfaces/rust/build.rs
[0.745s] -- Up-to-date: /home/sbzrgn/Desktop/My-ROS2_Projects/My-ROS2/TalktoMCU_without_uROS/install/talk_to_mcu_interfaces/share/talk_to_mcu_interfaces/msg/Num.idl
[0.745s] -- Up-to-date: /home/sbzrgn/Desktop/My-ROS2_Projects/My-ROS2/TalktoMCU_without_uROS/install/talk_to_mcu_interfaces/share/talk_to_mcu_interfaces/msg/Num.msg
[0.746s] -- Up-to-date: /home/sbzrgn/Desktop/My-ROS2_Projects/My-ROS2/TalktoMCU_without_uROS/install/talk_to_mcu_interfaces/share/ament_index/resource_index/package_run_dependencies/talk_to_mcu_interfaces
[0.746s] -- Up-to-date: /home/sbzrgn/Desktop/My-ROS2_Projects/My-ROS2/TalktoMCU_without_uROS/install/talk_to_mcu_interfaces/share/ament_index/resource_index/parent_prefix_path/talk_to_mcu_interfaces
[0.746s] -- Up-to-date: /home/sbzrgn/Desktop/My-ROS2_Projects/My-ROS2/TalktoMCU_without_uROS/install/talk_to_mcu_interfaces/share/talk_to_mcu_interfaces/environment/ament_prefix_path.sh
[0.746s] -- Up-to-date: /home/sbzrgn/Desktop/My-ROS2_Projects/My-ROS2/TalktoMCU_without_uROS/install/talk_to_mcu_interfaces/share/talk_to_mcu_interfaces/environment/ament_prefix_path.dsv
[0.747s] -- Up-to-date: /home/sbzrgn/Desktop/My-ROS2_Projects/My-ROS2/TalktoMCU_without_uROS/install/talk_to_mcu_interfaces/share/talk_to_mcu_interfaces/environment/path.sh
[0.747s] -- Up-to-date: /home/sbzrgn/Desktop/My-ROS2_Projects/My-ROS2/TalktoMCU_without_uROS/install/talk_to_mcu_interfaces/share/talk_to_mcu_interfaces/environment/path.dsv
[0.747s] -- Up-to-date: /home/sbzrgn/Desktop/My-ROS2_Projects/My-ROS2/TalktoMCU_without_uROS/install/talk_to_mcu_interfaces/share/talk_to_mcu_interfaces/local_setup.bash
[0.747s] -- Up-to-date: /home/sbzrgn/Desktop/My-ROS2_Projects/My-ROS2/TalktoMCU_without_uROS/install/talk_to_mcu_interfaces/share/talk_to_mcu_interfaces/local_setup.sh
[0.748s] -- Up-to-date: /home/sbzrgn/Desktop/My-ROS2_Projects/My-ROS2/TalktoMCU_without_uROS/install/talk_to_mcu_interfaces/share/talk_to_mcu_interfaces/local_setup.zsh
[0.748s] -- Up-to-date: /home/sbzrgn/Desktop/My-ROS2_Projects/My-ROS2/TalktoMCU_without_uROS/install/talk_to_mcu_interfaces/share/talk_to_mcu_interfaces/local_setup.dsv
[0.748s] -- Installing: /home/sbzrgn/Desktop/My-ROS2_Projects/My-ROS2/TalktoMCU_without_uROS/install/talk_to_mcu_interfaces/share/talk_to_mcu_interfaces/package.dsv
[0.748s] -- Up-to-date: /home/sbzrgn/Desktop/My-ROS2_Projects/My-ROS2/TalktoMCU_without_uROS/install/talk_to_mcu_interfaces/share/ament_index/resource_index/packages/talk_to_mcu_interfaces
[0.749s] -- Up-to-date: /home/sbzrgn/Desktop/My-ROS2_Projects/My-ROS2/TalktoMCU_without_uROS/install/talk_to_mcu_interfaces/share/talk_to_mcu_interfaces/cmake/export_talk_to_mcu_interfaces__rosidl_generator_cExport.cmake
[0.749s] -- Up-to-date: /home/sbzrgn/Desktop/My-ROS2_Projects/My-ROS2/TalktoMCU_without_uROS/install/talk_to_mcu_interfaces/share/talk_to_mcu_interfaces/cmake/export_talk_to_mcu_interfaces__rosidl_generator_cExport-noconfig.cmake
[0.749s] -- Up-to-date: /home/sbzrgn/Desktop/My-ROS2_Projects/My-ROS2/TalktoMCU_without_uROS/install/talk_to_mcu_interfaces/share/talk_to_mcu_interfaces/cmake/export_talk_to_mcu_interfaces__rosidl_typesupport_fastrtps_cExport.cmake
[0.749s] -- Up-to-date: /home/sbzrgn/Desktop/My-ROS2_Projects/My-ROS2/TalktoMCU_without_uROS/install/talk_to_mcu_interfaces/share/talk_to_mcu_interfaces/cmake/export_talk_to_mcu_interfaces__rosidl_typesupport_fastrtps_cExport-noconfig.cmake
[0.749s] -- Up-to-date: /home/sbzrgn/Desktop/My-ROS2_Projects/My-ROS2/TalktoMCU_without_uROS/install/talk_to_mcu_interfaces/share/talk_to_mcu_interfaces/cmake/talk_to_mcu_interfaces__rosidl_typesupport_introspection_cExport.cmake
[0.750s] -- Up-to-date: /home/sbzrgn/Desktop/My-ROS2_Projects/My-ROS2/TalktoMCU_without_uROS/install/talk_to_mcu_interfaces/share/talk_to_mcu_interfaces/cmake/talk_to_mcu_interfaces__rosidl_typesupport_introspection_cExport-noconfig.cmake
[0.750s] -- Up-to-date: /home/sbzrgn/Desktop/My-ROS2_Projects/My-ROS2/TalktoMCU_without_uROS/install/talk_to_mcu_interfaces/share/talk_to_mcu_interfaces/cmake/talk_to_mcu_interfaces__rosidl_typesupport_cExport.cmake
[0.750s] -- Up-to-date: /home/sbzrgn/Desktop/My-ROS2_Projects/My-ROS2/TalktoMCU_without_uROS/install/talk_to_mcu_interfaces/share/talk_to_mcu_interfaces/cmake/talk_to_mcu_interfaces__rosidl_typesupport_cExport-noconfig.cmake
[0.750s] -- Up-to-date: /home/sbzrgn/Desktop/My-ROS2_Projects/My-ROS2/TalktoMCU_without_uROS/install/talk_to_mcu_interfaces/share/talk_to_mcu_interfaces/cmake/export_talk_to_mcu_interfaces__rosidl_generator_cppExport.cmake
[0.751s] -- Up-to-date: /home/sbzrgn/Desktop/My-ROS2_Projects/My-ROS2/TalktoMCU_without_uROS/install/talk_to_mcu_interfaces/share/talk_to_mcu_interfaces/cmake/export_talk_to_mcu_interfaces__rosidl_typesupport_fastrtps_cppExport.cmake
[0.751s] -- Up-to-date: /home/sbzrgn/Desktop/My-ROS2_Projects/My-ROS2/TalktoMCU_without_uROS/install/talk_to_mcu_interfaces/share/talk_to_mcu_interfaces/cmake/export_talk_to_mcu_interfaces__rosidl_typesupport_fastrtps_cppExport-noconfig.cmake
[0.751s] -- Up-to-date: /home/sbzrgn/Desktop/My-ROS2_Projects/My-ROS2/TalktoMCU_without_uROS/install/talk_to_mcu_interfaces/share/talk_to_mcu_interfaces/cmake/talk_to_mcu_interfaces__rosidl_typesupport_introspection_cppExport.cmake
[0.751s] -- Up-to-date: /home/sbzrgn/Desktop/My-ROS2_Projects/My-ROS2/TalktoMCU_without_uROS/install/talk_to_mcu_interfaces/share/talk_to_mcu_interfaces/cmake/talk_to_mcu_interfaces__rosidl_typesupport_introspection_cppExport-noconfig.cmake
[0.751s] -- Up-to-date: /home/sbzrgn/Desktop/My-ROS2_Projects/My-ROS2/TalktoMCU_without_uROS/install/talk_to_mcu_interfaces/share/talk_to_mcu_interfaces/cmake/talk_to_mcu_interfaces__rosidl_typesupport_cppExport.cmake
[0.752s] -- Up-to-date: /home/sbzrgn/Desktop/My-ROS2_Projects/My-ROS2/TalktoMCU_without_uROS/install/talk_to_mcu_interfaces/share/talk_to_mcu_interfaces/cmake/talk_to_mcu_interfaces__rosidl_typesupport_cppExport-noconfig.cmake
[0.752s] -- Up-to-date: /home/sbzrgn/Desktop/My-ROS2_Projects/My-ROS2/TalktoMCU_without_uROS/install/talk_to_mcu_interfaces/share/talk_to_mcu_interfaces/cmake/export_talk_to_mcu_interfaces__rosidl_generator_pyExport.cmake
[0.753s] -- Up-to-date: /home/sbzrgn/Desktop/My-ROS2_Projects/My-ROS2/TalktoMCU_without_uROS/install/talk_to_mcu_interfaces/share/talk_to_mcu_interfaces/cmake/export_talk_to_mcu_interfaces__rosidl_generator_pyExport-noconfig.cmake
[0.753s] -- Up-to-date: /home/sbzrgn/Desktop/My-ROS2_Projects/My-ROS2/TalktoMCU_without_uROS/install/talk_to_mcu_interfaces/share/talk_to_mcu_interfaces/cmake/rosidl_cmake-extras.cmake
[0.754s] -- Up-to-date: /home/sbzrgn/Desktop/My-ROS2_Projects/My-ROS2/TalktoMCU_without_uROS/install/talk_to_mcu_interfaces/share/talk_to_mcu_interfaces/cmake/ament_cmake_export_include_directories-extras.cmake
[0.754s] -- Up-to-date: /home/sbzrgn/Desktop/My-ROS2_Projects/My-ROS2/TalktoMCU_without_uROS/install/talk_to_mcu_interfaces/share/talk_to_mcu_interfaces/cmake/ament_cmake_export_libraries-extras.cmake
[0.755s] -- Up-to-date: /home/sbzrgn/Desktop/My-ROS2_Projects/My-ROS2/TalktoMCU_without_uROS/install/talk_to_mcu_interfaces/share/talk_to_mcu_interfaces/cmake/ament_cmake_export_targets-extras.cmake
[0.755s] -- Up-to-date: /home/sbzrgn/Desktop/My-ROS2_Projects/My-ROS2/TalktoMCU_without_uROS/install/talk_to_mcu_interfaces/share/talk_to_mcu_interfaces/cmake/rosidl_cmake_export_typesupport_targets-extras.cmake
[0.755s] -- Up-to-date: /home/sbzrgn/Desktop/My-ROS2_Projects/My-ROS2/TalktoMCU_without_uROS/install/talk_to_mcu_interfaces/share/talk_to_mcu_interfaces/cmake/ament_cmake_export_dependencies-extras.cmake
[0.756s] -- Up-to-date: /home/sbzrgn/Desktop/My-ROS2_Projects/My-ROS2/TalktoMCU_without_uROS/install/talk_to_mcu_interfaces/share/talk_to_mcu_interfaces/cmake/rosidl_cmake_export_typesupport_libraries-extras.cmake
[0.756s] -- Up-to-date: /home/sbzrgn/Desktop/My-ROS2_Projects/My-ROS2/TalktoMCU_without_uROS/install/talk_to_mcu_interfaces/share/talk_to_mcu_interfaces/cmake/rosidl_cmake_aggregate_target-extras.cmake
[0.756s] -- Up-to-date: /home/sbzrgn/Desktop/My-ROS2_Projects/My-ROS2/TalktoMCU_without_uROS/install/talk_to_mcu_interfaces/share/talk_to_mcu_interfaces/cmake/talk_to_mcu_interfacesConfig.cmake
[0.757s] -- Up-to-date: /home/sbzrgn/Desktop/My-ROS2_Projects/My-ROS2/TalktoMCU_without_uROS/install/talk_to_mcu_interfaces/share/talk_to_mcu_interfaces/cmake/talk_to_mcu_interfacesConfig-version.cmake
[0.757s] -- Up-to-date: /home/sbzrgn/Desktop/My-ROS2_Projects/My-ROS2/TalktoMCU_without_uROS/install/talk_to_mcu_interfaces/share/talk_to_mcu_interfaces/package.xml
[0.757s] Invoked command in '/home/sbzrgn/Desktop/My-ROS2_Projects/My-ROS2/TalktoMCU_without_uROS/build/talk_to_mcu_interfaces' returned '0': CMAKE_PREFIX_PATH=${CMAKE_PREFIX_PATH}:/opt/ros/jazzy DEBUGINFOD_URLS=https://debuginfod.ubuntu.com /usr/bin/cmake --install /home/sbzrgn/Desktop/My-ROS2_Projects/My-ROS2/TalktoMCU_without_uROS/build/talk_to_mcu_interfaces
