[0.011s] Invoking command in '/home/saeedbazargan/Desktop/My-ROS2_Projects/My-ROS2-Humble/Tutorial_MobileRobot/mobilebot_ws/build/actions_cpp': CMAKE_PREFIX_PATH=/home/saeedbazargan/Desktop/My-ROS2_Projects/My-ROS2-Humble/Tutorial_MobileRobot/mobilebot_ws/install/mobilebot_interfaces:/home/saeedbazargan/Desktop/My-ROS2_Projects/My-ROS2-Humble/Tutorial_MobileRobot/mobilebot_ws/install/actions_cpp:/home/saeedbazargan/Desktop/My-ROS2_Projects/My-ROS2-Humble/Tutorial_MobileRobot/mobilebot_ws/install/mobilebot_bringup:/home/saeedbazargan/Desktop/My-ROS2_Projects/My-ROS2-Humble/Tutorial_MobileRobot/mobilebot_ws/install/mobilebot_description:/opt/ros/humble /usr/bin/cmake --build /home/saeedbazargan/Desktop/My-ROS2_Projects/My-ROS2-Humble/Tutorial_MobileRobot/mobilebot_ws/build/actions_cpp -- -j4 -l4
[0.074s] [35m[1mConsolidate compiler generated dependencies of target robot_move_server[0m
[0.107s] [ 12%] [32mBuilding CXX object CMakeFiles/count_until_server.dir/src/count_until_server.cpp.o[0m
[0.109s] [ 37%] Built target count_until_server_queue_goals
[0.110s] [ 62%] Built target count_until_client
[0.110s] [ 75%] [32mBuilding CXX object CMakeFiles/robot_move_server.dir/src/robot_move_server.cpp.o[0m
[3.292s] [01m[K/home/saeedbazargan/Desktop/My-ROS2_Projects/My-ROS2-Humble/Tutorial_MobileRobot/mobilebot_ws/src/actions_cpp/src/robot_move_server.cpp:[m[K In constructor ‘[01m[KRobotMoveServerNode::RobotMoveServerNode()[m[K’:
[3.292s] [01m[K/home/saeedbazargan/Desktop/My-ROS2_Projects/My-ROS2-Humble/Tutorial_MobileRobot/mobilebot_ws/src/actions_cpp/src/robot_move_server.cpp:35:62:[m[K [01;31m[Kerror: [m[Kno matching function for call to ‘[01m[Kcreate_server<RobotMove>(RobotMoveServerNode*, const char [11], std::_Bind_helper<false, rclcpp_action::GoalResponse (RobotMoveServerNode::*)(const std::array<unsigned char, 16>&, std::shared_ptr<const mobilebot_interfaces::action::RobotMove_Goal_<std::allocator<void> > >), RobotMoveServerNode*, const std::_Placeholder<1>&, const std::_Placeholder<2>&>::type)[m[K’
[3.292s]    35 |         robot_move_ = [01;31m[Krclcpp_action::create_server<RobotMove>([m[K
[3.292s]       |                       [01;31m[K~~~~~~~~~~~~~~~~~~~~~~~~~~~~~~~~~~~~~~~^[m[K
[3.293s]    36 | [01;31m[K            this,[m[K
[3.293s]       |             [01;31m[K~~~~~[m[K                                             
[3.293s]    37 | [01;31m[K            "robot_move",[m[K
[3.293s]       |             [01;31m[K~~~~~~~~~~~~~[m[K                                     
[3.293s]    38 | [01;31m[K            std::bind(&RobotMoveServerNode::goal_callback, this, _1, _2)[m[K
[3.293s]       |             [01;31m[K~~~~~~~~~~~~~~~~~~~~~~~~~~~~~~~~~~~~~~~~~~~~~~~~~~~~~~~~~~~~[m[K
[3.293s]    39 | [01;31m[K            // cancel_callback,[m[K
[3.293s]       |             [01;31m[K~~~~~~~~~~~~~~~~~~~[m[K                               
[3.293s]    40 | [01;31m[K            // accepted_callback,[m[K
[3.293s]       |             [01;31m[K~~~~~~~~~~~~~~~~~~~~~[m[K                             
[3.293s]    41 | [01;31m[K            // rcl_action_server_get_default_options(),[m[K
[3.293s]       |             [01;31m[K~~~~~~~~~~~~~~~~~~~~~~~~~~~~~~~~~~~~~~~~~~~[m[K       
[3.293s]    42 | [01;31m[K            // callback_group[m[K
[3.293s]       |             [01;31m[K~~~~~~~~~~~~~~~~~[m[K                                 
[3.293s]    43 | [01;31m[K        )[m[K;
[3.294s]       |         [01;31m[K~[m[K                                                     
[3.295s] In file included from [01m[K/opt/ros/humble/include/rclcpp_action/rclcpp_action/rclcpp_action.hpp:39[m[K,
[3.296s]                  from [01m[K/home/saeedbazargan/Desktop/My-ROS2_Projects/My-ROS2-Humble/Tutorial_MobileRobot/mobilebot_ws/src/actions_cpp/src/robot_move_server.cpp:2[m[K:
[3.296s] [01m[K/opt/ros/humble/include/rclcpp_action/rclcpp_action/create_server.hpp:58:1:[m[K [01;36m[Knote: [m[Kcandidate: ‘[01m[Ktypename rclcpp_action::Server<ActionT>::SharedPtr rclcpp_action::create_server(rclcpp::node_interfaces::NodeBaseInterface::SharedPtr, rclcpp::node_interfaces::NodeClockInterface::SharedPtr, rclcpp::node_interfaces::NodeLoggingInterface::SharedPtr, rclcpp::node_interfaces::NodeWaitablesInterface::SharedPtr, const string&, typename rclcpp_action::Server<ActionT>::GoalCallback, typename rclcpp_action::Server<ActionT>::CancelCallback, typename rclcpp_action::Server<ActionT>::AcceptedCallback, const rcl_action_server_options_t&, rclcpp::CallbackGroup::SharedPtr) [with ActionT = mobilebot_interfaces::action::RobotMove; typename rclcpp_action::Server<ActionT>::SharedPtr = std::shared_ptr<rclcpp_action::Server<mobilebot_interfaces::action::RobotMove> >; rclcpp::node_interfaces::NodeBaseInterface::SharedPtr = std::shared_ptr<rclcpp::node_interfaces::NodeBaseInterface>; rclcpp::node_interfaces::NodeClockInterface::SharedPtr = std::shared_ptr<rclcpp::node_interfaces::NodeClockInterface>; rclcpp::node_interfaces::NodeLoggingInterface::SharedPtr = std::shared_ptr<rclcpp::node_interfaces::NodeLoggingInterface>; rclcpp::node_interfaces::NodeWaitablesInterface::SharedPtr = std::shared_ptr<rclcpp::node_interfaces::NodeWaitablesInterface>; std::string = std::__cxx11::basic_string<char>; typename rclcpp_action::Server<ActionT>::GoalCallback = std::function<rclcpp_action::GoalResponse(const std::array<unsigned char, 16>&, std::shared_ptr<const mobilebot_interfaces::action::RobotMove_Goal_<std::allocator<void> > >)>; typename rclcpp_action::Server<ActionT>::CancelCallback = std::function<rclcpp_action::CancelResponse(std::shared_ptr<rclcpp_action::ServerGoalHandle<mobilebot_interfaces::action::RobotMove> >)>; typename rclcpp_action::Server<ActionT>::AcceptedCallback = std::function<void(std::shared_ptr<rclcpp_action::ServerGoalHandle<mobilebot_interfaces::action::RobotMove> >)>; rcl_action_server_options_t = rcl_action_server_options_s; rclcpp::CallbackGroup::SharedPtr = std::shared_ptr<rclcpp::CallbackGroup>][m[K’
[3.296s]    58 | [01;36m[Kcreate_server[m[K(
[3.296s]       | [01;36m[K^~~~~~~~~~~~~[m[K
[3.296s] [01m[K/opt/ros/humble/include/rclcpp_action/rclcpp_action/create_server.hpp:58:1:[m[K [01;36m[Knote: [m[K  candidate expects 10 arguments, 3 provided
[3.296s] [01m[K/opt/ros/humble/include/rclcpp_action/rclcpp_action/create_server.hpp:132:1:[m[K [01;36m[Knote: [m[Kcandidate: ‘[01m[Ktemplate<class ActionT, class NodeT> typename rclcpp_action::Server<ActionT>::SharedPtr rclcpp_action::create_server(NodeT, const string&, typename rclcpp_action::Server<ActionT>::GoalCallback, typename rclcpp_action::Server<ActionT>::CancelCallback, typename rclcpp_action::Server<ActionT>::AcceptedCallback, const rcl_action_server_options_t&, rclcpp::CallbackGroup::SharedPtr)[m[K’
[3.297s]   132 | [01;36m[Kcreate_server[m[K(
[3.297s]       | [01;36m[K^~~~~~~~~~~~~[m[K
[3.297s] [01m[K/opt/ros/humble/include/rclcpp_action/rclcpp_action/create_server.hpp:132:1:[m[K [01;36m[Knote: [m[K  template argument deduction/substitution failed:
[3.297s] [01m[K/home/saeedbazargan/Desktop/My-ROS2_Projects/My-ROS2-Humble/Tutorial_MobileRobot/mobilebot_ws/src/actions_cpp/src/robot_move_server.cpp:35:62:[m[K [01;36m[Knote: [m[K  candidate expects 7 arguments, 3 provided
[3.297s]    35 |         robot_move_ = [01;36m[Krclcpp_action::create_server<RobotMove>([m[K
[3.297s]       |                       [01;36m[K~~~~~~~~~~~~~~~~~~~~~~~~~~~~~~~~~~~~~~~^[m[K
[3.297s]    36 | [01;36m[K            this,[m[K
[3.298s]       |             [01;36m[K~~~~~[m[K                                             
[3.298s]    37 | [01;36m[K            "robot_move",[m[K
[3.298s]       |             [01;36m[K~~~~~~~~~~~~~[m[K                                     
[3.298s]    38 | [01;36m[K            std::bind(&RobotMoveServerNode::goal_callback, this, _1, _2)[m[K
[3.298s]       |             [01;36m[K~~~~~~~~~~~~~~~~~~~~~~~~~~~~~~~~~~~~~~~~~~~~~~~~~~~~~~~~~~~~[m[K
[3.298s]    39 | [01;36m[K            // cancel_callback,[m[K
[3.298s]       |             [01;36m[K~~~~~~~~~~~~~~~~~~~[m[K                               
[3.298s]    40 | [01;36m[K            // accepted_callback,[m[K
[3.299s]       |             [01;36m[K~~~~~~~~~~~~~~~~~~~~~[m[K                             
[3.299s]    41 | [01;36m[K            // rcl_action_server_get_default_options(),[m[K
[3.299s]       |             [01;36m[K~~~~~~~~~~~~~~~~~~~~~~~~~~~~~~~~~~~~~~~~~~~[m[K       
[3.299s]    42 | [01;36m[K            // callback_group[m[K
[3.299s]       |             [01;36m[K~~~~~~~~~~~~~~~~~[m[K                                 
[3.299s]    43 | [01;36m[K        )[m[K;
[3.299s]       |         [01;36m[K~[m[K                                                     
[3.864s] gmake[2]: *** [CMakeFiles/robot_move_server.dir/build.make:76: CMakeFiles/robot_move_server.dir/src/robot_move_server.cpp.o] Error 1
[3.865s] gmake[1]: *** [CMakeFiles/Makefile2:221: CMakeFiles/robot_move_server.dir/all] Error 2
[3.865s] gmake[1]: *** Waiting for unfinished jobs....
[4.945s] [ 87%] [32m[1mLinking CXX executable count_until_server[0m
[5.156s] [ 87%] Built target count_until_server
[5.158s] gmake: *** [Makefile:146: all] Error 2
[5.160s] Invoked command in '/home/saeedbazargan/Desktop/My-ROS2_Projects/My-ROS2-Humble/Tutorial_MobileRobot/mobilebot_ws/build/actions_cpp' returned '2': CMAKE_PREFIX_PATH=/home/saeedbazargan/Desktop/My-ROS2_Projects/My-ROS2-Humble/Tutorial_MobileRobot/mobilebot_ws/install/mobilebot_interfaces:/home/saeedbazargan/Desktop/My-ROS2_Projects/My-ROS2-Humble/Tutorial_MobileRobot/mobilebot_ws/install/actions_cpp:/home/saeedbazargan/Desktop/My-ROS2_Projects/My-ROS2-Humble/Tutorial_MobileRobot/mobilebot_ws/install/mobilebot_bringup:/home/saeedbazargan/Desktop/My-ROS2_Projects/My-ROS2-Humble/Tutorial_MobileRobot/mobilebot_ws/install/mobilebot_description:/opt/ros/humble /usr/bin/cmake --build /home/saeedbazargan/Desktop/My-ROS2_Projects/My-ROS2-Humble/Tutorial_MobileRobot/mobilebot_ws/build/actions_cpp -- -j4 -l4
