[0.514s] DEBUG:colcon:Command line arguments: ['/usr/bin/colcon', 'list', '-p', '--base-paths', '/home/saeedbazargan/Desktop/ROS2-Humble/My-ROS2_Projects/My-ROS2-Humble/Tutorial_MobileRobot/mobilebot_ws']
[0.514s] DEBUG:colcon:Parsed command line arguments: Namespace(log_base=None, log_level=None, verb_name='list', build_base='build', ignore_user_meta=False, metas=['./colcon.meta'], base_paths=['/home/saeedbazargan/Desktop/ROS2-Humble/My-ROS2_Projects/My-ROS2-Humble/Tutorial_MobileRobot/mobilebot_ws'], packages_ignore=None, packages_ignore_regex=None, paths=None, packages_up_to=None, packages_up_to_regex=None, packages_above=None, packages_above_and_dependencies=None, packages_above_depth=None, packages_select_by_dep=None, packages_skip_by_dep=None, packages_skip_up_to=None, packages_select_build_failed=False, packages_skip_build_finished=False, packages_select_test_failures=False, packages_skip_test_passed=False, packages_select=None, packages_skip=None, packages_select_regex=None, packages_skip_regex=None, packages_start=None, packages_end=None, allow_overriding=[], topological_order=False, names_only=False, paths_only=True, topological_graph=False, topological_graph_dot=False, topological_graph_density=False, topological_graph_legend=False, topological_graph_dot_cluster=False, topological_graph_dot_include_skipped=False, mixin_files=None, mixin=None, verb_parser=<colcon_mixin.mixin.mixin_argument.MixinArgumentDecorator object at 0x7c7846b3abc0>, verb_extension=<colcon_package_information.verb.list.ListVerb object at 0x7c7846b39b70>, main=<bound method ListVerb.main of <colcon_package_information.verb.list.ListVerb object at 0x7c7846b39b70>>, mixin_verb=('list',))
[1.161s] Level 1:colcon.colcon_core.package_discovery:discover_packages(colcon_meta) check parameters
[1.161s] Level 1:colcon.colcon_core.package_discovery:discover_packages(recursive) check parameters
[1.161s] Level 1:colcon.colcon_core.package_discovery:discover_packages(ignore) check parameters
[1.161s] Level 1:colcon.colcon_core.package_discovery:discover_packages(path) check parameters
[1.161s] Level 1:colcon.colcon_core.package_discovery:discover_packages(recursive) discover
[1.161s] INFO:colcon.colcon_core.package_discovery:Crawling recursively for packages in '/home/saeedbazargan/Desktop/ROS2-Humble/My-ROS2_Projects/My-ROS2-Humble/Tutorial_MobileRobot/mobilebot_ws'
[1.162s] Level 1:colcon.colcon_core.package_identification:_identify(/home/saeedbazargan/Desktop/ROS2-Humble/My-ROS2_Projects/My-ROS2-Humble/Tutorial_MobileRobot/mobilebot_ws) by extensions ['ignore', 'ignore_ament_install']
[1.162s] Level 1:colcon.colcon_core.package_identification:_identify(/home/saeedbazargan/Desktop/ROS2-Humble/My-ROS2_Projects/My-ROS2-Humble/Tutorial_MobileRobot/mobilebot_ws) by extension 'ignore'
[1.162s] Level 1:colcon.colcon_core.package_identification:_identify(/home/saeedbazargan/Desktop/ROS2-Humble/My-ROS2_Projects/My-ROS2-Humble/Tutorial_MobileRobot/mobilebot_ws) by extension 'ignore_ament_install'
[1.162s] Level 1:colcon.colcon_core.package_identification:_identify(/home/saeedbazargan/Desktop/ROS2-Humble/My-ROS2_Projects/My-ROS2-Humble/Tutorial_MobileRobot/mobilebot_ws) by extensions ['colcon_pkg']
[1.162s] Level 1:colcon.colcon_core.package_identification:_identify(/home/saeedbazargan/Desktop/ROS2-Humble/My-ROS2_Projects/My-ROS2-Humble/Tutorial_MobileRobot/mobilebot_ws) by extension 'colcon_pkg'
[1.162s] Level 1:colcon.colcon_core.package_identification:_identify(/home/saeedbazargan/Desktop/ROS2-Humble/My-ROS2_Projects/My-ROS2-Humble/Tutorial_MobileRobot/mobilebot_ws) by extensions ['colcon_meta']
[1.162s] Level 1:colcon.colcon_core.package_identification:_identify(/home/saeedbazargan/Desktop/ROS2-Humble/My-ROS2_Projects/My-ROS2-Humble/Tutorial_MobileRobot/mobilebot_ws) by extension 'colcon_meta'
[1.162s] Level 1:colcon.colcon_core.package_identification:_identify(/home/saeedbazargan/Desktop/ROS2-Humble/My-ROS2_Projects/My-ROS2-Humble/Tutorial_MobileRobot/mobilebot_ws) by extensions ['ros']
[1.163s] Level 1:colcon.colcon_core.package_identification:_identify(/home/saeedbazargan/Desktop/ROS2-Humble/My-ROS2_Projects/My-ROS2-Humble/Tutorial_MobileRobot/mobilebot_ws) by extension 'ros'
[1.212s] Level 1:colcon.colcon_core.package_identification:_identify(/home/saeedbazargan/Desktop/ROS2-Humble/My-ROS2_Projects/My-ROS2-Humble/Tutorial_MobileRobot/mobilebot_ws) by extensions ['cmake', 'python']
[1.212s] Level 1:colcon.colcon_core.package_identification:_identify(/home/saeedbazargan/Desktop/ROS2-Humble/My-ROS2_Projects/My-ROS2-Humble/Tutorial_MobileRobot/mobilebot_ws) by extension 'cmake'
[1.212s] Level 1:colcon.colcon_core.package_identification:_identify(/home/saeedbazargan/Desktop/ROS2-Humble/My-ROS2_Projects/My-ROS2-Humble/Tutorial_MobileRobot/mobilebot_ws) by extension 'python'
[1.212s] Level 1:colcon.colcon_core.package_identification:_identify(/home/saeedbazargan/Desktop/ROS2-Humble/My-ROS2_Projects/My-ROS2-Humble/Tutorial_MobileRobot/mobilebot_ws) by extensions ['python_setup_py']
[1.212s] Level 1:colcon.colcon_core.package_identification:_identify(/home/saeedbazargan/Desktop/ROS2-Humble/My-ROS2_Projects/My-ROS2-Humble/Tutorial_MobileRobot/mobilebot_ws) by extension 'python_setup_py'
[1.213s] Level 1:colcon.colcon_core.package_identification:_identify(/home/saeedbazargan/Desktop/ROS2-Humble/My-ROS2_Projects/My-ROS2-Humble/Tutorial_MobileRobot/mobilebot_ws/build) by extensions ['ignore', 'ignore_ament_install']
[1.213s] Level 1:colcon.colcon_core.package_identification:_identify(/home/saeedbazargan/Desktop/ROS2-Humble/My-ROS2_Projects/My-ROS2-Humble/Tutorial_MobileRobot/mobilebot_ws/build) by extension 'ignore'
[1.213s] Level 1:colcon.colcon_core.package_identification:_identify(/home/saeedbazargan/Desktop/ROS2-Humble/My-ROS2_Projects/My-ROS2-Humble/Tutorial_MobileRobot/mobilebot_ws/build) ignored
[1.213s] Level 1:colcon.colcon_core.package_identification:_identify(/home/saeedbazargan/Desktop/ROS2-Humble/My-ROS2_Projects/My-ROS2-Humble/Tutorial_MobileRobot/mobilebot_ws/install) by extensions ['ignore', 'ignore_ament_install']
[1.214s] Level 1:colcon.colcon_core.package_identification:_identify(/home/saeedbazargan/Desktop/ROS2-Humble/My-ROS2_Projects/My-ROS2-Humble/Tutorial_MobileRobot/mobilebot_ws/install) by extension 'ignore'
[1.214s] Level 1:colcon.colcon_core.package_identification:_identify(/home/saeedbazargan/Desktop/ROS2-Humble/My-ROS2_Projects/My-ROS2-Humble/Tutorial_MobileRobot/mobilebot_ws/install) ignored
[1.214s] Level 1:colcon.colcon_core.package_identification:_identify(/home/saeedbazargan/Desktop/ROS2-Humble/My-ROS2_Projects/My-ROS2-Humble/Tutorial_MobileRobot/mobilebot_ws/log) by extensions ['ignore', 'ignore_ament_install']
[1.214s] Level 1:colcon.colcon_core.package_identification:_identify(/home/saeedbazargan/Desktop/ROS2-Humble/My-ROS2_Projects/My-ROS2-Humble/Tutorial_MobileRobot/mobilebot_ws/log) by extension 'ignore'
[1.214s] Level 1:colcon.colcon_core.package_identification:_identify(/home/saeedbazargan/Desktop/ROS2-Humble/My-ROS2_Projects/My-ROS2-Humble/Tutorial_MobileRobot/mobilebot_ws/log) ignored
[1.220s] Level 1:colcon.colcon_core.package_identification:_identify(/home/saeedbazargan/Desktop/ROS2-Humble/My-ROS2_Projects/My-ROS2-Humble/Tutorial_MobileRobot/mobilebot_ws/src) by extensions ['ignore', 'ignore_ament_install']
[1.221s] Level 1:colcon.colcon_core.package_identification:_identify(/home/saeedbazargan/Desktop/ROS2-Humble/My-ROS2_Projects/My-ROS2-Humble/Tutorial_MobileRobot/mobilebot_ws/src) by extension 'ignore'
[1.221s] Level 1:colcon.colcon_core.package_identification:_identify(/home/saeedbazargan/Desktop/ROS2-Humble/My-ROS2_Projects/My-ROS2-Humble/Tutorial_MobileRobot/mobilebot_ws/src) by extension 'ignore_ament_install'
[1.221s] Level 1:colcon.colcon_core.package_identification:_identify(/home/saeedbazargan/Desktop/ROS2-Humble/My-ROS2_Projects/My-ROS2-Humble/Tutorial_MobileRobot/mobilebot_ws/src) by extensions ['colcon_pkg']
[1.221s] Level 1:colcon.colcon_core.package_identification:_identify(/home/saeedbazargan/Desktop/ROS2-Humble/My-ROS2_Projects/My-ROS2-Humble/Tutorial_MobileRobot/mobilebot_ws/src) by extension 'colcon_pkg'
[1.221s] Level 1:colcon.colcon_core.package_identification:_identify(/home/saeedbazargan/Desktop/ROS2-Humble/My-ROS2_Projects/My-ROS2-Humble/Tutorial_MobileRobot/mobilebot_ws/src) by extensions ['colcon_meta']
[1.221s] Level 1:colcon.colcon_core.package_identification:_identify(/home/saeedbazargan/Desktop/ROS2-Humble/My-ROS2_Projects/My-ROS2-Humble/Tutorial_MobileRobot/mobilebot_ws/src) by extension 'colcon_meta'
[1.221s] Level 1:colcon.colcon_core.package_identification:_identify(/home/saeedbazargan/Desktop/ROS2-Humble/My-ROS2_Projects/My-ROS2-Humble/Tutorial_MobileRobot/mobilebot_ws/src) by extensions ['ros']
[1.221s] Level 1:colcon.colcon_core.package_identification:_identify(/home/saeedbazargan/Desktop/ROS2-Humble/My-ROS2_Projects/My-ROS2-Humble/Tutorial_MobileRobot/mobilebot_ws/src) by extension 'ros'
[1.222s] Level 1:colcon.colcon_core.package_identification:_identify(/home/saeedbazargan/Desktop/ROS2-Humble/My-ROS2_Projects/My-ROS2-Humble/Tutorial_MobileRobot/mobilebot_ws/src) by extensions ['cmake', 'python']
[1.222s] Level 1:colcon.colcon_core.package_identification:_identify(/home/saeedbazargan/Desktop/ROS2-Humble/My-ROS2_Projects/My-ROS2-Humble/Tutorial_MobileRobot/mobilebot_ws/src) by extension 'cmake'
[1.222s] Level 1:colcon.colcon_core.package_identification:_identify(/home/saeedbazargan/Desktop/ROS2-Humble/My-ROS2_Projects/My-ROS2-Humble/Tutorial_MobileRobot/mobilebot_ws/src) by extension 'python'
[1.222s] Level 1:colcon.colcon_core.package_identification:_identify(/home/saeedbazargan/Desktop/ROS2-Humble/My-ROS2_Projects/My-ROS2-Humble/Tutorial_MobileRobot/mobilebot_ws/src) by extensions ['python_setup_py']
[1.222s] Level 1:colcon.colcon_core.package_identification:_identify(/home/saeedbazargan/Desktop/ROS2-Humble/My-ROS2_Projects/My-ROS2-Humble/Tutorial_MobileRobot/mobilebot_ws/src) by extension 'python_setup_py'
[1.222s] Level 1:colcon.colcon_core.package_identification:_identify(/home/saeedbazargan/Desktop/ROS2-Humble/My-ROS2_Projects/My-ROS2-Humble/Tutorial_MobileRobot/mobilebot_ws/src/build) by extensions ['ignore', 'ignore_ament_install']
[1.222s] Level 1:colcon.colcon_core.package_identification:_identify(/home/saeedbazargan/Desktop/ROS2-Humble/My-ROS2_Projects/My-ROS2-Humble/Tutorial_MobileRobot/mobilebot_ws/src/build) by extension 'ignore'
[1.222s] Level 1:colcon.colcon_core.package_identification:_identify(/home/saeedbazargan/Desktop/ROS2-Humble/My-ROS2_Projects/My-ROS2-Humble/Tutorial_MobileRobot/mobilebot_ws/src/build) ignored
[1.223s] Level 1:colcon.colcon_core.package_identification:_identify(/home/saeedbazargan/Desktop/ROS2-Humble/My-ROS2_Projects/My-ROS2-Humble/Tutorial_MobileRobot/mobilebot_ws/src/install) by extensions ['ignore', 'ignore_ament_install']
[1.223s] Level 1:colcon.colcon_core.package_identification:_identify(/home/saeedbazargan/Desktop/ROS2-Humble/My-ROS2_Projects/My-ROS2-Humble/Tutorial_MobileRobot/mobilebot_ws/src/install) by extension 'ignore'
[1.223s] Level 1:colcon.colcon_core.package_identification:_identify(/home/saeedbazargan/Desktop/ROS2-Humble/My-ROS2_Projects/My-ROS2-Humble/Tutorial_MobileRobot/mobilebot_ws/src/install) ignored
[1.227s] Level 1:colcon.colcon_core.package_identification:_identify(/home/saeedbazargan/Desktop/ROS2-Humble/My-ROS2_Projects/My-ROS2-Humble/Tutorial_MobileRobot/mobilebot_ws/src/log) by extensions ['ignore', 'ignore_ament_install']
[1.227s] Level 1:colcon.colcon_core.package_identification:_identify(/home/saeedbazargan/Desktop/ROS2-Humble/My-ROS2_Projects/My-ROS2-Humble/Tutorial_MobileRobot/mobilebot_ws/src/log) by extension 'ignore'
[1.227s] Level 1:colcon.colcon_core.package_identification:_identify(/home/saeedbazargan/Desktop/ROS2-Humble/My-ROS2_Projects/My-ROS2-Humble/Tutorial_MobileRobot/mobilebot_ws/src/log) ignored
[1.228s] Level 1:colcon.colcon_core.package_identification:_identify(/home/saeedbazargan/Desktop/ROS2-Humble/My-ROS2_Projects/My-ROS2-Humble/Tutorial_MobileRobot/mobilebot_ws/src/mobilebot_bringup) by extensions ['ignore', 'ignore_ament_install']
[1.228s] Level 1:colcon.colcon_core.package_identification:_identify(/home/saeedbazargan/Desktop/ROS2-Humble/My-ROS2_Projects/My-ROS2-Humble/Tutorial_MobileRobot/mobilebot_ws/src/mobilebot_bringup) by extension 'ignore'
[1.228s] Level 1:colcon.colcon_core.package_identification:_identify(/home/saeedbazargan/Desktop/ROS2-Humble/My-ROS2_Projects/My-ROS2-Humble/Tutorial_MobileRobot/mobilebot_ws/src/mobilebot_bringup) by extension 'ignore_ament_install'
[1.228s] Level 1:colcon.colcon_core.package_identification:_identify(/home/saeedbazargan/Desktop/ROS2-Humble/My-ROS2_Projects/My-ROS2-Humble/Tutorial_MobileRobot/mobilebot_ws/src/mobilebot_bringup) by extensions ['colcon_pkg']
[1.228s] Level 1:colcon.colcon_core.package_identification:_identify(/home/saeedbazargan/Desktop/ROS2-Humble/My-ROS2_Projects/My-ROS2-Humble/Tutorial_MobileRobot/mobilebot_ws/src/mobilebot_bringup) by extension 'colcon_pkg'
[1.228s] Level 1:colcon.colcon_core.package_identification:_identify(/home/saeedbazargan/Desktop/ROS2-Humble/My-ROS2_Projects/My-ROS2-Humble/Tutorial_MobileRobot/mobilebot_ws/src/mobilebot_bringup) by extensions ['colcon_meta']
[1.228s] Level 1:colcon.colcon_core.package_identification:_identify(/home/saeedbazargan/Desktop/ROS2-Humble/My-ROS2_Projects/My-ROS2-Humble/Tutorial_MobileRobot/mobilebot_ws/src/mobilebot_bringup) by extension 'colcon_meta'
[1.228s] Level 1:colcon.colcon_core.package_identification:_identify(/home/saeedbazargan/Desktop/ROS2-Humble/My-ROS2_Projects/My-ROS2-Humble/Tutorial_MobileRobot/mobilebot_ws/src/mobilebot_bringup) by extensions ['ros']
[1.228s] Level 1:colcon.colcon_core.package_identification:_identify(/home/saeedbazargan/Desktop/ROS2-Humble/My-ROS2_Projects/My-ROS2-Humble/Tutorial_MobileRobot/mobilebot_ws/src/mobilebot_bringup) by extension 'ros'
[1.243s] DEBUG:colcon.colcon_core.package_identification:Package '/home/saeedbazargan/Desktop/ROS2-Humble/My-ROS2_Projects/My-ROS2-Humble/Tutorial_MobileRobot/mobilebot_ws/src/mobilebot_bringup' with type 'ros.ament_cmake' and name 'mobilebot_bringup'
[1.243s] Level 1:colcon.colcon_core.package_identification:_identify(/home/saeedbazargan/Desktop/ROS2-Humble/My-ROS2_Projects/My-ROS2-Humble/Tutorial_MobileRobot/mobilebot_ws/src/mobilebot_description) by extensions ['ignore', 'ignore_ament_install']
[1.243s] Level 1:colcon.colcon_core.package_identification:_identify(/home/saeedbazargan/Desktop/ROS2-Humble/My-ROS2_Projects/My-ROS2-Humble/Tutorial_MobileRobot/mobilebot_ws/src/mobilebot_description) by extension 'ignore'
[1.244s] Level 1:colcon.colcon_core.package_identification:_identify(/home/saeedbazargan/Desktop/ROS2-Humble/My-ROS2_Projects/My-ROS2-Humble/Tutorial_MobileRobot/mobilebot_ws/src/mobilebot_description) by extension 'ignore_ament_install'
[1.244s] Level 1:colcon.colcon_core.package_identification:_identify(/home/saeedbazargan/Desktop/ROS2-Humble/My-ROS2_Projects/My-ROS2-Humble/Tutorial_MobileRobot/mobilebot_ws/src/mobilebot_description) by extensions ['colcon_pkg']
[1.244s] Level 1:colcon.colcon_core.package_identification:_identify(/home/saeedbazargan/Desktop/ROS2-Humble/My-ROS2_Projects/My-ROS2-Humble/Tutorial_MobileRobot/mobilebot_ws/src/mobilebot_description) by extension 'colcon_pkg'
[1.244s] Level 1:colcon.colcon_core.package_identification:_identify(/home/saeedbazargan/Desktop/ROS2-Humble/My-ROS2_Projects/My-ROS2-Humble/Tutorial_MobileRobot/mobilebot_ws/src/mobilebot_description) by extensions ['colcon_meta']
[1.244s] Level 1:colcon.colcon_core.package_identification:_identify(/home/saeedbazargan/Desktop/ROS2-Humble/My-ROS2_Projects/My-ROS2-Humble/Tutorial_MobileRobot/mobilebot_ws/src/mobilebot_description) by extension 'colcon_meta'
[1.244s] Level 1:colcon.colcon_core.package_identification:_identify(/home/saeedbazargan/Desktop/ROS2-Humble/My-ROS2_Projects/My-ROS2-Humble/Tutorial_MobileRobot/mobilebot_ws/src/mobilebot_description) by extensions ['ros']
[1.244s] Level 1:colcon.colcon_core.package_identification:_identify(/home/saeedbazargan/Desktop/ROS2-Humble/My-ROS2_Projects/My-ROS2-Humble/Tutorial_MobileRobot/mobilebot_ws/src/mobilebot_description) by extension 'ros'
[1.245s] DEBUG:colcon.colcon_core.package_identification:Package '/home/saeedbazargan/Desktop/ROS2-Humble/My-ROS2_Projects/My-ROS2-Humble/Tutorial_MobileRobot/mobilebot_ws/src/mobilebot_description' with type 'ros.ament_cmake' and name 'mobilebot_description'
[1.246s] Level 1:colcon.colcon_core.package_identification:_identify(/home/saeedbazargan/Desktop/ROS2-Humble/My-ROS2_Projects/My-ROS2-Humble/Tutorial_MobileRobot/mobilebot_ws/src/mobilebot_interfaces) by extensions ['ignore', 'ignore_ament_install']
[1.246s] Level 1:colcon.colcon_core.package_identification:_identify(/home/saeedbazargan/Desktop/ROS2-Humble/My-ROS2_Projects/My-ROS2-Humble/Tutorial_MobileRobot/mobilebot_ws/src/mobilebot_interfaces) by extension 'ignore'
[1.246s] Level 1:colcon.colcon_core.package_identification:_identify(/home/saeedbazargan/Desktop/ROS2-Humble/My-ROS2_Projects/My-ROS2-Humble/Tutorial_MobileRobot/mobilebot_ws/src/mobilebot_interfaces) by extension 'ignore_ament_install'
[1.246s] Level 1:colcon.colcon_core.package_identification:_identify(/home/saeedbazargan/Desktop/ROS2-Humble/My-ROS2_Projects/My-ROS2-Humble/Tutorial_MobileRobot/mobilebot_ws/src/mobilebot_interfaces) by extensions ['colcon_pkg']
[1.247s] Level 1:colcon.colcon_core.package_identification:_identify(/home/saeedbazargan/Desktop/ROS2-Humble/My-ROS2_Projects/My-ROS2-Humble/Tutorial_MobileRobot/mobilebot_ws/src/mobilebot_interfaces) by extension 'colcon_pkg'
[1.247s] Level 1:colcon.colcon_core.package_identification:_identify(/home/saeedbazargan/Desktop/ROS2-Humble/My-ROS2_Projects/My-ROS2-Humble/Tutorial_MobileRobot/mobilebot_ws/src/mobilebot_interfaces) by extensions ['colcon_meta']
[1.247s] Level 1:colcon.colcon_core.package_identification:_identify(/home/saeedbazargan/Desktop/ROS2-Humble/My-ROS2_Projects/My-ROS2-Humble/Tutorial_MobileRobot/mobilebot_ws/src/mobilebot_interfaces) by extension 'colcon_meta'
[1.247s] Level 1:colcon.colcon_core.package_identification:_identify(/home/saeedbazargan/Desktop/ROS2-Humble/My-ROS2_Projects/My-ROS2-Humble/Tutorial_MobileRobot/mobilebot_ws/src/mobilebot_interfaces) by extensions ['ros']
[1.247s] Level 1:colcon.colcon_core.package_identification:_identify(/home/saeedbazargan/Desktop/ROS2-Humble/My-ROS2_Projects/My-ROS2-Humble/Tutorial_MobileRobot/mobilebot_ws/src/mobilebot_interfaces) by extension 'ros'
[1.258s] DEBUG:colcon.colcon_core.package_identification:Package '/home/saeedbazargan/Desktop/ROS2-Humble/My-ROS2_Projects/My-ROS2-Humble/Tutorial_MobileRobot/mobilebot_ws/src/mobilebot_interfaces' with type 'ros.ament_cmake' and name 'mobilebot_interfaces'
[1.258s] Level 1:colcon.colcon_core.package_discovery:discover_packages(recursive) using defaults
