running egg_info
creating ../build/mobilebot_bringup/mobilebot_bringup.egg-info
writing ../build/mobilebot_bringup/mobilebot_bringup.egg-info/PKG-INFO
writing dependency_links to ../build/mobilebot_bringup/mobilebot_bringup.egg-info/dependency_links.txt
writing entry points to ../build/mobilebot_bringup/mobilebot_bringup.egg-info/entry_points.txt
writing requirements to ../build/mobilebot_bringup/mobilebot_bringup.egg-info/requires.txt
writing top-level names to ../build/mobilebot_bringup/mobilebot_bringup.egg-info/top_level.txt
writing manifest file '../build/mobilebot_bringup/mobilebot_bringup.egg-info/SOURCES.txt'
reading manifest file '../build/mobilebot_bringup/mobilebot_bringup.egg-info/SOURCES.txt'
writing manifest file '../build/mobilebot_bringup/mobilebot_bringup.egg-info/SOURCES.txt'
running build
running build_py
creating /home/sbzrobot/ROS2-Projects/My-ROS2_Projects/My-ROS2-Humble/Tutorial_MobileRobot/mobilebot_ws/src/build/mobilebot_bringup/build
creating /home/sbzrobot/ROS2-Projects/My-ROS2_Projects/My-ROS2-Humble/Tutorial_MobileRobot/mobilebot_ws/src/build/mobilebot_bringup/build/lib
creating /home/sbzrobot/ROS2-Projects/My-ROS2_Projects/My-ROS2-Humble/Tutorial_MobileRobot/mobilebot_ws/src/build/mobilebot_bringup/build/lib/mobilebot_bringup
copying mobilebot_bringup/__init__.py -> /home/sbzrobot/ROS2-Projects/My-ROS2_Projects/My-ROS2-Humble/Tutorial_MobileRobot/mobilebot_ws/src/build/mobilebot_bringup/build/lib/mobilebot_bringup
running install
running install_lib
creating /home/sbzrobot/ROS2-Projects/My-ROS2_Projects/My-ROS2-Humble/Tutorial_MobileRobot/mobilebot_ws/src/install/mobilebot_bringup/lib/python3.10/site-packages/mobilebot_bringup
copying /home/sbzrobot/ROS2-Projects/My-ROS2_Projects/My-ROS2-Humble/Tutorial_MobileRobot/mobilebot_ws/src/build/mobilebot_bringup/build/lib/mobilebot_bringup/__init__.py -> /home/sbzrobot/ROS2-Projects/My-ROS2_Projects/My-ROS2-Humble/Tutorial_MobileRobot/mobilebot_ws/src/install/mobilebot_bringup/lib/python3.10/site-packages/mobilebot_bringup
byte-compiling /home/sbzrobot/ROS2-Projects/My-ROS2_Projects/My-ROS2-Humble/Tutorial_MobileRobot/mobilebot_ws/src/install/mobilebot_bringup/lib/python3.10/site-packages/mobilebot_bringup/__init__.py to __init__.cpython-310.pyc
running install_data
creating /home/sbzrobot/ROS2-Projects/My-ROS2_Projects/My-ROS2-Humble/Tutorial_MobileRobot/mobilebot_ws/src/install/mobilebot_bringup/share/ament_index
creating /home/sbzrobot/ROS2-Projects/My-ROS2_Projects/My-ROS2-Humble/Tutorial_MobileRobot/mobilebot_ws/src/install/mobilebot_bringup/share/ament_index/resource_index
creating /home/sbzrobot/ROS2-Projects/My-ROS2_Projects/My-ROS2-Humble/Tutorial_MobileRobot/mobilebot_ws/src/install/mobilebot_bringup/share/ament_index/resource_index/packages
copying resource/mobilebot_bringup -> /home/sbzrobot/ROS2-Projects/My-ROS2_Projects/My-ROS2-Humble/Tutorial_MobileRobot/mobilebot_ws/src/install/mobilebot_bringup/share/ament_index/resource_index/packages
copying package.xml -> /home/sbzrobot/ROS2-Projects/My-ROS2_Projects/My-ROS2-Humble/Tutorial_MobileRobot/mobilebot_ws/src/install/mobilebot_bringup/share/mobilebot_bringup
running install_egg_info
Copying ../build/mobilebot_bringup/mobilebot_bringup.egg-info to /home/sbzrobot/ROS2-Projects/My-ROS2_Projects/My-ROS2-Humble/Tutorial_MobileRobot/mobilebot_ws/src/install/mobilebot_bringup/lib/python3.10/site-packages/mobilebot_bringup-0.0.0-py3.10.egg-info
running install_scripts
writing list of installed files to '/home/sbzrobot/ROS2-Projects/My-ROS2_Projects/My-ROS2-Humble/Tutorial_MobileRobot/mobilebot_ws/src/build/mobilebot_bringup/install.log'
