[0.020s] Invoking command in '/home/saeedbazargan/Desktop/My-ROS2_Projects/My-ROS2-Humble/Tutorial_MobileRobot/mobilebot_ws/build/actions_cpp': CMAKE_PREFIX_PATH=/home/saeedbazargan/Desktop/My-ROS2_Projects/My-ROS2-Humble/Tutorial_MobileRobot/mobilebot_ws/install/mobilebot_interfaces:/home/saeedbazargan/Desktop/My-ROS2_Projects/My-ROS2-Humble/Tutorial_MobileRobot/mobilebot_ws/install/actions_cpp:/home/saeedbazargan/Desktop/My-ROS2_Projects/My-ROS2-Humble/Tutorial_MobileRobot/mobilebot_ws/install/mobilebot_bringup:/home/saeedbazargan/Desktop/My-ROS2_Projects/My-ROS2-Humble/Tutorial_MobileRobot/mobilebot_ws/install/mobilebot_description:/opt/ros/humble /usr/bin/cmake --build /home/saeedbazargan/Desktop/My-ROS2_Projects/My-ROS2-Humble/Tutorial_MobileRobot/mobilebot_ws/build/actions_cpp -- -j4 -l4
[0.094s] [35m[1mConsolidate compiler generated dependencies of target count_until_server[0m
[0.131s] [ 50%] Built target count_until_client
[0.135s] [ 75%] [32mBuilding CXX object CMakeFiles/count_until_server.dir/src/count_until_server.cpp.o[0m
[5.197s] [100%] [32m[1mLinking CXX executable count_until_server[0m
[5.407s] [100%] Built target count_until_server
[5.421s] Invoked command in '/home/saeedbazargan/Desktop/My-ROS2_Projects/My-ROS2-Humble/Tutorial_MobileRobot/mobilebot_ws/build/actions_cpp' returned '0': CMAKE_PREFIX_PATH=/home/saeedbazargan/Desktop/My-ROS2_Projects/My-ROS2-Humble/Tutorial_MobileRobot/mobilebot_ws/install/mobilebot_interfaces:/home/saeedbazargan/Desktop/My-ROS2_Projects/My-ROS2-Humble/Tutorial_MobileRobot/mobilebot_ws/install/actions_cpp:/home/saeedbazargan/Desktop/My-ROS2_Projects/My-ROS2-Humble/Tutorial_MobileRobot/mobilebot_ws/install/mobilebot_bringup:/home/saeedbazargan/Desktop/My-ROS2_Projects/My-ROS2-Humble/Tutorial_MobileRobot/mobilebot_ws/install/mobilebot_description:/opt/ros/humble /usr/bin/cmake --build /home/saeedbazargan/Desktop/My-ROS2_Projects/My-ROS2-Humble/Tutorial_MobileRobot/mobilebot_ws/build/actions_cpp -- -j4 -l4
[5.424s] Invoking command in '/home/saeedbazargan/Desktop/My-ROS2_Projects/My-ROS2-Humble/Tutorial_MobileRobot/mobilebot_ws/build/actions_cpp': CMAKE_PREFIX_PATH=/home/saeedbazargan/Desktop/My-ROS2_Projects/My-ROS2-Humble/Tutorial_MobileRobot/mobilebot_ws/install/mobilebot_interfaces:/home/saeedbazargan/Desktop/My-ROS2_Projects/My-ROS2-Humble/Tutorial_MobileRobot/mobilebot_ws/install/actions_cpp:/home/saeedbazargan/Desktop/My-ROS2_Projects/My-ROS2-Humble/Tutorial_MobileRobot/mobilebot_ws/install/mobilebot_bringup:/home/saeedbazargan/Desktop/My-ROS2_Projects/My-ROS2-Humble/Tutorial_MobileRobot/mobilebot_ws/install/mobilebot_description:/opt/ros/humble /usr/bin/cmake --install /home/saeedbazargan/Desktop/My-ROS2_Projects/My-ROS2-Humble/Tutorial_MobileRobot/mobilebot_ws/build/actions_cpp
[5.434s] -- Install configuration: ""
[5.435s] -- Installing: /home/saeedbazargan/Desktop/My-ROS2_Projects/My-ROS2-Humble/Tutorial_MobileRobot/mobilebot_ws/install/actions_cpp/lib/actions_cpp/count_until_server
[5.436s] -- Set runtime path of "/home/saeedbazargan/Desktop/My-ROS2_Projects/My-ROS2-Humble/Tutorial_MobileRobot/mobilebot_ws/install/actions_cpp/lib/actions_cpp/count_until_server" to ""
[5.436s] -- Up-to-date: /home/saeedbazargan/Desktop/My-ROS2_Projects/My-ROS2-Humble/Tutorial_MobileRobot/mobilebot_ws/install/actions_cpp/lib/actions_cpp/count_until_client
[5.437s] -- Up-to-date: /home/saeedbazargan/Desktop/My-ROS2_Projects/My-ROS2-Humble/Tutorial_MobileRobot/mobilebot_ws/install/actions_cpp/share/ament_index/resource_index/package_run_dependencies/actions_cpp
[5.437s] -- Up-to-date: /home/saeedbazargan/Desktop/My-ROS2_Projects/My-ROS2-Humble/Tutorial_MobileRobot/mobilebot_ws/install/actions_cpp/share/ament_index/resource_index/parent_prefix_path/actions_cpp
[5.437s] -- Up-to-date: /home/saeedbazargan/Desktop/My-ROS2_Projects/My-ROS2-Humble/Tutorial_MobileRobot/mobilebot_ws/install/actions_cpp/share/actions_cpp/environment/ament_prefix_path.sh
[5.437s] -- Up-to-date: /home/saeedbazargan/Desktop/My-ROS2_Projects/My-ROS2-Humble/Tutorial_MobileRobot/mobilebot_ws/install/actions_cpp/share/actions_cpp/environment/ament_prefix_path.dsv
[5.438s] -- Up-to-date: /home/saeedbazargan/Desktop/My-ROS2_Projects/My-ROS2-Humble/Tutorial_MobileRobot/mobilebot_ws/install/actions_cpp/share/actions_cpp/environment/path.sh
[5.438s] -- Up-to-date: /home/saeedbazargan/Desktop/My-ROS2_Projects/My-ROS2-Humble/Tutorial_MobileRobot/mobilebot_ws/install/actions_cpp/share/actions_cpp/environment/path.dsv
[5.438s] -- Up-to-date: /home/saeedbazargan/Desktop/My-ROS2_Projects/My-ROS2-Humble/Tutorial_MobileRobot/mobilebot_ws/install/actions_cpp/share/actions_cpp/local_setup.bash
[5.438s] -- Up-to-date: /home/saeedbazargan/Desktop/My-ROS2_Projects/My-ROS2-Humble/Tutorial_MobileRobot/mobilebot_ws/install/actions_cpp/share/actions_cpp/local_setup.sh
[5.438s] -- Up-to-date: /home/saeedbazargan/Desktop/My-ROS2_Projects/My-ROS2-Humble/Tutorial_MobileRobot/mobilebot_ws/install/actions_cpp/share/actions_cpp/local_setup.zsh
[5.439s] -- Up-to-date: /home/saeedbazargan/Desktop/My-ROS2_Projects/My-ROS2-Humble/Tutorial_MobileRobot/mobilebot_ws/install/actions_cpp/share/actions_cpp/local_setup.dsv
[5.439s] -- Installing: /home/saeedbazargan/Desktop/My-ROS2_Projects/My-ROS2-Humble/Tutorial_MobileRobot/mobilebot_ws/install/actions_cpp/share/actions_cpp/package.dsv
[5.439s] -- Up-to-date: /home/saeedbazargan/Desktop/My-ROS2_Projects/My-ROS2-Humble/Tutorial_MobileRobot/mobilebot_ws/install/actions_cpp/share/ament_index/resource_index/packages/actions_cpp
[5.439s] -- Up-to-date: /home/saeedbazargan/Desktop/My-ROS2_Projects/My-ROS2-Humble/Tutorial_MobileRobot/mobilebot_ws/install/actions_cpp/share/actions_cpp/cmake/actions_cppConfig.cmake
[5.439s] -- Up-to-date: /home/saeedbazargan/Desktop/My-ROS2_Projects/My-ROS2-Humble/Tutorial_MobileRobot/mobilebot_ws/install/actions_cpp/share/actions_cpp/cmake/actions_cppConfig-version.cmake
[5.439s] -- Up-to-date: /home/saeedbazargan/Desktop/My-ROS2_Projects/My-ROS2-Humble/Tutorial_MobileRobot/mobilebot_ws/install/actions_cpp/share/actions_cpp/package.xml
[5.441s] Invoked command in '/home/saeedbazargan/Desktop/My-ROS2_Projects/My-ROS2-Humble/Tutorial_MobileRobot/mobilebot_ws/build/actions_cpp' returned '0': CMAKE_PREFIX_PATH=/home/saeedbazargan/Desktop/My-ROS2_Projects/My-ROS2-Humble/Tutorial_MobileRobot/mobilebot_ws/install/mobilebot_interfaces:/home/saeedbazargan/Desktop/My-ROS2_Projects/My-ROS2-Humble/Tutorial_MobileRobot/mobilebot_ws/install/actions_cpp:/home/saeedbazargan/Desktop/My-ROS2_Projects/My-ROS2-Humble/Tutorial_MobileRobot/mobilebot_ws/install/mobilebot_bringup:/home/saeedbazargan/Desktop/My-ROS2_Projects/My-ROS2-Humble/Tutorial_MobileRobot/mobilebot_ws/install/mobilebot_description:/opt/ros/humble /usr/bin/cmake --install /home/saeedbazargan/Desktop/My-ROS2_Projects/My-ROS2-Humble/Tutorial_MobileRobot/mobilebot_ws/build/actions_cpp
