[0.019s] Invoking command in '/home/saeedbzrgn/Desktop/My-ROS2_Projects/My-ROS2-Humble/Tutorial_ROS2_Control/ROS2Ctrl_ws/build/mobilebot_description': CMAKE_PREFIX_PATH=/opt/ros/humble /usr/bin/cmake /home/saeedbzrgn/Desktop/My-ROS2_Projects/My-ROS2-Humble/Tutorial_ROS2_Control/ROS2Ctrl_ws/src/mobilebot_description -DCMAKE_INSTALL_PREFIX=/home/saeedbzrgn/Desktop/My-ROS2_Projects/My-ROS2-Humble/Tutorial_ROS2_Control/ROS2Ctrl_ws/install/mobilebot_description
[0.113s] -- The C compiler identification is GNU 11.4.0
[0.202s] -- The CXX compiler identification is GNU 11.4.0
[0.212s] -- Detecting C compiler ABI info
[0.332s] -- Detecting C compiler ABI info - done
[0.351s] -- Check for working C compiler: /usr/bin/cc - skipped
[0.351s] -- Detecting C compile features
[0.352s] -- Detecting C compile features - done
[0.358s] -- Detecting CXX compiler ABI info
[0.485s] -- Detecting CXX compiler ABI info - done
[0.501s] -- Check for working CXX compiler: /usr/bin/c++ - skipped
[0.502s] -- Detecting CXX compile features
[0.503s] -- Detecting CXX compile features - done
[0.505s] -- Found ament_cmake: 1.3.12 (/opt/ros/humble/share/ament_cmake/cmake)
[0.779s] -- Found Python3: /usr/bin/python3 (found version "3.10.12") found components: Interpreter 
[0.984s] -- Configuring done
[0.988s] -- Generating done
[0.990s] -- Build files have been written to: /home/saeedbzrgn/Desktop/My-ROS2_Projects/My-ROS2-Humble/Tutorial_ROS2_Control/ROS2Ctrl_ws/build/mobilebot_description
[0.995s] Invoked command in '/home/saeedbzrgn/Desktop/My-ROS2_Projects/My-ROS2-Humble/Tutorial_ROS2_Control/ROS2Ctrl_ws/build/mobilebot_description' returned '0': CMAKE_PREFIX_PATH=/opt/ros/humble /usr/bin/cmake /home/saeedbzrgn/Desktop/My-ROS2_Projects/My-ROS2-Humble/Tutorial_ROS2_Control/ROS2Ctrl_ws/src/mobilebot_description -DCMAKE_INSTALL_PREFIX=/home/saeedbzrgn/Desktop/My-ROS2_Projects/My-ROS2-Humble/Tutorial_ROS2_Control/ROS2Ctrl_ws/install/mobilebot_description
[0.997s] Invoking command in '/home/saeedbzrgn/Desktop/My-ROS2_Projects/My-ROS2-Humble/Tutorial_ROS2_Control/ROS2Ctrl_ws/build/mobilebot_description': CMAKE_PREFIX_PATH=/opt/ros/humble /usr/bin/cmake --build /home/saeedbzrgn/Desktop/My-ROS2_Projects/My-ROS2-Humble/Tutorial_ROS2_Control/ROS2Ctrl_ws/build/mobilebot_description -- -j4 -l4
[1.046s] Invoked command in '/home/saeedbzrgn/Desktop/My-ROS2_Projects/My-ROS2-Humble/Tutorial_ROS2_Control/ROS2Ctrl_ws/build/mobilebot_description' returned '0': CMAKE_PREFIX_PATH=/opt/ros/humble /usr/bin/cmake --build /home/saeedbzrgn/Desktop/My-ROS2_Projects/My-ROS2-Humble/Tutorial_ROS2_Control/ROS2Ctrl_ws/build/mobilebot_description -- -j4 -l4
[1.059s] Invoking command in '/home/saeedbzrgn/Desktop/My-ROS2_Projects/My-ROS2-Humble/Tutorial_ROS2_Control/ROS2Ctrl_ws/build/mobilebot_description': CMAKE_PREFIX_PATH=/opt/ros/humble /usr/bin/cmake --install /home/saeedbzrgn/Desktop/My-ROS2_Projects/My-ROS2-Humble/Tutorial_ROS2_Control/ROS2Ctrl_ws/build/mobilebot_description
[1.068s] -- Install configuration: ""
[1.068s] -- Installing: /home/saeedbzrgn/Desktop/My-ROS2_Projects/My-ROS2-Humble/Tutorial_ROS2_Control/ROS2Ctrl_ws/install/mobilebot_description/share/mobilebot_description//urdf
[1.068s] -- Installing: /home/saeedbzrgn/Desktop/My-ROS2_Projects/My-ROS2-Humble/Tutorial_ROS2_Control/ROS2Ctrl_ws/install/mobilebot_description/share/mobilebot_description//urdf/arm.xacro
[1.071s] -- Installing: /home/saeedbzrgn/Desktop/My-ROS2_Projects/My-ROS2-Humble/Tutorial_ROS2_Control/ROS2Ctrl_ws/install/mobilebot_description/share/mobilebot_description//urdf/mobilebot_base_gazebo.xacro
[1.072s] -- Installing: /home/saeedbzrgn/Desktop/My-ROS2_Projects/My-ROS2-Humble/Tutorial_ROS2_Control/ROS2Ctrl_ws/install/mobilebot_description/share/mobilebot_description//urdf/common_properties.xacro
[1.072s] -- Installing: /home/saeedbzrgn/Desktop/My-ROS2_Projects/My-ROS2-Humble/Tutorial_ROS2_Control/ROS2Ctrl_ws/install/mobilebot_description/share/mobilebot_description//urdf/arm_gazebo.xacro
[1.072s] -- Installing: /home/saeedbzrgn/Desktop/My-ROS2_Projects/My-ROS2-Humble/Tutorial_ROS2_Control/ROS2Ctrl_ws/install/mobilebot_description/share/mobilebot_description//urdf/mobilebot.urdf.xacro
[1.073s] -- Installing: /home/saeedbzrgn/Desktop/My-ROS2_Projects/My-ROS2-Humble/Tutorial_ROS2_Control/ROS2Ctrl_ws/install/mobilebot_description/share/mobilebot_description//urdf/standalone_arm.urdf.xacro
[1.073s] -- Installing: /home/saeedbzrgn/Desktop/My-ROS2_Projects/My-ROS2-Humble/Tutorial_ROS2_Control/ROS2Ctrl_ws/install/mobilebot_description/share/mobilebot_description//urdf/mobilebot_base.ros2_control.xacro
[1.073s] -- Installing: /home/saeedbzrgn/Desktop/My-ROS2_Projects/My-ROS2-Humble/Tutorial_ROS2_Control/ROS2Ctrl_ws/install/mobilebot_description/share/mobilebot_description//urdf/mobilebot_base.xacro
[1.074s] -- Installing: /home/saeedbzrgn/Desktop/My-ROS2_Projects/My-ROS2-Humble/Tutorial_ROS2_Control/ROS2Ctrl_ws/install/mobilebot_description/share/mobilebot_description//launch
[1.074s] -- Installing: /home/saeedbzrgn/Desktop/My-ROS2_Projects/My-ROS2-Humble/Tutorial_ROS2_Control/ROS2Ctrl_ws/install/mobilebot_description/share/mobilebot_description//launch/display.launch.py
[1.074s] -- Installing: /home/saeedbzrgn/Desktop/My-ROS2_Projects/My-ROS2-Humble/Tutorial_ROS2_Control/ROS2Ctrl_ws/install/mobilebot_description/share/mobilebot_description//rviz
[1.074s] -- Installing: /home/saeedbzrgn/Desktop/My-ROS2_Projects/My-ROS2-Humble/Tutorial_ROS2_Control/ROS2Ctrl_ws/install/mobilebot_description/share/mobilebot_description//rviz/mobilebot_config.rviz
[1.075s] -- Installing: /home/saeedbzrgn/Desktop/My-ROS2_Projects/My-ROS2-Humble/Tutorial_ROS2_Control/ROS2Ctrl_ws/install/mobilebot_description/share/ament_index/resource_index/package_run_dependencies/mobilebot_description
[1.075s] -- Installing: /home/saeedbzrgn/Desktop/My-ROS2_Projects/My-ROS2-Humble/Tutorial_ROS2_Control/ROS2Ctrl_ws/install/mobilebot_description/share/ament_index/resource_index/parent_prefix_path/mobilebot_description
[1.075s] -- Installing: /home/saeedbzrgn/Desktop/My-ROS2_Projects/My-ROS2-Humble/Tutorial_ROS2_Control/ROS2Ctrl_ws/install/mobilebot_description/share/mobilebot_description/environment/ament_prefix_path.sh
[1.076s] -- Installing: /home/saeedbzrgn/Desktop/My-ROS2_Projects/My-ROS2-Humble/Tutorial_ROS2_Control/ROS2Ctrl_ws/install/mobilebot_description/share/mobilebot_description/environment/ament_prefix_path.dsv
[1.076s] -- Installing: /home/saeedbzrgn/Desktop/My-ROS2_Projects/My-ROS2-Humble/Tutorial_ROS2_Control/ROS2Ctrl_ws/install/mobilebot_description/share/mobilebot_description/environment/path.sh
[1.076s] -- Installing: /home/saeedbzrgn/Desktop/My-ROS2_Projects/My-ROS2-Humble/Tutorial_ROS2_Control/ROS2Ctrl_ws/install/mobilebot_description/share/mobilebot_description/environment/path.dsv
[1.076s] -- Installing: /home/saeedbzrgn/Desktop/My-ROS2_Projects/My-ROS2-Humble/Tutorial_ROS2_Control/ROS2Ctrl_ws/install/mobilebot_description/share/mobilebot_description/local_setup.bash
[1.077s] -- Installing: /home/saeedbzrgn/Desktop/My-ROS2_Projects/My-ROS2-Humble/Tutorial_ROS2_Control/ROS2Ctrl_ws/install/mobilebot_description/share/mobilebot_description/local_setup.sh
[1.077s] -- Installing: /home/saeedbzrgn/Desktop/My-ROS2_Projects/My-ROS2-Humble/Tutorial_ROS2_Control/ROS2Ctrl_ws/install/mobilebot_description/share/mobilebot_description/local_setup.zsh
[1.077s] -- Installing: /home/saeedbzrgn/Desktop/My-ROS2_Projects/My-ROS2-Humble/Tutorial_ROS2_Control/ROS2Ctrl_ws/install/mobilebot_description/share/mobilebot_description/local_setup.dsv
[1.077s] -- Installing: /home/saeedbzrgn/Desktop/My-ROS2_Projects/My-ROS2-Humble/Tutorial_ROS2_Control/ROS2Ctrl_ws/install/mobilebot_description/share/mobilebot_description/package.dsv
[1.078s] -- Installing: /home/saeedbzrgn/Desktop/My-ROS2_Projects/My-ROS2-Humble/Tutorial_ROS2_Control/ROS2Ctrl_ws/install/mobilebot_description/share/ament_index/resource_index/packages/mobilebot_description
[1.078s] -- Installing: /home/saeedbzrgn/Desktop/My-ROS2_Projects/My-ROS2-Humble/Tutorial_ROS2_Control/ROS2Ctrl_ws/install/mobilebot_description/share/mobilebot_description/cmake/mobilebot_descriptionConfig.cmake
[1.078s] -- Installing: /home/saeedbzrgn/Desktop/My-ROS2_Projects/My-ROS2-Humble/Tutorial_ROS2_Control/ROS2Ctrl_ws/install/mobilebot_description/share/mobilebot_description/cmake/mobilebot_descriptionConfig-version.cmake
[1.078s] -- Installing: /home/saeedbzrgn/Desktop/My-ROS2_Projects/My-ROS2-Humble/Tutorial_ROS2_Control/ROS2Ctrl_ws/install/mobilebot_description/share/mobilebot_description/package.xml
[1.081s] Invoked command in '/home/saeedbzrgn/Desktop/My-ROS2_Projects/My-ROS2-Humble/Tutorial_ROS2_Control/ROS2Ctrl_ws/build/mobilebot_description' returned '0': CMAKE_PREFIX_PATH=/opt/ros/humble /usr/bin/cmake --install /home/saeedbzrgn/Desktop/My-ROS2_Projects/My-ROS2-Humble/Tutorial_ROS2_Control/ROS2Ctrl_ws/build/mobilebot_description
