[0.017s] Invoking command in '/home/saeedbazargan/Desktop/My-ROS2_Projects/My-ROS2-Humble/Tutorial_MobileRobot/mobilebot_ws/build/mobilebot_interfaces': CMAKE_PREFIX_PATH=${CMAKE_PREFIX_PATH}:/opt/ros/humble /usr/bin/cmake --build /home/saeedbazargan/Desktop/My-ROS2_Projects/My-ROS2-Humble/Tutorial_MobileRobot/mobilebot_ws/build/mobilebot_interfaces -- -j4 -l4
[0.098s] [  2%] Built target mobilebot_interfaces__cpp
[0.101s] [ 12%] Built target mobilebot_interfaces__rosidl_generator_c
[0.115s] [ 12%] Built target ament_cmake_python_symlink_mobilebot_interfaces
[0.155s] [ 23%] Built target mobilebot_interfaces__rosidl_typesupport_cpp
[0.170s] [ 34%] Built target mobilebot_interfaces__rosidl_typesupport_introspection_cpp
[0.173s] [ 44%] Built target mobilebot_interfaces__rosidl_typesupport_fastrtps_cpp
[0.187s] [ 55%] Built target mobilebot_interfaces__rosidl_typesupport_fastrtps_c
[0.204s] [ 65%] Built target mobilebot_interfaces__rosidl_typesupport_introspection_c
[0.226s] [ 76%] Built target mobilebot_interfaces__rosidl_typesupport_c
[0.265s] [ 76%] Built target mobilebot_interfaces
[0.300s] [ 78%] Built target mobilebot_interfaces__py
[0.338s] [ 87%] Built target mobilebot_interfaces__rosidl_generator_py
[0.381s] [ 97%] Built target mobilebot_interfaces__rosidl_typesupport_introspection_c__pyext
[0.382s] [100%] Built target mobilebot_interfaces__rosidl_typesupport_c__pyext
[0.383s] [100%] Built target mobilebot_interfaces__rosidl_typesupport_fastrtps_c__pyext
[0.546s] running egg_info
[0.547s] writing mobilebot_interfaces.egg-info/PKG-INFO
[0.547s] writing dependency_links to mobilebot_interfaces.egg-info/dependency_links.txt
[0.548s] writing top-level names to mobilebot_interfaces.egg-info/top_level.txt
[0.550s] reading manifest file 'mobilebot_interfaces.egg-info/SOURCES.txt'
[0.551s] writing manifest file 'mobilebot_interfaces.egg-info/SOURCES.txt'
[0.584s] [100%] Built target ament_cmake_python_build_mobilebot_interfaces_egg
[0.599s] Invoked command in '/home/saeedbazargan/Desktop/My-ROS2_Projects/My-ROS2-Humble/Tutorial_MobileRobot/mobilebot_ws/build/mobilebot_interfaces' returned '0': CMAKE_PREFIX_PATH=${CMAKE_PREFIX_PATH}:/opt/ros/humble /usr/bin/cmake --build /home/saeedbazargan/Desktop/My-ROS2_Projects/My-ROS2-Humble/Tutorial_MobileRobot/mobilebot_ws/build/mobilebot_interfaces -- -j4 -l4
[0.601s] Invoking command in '/home/saeedbazargan/Desktop/My-ROS2_Projects/My-ROS2-Humble/Tutorial_MobileRobot/mobilebot_ws/build/mobilebot_interfaces': CMAKE_PREFIX_PATH=${CMAKE_PREFIX_PATH}:/opt/ros/humble /usr/bin/cmake --install /home/saeedbazargan/Desktop/My-ROS2_Projects/My-ROS2-Humble/Tutorial_MobileRobot/mobilebot_ws/build/mobilebot_interfaces
[0.612s] -- Install configuration: ""
[0.613s] -- Execute custom install script
[0.613s] -- Up-to-date symlink: /home/saeedbazargan/Desktop/My-ROS2_Projects/My-ROS2-Humble/Tutorial_MobileRobot/mobilebot_ws/install/mobilebot_interfaces/share/ament_index/resource_index/rosidl_interfaces/mobilebot_interfaces
[0.614s] -- Up-to-date symlink: /home/saeedbazargan/Desktop/My-ROS2_Projects/My-ROS2-Humble/Tutorial_MobileRobot/mobilebot_ws/install/mobilebot_interfaces/include/mobilebot_interfaces/mobilebot_interfaces/action/count_until.h
[0.614s] -- Up-to-date symlink: /home/saeedbazargan/Desktop/My-ROS2_Projects/My-ROS2-Humble/Tutorial_MobileRobot/mobilebot_ws/install/mobilebot_interfaces/include/mobilebot_interfaces/mobilebot_interfaces/action/detail/count_until__functions.h
[0.615s] -- Up-to-date symlink: /home/saeedbazargan/Desktop/My-ROS2_Projects/My-ROS2-Humble/Tutorial_MobileRobot/mobilebot_ws/install/mobilebot_interfaces/include/mobilebot_interfaces/mobilebot_interfaces/action/detail/count_until__struct.h
[0.615s] -- Up-to-date symlink: /home/saeedbazargan/Desktop/My-ROS2_Projects/My-ROS2-Humble/Tutorial_MobileRobot/mobilebot_ws/install/mobilebot_interfaces/include/mobilebot_interfaces/mobilebot_interfaces/action/detail/count_until__type_support.h
[0.615s] -- Up-to-date symlink: /home/saeedbazargan/Desktop/My-ROS2_Projects/My-ROS2-Humble/Tutorial_MobileRobot/mobilebot_ws/install/mobilebot_interfaces/include/mobilebot_interfaces/mobilebot_interfaces/action/detail/robot_move__functions.h
[0.615s] -- Up-to-date symlink: /home/saeedbazargan/Desktop/My-ROS2_Projects/My-ROS2-Humble/Tutorial_MobileRobot/mobilebot_ws/install/mobilebot_interfaces/include/mobilebot_interfaces/mobilebot_interfaces/action/detail/robot_move__struct.h
[0.616s] -- Up-to-date symlink: /home/saeedbazargan/Desktop/My-ROS2_Projects/My-ROS2-Humble/Tutorial_MobileRobot/mobilebot_ws/install/mobilebot_interfaces/include/mobilebot_interfaces/mobilebot_interfaces/action/detail/robot_move__type_support.h
[0.616s] -- Up-to-date symlink: /home/saeedbazargan/Desktop/My-ROS2_Projects/My-ROS2-Humble/Tutorial_MobileRobot/mobilebot_ws/install/mobilebot_interfaces/include/mobilebot_interfaces/mobilebot_interfaces/action/robot_move.h
[0.616s] -- Up-to-date symlink: /home/saeedbazargan/Desktop/My-ROS2_Projects/My-ROS2-Humble/Tutorial_MobileRobot/mobilebot_ws/install/mobilebot_interfaces/include/mobilebot_interfaces/mobilebot_interfaces/msg/detail/int64__functions.h
[0.617s] -- Up-to-date symlink: /home/saeedbazargan/Desktop/My-ROS2_Projects/My-ROS2-Humble/Tutorial_MobileRobot/mobilebot_ws/install/mobilebot_interfaces/include/mobilebot_interfaces/mobilebot_interfaces/msg/detail/int64__struct.h
[0.617s] -- Up-to-date symlink: /home/saeedbazargan/Desktop/My-ROS2_Projects/My-ROS2-Humble/Tutorial_MobileRobot/mobilebot_ws/install/mobilebot_interfaces/include/mobilebot_interfaces/mobilebot_interfaces/msg/detail/int64__type_support.h
[0.617s] -- Up-to-date symlink: /home/saeedbazargan/Desktop/My-ROS2_Projects/My-ROS2-Humble/Tutorial_MobileRobot/mobilebot_ws/install/mobilebot_interfaces/include/mobilebot_interfaces/mobilebot_interfaces/msg/int64.h
[0.618s] -- Up-to-date symlink: /home/saeedbazargan/Desktop/My-ROS2_Projects/My-ROS2-Humble/Tutorial_MobileRobot/mobilebot_ws/install/mobilebot_interfaces/include/mobilebot_interfaces/mobilebot_interfaces/msg/rosidl_generator_c__visibility_control.h
[0.618s] -- Up-to-date symlink: /home/saeedbazargan/Desktop/My-ROS2_Projects/My-ROS2-Humble/Tutorial_MobileRobot/mobilebot_ws/install/mobilebot_interfaces/share/mobilebot_interfaces/environment/library_path.sh
[0.618s] -- Up-to-date symlink: /home/saeedbazargan/Desktop/My-ROS2_Projects/My-ROS2-Humble/Tutorial_MobileRobot/mobilebot_ws/install/mobilebot_interfaces/share/mobilebot_interfaces/environment/library_path.dsv
[0.620s] -- Up-to-date symlink: /home/saeedbazargan/Desktop/My-ROS2_Projects/My-ROS2-Humble/Tutorial_MobileRobot/mobilebot_ws/install/mobilebot_interfaces/include/mobilebot_interfaces/mobilebot_interfaces/action/detail/count_until__rosidl_typesupport_fastrtps_c.h
[0.620s] -- Up-to-date symlink: /home/saeedbazargan/Desktop/My-ROS2_Projects/My-ROS2-Humble/Tutorial_MobileRobot/mobilebot_ws/install/mobilebot_interfaces/include/mobilebot_interfaces/mobilebot_interfaces/action/detail/robot_move__rosidl_typesupport_fastrtps_c.h
[0.620s] -- Up-to-date symlink: /home/saeedbazargan/Desktop/My-ROS2_Projects/My-ROS2-Humble/Tutorial_MobileRobot/mobilebot_ws/install/mobilebot_interfaces/include/mobilebot_interfaces/mobilebot_interfaces/msg/detail/int64__rosidl_typesupport_fastrtps_c.h
[0.620s] -- Up-to-date symlink: /home/saeedbazargan/Desktop/My-ROS2_Projects/My-ROS2-Humble/Tutorial_MobileRobot/mobilebot_ws/install/mobilebot_interfaces/include/mobilebot_interfaces/mobilebot_interfaces/msg/rosidl_typesupport_fastrtps_c__visibility_control.h
[0.621s] -- Up-to-date symlink: /home/saeedbazargan/Desktop/My-ROS2_Projects/My-ROS2-Humble/Tutorial_MobileRobot/mobilebot_ws/install/mobilebot_interfaces/include/mobilebot_interfaces/mobilebot_interfaces/action/detail/count_until__rosidl_typesupport_introspection_c.h
[0.621s] -- Up-to-date symlink: /home/saeedbazargan/Desktop/My-ROS2_Projects/My-ROS2-Humble/Tutorial_MobileRobot/mobilebot_ws/install/mobilebot_interfaces/include/mobilebot_interfaces/mobilebot_interfaces/action/detail/robot_move__rosidl_typesupport_introspection_c.h
[0.622s] -- Up-to-date symlink: /home/saeedbazargan/Desktop/My-ROS2_Projects/My-ROS2-Humble/Tutorial_MobileRobot/mobilebot_ws/install/mobilebot_interfaces/include/mobilebot_interfaces/mobilebot_interfaces/msg/detail/int64__rosidl_typesupport_introspection_c.h
[0.622s] -- Up-to-date symlink: /home/saeedbazargan/Desktop/My-ROS2_Projects/My-ROS2-Humble/Tutorial_MobileRobot/mobilebot_ws/install/mobilebot_interfaces/include/mobilebot_interfaces/mobilebot_interfaces/msg/rosidl_typesupport_introspection_c__visibility_control.h
[0.623s] -- Up-to-date symlink: /home/saeedbazargan/Desktop/My-ROS2_Projects/My-ROS2-Humble/Tutorial_MobileRobot/mobilebot_ws/install/mobilebot_interfaces/include/mobilebot_interfaces/mobilebot_interfaces/action/count_until.hpp
[0.623s] -- Up-to-date symlink: /home/saeedbazargan/Desktop/My-ROS2_Projects/My-ROS2-Humble/Tutorial_MobileRobot/mobilebot_ws/install/mobilebot_interfaces/include/mobilebot_interfaces/mobilebot_interfaces/action/detail/count_until__builder.hpp
[0.624s] -- Up-to-date symlink: /home/saeedbazargan/Desktop/My-ROS2_Projects/My-ROS2-Humble/Tutorial_MobileRobot/mobilebot_ws/install/mobilebot_interfaces/include/mobilebot_interfaces/mobilebot_interfaces/action/detail/count_until__struct.hpp
[0.624s] -- Up-to-date symlink: /home/saeedbazargan/Desktop/My-ROS2_Projects/My-ROS2-Humble/Tutorial_MobileRobot/mobilebot_ws/install/mobilebot_interfaces/include/mobilebot_interfaces/mobilebot_interfaces/action/detail/count_until__traits.hpp
[0.624s] -- Up-to-date symlink: /home/saeedbazargan/Desktop/My-ROS2_Projects/My-ROS2-Humble/Tutorial_MobileRobot/mobilebot_ws/install/mobilebot_interfaces/include/mobilebot_interfaces/mobilebot_interfaces/action/detail/count_until__type_support.hpp
[0.624s] -- Up-to-date symlink: /home/saeedbazargan/Desktop/My-ROS2_Projects/My-ROS2-Humble/Tutorial_MobileRobot/mobilebot_ws/install/mobilebot_interfaces/include/mobilebot_interfaces/mobilebot_interfaces/action/detail/robot_move__builder.hpp
[0.625s] -- Up-to-date symlink: /home/saeedbazargan/Desktop/My-ROS2_Projects/My-ROS2-Humble/Tutorial_MobileRobot/mobilebot_ws/install/mobilebot_interfaces/include/mobilebot_interfaces/mobilebot_interfaces/action/detail/robot_move__struct.hpp
[0.625s] -- Up-to-date symlink: /home/saeedbazargan/Desktop/My-ROS2_Projects/My-ROS2-Humble/Tutorial_MobileRobot/mobilebot_ws/install/mobilebot_interfaces/include/mobilebot_interfaces/mobilebot_interfaces/action/detail/robot_move__traits.hpp
[0.625s] -- Up-to-date symlink: /home/saeedbazargan/Desktop/My-ROS2_Projects/My-ROS2-Humble/Tutorial_MobileRobot/mobilebot_ws/install/mobilebot_interfaces/include/mobilebot_interfaces/mobilebot_interfaces/action/detail/robot_move__type_support.hpp
[0.626s] -- Up-to-date symlink: /home/saeedbazargan/Desktop/My-ROS2_Projects/My-ROS2-Humble/Tutorial_MobileRobot/mobilebot_ws/install/mobilebot_interfaces/include/mobilebot_interfaces/mobilebot_interfaces/action/robot_move.hpp
[0.626s] -- Up-to-date symlink: /home/saeedbazargan/Desktop/My-ROS2_Projects/My-ROS2-Humble/Tutorial_MobileRobot/mobilebot_ws/install/mobilebot_interfaces/include/mobilebot_interfaces/mobilebot_interfaces/msg/detail/int64__builder.hpp
[0.626s] -- Up-to-date symlink: /home/saeedbazargan/Desktop/My-ROS2_Projects/My-ROS2-Humble/Tutorial_MobileRobot/mobilebot_ws/install/mobilebot_interfaces/include/mobilebot_interfaces/mobilebot_interfaces/msg/detail/int64__struct.hpp
[0.627s] -- Up-to-date symlink: /home/saeedbazargan/Desktop/My-ROS2_Projects/My-ROS2-Humble/Tutorial_MobileRobot/mobilebot_ws/install/mobilebot_interfaces/include/mobilebot_interfaces/mobilebot_interfaces/msg/detail/int64__traits.hpp
[0.627s] -- Up-to-date symlink: /home/saeedbazargan/Desktop/My-ROS2_Projects/My-ROS2-Humble/Tutorial_MobileRobot/mobilebot_ws/install/mobilebot_interfaces/include/mobilebot_interfaces/mobilebot_interfaces/msg/detail/int64__type_support.hpp
[0.627s] -- Up-to-date symlink: /home/saeedbazargan/Desktop/My-ROS2_Projects/My-ROS2-Humble/Tutorial_MobileRobot/mobilebot_ws/install/mobilebot_interfaces/include/mobilebot_interfaces/mobilebot_interfaces/msg/int64.hpp
[0.627s] -- Up-to-date symlink: /home/saeedbazargan/Desktop/My-ROS2_Projects/My-ROS2-Humble/Tutorial_MobileRobot/mobilebot_ws/install/mobilebot_interfaces/include/mobilebot_interfaces/mobilebot_interfaces/msg/rosidl_generator_cpp__visibility_control.hpp
[0.629s] -- Up-to-date symlink: /home/saeedbazargan/Desktop/My-ROS2_Projects/My-ROS2-Humble/Tutorial_MobileRobot/mobilebot_ws/install/mobilebot_interfaces/include/mobilebot_interfaces/mobilebot_interfaces/action/detail/count_until__rosidl_typesupport_fastrtps_cpp.hpp
[0.629s] -- Up-to-date symlink: /home/saeedbazargan/Desktop/My-ROS2_Projects/My-ROS2-Humble/Tutorial_MobileRobot/mobilebot_ws/install/mobilebot_interfaces/include/mobilebot_interfaces/mobilebot_interfaces/action/detail/robot_move__rosidl_typesupport_fastrtps_cpp.hpp
[0.629s] -- Up-to-date symlink: /home/saeedbazargan/Desktop/My-ROS2_Projects/My-ROS2-Humble/Tutorial_MobileRobot/mobilebot_ws/install/mobilebot_interfaces/include/mobilebot_interfaces/mobilebot_interfaces/msg/detail/int64__rosidl_typesupport_fastrtps_cpp.hpp
[0.629s] -- Up-to-date symlink: /home/saeedbazargan/Desktop/My-ROS2_Projects/My-ROS2-Humble/Tutorial_MobileRobot/mobilebot_ws/install/mobilebot_interfaces/include/mobilebot_interfaces/mobilebot_interfaces/msg/rosidl_typesupport_fastrtps_cpp__visibility_control.h
[0.630s] -- Up-to-date symlink: /home/saeedbazargan/Desktop/My-ROS2_Projects/My-ROS2-Humble/Tutorial_MobileRobot/mobilebot_ws/install/mobilebot_interfaces/include/mobilebot_interfaces/mobilebot_interfaces/action/detail/count_until__rosidl_typesupport_introspection_cpp.hpp
[0.630s] -- Up-to-date symlink: /home/saeedbazargan/Desktop/My-ROS2_Projects/My-ROS2-Humble/Tutorial_MobileRobot/mobilebot_ws/install/mobilebot_interfaces/include/mobilebot_interfaces/mobilebot_interfaces/action/detail/robot_move__rosidl_typesupport_introspection_cpp.hpp
[0.631s] -- Up-to-date symlink: /home/saeedbazargan/Desktop/My-ROS2_Projects/My-ROS2-Humble/Tutorial_MobileRobot/mobilebot_ws/install/mobilebot_interfaces/include/mobilebot_interfaces/mobilebot_interfaces/msg/detail/int64__rosidl_typesupport_introspection_cpp.hpp
[0.631s] -- Up-to-date symlink: /home/saeedbazargan/Desktop/My-ROS2_Projects/My-ROS2-Humble/Tutorial_MobileRobot/mobilebot_ws/install/mobilebot_interfaces/share/mobilebot_interfaces/environment/pythonpath.sh
[0.631s] -- Up-to-date symlink: /home/saeedbazargan/Desktop/My-ROS2_Projects/My-ROS2-Humble/Tutorial_MobileRobot/mobilebot_ws/install/mobilebot_interfaces/share/mobilebot_interfaces/environment/pythonpath.dsv
[0.632s] -- Up-to-date symlink: /home/saeedbazargan/Desktop/My-ROS2_Projects/My-ROS2-Humble/Tutorial_MobileRobot/mobilebot_ws/install/mobilebot_interfaces/local/lib/python3.10/dist-packages/mobilebot_interfaces-0.0.0-py3.10.egg-info/PKG-INFO
[0.632s] -- Up-to-date symlink: /home/saeedbazargan/Desktop/My-ROS2_Projects/My-ROS2-Humble/Tutorial_MobileRobot/mobilebot_ws/install/mobilebot_interfaces/local/lib/python3.10/dist-packages/mobilebot_interfaces-0.0.0-py3.10.egg-info/SOURCES.txt
[0.632s] -- Up-to-date symlink: /home/saeedbazargan/Desktop/My-ROS2_Projects/My-ROS2-Humble/Tutorial_MobileRobot/mobilebot_ws/install/mobilebot_interfaces/local/lib/python3.10/dist-packages/mobilebot_interfaces-0.0.0-py3.10.egg-info/dependency_links.txt
[0.632s] -- Up-to-date symlink: /home/saeedbazargan/Desktop/My-ROS2_Projects/My-ROS2-Humble/Tutorial_MobileRobot/mobilebot_ws/install/mobilebot_interfaces/local/lib/python3.10/dist-packages/mobilebot_interfaces-0.0.0-py3.10.egg-info/top_level.txt
[0.633s] -- Up-to-date symlink: /home/saeedbazargan/Desktop/My-ROS2_Projects/My-ROS2-Humble/Tutorial_MobileRobot/mobilebot_ws/install/mobilebot_interfaces/local/lib/python3.10/dist-packages/mobilebot_interfaces/__init__.py
[0.633s] -- Up-to-date symlink: /home/saeedbazargan/Desktop/My-ROS2_Projects/My-ROS2-Humble/Tutorial_MobileRobot/mobilebot_ws/install/mobilebot_interfaces/local/lib/python3.10/dist-packages/mobilebot_interfaces/_mobilebot_interfaces_s.ep.rosidl_typesupport_c.c
[0.634s] -- Up-to-date symlink: /home/saeedbazargan/Desktop/My-ROS2_Projects/My-ROS2-Humble/Tutorial_MobileRobot/mobilebot_ws/install/mobilebot_interfaces/local/lib/python3.10/dist-packages/mobilebot_interfaces/_mobilebot_interfaces_s.ep.rosidl_typesupport_fastrtps_c.c
[0.634s] -- Up-to-date symlink: /home/saeedbazargan/Desktop/My-ROS2_Projects/My-ROS2-Humble/Tutorial_MobileRobot/mobilebot_ws/install/mobilebot_interfaces/local/lib/python3.10/dist-packages/mobilebot_interfaces/_mobilebot_interfaces_s.ep.rosidl_typesupport_introspection_c.c
[0.634s] -- Up-to-date symlink: /home/saeedbazargan/Desktop/My-ROS2_Projects/My-ROS2-Humble/Tutorial_MobileRobot/mobilebot_ws/install/mobilebot_interfaces/local/lib/python3.10/dist-packages/mobilebot_interfaces/action/__init__.py
[0.634s] -- Up-to-date symlink: /home/saeedbazargan/Desktop/My-ROS2_Projects/My-ROS2-Humble/Tutorial_MobileRobot/mobilebot_ws/install/mobilebot_interfaces/local/lib/python3.10/dist-packages/mobilebot_interfaces/action/_count_until.py
[0.635s] -- Up-to-date symlink: /home/saeedbazargan/Desktop/My-ROS2_Projects/My-ROS2-Humble/Tutorial_MobileRobot/mobilebot_ws/install/mobilebot_interfaces/local/lib/python3.10/dist-packages/mobilebot_interfaces/action/_count_until_s.c
[0.635s] -- Up-to-date symlink: /home/saeedbazargan/Desktop/My-ROS2_Projects/My-ROS2-Humble/Tutorial_MobileRobot/mobilebot_ws/install/mobilebot_interfaces/local/lib/python3.10/dist-packages/mobilebot_interfaces/action/_robot_move.py
[0.635s] -- Up-to-date symlink: /home/saeedbazargan/Desktop/My-ROS2_Projects/My-ROS2-Humble/Tutorial_MobileRobot/mobilebot_ws/install/mobilebot_interfaces/local/lib/python3.10/dist-packages/mobilebot_interfaces/action/_robot_move_s.c
[0.635s] -- Up-to-date symlink: /home/saeedbazargan/Desktop/My-ROS2_Projects/My-ROS2-Humble/Tutorial_MobileRobot/mobilebot_ws/install/mobilebot_interfaces/local/lib/python3.10/dist-packages/mobilebot_interfaces/libmobilebot_interfaces__rosidl_generator_py.so
[0.635s] -- Up-to-date symlink: /home/saeedbazargan/Desktop/My-ROS2_Projects/My-ROS2-Humble/Tutorial_MobileRobot/mobilebot_ws/install/mobilebot_interfaces/local/lib/python3.10/dist-packages/mobilebot_interfaces/mobilebot_interfaces_s__rosidl_typesupport_c.cpython-310-x86_64-linux-gnu.so
[0.636s] -- Up-to-date symlink: /home/saeedbazargan/Desktop/My-ROS2_Projects/My-ROS2-Humble/Tutorial_MobileRobot/mobilebot_ws/install/mobilebot_interfaces/local/lib/python3.10/dist-packages/mobilebot_interfaces/mobilebot_interfaces_s__rosidl_typesupport_fastrtps_c.cpython-310-x86_64-linux-gnu.so
[0.636s] -- Up-to-date symlink: /home/saeedbazargan/Desktop/My-ROS2_Projects/My-ROS2-Humble/Tutorial_MobileRobot/mobilebot_ws/install/mobilebot_interfaces/local/lib/python3.10/dist-packages/mobilebot_interfaces/mobilebot_interfaces_s__rosidl_typesupport_introspection_c.cpython-310-x86_64-linux-gnu.so
[0.636s] -- Up-to-date symlink: /home/saeedbazargan/Desktop/My-ROS2_Projects/My-ROS2-Humble/Tutorial_MobileRobot/mobilebot_ws/install/mobilebot_interfaces/local/lib/python3.10/dist-packages/mobilebot_interfaces/msg/__init__.py
[0.636s] -- Up-to-date symlink: /home/saeedbazargan/Desktop/My-ROS2_Projects/My-ROS2-Humble/Tutorial_MobileRobot/mobilebot_ws/install/mobilebot_interfaces/local/lib/python3.10/dist-packages/mobilebot_interfaces/msg/_int64.py
[0.637s] -- Up-to-date symlink: /home/saeedbazargan/Desktop/My-ROS2_Projects/My-ROS2-Humble/Tutorial_MobileRobot/mobilebot_ws/install/mobilebot_interfaces/local/lib/python3.10/dist-packages/mobilebot_interfaces/msg/_int64_s.c
[0.637s] -- Up-to-date symlink: /home/saeedbazargan/Desktop/My-ROS2_Projects/My-ROS2-Humble/Tutorial_MobileRobot/mobilebot_ws/install/mobilebot_interfaces/local/lib/python3.10/dist-packages/mobilebot_interfaces/mobilebot_interfaces_s__rosidl_typesupport_fastrtps_c.cpython-310-x86_64-linux-gnu.so
[0.637s] -- Up-to-date symlink: /home/saeedbazargan/Desktop/My-ROS2_Projects/My-ROS2-Humble/Tutorial_MobileRobot/mobilebot_ws/install/mobilebot_interfaces/local/lib/python3.10/dist-packages/mobilebot_interfaces/mobilebot_interfaces_s__rosidl_typesupport_introspection_c.cpython-310-x86_64-linux-gnu.so
[0.638s] -- Up-to-date symlink: /home/saeedbazargan/Desktop/My-ROS2_Projects/My-ROS2-Humble/Tutorial_MobileRobot/mobilebot_ws/install/mobilebot_interfaces/local/lib/python3.10/dist-packages/mobilebot_interfaces/mobilebot_interfaces_s__rosidl_typesupport_c.cpython-310-x86_64-linux-gnu.so
[0.638s] -- Up-to-date symlink: /home/saeedbazargan/Desktop/My-ROS2_Projects/My-ROS2-Humble/Tutorial_MobileRobot/mobilebot_ws/install/mobilebot_interfaces/share/mobilebot_interfaces/msg/Int64.idl
[0.638s] -- Up-to-date symlink: /home/saeedbazargan/Desktop/My-ROS2_Projects/My-ROS2-Humble/Tutorial_MobileRobot/mobilebot_ws/install/mobilebot_interfaces/share/mobilebot_interfaces/action/CountUntil.idl
[0.638s] -- Up-to-date symlink: /home/saeedbazargan/Desktop/My-ROS2_Projects/My-ROS2-Humble/Tutorial_MobileRobot/mobilebot_ws/install/mobilebot_interfaces/share/mobilebot_interfaces/action/RobotMove.idl
[0.639s] -- Up-to-date symlink: /home/saeedbazargan/Desktop/My-ROS2_Projects/My-ROS2-Humble/Tutorial_MobileRobot/mobilebot_ws/install/mobilebot_interfaces/share/mobilebot_interfaces/msg/Int64.msg
[0.639s] -- Up-to-date symlink: /home/saeedbazargan/Desktop/My-ROS2_Projects/My-ROS2-Humble/Tutorial_MobileRobot/mobilebot_ws/install/mobilebot_interfaces/share/mobilebot_interfaces/action/CountUntil.action
[0.639s] -- Up-to-date symlink: /home/saeedbazargan/Desktop/My-ROS2_Projects/My-ROS2-Humble/Tutorial_MobileRobot/mobilebot_ws/install/mobilebot_interfaces/share/mobilebot_interfaces/action/RobotMove.action
[0.640s] -- Up-to-date symlink: /home/saeedbazargan/Desktop/My-ROS2_Projects/My-ROS2-Humble/Tutorial_MobileRobot/mobilebot_ws/install/mobilebot_interfaces/share/ament_index/resource_index/package_run_dependencies/mobilebot_interfaces
[0.640s] -- Up-to-date symlink: /home/saeedbazargan/Desktop/My-ROS2_Projects/My-ROS2-Humble/Tutorial_MobileRobot/mobilebot_ws/install/mobilebot_interfaces/share/ament_index/resource_index/parent_prefix_path/mobilebot_interfaces
[0.640s] -- Up-to-date symlink: /home/saeedbazargan/Desktop/My-ROS2_Projects/My-ROS2-Humble/Tutorial_MobileRobot/mobilebot_ws/install/mobilebot_interfaces/share/mobilebot_interfaces/environment/ament_prefix_path.sh
[0.641s] -- Up-to-date symlink: /home/saeedbazargan/Desktop/My-ROS2_Projects/My-ROS2-Humble/Tutorial_MobileRobot/mobilebot_ws/install/mobilebot_interfaces/share/mobilebot_interfaces/environment/ament_prefix_path.dsv
[0.641s] -- Up-to-date symlink: /home/saeedbazargan/Desktop/My-ROS2_Projects/My-ROS2-Humble/Tutorial_MobileRobot/mobilebot_ws/install/mobilebot_interfaces/share/mobilebot_interfaces/environment/path.sh
[0.641s] -- Up-to-date symlink: /home/saeedbazargan/Desktop/My-ROS2_Projects/My-ROS2-Humble/Tutorial_MobileRobot/mobilebot_ws/install/mobilebot_interfaces/share/mobilebot_interfaces/environment/path.dsv
[0.641s] -- Up-to-date symlink: /home/saeedbazargan/Desktop/My-ROS2_Projects/My-ROS2-Humble/Tutorial_MobileRobot/mobilebot_ws/install/mobilebot_interfaces/share/mobilebot_interfaces/local_setup.bash
[0.642s] -- Up-to-date symlink: /home/saeedbazargan/Desktop/My-ROS2_Projects/My-ROS2-Humble/Tutorial_MobileRobot/mobilebot_ws/install/mobilebot_interfaces/share/mobilebot_interfaces/local_setup.sh
[0.642s] -- Up-to-date symlink: /home/saeedbazargan/Desktop/My-ROS2_Projects/My-ROS2-Humble/Tutorial_MobileRobot/mobilebot_ws/install/mobilebot_interfaces/share/mobilebot_interfaces/local_setup.zsh
[0.642s] -- Up-to-date symlink: /home/saeedbazargan/Desktop/My-ROS2_Projects/My-ROS2-Humble/Tutorial_MobileRobot/mobilebot_ws/install/mobilebot_interfaces/share/mobilebot_interfaces/local_setup.dsv
[0.642s] -- Symlinking: /home/saeedbazargan/Desktop/My-ROS2_Projects/My-ROS2-Humble/Tutorial_MobileRobot/mobilebot_ws/install/mobilebot_interfaces/share/mobilebot_interfaces/package.dsv
[0.654s] -- Up-to-date symlink: /home/saeedbazargan/Desktop/My-ROS2_Projects/My-ROS2-Humble/Tutorial_MobileRobot/mobilebot_ws/install/mobilebot_interfaces/share/ament_index/resource_index/packages/mobilebot_interfaces
[0.654s] -- Up-to-date symlink: /home/saeedbazargan/Desktop/My-ROS2_Projects/My-ROS2-Humble/Tutorial_MobileRobot/mobilebot_ws/install/mobilebot_interfaces/share/mobilebot_interfaces/cmake/rosidl_cmake-extras.cmake
[0.654s] -- Up-to-date symlink: /home/saeedbazargan/Desktop/My-ROS2_Projects/My-ROS2-Humble/Tutorial_MobileRobot/mobilebot_ws/install/mobilebot_interfaces/share/mobilebot_interfaces/cmake/ament_cmake_export_dependencies-extras.cmake
[0.655s] -- Up-to-date symlink: /home/saeedbazargan/Desktop/My-ROS2_Projects/My-ROS2-Humble/Tutorial_MobileRobot/mobilebot_ws/install/mobilebot_interfaces/share/mobilebot_interfaces/cmake/ament_cmake_export_include_directories-extras.cmake
[0.655s] -- Up-to-date symlink: /home/saeedbazargan/Desktop/My-ROS2_Projects/My-ROS2-Humble/Tutorial_MobileRobot/mobilebot_ws/install/mobilebot_interfaces/share/mobilebot_interfaces/cmake/ament_cmake_export_libraries-extras.cmake
[0.656s] -- Up-to-date symlink: /home/saeedbazargan/Desktop/My-ROS2_Projects/My-ROS2-Humble/Tutorial_MobileRobot/mobilebot_ws/install/mobilebot_interfaces/share/mobilebot_interfaces/cmake/ament_cmake_export_targets-extras.cmake
[0.656s] -- Up-to-date symlink: /home/saeedbazargan/Desktop/My-ROS2_Projects/My-ROS2-Humble/Tutorial_MobileRobot/mobilebot_ws/install/mobilebot_interfaces/share/mobilebot_interfaces/cmake/rosidl_cmake_export_typesupport_targets-extras.cmake
[0.656s] -- Up-to-date symlink: /home/saeedbazargan/Desktop/My-ROS2_Projects/My-ROS2-Humble/Tutorial_MobileRobot/mobilebot_ws/install/mobilebot_interfaces/share/mobilebot_interfaces/cmake/rosidl_cmake_export_typesupport_libraries-extras.cmake
[0.657s] -- Up-to-date symlink: /home/saeedbazargan/Desktop/My-ROS2_Projects/My-ROS2-Humble/Tutorial_MobileRobot/mobilebot_ws/install/mobilebot_interfaces/share/mobilebot_interfaces/cmake/mobilebot_interfacesConfig.cmake
[0.657s] -- Up-to-date symlink: /home/saeedbazargan/Desktop/My-ROS2_Projects/My-ROS2-Humble/Tutorial_MobileRobot/mobilebot_ws/install/mobilebot_interfaces/share/mobilebot_interfaces/cmake/mobilebot_interfacesConfig-version.cmake
[0.657s] -- Up-to-date symlink: /home/saeedbazargan/Desktop/My-ROS2_Projects/My-ROS2-Humble/Tutorial_MobileRobot/mobilebot_ws/install/mobilebot_interfaces/share/mobilebot_interfaces/package.xml
[0.658s] -- Up-to-date: /home/saeedbazargan/Desktop/My-ROS2_Projects/My-ROS2-Humble/Tutorial_MobileRobot/mobilebot_ws/install/mobilebot_interfaces/lib/libmobilebot_interfaces__rosidl_generator_c.so
[0.658s] -- Up-to-date: /home/saeedbazargan/Desktop/My-ROS2_Projects/My-ROS2-Humble/Tutorial_MobileRobot/mobilebot_ws/install/mobilebot_interfaces/lib/libmobilebot_interfaces__rosidl_typesupport_fastrtps_c.so
[0.659s] -- Up-to-date: /home/saeedbazargan/Desktop/My-ROS2_Projects/My-ROS2-Humble/Tutorial_MobileRobot/mobilebot_ws/install/mobilebot_interfaces/lib/libmobilebot_interfaces__rosidl_typesupport_introspection_c.so
[0.660s] -- Up-to-date: /home/saeedbazargan/Desktop/My-ROS2_Projects/My-ROS2-Humble/Tutorial_MobileRobot/mobilebot_ws/install/mobilebot_interfaces/lib/libmobilebot_interfaces__rosidl_typesupport_c.so
[0.660s] -- Up-to-date: /home/saeedbazargan/Desktop/My-ROS2_Projects/My-ROS2-Humble/Tutorial_MobileRobot/mobilebot_ws/install/mobilebot_interfaces/lib/libmobilebot_interfaces__rosidl_typesupport_fastrtps_cpp.so
[0.661s] -- Up-to-date: /home/saeedbazargan/Desktop/My-ROS2_Projects/My-ROS2-Humble/Tutorial_MobileRobot/mobilebot_ws/install/mobilebot_interfaces/lib/libmobilebot_interfaces__rosidl_typesupport_introspection_cpp.so
[0.661s] -- Up-to-date: /home/saeedbazargan/Desktop/My-ROS2_Projects/My-ROS2-Humble/Tutorial_MobileRobot/mobilebot_ws/install/mobilebot_interfaces/lib/libmobilebot_interfaces__rosidl_typesupport_cpp.so
[0.697s] Listing '/home/saeedbazargan/Desktop/My-ROS2_Projects/My-ROS2-Humble/Tutorial_MobileRobot/mobilebot_ws/install/mobilebot_interfaces/local/lib/python3.10/dist-packages/mobilebot_interfaces'...
[0.697s] Listing '/home/saeedbazargan/Desktop/My-ROS2_Projects/My-ROS2-Humble/Tutorial_MobileRobot/mobilebot_ws/install/mobilebot_interfaces/local/lib/python3.10/dist-packages/mobilebot_interfaces/action'...
[0.697s] Listing '/home/saeedbazargan/Desktop/My-ROS2_Projects/My-ROS2-Humble/Tutorial_MobileRobot/mobilebot_ws/install/mobilebot_interfaces/local/lib/python3.10/dist-packages/mobilebot_interfaces/msg'...
[0.702s] -- Up-to-date: /home/saeedbazargan/Desktop/My-ROS2_Projects/My-ROS2-Humble/Tutorial_MobileRobot/mobilebot_ws/install/mobilebot_interfaces/lib/libmobilebot_interfaces__rosidl_generator_py.so
[0.703s] -- Up-to-date: /home/saeedbazargan/Desktop/My-ROS2_Projects/My-ROS2-Humble/Tutorial_MobileRobot/mobilebot_ws/install/mobilebot_interfaces/share/mobilebot_interfaces/cmake/export_mobilebot_interfaces__rosidl_generator_cExport.cmake
[0.703s] -- Up-to-date: /home/saeedbazargan/Desktop/My-ROS2_Projects/My-ROS2-Humble/Tutorial_MobileRobot/mobilebot_ws/install/mobilebot_interfaces/share/mobilebot_interfaces/cmake/export_mobilebot_interfaces__rosidl_generator_cExport-noconfig.cmake
[0.703s] -- Up-to-date: /home/saeedbazargan/Desktop/My-ROS2_Projects/My-ROS2-Humble/Tutorial_MobileRobot/mobilebot_ws/install/mobilebot_interfaces/share/mobilebot_interfaces/cmake/export_mobilebot_interfaces__rosidl_typesupport_fastrtps_cExport.cmake
[0.703s] -- Up-to-date: /home/saeedbazargan/Desktop/My-ROS2_Projects/My-ROS2-Humble/Tutorial_MobileRobot/mobilebot_ws/install/mobilebot_interfaces/share/mobilebot_interfaces/cmake/export_mobilebot_interfaces__rosidl_typesupport_fastrtps_cExport-noconfig.cmake
[0.703s] -- Up-to-date: /home/saeedbazargan/Desktop/My-ROS2_Projects/My-ROS2-Humble/Tutorial_MobileRobot/mobilebot_ws/install/mobilebot_interfaces/share/mobilebot_interfaces/cmake/mobilebot_interfaces__rosidl_typesupport_introspection_cExport.cmake
[0.704s] -- Up-to-date: /home/saeedbazargan/Desktop/My-ROS2_Projects/My-ROS2-Humble/Tutorial_MobileRobot/mobilebot_ws/install/mobilebot_interfaces/share/mobilebot_interfaces/cmake/mobilebot_interfaces__rosidl_typesupport_introspection_cExport-noconfig.cmake
[0.704s] -- Up-to-date: /home/saeedbazargan/Desktop/My-ROS2_Projects/My-ROS2-Humble/Tutorial_MobileRobot/mobilebot_ws/install/mobilebot_interfaces/share/mobilebot_interfaces/cmake/mobilebot_interfaces__rosidl_typesupport_cExport.cmake
[0.704s] -- Up-to-date: /home/saeedbazargan/Desktop/My-ROS2_Projects/My-ROS2-Humble/Tutorial_MobileRobot/mobilebot_ws/install/mobilebot_interfaces/share/mobilebot_interfaces/cmake/mobilebot_interfaces__rosidl_typesupport_cExport-noconfig.cmake
[0.704s] -- Up-to-date: /home/saeedbazargan/Desktop/My-ROS2_Projects/My-ROS2-Humble/Tutorial_MobileRobot/mobilebot_ws/install/mobilebot_interfaces/share/mobilebot_interfaces/cmake/export_mobilebot_interfaces__rosidl_generator_cppExport.cmake
[0.704s] -- Up-to-date: /home/saeedbazargan/Desktop/My-ROS2_Projects/My-ROS2-Humble/Tutorial_MobileRobot/mobilebot_ws/install/mobilebot_interfaces/share/mobilebot_interfaces/cmake/export_mobilebot_interfaces__rosidl_typesupport_fastrtps_cppExport.cmake
[0.704s] -- Up-to-date: /home/saeedbazargan/Desktop/My-ROS2_Projects/My-ROS2-Humble/Tutorial_MobileRobot/mobilebot_ws/install/mobilebot_interfaces/share/mobilebot_interfaces/cmake/export_mobilebot_interfaces__rosidl_typesupport_fastrtps_cppExport-noconfig.cmake
[0.705s] -- Up-to-date: /home/saeedbazargan/Desktop/My-ROS2_Projects/My-ROS2-Humble/Tutorial_MobileRobot/mobilebot_ws/install/mobilebot_interfaces/share/mobilebot_interfaces/cmake/mobilebot_interfaces__rosidl_typesupport_introspection_cppExport.cmake
[0.705s] -- Up-to-date: /home/saeedbazargan/Desktop/My-ROS2_Projects/My-ROS2-Humble/Tutorial_MobileRobot/mobilebot_ws/install/mobilebot_interfaces/share/mobilebot_interfaces/cmake/mobilebot_interfaces__rosidl_typesupport_introspection_cppExport-noconfig.cmake
[0.705s] -- Up-to-date: /home/saeedbazargan/Desktop/My-ROS2_Projects/My-ROS2-Humble/Tutorial_MobileRobot/mobilebot_ws/install/mobilebot_interfaces/share/mobilebot_interfaces/cmake/mobilebot_interfaces__rosidl_typesupport_cppExport.cmake
[0.705s] -- Up-to-date: /home/saeedbazargan/Desktop/My-ROS2_Projects/My-ROS2-Humble/Tutorial_MobileRobot/mobilebot_ws/install/mobilebot_interfaces/share/mobilebot_interfaces/cmake/mobilebot_interfaces__rosidl_typesupport_cppExport-noconfig.cmake
[0.705s] -- Up-to-date: /home/saeedbazargan/Desktop/My-ROS2_Projects/My-ROS2-Humble/Tutorial_MobileRobot/mobilebot_ws/install/mobilebot_interfaces/share/mobilebot_interfaces/cmake/export_mobilebot_interfaces__rosidl_generator_pyExport.cmake
[0.705s] -- Up-to-date: /home/saeedbazargan/Desktop/My-ROS2_Projects/My-ROS2-Humble/Tutorial_MobileRobot/mobilebot_ws/install/mobilebot_interfaces/share/mobilebot_interfaces/cmake/export_mobilebot_interfaces__rosidl_generator_pyExport-noconfig.cmake
[0.709s] Invoked command in '/home/saeedbazargan/Desktop/My-ROS2_Projects/My-ROS2-Humble/Tutorial_MobileRobot/mobilebot_ws/build/mobilebot_interfaces' returned '0': CMAKE_PREFIX_PATH=${CMAKE_PREFIX_PATH}:/opt/ros/humble /usr/bin/cmake --install /home/saeedbazargan/Desktop/My-ROS2_Projects/My-ROS2-Humble/Tutorial_MobileRobot/mobilebot_ws/build/mobilebot_interfaces
