[0.018s] Invoking command in '/home/sbzrobot/ROS2-Projects/My-ROS2_Projects/My-ROS2-Humble/Tutorial_MobileRobot/mobilebot_ws/build/mobilebot_description': CMAKE_PREFIX_PATH=${CMAKE_PREFIX_PATH}:/opt/ros/humble /usr/bin/cmake --build /home/sbzrobot/ROS2-Projects/My-ROS2_Projects/My-ROS2-Humble/Tutorial_MobileRobot/mobilebot_ws/build/mobilebot_description -- -j4 -l4
[0.096s] Invoked command in '/home/sbzrobot/ROS2-Projects/My-ROS2_Projects/My-ROS2-Humble/Tutorial_MobileRobot/mobilebot_ws/build/mobilebot_description' returned '0': CMAKE_PREFIX_PATH=${CMAKE_PREFIX_PATH}:/opt/ros/humble /usr/bin/cmake --build /home/sbzrobot/ROS2-Projects/My-ROS2_Projects/My-ROS2-Humble/Tutorial_MobileRobot/mobilebot_ws/build/mobilebot_description -- -j4 -l4
[0.112s] Invoking command in '/home/sbzrobot/ROS2-Projects/My-ROS2_Projects/My-ROS2-Humble/Tutorial_MobileRobot/mobilebot_ws/build/mobilebot_description': CMAKE_PREFIX_PATH=${CMAKE_PREFIX_PATH}:/opt/ros/humble /usr/bin/cmake --install /home/sbzrobot/ROS2-Projects/My-ROS2_Projects/My-ROS2-Humble/Tutorial_MobileRobot/mobilebot_ws/build/mobilebot_description
[0.123s] -- Install configuration: ""
[0.124s] -- Up-to-date: /home/sbzrobot/ROS2-Projects/My-ROS2_Projects/My-ROS2-Humble/Tutorial_MobileRobot/mobilebot_ws/install/mobilebot_description/share/mobilebot_description//urdf
[0.124s] -- Up-to-date: /home/sbzrobot/ROS2-Projects/My-ROS2_Projects/My-ROS2-Humble/Tutorial_MobileRobot/mobilebot_ws/install/mobilebot_description/share/mobilebot_description//urdf/arm.xacro
[0.124s] -- Installing: /home/sbzrobot/ROS2-Projects/My-ROS2_Projects/My-ROS2-Humble/Tutorial_MobileRobot/mobilebot_ws/install/mobilebot_description/share/mobilebot_description//urdf/arm_gazebo.xacro
[0.124s] -- Up-to-date: /home/sbzrobot/ROS2-Projects/My-ROS2_Projects/My-ROS2-Humble/Tutorial_MobileRobot/mobilebot_ws/install/mobilebot_description/share/mobilebot_description//urdf/common_properties.xacro
[0.126s] -- Up-to-date: /home/sbzrobot/ROS2-Projects/My-ROS2_Projects/My-ROS2-Humble/Tutorial_MobileRobot/mobilebot_ws/install/mobilebot_description/share/mobilebot_description//urdf/standalone_arm.urdf.xacro
[0.127s] -- Up-to-date: /home/sbzrobot/ROS2-Projects/My-ROS2_Projects/My-ROS2-Humble/Tutorial_MobileRobot/mobilebot_ws/install/mobilebot_description/share/mobilebot_description//urdf/mobilebot_base_gazebo.xacro
[0.127s] -- Up-to-date: /home/sbzrobot/ROS2-Projects/My-ROS2_Projects/My-ROS2-Humble/Tutorial_MobileRobot/mobilebot_ws/install/mobilebot_description/share/mobilebot_description//urdf/mobilebot.urdf.xacro
[0.127s] -- Up-to-date: /home/sbzrobot/ROS2-Projects/My-ROS2_Projects/My-ROS2-Humble/Tutorial_MobileRobot/mobilebot_ws/install/mobilebot_description/share/mobilebot_description//urdf/mobilebot_base.xacro
[0.129s] -- Up-to-date: /home/sbzrobot/ROS2-Projects/My-ROS2_Projects/My-ROS2-Humble/Tutorial_MobileRobot/mobilebot_ws/install/mobilebot_description/share/mobilebot_description//launch
[0.129s] -- Up-to-date: /home/sbzrobot/ROS2-Projects/My-ROS2_Projects/My-ROS2-Humble/Tutorial_MobileRobot/mobilebot_ws/install/mobilebot_description/share/mobilebot_description//launch/display.launch.py
[0.129s] -- Up-to-date: /home/sbzrobot/ROS2-Projects/My-ROS2_Projects/My-ROS2-Humble/Tutorial_MobileRobot/mobilebot_ws/install/mobilebot_description/share/mobilebot_description//rviz
[0.129s] -- Up-to-date: /home/sbzrobot/ROS2-Projects/My-ROS2_Projects/My-ROS2-Humble/Tutorial_MobileRobot/mobilebot_ws/install/mobilebot_description/share/mobilebot_description//rviz/mobilebot_config.rviz
[0.129s] -- Up-to-date: /home/sbzrobot/ROS2-Projects/My-ROS2_Projects/My-ROS2-Humble/Tutorial_MobileRobot/mobilebot_ws/install/mobilebot_description/share/ament_index/resource_index/package_run_dependencies/mobilebot_description
[0.130s] -- Up-to-date: /home/sbzrobot/ROS2-Projects/My-ROS2_Projects/My-ROS2-Humble/Tutorial_MobileRobot/mobilebot_ws/install/mobilebot_description/share/ament_index/resource_index/parent_prefix_path/mobilebot_description
[0.130s] -- Up-to-date: /home/sbzrobot/ROS2-Projects/My-ROS2_Projects/My-ROS2-Humble/Tutorial_MobileRobot/mobilebot_ws/install/mobilebot_description/share/mobilebot_description/environment/ament_prefix_path.sh
[0.130s] -- Up-to-date: /home/sbzrobot/ROS2-Projects/My-ROS2_Projects/My-ROS2-Humble/Tutorial_MobileRobot/mobilebot_ws/install/mobilebot_description/share/mobilebot_description/environment/ament_prefix_path.dsv
[0.130s] -- Up-to-date: /home/sbzrobot/ROS2-Projects/My-ROS2_Projects/My-ROS2-Humble/Tutorial_MobileRobot/mobilebot_ws/install/mobilebot_description/share/mobilebot_description/environment/path.sh
[0.130s] -- Up-to-date: /home/sbzrobot/ROS2-Projects/My-ROS2_Projects/My-ROS2-Humble/Tutorial_MobileRobot/mobilebot_ws/install/mobilebot_description/share/mobilebot_description/environment/path.dsv
[0.131s] -- Up-to-date: /home/sbzrobot/ROS2-Projects/My-ROS2_Projects/My-ROS2-Humble/Tutorial_MobileRobot/mobilebot_ws/install/mobilebot_description/share/mobilebot_description/local_setup.bash
[0.131s] -- Up-to-date: /home/sbzrobot/ROS2-Projects/My-ROS2_Projects/My-ROS2-Humble/Tutorial_MobileRobot/mobilebot_ws/install/mobilebot_description/share/mobilebot_description/local_setup.sh
[0.131s] -- Up-to-date: /home/sbzrobot/ROS2-Projects/My-ROS2_Projects/My-ROS2-Humble/Tutorial_MobileRobot/mobilebot_ws/install/mobilebot_description/share/mobilebot_description/local_setup.zsh
[0.131s] -- Up-to-date: /home/sbzrobot/ROS2-Projects/My-ROS2_Projects/My-ROS2-Humble/Tutorial_MobileRobot/mobilebot_ws/install/mobilebot_description/share/mobilebot_description/local_setup.dsv
[0.132s] -- Installing: /home/sbzrobot/ROS2-Projects/My-ROS2_Projects/My-ROS2-Humble/Tutorial_MobileRobot/mobilebot_ws/install/mobilebot_description/share/mobilebot_description/package.dsv
[0.132s] -- Up-to-date: /home/sbzrobot/ROS2-Projects/My-ROS2_Projects/My-ROS2-Humble/Tutorial_MobileRobot/mobilebot_ws/install/mobilebot_description/share/ament_index/resource_index/packages/mobilebot_description
[0.132s] -- Up-to-date: /home/sbzrobot/ROS2-Projects/My-ROS2_Projects/My-ROS2-Humble/Tutorial_MobileRobot/mobilebot_ws/install/mobilebot_description/share/mobilebot_description/cmake/mobilebot_descriptionConfig.cmake
[0.132s] -- Up-to-date: /home/sbzrobot/ROS2-Projects/My-ROS2_Projects/My-ROS2-Humble/Tutorial_MobileRobot/mobilebot_ws/install/mobilebot_description/share/mobilebot_description/cmake/mobilebot_descriptionConfig-version.cmake
[0.132s] -- Up-to-date: /home/sbzrobot/ROS2-Projects/My-ROS2_Projects/My-ROS2-Humble/Tutorial_MobileRobot/mobilebot_ws/install/mobilebot_description/share/mobilebot_description/package.xml
[0.134s] Invoked command in '/home/sbzrobot/ROS2-Projects/My-ROS2_Projects/My-ROS2-Humble/Tutorial_MobileRobot/mobilebot_ws/build/mobilebot_description' returned '0': CMAKE_PREFIX_PATH=${CMAKE_PREFIX_PATH}:/opt/ros/humble /usr/bin/cmake --install /home/sbzrobot/ROS2-Projects/My-ROS2_Projects/My-ROS2-Humble/Tutorial_MobileRobot/mobilebot_ws/build/mobilebot_description
