[0.148s] DEBUG:colcon:Command line arguments: ['/usr/bin/colcon', 'build']
[0.148s] DEBUG:colcon:Parsed command line arguments: Namespace(log_base=None, log_level=None, verb_name='build', build_base='build', install_base='install', merge_install=False, symlink_install=False, test_result_base=None, continue_on_error=False, executor='parallel', parallel_workers=4, event_handlers=None, ignore_user_meta=False, metas=['./colcon.meta'], base_paths=['.'], packages_ignore=None, packages_ignore_regex=None, paths=None, packages_up_to=None, packages_up_to_regex=None, packages_above=None, packages_above_and_dependencies=None, packages_above_depth=None, packages_select_by_dep=None, packages_skip_by_dep=None, packages_skip_up_to=None, packages_select_build_failed=False, packages_skip_build_finished=False, packages_select_test_failures=False, packages_skip_test_passed=False, packages_select=None, packages_skip=None, packages_select_regex=None, packages_skip_regex=None, packages_start=None, packages_end=None, allow_overriding=[], cmake_args=None, cmake_target=None, cmake_target_skip_unavailable=False, cmake_clean_cache=False, cmake_clean_first=False, cmake_force_configure=False, ament_cmake_args=None, catkin_cmake_args=None, catkin_skip_building_tests=False, mixin_files=None, mixin=None, verb_parser=<colcon_mixin.mixin.mixin_argument.MixinArgumentDecorator object at 0x7a06f2059660>, verb_extension=<colcon_core.verb.build.BuildVerb object at 0x7a06f21dacb0>, main=<bound method BuildVerb.main of <colcon_core.verb.build.BuildVerb object at 0x7a06f21dacb0>>, mixin_verb=('build',))
[0.360s] Level 1:colcon.colcon_core.package_discovery:discover_packages(colcon_meta) check parameters
[0.360s] Level 1:colcon.colcon_core.package_discovery:discover_packages(recursive) check parameters
[0.360s] Level 1:colcon.colcon_core.package_discovery:discover_packages(ignore) check parameters
[0.360s] Level 1:colcon.colcon_core.package_discovery:discover_packages(path) check parameters
[0.360s] Level 1:colcon.colcon_core.package_discovery:discover_packages(colcon_meta) discover
[0.360s] Level 1:colcon.colcon_core.package_discovery:discover_packages(recursive) discover
[0.360s] INFO:colcon.colcon_core.package_discovery:Crawling recursively for packages in '/home/saeedbazargan/Desktop/My-ROS2_Projects/My-ROS2-Humble/Tutorial_MobileRobot/mobilebot_ws'
[0.360s] Level 1:colcon.colcon_core.package_identification:_identify(.) by extensions ['ignore', 'ignore_ament_install']
[0.360s] Level 1:colcon.colcon_core.package_identification:_identify(.) by extension 'ignore'
[0.360s] Level 1:colcon.colcon_core.package_identification:_identify(.) by extension 'ignore_ament_install'
[0.360s] Level 1:colcon.colcon_core.package_identification:_identify(.) by extensions ['colcon_pkg']
[0.360s] Level 1:colcon.colcon_core.package_identification:_identify(.) by extension 'colcon_pkg'
[0.360s] Level 1:colcon.colcon_core.package_identification:_identify(.) by extensions ['colcon_meta']
[0.360s] Level 1:colcon.colcon_core.package_identification:_identify(.) by extension 'colcon_meta'
[0.361s] Level 1:colcon.colcon_core.package_identification:_identify(.) by extensions ['ros']
[0.361s] Level 1:colcon.colcon_core.package_identification:_identify(.) by extension 'ros'
[0.375s] Level 1:colcon.colcon_core.package_identification:_identify(.) by extensions ['cmake', 'python']
[0.375s] Level 1:colcon.colcon_core.package_identification:_identify(.) by extension 'cmake'
[0.375s] Level 1:colcon.colcon_core.package_identification:_identify(.) by extension 'python'
[0.375s] Level 1:colcon.colcon_core.package_identification:_identify(.) by extensions ['python_setup_py']
[0.375s] Level 1:colcon.colcon_core.package_identification:_identify(.) by extension 'python_setup_py'
[0.375s] Level 1:colcon.colcon_core.package_identification:_identify(build) by extensions ['ignore', 'ignore_ament_install']
[0.375s] Level 1:colcon.colcon_core.package_identification:_identify(build) by extension 'ignore'
[0.375s] Level 1:colcon.colcon_core.package_identification:_identify(build) ignored
[0.375s] Level 1:colcon.colcon_core.package_identification:_identify(install) by extensions ['ignore', 'ignore_ament_install']
[0.375s] Level 1:colcon.colcon_core.package_identification:_identify(install) by extension 'ignore'
[0.375s] Level 1:colcon.colcon_core.package_identification:_identify(install) ignored
[0.376s] Level 1:colcon.colcon_core.package_identification:_identify(log) by extensions ['ignore', 'ignore_ament_install']
[0.376s] Level 1:colcon.colcon_core.package_identification:_identify(log) by extension 'ignore'
[0.376s] Level 1:colcon.colcon_core.package_identification:_identify(log) ignored
[0.376s] Level 1:colcon.colcon_core.package_identification:_identify(src) by extensions ['ignore', 'ignore_ament_install']
[0.376s] Level 1:colcon.colcon_core.package_identification:_identify(src) by extension 'ignore'
[0.376s] Level 1:colcon.colcon_core.package_identification:_identify(src) by extension 'ignore_ament_install'
[0.376s] Level 1:colcon.colcon_core.package_identification:_identify(src) by extensions ['colcon_pkg']
[0.376s] Level 1:colcon.colcon_core.package_identification:_identify(src) by extension 'colcon_pkg'
[0.376s] Level 1:colcon.colcon_core.package_identification:_identify(src) by extensions ['colcon_meta']
[0.376s] Level 1:colcon.colcon_core.package_identification:_identify(src) by extension 'colcon_meta'
[0.376s] Level 1:colcon.colcon_core.package_identification:_identify(src) by extensions ['ros']
[0.376s] Level 1:colcon.colcon_core.package_identification:_identify(src) by extension 'ros'
[0.376s] Level 1:colcon.colcon_core.package_identification:_identify(src) by extensions ['cmake', 'python']
[0.376s] Level 1:colcon.colcon_core.package_identification:_identify(src) by extension 'cmake'
[0.376s] Level 1:colcon.colcon_core.package_identification:_identify(src) by extension 'python'
[0.376s] Level 1:colcon.colcon_core.package_identification:_identify(src) by extensions ['python_setup_py']
[0.377s] Level 1:colcon.colcon_core.package_identification:_identify(src) by extension 'python_setup_py'
[0.377s] Level 1:colcon.colcon_core.package_identification:_identify(src/actions_cpp) by extensions ['ignore', 'ignore_ament_install']
[0.377s] Level 1:colcon.colcon_core.package_identification:_identify(src/actions_cpp) by extension 'ignore'
[0.377s] Level 1:colcon.colcon_core.package_identification:_identify(src/actions_cpp) by extension 'ignore_ament_install'
[0.377s] Level 1:colcon.colcon_core.package_identification:_identify(src/actions_cpp) by extensions ['colcon_pkg']
[0.377s] Level 1:colcon.colcon_core.package_identification:_identify(src/actions_cpp) by extension 'colcon_pkg'
[0.377s] Level 1:colcon.colcon_core.package_identification:_identify(src/actions_cpp) by extensions ['colcon_meta']
[0.377s] Level 1:colcon.colcon_core.package_identification:_identify(src/actions_cpp) by extension 'colcon_meta'
[0.377s] Level 1:colcon.colcon_core.package_identification:_identify(src/actions_cpp) by extensions ['ros']
[0.377s] Level 1:colcon.colcon_core.package_identification:_identify(src/actions_cpp) by extension 'ros'
[0.381s] DEBUG:colcon.colcon_core.package_identification:Package 'src/actions_cpp' with type 'ros.ament_cmake' and name 'actions_cpp'
[0.381s] Level 1:colcon.colcon_core.package_identification:_identify(src/build) by extensions ['ignore', 'ignore_ament_install']
[0.381s] Level 1:colcon.colcon_core.package_identification:_identify(src/build) by extension 'ignore'
[0.381s] Level 1:colcon.colcon_core.package_identification:_identify(src/build) ignored
[0.381s] Level 1:colcon.colcon_core.package_identification:_identify(src/install) by extensions ['ignore', 'ignore_ament_install']
[0.382s] Level 1:colcon.colcon_core.package_identification:_identify(src/install) by extension 'ignore'
[0.382s] Level 1:colcon.colcon_core.package_identification:_identify(src/install) ignored
[0.382s] Level 1:colcon.colcon_core.package_identification:_identify(src/log) by extensions ['ignore', 'ignore_ament_install']
[0.382s] Level 1:colcon.colcon_core.package_identification:_identify(src/log) by extension 'ignore'
[0.382s] Level 1:colcon.colcon_core.package_identification:_identify(src/log) ignored
[0.382s] Level 1:colcon.colcon_core.package_identification:_identify(src/mobilebot_bringup) by extensions ['ignore', 'ignore_ament_install']
[0.382s] Level 1:colcon.colcon_core.package_identification:_identify(src/mobilebot_bringup) by extension 'ignore'
[0.382s] Level 1:colcon.colcon_core.package_identification:_identify(src/mobilebot_bringup) by extension 'ignore_ament_install'
[0.382s] Level 1:colcon.colcon_core.package_identification:_identify(src/mobilebot_bringup) by extensions ['colcon_pkg']
[0.382s] Level 1:colcon.colcon_core.package_identification:_identify(src/mobilebot_bringup) by extension 'colcon_pkg'
[0.382s] Level 1:colcon.colcon_core.package_identification:_identify(src/mobilebot_bringup) by extensions ['colcon_meta']
[0.382s] Level 1:colcon.colcon_core.package_identification:_identify(src/mobilebot_bringup) by extension 'colcon_meta'
[0.382s] Level 1:colcon.colcon_core.package_identification:_identify(src/mobilebot_bringup) by extensions ['ros']
[0.382s] Level 1:colcon.colcon_core.package_identification:_identify(src/mobilebot_bringup) by extension 'ros'
[0.383s] DEBUG:colcon.colcon_core.package_identification:Package 'src/mobilebot_bringup' with type 'ros.ament_cmake' and name 'mobilebot_bringup'
[0.383s] Level 1:colcon.colcon_core.package_identification:_identify(src/mobilebot_description) by extensions ['ignore', 'ignore_ament_install']
[0.383s] Level 1:colcon.colcon_core.package_identification:_identify(src/mobilebot_description) by extension 'ignore'
[0.383s] Level 1:colcon.colcon_core.package_identification:_identify(src/mobilebot_description) by extension 'ignore_ament_install'
[0.384s] Level 1:colcon.colcon_core.package_identification:_identify(src/mobilebot_description) by extensions ['colcon_pkg']
[0.384s] Level 1:colcon.colcon_core.package_identification:_identify(src/mobilebot_description) by extension 'colcon_pkg'
[0.384s] Level 1:colcon.colcon_core.package_identification:_identify(src/mobilebot_description) by extensions ['colcon_meta']
[0.384s] Level 1:colcon.colcon_core.package_identification:_identify(src/mobilebot_description) by extension 'colcon_meta'
[0.384s] Level 1:colcon.colcon_core.package_identification:_identify(src/mobilebot_description) by extensions ['ros']
[0.384s] Level 1:colcon.colcon_core.package_identification:_identify(src/mobilebot_description) by extension 'ros'
[0.384s] DEBUG:colcon.colcon_core.package_identification:Package 'src/mobilebot_description' with type 'ros.ament_cmake' and name 'mobilebot_description'
[0.385s] Level 1:colcon.colcon_core.package_identification:_identify(src/mobilebot_interfaces) by extensions ['ignore', 'ignore_ament_install']
[0.385s] Level 1:colcon.colcon_core.package_identification:_identify(src/mobilebot_interfaces) by extension 'ignore'
[0.385s] Level 1:colcon.colcon_core.package_identification:_identify(src/mobilebot_interfaces) by extension 'ignore_ament_install'
[0.385s] Level 1:colcon.colcon_core.package_identification:_identify(src/mobilebot_interfaces) by extensions ['colcon_pkg']
[0.385s] Level 1:colcon.colcon_core.package_identification:_identify(src/mobilebot_interfaces) by extension 'colcon_pkg'
[0.385s] Level 1:colcon.colcon_core.package_identification:_identify(src/mobilebot_interfaces) by extensions ['colcon_meta']
[0.385s] Level 1:colcon.colcon_core.package_identification:_identify(src/mobilebot_interfaces) by extension 'colcon_meta'
[0.385s] Level 1:colcon.colcon_core.package_identification:_identify(src/mobilebot_interfaces) by extensions ['ros']
[0.385s] Level 1:colcon.colcon_core.package_identification:_identify(src/mobilebot_interfaces) by extension 'ros'
[0.386s] DEBUG:colcon.colcon_core.package_identification:Package 'src/mobilebot_interfaces' with type 'ros.ament_cmake' and name 'mobilebot_interfaces'
[0.386s] Level 1:colcon.colcon_core.package_discovery:discover_packages(recursive) using defaults
[0.386s] Level 1:colcon.colcon_core.package_discovery:discover_packages(ignore) discover
[0.386s] Level 1:colcon.colcon_core.package_discovery:discover_packages(ignore) using defaults
[0.386s] Level 1:colcon.colcon_core.package_discovery:discover_packages(path) discover
[0.386s] Level 1:colcon.colcon_core.package_discovery:discover_packages(path) using defaults
[0.425s] Level 1:colcon.colcon_core.package_discovery:discover_packages(prefix_path) check parameters
[0.426s] Level 1:colcon.colcon_core.package_discovery:discover_packages(prefix_path) discover
[0.428s] DEBUG:colcon.colcon_installed_package_information.package_discovery:Found 4 installed packages in /home/saeedbazargan/Desktop/My-ROS2_Projects/My-ROS2-Humble/Tutorial_MobileRobot/mobilebot_ws/install
[0.430s] DEBUG:colcon.colcon_installed_package_information.package_discovery:Found 279 installed packages in /opt/ros/humble
[0.432s] Level 1:colcon.colcon_core.package_discovery:discover_packages(prefix_path) using defaults
[0.483s] Level 5:colcon.colcon_core.verb:set package 'mobilebot_description' build argument 'cmake_args' from command line to 'None'
[0.483s] Level 5:colcon.colcon_core.verb:set package 'mobilebot_description' build argument 'cmake_target' from command line to 'None'
[0.483s] Level 5:colcon.colcon_core.verb:set package 'mobilebot_description' build argument 'cmake_target_skip_unavailable' from command line to 'False'
[0.483s] Level 5:colcon.colcon_core.verb:set package 'mobilebot_description' build argument 'cmake_clean_cache' from command line to 'False'
[0.483s] Level 5:colcon.colcon_core.verb:set package 'mobilebot_description' build argument 'cmake_clean_first' from command line to 'False'
[0.483s] Level 5:colcon.colcon_core.verb:set package 'mobilebot_description' build argument 'cmake_force_configure' from command line to 'False'
[0.483s] Level 5:colcon.colcon_core.verb:set package 'mobilebot_description' build argument 'ament_cmake_args' from command line to 'None'
[0.483s] Level 5:colcon.colcon_core.verb:set package 'mobilebot_description' build argument 'catkin_cmake_args' from command line to 'None'
[0.483s] Level 5:colcon.colcon_core.verb:set package 'mobilebot_description' build argument 'catkin_skip_building_tests' from command line to 'False'
[0.483s] DEBUG:colcon.colcon_core.verb:Building package 'mobilebot_description' with the following arguments: {'ament_cmake_args': None, 'build_base': '/home/saeedbazargan/Desktop/My-ROS2_Projects/My-ROS2-Humble/Tutorial_MobileRobot/mobilebot_ws/build/mobilebot_description', 'catkin_cmake_args': None, 'catkin_skip_building_tests': False, 'cmake_args': None, 'cmake_clean_cache': False, 'cmake_clean_first': False, 'cmake_force_configure': False, 'cmake_target': None, 'cmake_target_skip_unavailable': False, 'install_base': '/home/saeedbazargan/Desktop/My-ROS2_Projects/My-ROS2-Humble/Tutorial_MobileRobot/mobilebot_ws/install/mobilebot_description', 'merge_install': False, 'path': '/home/saeedbazargan/Desktop/My-ROS2_Projects/My-ROS2-Humble/Tutorial_MobileRobot/mobilebot_ws/src/mobilebot_description', 'symlink_install': False, 'test_result_base': None}
[0.484s] Level 5:colcon.colcon_core.verb:set package 'mobilebot_interfaces' build argument 'cmake_args' from command line to 'None'
[0.484s] Level 5:colcon.colcon_core.verb:set package 'mobilebot_interfaces' build argument 'cmake_target' from command line to 'None'
[0.484s] Level 5:colcon.colcon_core.verb:set package 'mobilebot_interfaces' build argument 'cmake_target_skip_unavailable' from command line to 'False'
[0.484s] Level 5:colcon.colcon_core.verb:set package 'mobilebot_interfaces' build argument 'cmake_clean_cache' from command line to 'False'
[0.484s] Level 5:colcon.colcon_core.verb:set package 'mobilebot_interfaces' build argument 'cmake_clean_first' from command line to 'False'
[0.484s] Level 5:colcon.colcon_core.verb:set package 'mobilebot_interfaces' build argument 'cmake_force_configure' from command line to 'False'
[0.484s] Level 5:colcon.colcon_core.verb:set package 'mobilebot_interfaces' build argument 'ament_cmake_args' from command line to 'None'
[0.484s] Level 5:colcon.colcon_core.verb:set package 'mobilebot_interfaces' build argument 'catkin_cmake_args' from command line to 'None'
[0.484s] Level 5:colcon.colcon_core.verb:set package 'mobilebot_interfaces' build argument 'catkin_skip_building_tests' from command line to 'False'
[0.484s] DEBUG:colcon.colcon_core.verb:Building package 'mobilebot_interfaces' with the following arguments: {'ament_cmake_args': None, 'build_base': '/home/saeedbazargan/Desktop/My-ROS2_Projects/My-ROS2-Humble/Tutorial_MobileRobot/mobilebot_ws/build/mobilebot_interfaces', 'catkin_cmake_args': None, 'catkin_skip_building_tests': False, 'cmake_args': None, 'cmake_clean_cache': False, 'cmake_clean_first': False, 'cmake_force_configure': False, 'cmake_target': None, 'cmake_target_skip_unavailable': False, 'install_base': '/home/saeedbazargan/Desktop/My-ROS2_Projects/My-ROS2-Humble/Tutorial_MobileRobot/mobilebot_ws/install/mobilebot_interfaces', 'merge_install': False, 'path': '/home/saeedbazargan/Desktop/My-ROS2_Projects/My-ROS2-Humble/Tutorial_MobileRobot/mobilebot_ws/src/mobilebot_interfaces', 'symlink_install': False, 'test_result_base': None}
[0.485s] Level 5:colcon.colcon_core.verb:set package 'actions_cpp' build argument 'cmake_args' from command line to 'None'
[0.485s] Level 5:colcon.colcon_core.verb:set package 'actions_cpp' build argument 'cmake_target' from command line to 'None'
[0.485s] Level 5:colcon.colcon_core.verb:set package 'actions_cpp' build argument 'cmake_target_skip_unavailable' from command line to 'False'
[0.485s] Level 5:colcon.colcon_core.verb:set package 'actions_cpp' build argument 'cmake_clean_cache' from command line to 'False'
[0.485s] Level 5:colcon.colcon_core.verb:set package 'actions_cpp' build argument 'cmake_clean_first' from command line to 'False'
[0.485s] Level 5:colcon.colcon_core.verb:set package 'actions_cpp' build argument 'cmake_force_configure' from command line to 'False'
[0.485s] Level 5:colcon.colcon_core.verb:set package 'actions_cpp' build argument 'ament_cmake_args' from command line to 'None'
[0.485s] Level 5:colcon.colcon_core.verb:set package 'actions_cpp' build argument 'catkin_cmake_args' from command line to 'None'
[0.485s] Level 5:colcon.colcon_core.verb:set package 'actions_cpp' build argument 'catkin_skip_building_tests' from command line to 'False'
[0.485s] DEBUG:colcon.colcon_core.verb:Building package 'actions_cpp' with the following arguments: {'ament_cmake_args': None, 'build_base': '/home/saeedbazargan/Desktop/My-ROS2_Projects/My-ROS2-Humble/Tutorial_MobileRobot/mobilebot_ws/build/actions_cpp', 'catkin_cmake_args': None, 'catkin_skip_building_tests': False, 'cmake_args': None, 'cmake_clean_cache': False, 'cmake_clean_first': False, 'cmake_force_configure': False, 'cmake_target': None, 'cmake_target_skip_unavailable': False, 'install_base': '/home/saeedbazargan/Desktop/My-ROS2_Projects/My-ROS2-Humble/Tutorial_MobileRobot/mobilebot_ws/install/actions_cpp', 'merge_install': False, 'path': '/home/saeedbazargan/Desktop/My-ROS2_Projects/My-ROS2-Humble/Tutorial_MobileRobot/mobilebot_ws/src/actions_cpp', 'symlink_install': False, 'test_result_base': None}
[0.485s] Level 5:colcon.colcon_core.verb:set package 'mobilebot_bringup' build argument 'cmake_args' from command line to 'None'
[0.485s] Level 5:colcon.colcon_core.verb:set package 'mobilebot_bringup' build argument 'cmake_target' from command line to 'None'
[0.485s] Level 5:colcon.colcon_core.verb:set package 'mobilebot_bringup' build argument 'cmake_target_skip_unavailable' from command line to 'False'
[0.485s] Level 5:colcon.colcon_core.verb:set package 'mobilebot_bringup' build argument 'cmake_clean_cache' from command line to 'False'
[0.485s] Level 5:colcon.colcon_core.verb:set package 'mobilebot_bringup' build argument 'cmake_clean_first' from command line to 'False'
[0.485s] Level 5:colcon.colcon_core.verb:set package 'mobilebot_bringup' build argument 'cmake_force_configure' from command line to 'False'
[0.485s] Level 5:colcon.colcon_core.verb:set package 'mobilebot_bringup' build argument 'ament_cmake_args' from command line to 'None'
[0.485s] Level 5:colcon.colcon_core.verb:set package 'mobilebot_bringup' build argument 'catkin_cmake_args' from command line to 'None'
[0.485s] Level 5:colcon.colcon_core.verb:set package 'mobilebot_bringup' build argument 'catkin_skip_building_tests' from command line to 'False'
[0.485s] DEBUG:colcon.colcon_core.verb:Building package 'mobilebot_bringup' with the following arguments: {'ament_cmake_args': None, 'build_base': '/home/saeedbazargan/Desktop/My-ROS2_Projects/My-ROS2-Humble/Tutorial_MobileRobot/mobilebot_ws/build/mobilebot_bringup', 'catkin_cmake_args': None, 'catkin_skip_building_tests': False, 'cmake_args': None, 'cmake_clean_cache': False, 'cmake_clean_first': False, 'cmake_force_configure': False, 'cmake_target': None, 'cmake_target_skip_unavailable': False, 'install_base': '/home/saeedbazargan/Desktop/My-ROS2_Projects/My-ROS2-Humble/Tutorial_MobileRobot/mobilebot_ws/install/mobilebot_bringup', 'merge_install': False, 'path': '/home/saeedbazargan/Desktop/My-ROS2_Projects/My-ROS2-Humble/Tutorial_MobileRobot/mobilebot_ws/src/mobilebot_bringup', 'symlink_install': False, 'test_result_base': None}
[0.486s] INFO:colcon.colcon_core.executor:Executing jobs using 'parallel' executor
[0.487s] DEBUG:colcon.colcon_parallel_executor.executor.parallel:run_until_complete
[0.487s] INFO:colcon.colcon_ros.task.ament_cmake.build:Building ROS package in '/home/saeedbazargan/Desktop/My-ROS2_Projects/My-ROS2-Humble/Tutorial_MobileRobot/mobilebot_ws/src/mobilebot_description' with build type 'ament_cmake'
[0.487s] INFO:colcon.colcon_cmake.task.cmake.build:Building CMake package in '/home/saeedbazargan/Desktop/My-ROS2_Projects/My-ROS2-Humble/Tutorial_MobileRobot/mobilebot_ws/src/mobilebot_description'
[0.490s] INFO:colcon.colcon_core.plugin_system:Skipping extension 'colcon_core.shell.bat': Not used on non-Windows systems
[0.490s] INFO:colcon.colcon_core.shell:Skip shell extension 'powershell' for command environment: Not usable outside of PowerShell
[0.490s] DEBUG:colcon.colcon_core.shell:Skip shell extension 'dsv' for command environment
[0.494s] INFO:colcon.colcon_ros.task.ament_cmake.build:Building ROS package in '/home/saeedbazargan/Desktop/My-ROS2_Projects/My-ROS2-Humble/Tutorial_MobileRobot/mobilebot_ws/src/mobilebot_interfaces' with build type 'ament_cmake'
[0.494s] INFO:colcon.colcon_cmake.task.cmake.build:Building CMake package in '/home/saeedbazargan/Desktop/My-ROS2_Projects/My-ROS2-Humble/Tutorial_MobileRobot/mobilebot_ws/src/mobilebot_interfaces'
[0.495s] INFO:colcon.colcon_core.shell:Skip shell extension 'powershell' for command environment: Not usable outside of PowerShell
[0.495s] DEBUG:colcon.colcon_core.shell:Skip shell extension 'dsv' for command environment
[0.509s] DEBUG:colcon.colcon_core.event_handler.log_command:Invoking command in '/home/saeedbazargan/Desktop/My-ROS2_Projects/My-ROS2-Humble/Tutorial_MobileRobot/mobilebot_ws/build/mobilebot_description': CMAKE_PREFIX_PATH=${CMAKE_PREFIX_PATH}:/opt/ros/humble /usr/bin/cmake --build /home/saeedbazargan/Desktop/My-ROS2_Projects/My-ROS2-Humble/Tutorial_MobileRobot/mobilebot_ws/build/mobilebot_description -- -j4 -l4
[0.516s] DEBUG:colcon.colcon_core.event_handler.log_command:Invoking command in '/home/saeedbazargan/Desktop/My-ROS2_Projects/My-ROS2-Humble/Tutorial_MobileRobot/mobilebot_ws/build/mobilebot_interfaces': CMAKE_PREFIX_PATH=${CMAKE_PREFIX_PATH}:/opt/ros/humble /usr/bin/cmake --build /home/saeedbazargan/Desktop/My-ROS2_Projects/My-ROS2-Humble/Tutorial_MobileRobot/mobilebot_ws/build/mobilebot_interfaces -- -j4 -l4
[0.579s] DEBUG:colcon.colcon_core.event_handler.log_command:Invoked command in '/home/saeedbazargan/Desktop/My-ROS2_Projects/My-ROS2-Humble/Tutorial_MobileRobot/mobilebot_ws/build/mobilebot_description' returned '0': CMAKE_PREFIX_PATH=${CMAKE_PREFIX_PATH}:/opt/ros/humble /usr/bin/cmake --build /home/saeedbazargan/Desktop/My-ROS2_Projects/My-ROS2-Humble/Tutorial_MobileRobot/mobilebot_ws/build/mobilebot_description -- -j4 -l4
[0.594s] DEBUG:colcon.colcon_core.event_handler.log_command:Invoking command in '/home/saeedbazargan/Desktop/My-ROS2_Projects/My-ROS2-Humble/Tutorial_MobileRobot/mobilebot_ws/build/mobilebot_description': CMAKE_PREFIX_PATH=${CMAKE_PREFIX_PATH}:/opt/ros/humble /usr/bin/cmake --install /home/saeedbazargan/Desktop/My-ROS2_Projects/My-ROS2-Humble/Tutorial_MobileRobot/mobilebot_ws/build/mobilebot_description
[0.621s] Level 1:colcon.colcon_core.environment:create_environment_scripts_only(mobilebot_description)
[0.624s] DEBUG:colcon.colcon_core.event_handler.log_command:Invoked command in '/home/saeedbazargan/Desktop/My-ROS2_Projects/My-ROS2-Humble/Tutorial_MobileRobot/mobilebot_ws/build/mobilebot_description' returned '0': CMAKE_PREFIX_PATH=${CMAKE_PREFIX_PATH}:/opt/ros/humble /usr/bin/cmake --install /home/saeedbazargan/Desktop/My-ROS2_Projects/My-ROS2-Humble/Tutorial_MobileRobot/mobilebot_ws/build/mobilebot_description
[0.627s] Level 1:colcon.colcon_core.environment:checking '/home/saeedbazargan/Desktop/My-ROS2_Projects/My-ROS2-Humble/Tutorial_MobileRobot/mobilebot_ws/install/mobilebot_description' for CMake module files
[0.628s] Level 1:colcon.colcon_core.environment:checking '/home/saeedbazargan/Desktop/My-ROS2_Projects/My-ROS2-Humble/Tutorial_MobileRobot/mobilebot_ws/install/mobilebot_description' for CMake config files
[0.629s] Level 1:colcon.colcon_core.shell:create_environment_hook('mobilebot_description', 'cmake_prefix_path')
[0.630s] INFO:colcon.colcon_core.shell:Creating environment hook '/home/saeedbazargan/Desktop/My-ROS2_Projects/My-ROS2-Humble/Tutorial_MobileRobot/mobilebot_ws/install/mobilebot_description/share/mobilebot_description/hook/cmake_prefix_path.ps1'
[0.631s] INFO:colcon.colcon_core.shell:Creating environment descriptor '/home/saeedbazargan/Desktop/My-ROS2_Projects/My-ROS2-Humble/Tutorial_MobileRobot/mobilebot_ws/install/mobilebot_description/share/mobilebot_description/hook/cmake_prefix_path.dsv'
[0.632s] INFO:colcon.colcon_core.shell:Creating environment hook '/home/saeedbazargan/Desktop/My-ROS2_Projects/My-ROS2-Humble/Tutorial_MobileRobot/mobilebot_ws/install/mobilebot_description/share/mobilebot_description/hook/cmake_prefix_path.sh'
[0.635s] Level 1:colcon.colcon_core.environment:checking '/home/saeedbazargan/Desktop/My-ROS2_Projects/My-ROS2-Humble/Tutorial_MobileRobot/mobilebot_ws/install/mobilebot_description/bin'
[0.635s] Level 1:colcon.colcon_core.environment:checking '/home/saeedbazargan/Desktop/My-ROS2_Projects/My-ROS2-Humble/Tutorial_MobileRobot/mobilebot_ws/install/mobilebot_description/lib/pkgconfig/mobilebot_description.pc'
[0.636s] Level 1:colcon.colcon_core.environment:checking '/home/saeedbazargan/Desktop/My-ROS2_Projects/My-ROS2-Humble/Tutorial_MobileRobot/mobilebot_ws/install/mobilebot_description/lib/python3.10/site-packages'
[0.637s] Level 1:colcon.colcon_core.environment:checking '/home/saeedbazargan/Desktop/My-ROS2_Projects/My-ROS2-Humble/Tutorial_MobileRobot/mobilebot_ws/install/mobilebot_description/bin'
[0.637s] INFO:colcon.colcon_core.shell:Creating package script '/home/saeedbazargan/Desktop/My-ROS2_Projects/My-ROS2-Humble/Tutorial_MobileRobot/mobilebot_ws/install/mobilebot_description/share/mobilebot_description/package.ps1'
[0.639s] INFO:colcon.colcon_core.shell:Creating package descriptor '/home/saeedbazargan/Desktop/My-ROS2_Projects/My-ROS2-Humble/Tutorial_MobileRobot/mobilebot_ws/install/mobilebot_description/share/mobilebot_description/package.dsv'
[0.640s] INFO:colcon.colcon_core.shell:Creating package script '/home/saeedbazargan/Desktop/My-ROS2_Projects/My-ROS2-Humble/Tutorial_MobileRobot/mobilebot_ws/install/mobilebot_description/share/mobilebot_description/package.sh'
[0.642s] INFO:colcon.colcon_core.shell:Creating package script '/home/saeedbazargan/Desktop/My-ROS2_Projects/My-ROS2-Humble/Tutorial_MobileRobot/mobilebot_ws/install/mobilebot_description/share/mobilebot_description/package.bash'
[0.648s] INFO:colcon.colcon_core.shell:Creating package script '/home/saeedbazargan/Desktop/My-ROS2_Projects/My-ROS2-Humble/Tutorial_MobileRobot/mobilebot_ws/install/mobilebot_description/share/mobilebot_description/package.zsh'
[0.650s] Level 1:colcon.colcon_core.environment:create_file_with_runtime_dependencies(/home/saeedbazargan/Desktop/My-ROS2_Projects/My-ROS2-Humble/Tutorial_MobileRobot/mobilebot_ws/install/mobilebot_description/share/colcon-core/packages/mobilebot_description)
[0.652s] Level 1:colcon.colcon_core.environment:create_environment_scripts_only(mobilebot_description)
[0.652s] Level 1:colcon.colcon_core.environment:checking '/home/saeedbazargan/Desktop/My-ROS2_Projects/My-ROS2-Humble/Tutorial_MobileRobot/mobilebot_ws/install/mobilebot_description' for CMake module files
[0.653s] Level 1:colcon.colcon_core.environment:checking '/home/saeedbazargan/Desktop/My-ROS2_Projects/My-ROS2-Humble/Tutorial_MobileRobot/mobilebot_ws/install/mobilebot_description' for CMake config files
[0.654s] Level 1:colcon.colcon_core.shell:create_environment_hook('mobilebot_description', 'cmake_prefix_path')
[0.655s] INFO:colcon.colcon_core.shell:Creating environment hook '/home/saeedbazargan/Desktop/My-ROS2_Projects/My-ROS2-Humble/Tutorial_MobileRobot/mobilebot_ws/install/mobilebot_description/share/mobilebot_description/hook/cmake_prefix_path.ps1'
[0.655s] INFO:colcon.colcon_core.shell:Creating environment descriptor '/home/saeedbazargan/Desktop/My-ROS2_Projects/My-ROS2-Humble/Tutorial_MobileRobot/mobilebot_ws/install/mobilebot_description/share/mobilebot_description/hook/cmake_prefix_path.dsv'
[0.656s] INFO:colcon.colcon_core.shell:Creating environment hook '/home/saeedbazargan/Desktop/My-ROS2_Projects/My-ROS2-Humble/Tutorial_MobileRobot/mobilebot_ws/install/mobilebot_description/share/mobilebot_description/hook/cmake_prefix_path.sh'
[0.657s] Level 1:colcon.colcon_core.environment:checking '/home/saeedbazargan/Desktop/My-ROS2_Projects/My-ROS2-Humble/Tutorial_MobileRobot/mobilebot_ws/install/mobilebot_description/bin'
[0.657s] Level 1:colcon.colcon_core.environment:checking '/home/saeedbazargan/Desktop/My-ROS2_Projects/My-ROS2-Humble/Tutorial_MobileRobot/mobilebot_ws/install/mobilebot_description/lib/pkgconfig/mobilebot_description.pc'
[0.658s] Level 1:colcon.colcon_core.environment:checking '/home/saeedbazargan/Desktop/My-ROS2_Projects/My-ROS2-Humble/Tutorial_MobileRobot/mobilebot_ws/install/mobilebot_description/lib/python3.10/site-packages'
[0.659s] Level 1:colcon.colcon_core.environment:checking '/home/saeedbazargan/Desktop/My-ROS2_Projects/My-ROS2-Humble/Tutorial_MobileRobot/mobilebot_ws/install/mobilebot_description/bin'
[0.659s] INFO:colcon.colcon_core.shell:Creating package script '/home/saeedbazargan/Desktop/My-ROS2_Projects/My-ROS2-Humble/Tutorial_MobileRobot/mobilebot_ws/install/mobilebot_description/share/mobilebot_description/package.ps1'
[0.660s] INFO:colcon.colcon_core.shell:Creating package descriptor '/home/saeedbazargan/Desktop/My-ROS2_Projects/My-ROS2-Humble/Tutorial_MobileRobot/mobilebot_ws/install/mobilebot_description/share/mobilebot_description/package.dsv'
[0.664s] INFO:colcon.colcon_core.shell:Creating package script '/home/saeedbazargan/Desktop/My-ROS2_Projects/My-ROS2-Humble/Tutorial_MobileRobot/mobilebot_ws/install/mobilebot_description/share/mobilebot_description/package.sh'
[0.666s] INFO:colcon.colcon_core.shell:Creating package script '/home/saeedbazargan/Desktop/My-ROS2_Projects/My-ROS2-Humble/Tutorial_MobileRobot/mobilebot_ws/install/mobilebot_description/share/mobilebot_description/package.bash'
[0.667s] INFO:colcon.colcon_core.shell:Creating package script '/home/saeedbazargan/Desktop/My-ROS2_Projects/My-ROS2-Humble/Tutorial_MobileRobot/mobilebot_ws/install/mobilebot_description/share/mobilebot_description/package.zsh'
[0.669s] Level 1:colcon.colcon_core.environment:create_file_with_runtime_dependencies(/home/saeedbazargan/Desktop/My-ROS2_Projects/My-ROS2-Humble/Tutorial_MobileRobot/mobilebot_ws/install/mobilebot_description/share/colcon-core/packages/mobilebot_description)
[0.670s] INFO:colcon.colcon_ros.task.ament_cmake.build:Building ROS package in '/home/saeedbazargan/Desktop/My-ROS2_Projects/My-ROS2-Humble/Tutorial_MobileRobot/mobilebot_ws/src/mobilebot_bringup' with build type 'ament_cmake'
[0.670s] INFO:colcon.colcon_cmake.task.cmake.build:Building CMake package in '/home/saeedbazargan/Desktop/My-ROS2_Projects/My-ROS2-Humble/Tutorial_MobileRobot/mobilebot_ws/src/mobilebot_bringup'
[0.671s] INFO:colcon.colcon_core.shell:Skip shell extension 'powershell' for command environment: Not usable outside of PowerShell
[0.671s] DEBUG:colcon.colcon_core.shell:Skip shell extension 'dsv' for command environment
[0.695s] DEBUG:colcon.colcon_core.event_handler.log_command:Invoking command in '/home/saeedbazargan/Desktop/My-ROS2_Projects/My-ROS2-Humble/Tutorial_MobileRobot/mobilebot_ws/build/mobilebot_bringup': CMAKE_PREFIX_PATH=/home/saeedbazargan/Desktop/My-ROS2_Projects/My-ROS2-Humble/Tutorial_MobileRobot/mobilebot_ws/install/mobilebot_description:/home/saeedbazargan/Desktop/My-ROS2_Projects/My-ROS2-Humble/Tutorial_MobileRobot/mobilebot_ws/install/actions_cpp:/home/saeedbazargan/Desktop/My-ROS2_Projects/My-ROS2-Humble/Tutorial_MobileRobot/mobilebot_ws/install/mobilebot_interfaces:/home/saeedbazargan/Desktop/My-ROS2_Projects/My-ROS2-Humble/Tutorial_MobileRobot/mobilebot_ws/install/mobilebot_bringup:/opt/ros/humble /usr/bin/cmake --build /home/saeedbazargan/Desktop/My-ROS2_Projects/My-ROS2-Humble/Tutorial_MobileRobot/mobilebot_ws/build/mobilebot_bringup -- -j4 -l4
[0.779s] DEBUG:colcon.colcon_core.event_handler.log_command:Invoked command in '/home/saeedbazargan/Desktop/My-ROS2_Projects/My-ROS2-Humble/Tutorial_MobileRobot/mobilebot_ws/build/mobilebot_bringup' returned '0': CMAKE_PREFIX_PATH=/home/saeedbazargan/Desktop/My-ROS2_Projects/My-ROS2-Humble/Tutorial_MobileRobot/mobilebot_ws/install/mobilebot_description:/home/saeedbazargan/Desktop/My-ROS2_Projects/My-ROS2-Humble/Tutorial_MobileRobot/mobilebot_ws/install/actions_cpp:/home/saeedbazargan/Desktop/My-ROS2_Projects/My-ROS2-Humble/Tutorial_MobileRobot/mobilebot_ws/install/mobilebot_interfaces:/home/saeedbazargan/Desktop/My-ROS2_Projects/My-ROS2-Humble/Tutorial_MobileRobot/mobilebot_ws/install/mobilebot_bringup:/opt/ros/humble /usr/bin/cmake --build /home/saeedbazargan/Desktop/My-ROS2_Projects/My-ROS2-Humble/Tutorial_MobileRobot/mobilebot_ws/build/mobilebot_bringup -- -j4 -l4
[0.783s] DEBUG:colcon.colcon_core.event_handler.log_command:Invoking command in '/home/saeedbazargan/Desktop/My-ROS2_Projects/My-ROS2-Humble/Tutorial_MobileRobot/mobilebot_ws/build/mobilebot_bringup': CMAKE_PREFIX_PATH=/home/saeedbazargan/Desktop/My-ROS2_Projects/My-ROS2-Humble/Tutorial_MobileRobot/mobilebot_ws/install/mobilebot_description:/home/saeedbazargan/Desktop/My-ROS2_Projects/My-ROS2-Humble/Tutorial_MobileRobot/mobilebot_ws/install/actions_cpp:/home/saeedbazargan/Desktop/My-ROS2_Projects/My-ROS2-Humble/Tutorial_MobileRobot/mobilebot_ws/install/mobilebot_interfaces:/home/saeedbazargan/Desktop/My-ROS2_Projects/My-ROS2-Humble/Tutorial_MobileRobot/mobilebot_ws/install/mobilebot_bringup:/opt/ros/humble /usr/bin/cmake --install /home/saeedbazargan/Desktop/My-ROS2_Projects/My-ROS2-Humble/Tutorial_MobileRobot/mobilebot_ws/build/mobilebot_bringup
[0.803s] Level 1:colcon.colcon_core.environment:create_environment_scripts_only(mobilebot_bringup)
[0.804s] Level 1:colcon.colcon_core.environment:checking '/home/saeedbazargan/Desktop/My-ROS2_Projects/My-ROS2-Humble/Tutorial_MobileRobot/mobilebot_ws/install/mobilebot_bringup' for CMake module files
[0.805s] DEBUG:colcon.colcon_core.event_handler.log_command:Invoked command in '/home/saeedbazargan/Desktop/My-ROS2_Projects/My-ROS2-Humble/Tutorial_MobileRobot/mobilebot_ws/build/mobilebot_bringup' returned '0': CMAKE_PREFIX_PATH=/home/saeedbazargan/Desktop/My-ROS2_Projects/My-ROS2-Humble/Tutorial_MobileRobot/mobilebot_ws/install/mobilebot_description:/home/saeedbazargan/Desktop/My-ROS2_Projects/My-ROS2-Humble/Tutorial_MobileRobot/mobilebot_ws/install/actions_cpp:/home/saeedbazargan/Desktop/My-ROS2_Projects/My-ROS2-Humble/Tutorial_MobileRobot/mobilebot_ws/install/mobilebot_interfaces:/home/saeedbazargan/Desktop/My-ROS2_Projects/My-ROS2-Humble/Tutorial_MobileRobot/mobilebot_ws/install/mobilebot_bringup:/opt/ros/humble /usr/bin/cmake --install /home/saeedbazargan/Desktop/My-ROS2_Projects/My-ROS2-Humble/Tutorial_MobileRobot/mobilebot_ws/build/mobilebot_bringup
[0.806s] Level 1:colcon.colcon_core.environment:checking '/home/saeedbazargan/Desktop/My-ROS2_Projects/My-ROS2-Humble/Tutorial_MobileRobot/mobilebot_ws/install/mobilebot_bringup' for CMake config files
[0.807s] Level 1:colcon.colcon_core.shell:create_environment_hook('mobilebot_bringup', 'cmake_prefix_path')
[0.807s] INFO:colcon.colcon_core.shell:Creating environment hook '/home/saeedbazargan/Desktop/My-ROS2_Projects/My-ROS2-Humble/Tutorial_MobileRobot/mobilebot_ws/install/mobilebot_bringup/share/mobilebot_bringup/hook/cmake_prefix_path.ps1'
[0.808s] INFO:colcon.colcon_core.shell:Creating environment descriptor '/home/saeedbazargan/Desktop/My-ROS2_Projects/My-ROS2-Humble/Tutorial_MobileRobot/mobilebot_ws/install/mobilebot_bringup/share/mobilebot_bringup/hook/cmake_prefix_path.dsv'
[0.808s] INFO:colcon.colcon_core.shell:Creating environment hook '/home/saeedbazargan/Desktop/My-ROS2_Projects/My-ROS2-Humble/Tutorial_MobileRobot/mobilebot_ws/install/mobilebot_bringup/share/mobilebot_bringup/hook/cmake_prefix_path.sh'
[0.809s] Level 1:colcon.colcon_core.environment:checking '/home/saeedbazargan/Desktop/My-ROS2_Projects/My-ROS2-Humble/Tutorial_MobileRobot/mobilebot_ws/install/mobilebot_bringup/bin'
[0.810s] Level 1:colcon.colcon_core.environment:checking '/home/saeedbazargan/Desktop/My-ROS2_Projects/My-ROS2-Humble/Tutorial_MobileRobot/mobilebot_ws/install/mobilebot_bringup/lib/pkgconfig/mobilebot_bringup.pc'
[0.810s] Level 1:colcon.colcon_core.environment:checking '/home/saeedbazargan/Desktop/My-ROS2_Projects/My-ROS2-Humble/Tutorial_MobileRobot/mobilebot_ws/install/mobilebot_bringup/lib/python3.10/site-packages'
[0.811s] Level 1:colcon.colcon_core.environment:checking '/home/saeedbazargan/Desktop/My-ROS2_Projects/My-ROS2-Humble/Tutorial_MobileRobot/mobilebot_ws/install/mobilebot_bringup/bin'
[0.812s] INFO:colcon.colcon_core.shell:Creating package script '/home/saeedbazargan/Desktop/My-ROS2_Projects/My-ROS2-Humble/Tutorial_MobileRobot/mobilebot_ws/install/mobilebot_bringup/share/mobilebot_bringup/package.ps1'
[0.815s] INFO:colcon.colcon_core.shell:Creating package descriptor '/home/saeedbazargan/Desktop/My-ROS2_Projects/My-ROS2-Humble/Tutorial_MobileRobot/mobilebot_ws/install/mobilebot_bringup/share/mobilebot_bringup/package.dsv'
[0.816s] INFO:colcon.colcon_core.shell:Creating package script '/home/saeedbazargan/Desktop/My-ROS2_Projects/My-ROS2-Humble/Tutorial_MobileRobot/mobilebot_ws/install/mobilebot_bringup/share/mobilebot_bringup/package.sh'
[0.817s] INFO:colcon.colcon_core.shell:Creating package script '/home/saeedbazargan/Desktop/My-ROS2_Projects/My-ROS2-Humble/Tutorial_MobileRobot/mobilebot_ws/install/mobilebot_bringup/share/mobilebot_bringup/package.bash'
[0.818s] INFO:colcon.colcon_core.shell:Creating package script '/home/saeedbazargan/Desktop/My-ROS2_Projects/My-ROS2-Humble/Tutorial_MobileRobot/mobilebot_ws/install/mobilebot_bringup/share/mobilebot_bringup/package.zsh'
[0.818s] Level 1:colcon.colcon_core.environment:create_file_with_runtime_dependencies(/home/saeedbazargan/Desktop/My-ROS2_Projects/My-ROS2-Humble/Tutorial_MobileRobot/mobilebot_ws/install/mobilebot_bringup/share/colcon-core/packages/mobilebot_bringup)
[0.819s] Level 1:colcon.colcon_core.environment:create_environment_scripts_only(mobilebot_bringup)
[0.820s] Level 1:colcon.colcon_core.environment:checking '/home/saeedbazargan/Desktop/My-ROS2_Projects/My-ROS2-Humble/Tutorial_MobileRobot/mobilebot_ws/install/mobilebot_bringup' for CMake module files
[0.822s] Level 1:colcon.colcon_core.environment:checking '/home/saeedbazargan/Desktop/My-ROS2_Projects/My-ROS2-Humble/Tutorial_MobileRobot/mobilebot_ws/install/mobilebot_bringup' for CMake config files
[0.823s] Level 1:colcon.colcon_core.shell:create_environment_hook('mobilebot_bringup', 'cmake_prefix_path')
[0.823s] INFO:colcon.colcon_core.shell:Creating environment hook '/home/saeedbazargan/Desktop/My-ROS2_Projects/My-ROS2-Humble/Tutorial_MobileRobot/mobilebot_ws/install/mobilebot_bringup/share/mobilebot_bringup/hook/cmake_prefix_path.ps1'
[0.824s] INFO:colcon.colcon_core.shell:Creating environment descriptor '/home/saeedbazargan/Desktop/My-ROS2_Projects/My-ROS2-Humble/Tutorial_MobileRobot/mobilebot_ws/install/mobilebot_bringup/share/mobilebot_bringup/hook/cmake_prefix_path.dsv'
[0.825s] INFO:colcon.colcon_core.shell:Creating environment hook '/home/saeedbazargan/Desktop/My-ROS2_Projects/My-ROS2-Humble/Tutorial_MobileRobot/mobilebot_ws/install/mobilebot_bringup/share/mobilebot_bringup/hook/cmake_prefix_path.sh'
[0.826s] Level 1:colcon.colcon_core.environment:checking '/home/saeedbazargan/Desktop/My-ROS2_Projects/My-ROS2-Humble/Tutorial_MobileRobot/mobilebot_ws/install/mobilebot_bringup/bin'
[0.826s] Level 1:colcon.colcon_core.environment:checking '/home/saeedbazargan/Desktop/My-ROS2_Projects/My-ROS2-Humble/Tutorial_MobileRobot/mobilebot_ws/install/mobilebot_bringup/lib/pkgconfig/mobilebot_bringup.pc'
[0.827s] Level 1:colcon.colcon_core.environment:checking '/home/saeedbazargan/Desktop/My-ROS2_Projects/My-ROS2-Humble/Tutorial_MobileRobot/mobilebot_ws/install/mobilebot_bringup/lib/python3.10/site-packages'
[0.827s] Level 1:colcon.colcon_core.environment:checking '/home/saeedbazargan/Desktop/My-ROS2_Projects/My-ROS2-Humble/Tutorial_MobileRobot/mobilebot_ws/install/mobilebot_bringup/bin'
[0.829s] INFO:colcon.colcon_core.shell:Creating package script '/home/saeedbazargan/Desktop/My-ROS2_Projects/My-ROS2-Humble/Tutorial_MobileRobot/mobilebot_ws/install/mobilebot_bringup/share/mobilebot_bringup/package.ps1'
[0.831s] INFO:colcon.colcon_core.shell:Creating package descriptor '/home/saeedbazargan/Desktop/My-ROS2_Projects/My-ROS2-Humble/Tutorial_MobileRobot/mobilebot_ws/install/mobilebot_bringup/share/mobilebot_bringup/package.dsv'
[0.833s] INFO:colcon.colcon_core.shell:Creating package script '/home/saeedbazargan/Desktop/My-ROS2_Projects/My-ROS2-Humble/Tutorial_MobileRobot/mobilebot_ws/install/mobilebot_bringup/share/mobilebot_bringup/package.sh'
[0.834s] INFO:colcon.colcon_core.shell:Creating package script '/home/saeedbazargan/Desktop/My-ROS2_Projects/My-ROS2-Humble/Tutorial_MobileRobot/mobilebot_ws/install/mobilebot_bringup/share/mobilebot_bringup/package.bash'
[0.835s] INFO:colcon.colcon_core.shell:Creating package script '/home/saeedbazargan/Desktop/My-ROS2_Projects/My-ROS2-Humble/Tutorial_MobileRobot/mobilebot_ws/install/mobilebot_bringup/share/mobilebot_bringup/package.zsh'
[0.836s] Level 1:colcon.colcon_core.environment:create_file_with_runtime_dependencies(/home/saeedbazargan/Desktop/My-ROS2_Projects/My-ROS2-Humble/Tutorial_MobileRobot/mobilebot_ws/install/mobilebot_bringup/share/colcon-core/packages/mobilebot_bringup)
[1.200s] DEBUG:colcon.colcon_core.event_handler.log_command:Invoked command in '/home/saeedbazargan/Desktop/My-ROS2_Projects/My-ROS2-Humble/Tutorial_MobileRobot/mobilebot_ws/build/mobilebot_interfaces' returned '0': CMAKE_PREFIX_PATH=${CMAKE_PREFIX_PATH}:/opt/ros/humble /usr/bin/cmake --build /home/saeedbazargan/Desktop/My-ROS2_Projects/My-ROS2-Humble/Tutorial_MobileRobot/mobilebot_ws/build/mobilebot_interfaces -- -j4 -l4
[1.202s] DEBUG:colcon.colcon_core.event_handler.log_command:Invoking command in '/home/saeedbazargan/Desktop/My-ROS2_Projects/My-ROS2-Humble/Tutorial_MobileRobot/mobilebot_ws/build/mobilebot_interfaces': CMAKE_PREFIX_PATH=${CMAKE_PREFIX_PATH}:/opt/ros/humble /usr/bin/cmake --install /home/saeedbazargan/Desktop/My-ROS2_Projects/My-ROS2-Humble/Tutorial_MobileRobot/mobilebot_ws/build/mobilebot_interfaces
[1.278s] Level 1:colcon.colcon_core.environment:create_environment_scripts_only(mobilebot_interfaces)
[1.279s] Level 1:colcon.colcon_core.environment:checking '/home/saeedbazargan/Desktop/My-ROS2_Projects/My-ROS2-Humble/Tutorial_MobileRobot/mobilebot_ws/install/mobilebot_interfaces' for CMake module files
[1.280s] DEBUG:colcon.colcon_core.event_handler.log_command:Invoked command in '/home/saeedbazargan/Desktop/My-ROS2_Projects/My-ROS2-Humble/Tutorial_MobileRobot/mobilebot_ws/build/mobilebot_interfaces' returned '0': CMAKE_PREFIX_PATH=${CMAKE_PREFIX_PATH}:/opt/ros/humble /usr/bin/cmake --install /home/saeedbazargan/Desktop/My-ROS2_Projects/My-ROS2-Humble/Tutorial_MobileRobot/mobilebot_ws/build/mobilebot_interfaces
[1.281s] Level 1:colcon.colcon_core.environment:checking '/home/saeedbazargan/Desktop/My-ROS2_Projects/My-ROS2-Humble/Tutorial_MobileRobot/mobilebot_ws/install/mobilebot_interfaces' for CMake config files
[1.281s] Level 1:colcon.colcon_core.shell:create_environment_hook('mobilebot_interfaces', 'cmake_prefix_path')
[1.282s] INFO:colcon.colcon_core.shell:Creating environment hook '/home/saeedbazargan/Desktop/My-ROS2_Projects/My-ROS2-Humble/Tutorial_MobileRobot/mobilebot_ws/install/mobilebot_interfaces/share/mobilebot_interfaces/hook/cmake_prefix_path.ps1'
[1.282s] INFO:colcon.colcon_core.shell:Creating environment descriptor '/home/saeedbazargan/Desktop/My-ROS2_Projects/My-ROS2-Humble/Tutorial_MobileRobot/mobilebot_ws/install/mobilebot_interfaces/share/mobilebot_interfaces/hook/cmake_prefix_path.dsv'
[1.283s] INFO:colcon.colcon_core.shell:Creating environment hook '/home/saeedbazargan/Desktop/My-ROS2_Projects/My-ROS2-Humble/Tutorial_MobileRobot/mobilebot_ws/install/mobilebot_interfaces/share/mobilebot_interfaces/hook/cmake_prefix_path.sh'
[1.284s] Level 1:colcon.colcon_core.environment:checking '/home/saeedbazargan/Desktop/My-ROS2_Projects/My-ROS2-Humble/Tutorial_MobileRobot/mobilebot_ws/install/mobilebot_interfaces/lib'
[1.284s] Level 1:colcon.colcon_core.shell:create_environment_hook('mobilebot_interfaces', 'ld_library_path_lib')
[1.284s] INFO:colcon.colcon_core.shell:Creating environment hook '/home/saeedbazargan/Desktop/My-ROS2_Projects/My-ROS2-Humble/Tutorial_MobileRobot/mobilebot_ws/install/mobilebot_interfaces/share/mobilebot_interfaces/hook/ld_library_path_lib.ps1'
[1.284s] INFO:colcon.colcon_core.shell:Creating environment descriptor '/home/saeedbazargan/Desktop/My-ROS2_Projects/My-ROS2-Humble/Tutorial_MobileRobot/mobilebot_ws/install/mobilebot_interfaces/share/mobilebot_interfaces/hook/ld_library_path_lib.dsv'
[1.285s] INFO:colcon.colcon_core.shell:Creating environment hook '/home/saeedbazargan/Desktop/My-ROS2_Projects/My-ROS2-Humble/Tutorial_MobileRobot/mobilebot_ws/install/mobilebot_interfaces/share/mobilebot_interfaces/hook/ld_library_path_lib.sh'
[1.285s] Level 1:colcon.colcon_core.environment:checking '/home/saeedbazargan/Desktop/My-ROS2_Projects/My-ROS2-Humble/Tutorial_MobileRobot/mobilebot_ws/install/mobilebot_interfaces/bin'
[1.286s] Level 1:colcon.colcon_core.environment:checking '/home/saeedbazargan/Desktop/My-ROS2_Projects/My-ROS2-Humble/Tutorial_MobileRobot/mobilebot_ws/install/mobilebot_interfaces/lib/pkgconfig/mobilebot_interfaces.pc'
[1.286s] Level 1:colcon.colcon_core.environment:checking '/home/saeedbazargan/Desktop/My-ROS2_Projects/My-ROS2-Humble/Tutorial_MobileRobot/mobilebot_ws/install/mobilebot_interfaces/lib/python3.10/site-packages'
[1.286s] Level 1:colcon.colcon_core.environment:checking '/home/saeedbazargan/Desktop/My-ROS2_Projects/My-ROS2-Humble/Tutorial_MobileRobot/mobilebot_ws/install/mobilebot_interfaces/bin'
[1.287s] INFO:colcon.colcon_core.shell:Creating package script '/home/saeedbazargan/Desktop/My-ROS2_Projects/My-ROS2-Humble/Tutorial_MobileRobot/mobilebot_ws/install/mobilebot_interfaces/share/mobilebot_interfaces/package.ps1'
[1.287s] INFO:colcon.colcon_core.shell:Creating package descriptor '/home/saeedbazargan/Desktop/My-ROS2_Projects/My-ROS2-Humble/Tutorial_MobileRobot/mobilebot_ws/install/mobilebot_interfaces/share/mobilebot_interfaces/package.dsv'
[1.288s] INFO:colcon.colcon_core.shell:Creating package script '/home/saeedbazargan/Desktop/My-ROS2_Projects/My-ROS2-Humble/Tutorial_MobileRobot/mobilebot_ws/install/mobilebot_interfaces/share/mobilebot_interfaces/package.sh'
[1.288s] INFO:colcon.colcon_core.shell:Creating package script '/home/saeedbazargan/Desktop/My-ROS2_Projects/My-ROS2-Humble/Tutorial_MobileRobot/mobilebot_ws/install/mobilebot_interfaces/share/mobilebot_interfaces/package.bash'
[1.289s] INFO:colcon.colcon_core.shell:Creating package script '/home/saeedbazargan/Desktop/My-ROS2_Projects/My-ROS2-Humble/Tutorial_MobileRobot/mobilebot_ws/install/mobilebot_interfaces/share/mobilebot_interfaces/package.zsh'
[1.289s] Level 1:colcon.colcon_core.environment:create_file_with_runtime_dependencies(/home/saeedbazargan/Desktop/My-ROS2_Projects/My-ROS2-Humble/Tutorial_MobileRobot/mobilebot_ws/install/mobilebot_interfaces/share/colcon-core/packages/mobilebot_interfaces)
[1.290s] Level 1:colcon.colcon_core.environment:create_environment_scripts_only(mobilebot_interfaces)
[1.290s] Level 1:colcon.colcon_core.environment:checking '/home/saeedbazargan/Desktop/My-ROS2_Projects/My-ROS2-Humble/Tutorial_MobileRobot/mobilebot_ws/install/mobilebot_interfaces' for CMake module files
[1.291s] Level 1:colcon.colcon_core.environment:checking '/home/saeedbazargan/Desktop/My-ROS2_Projects/My-ROS2-Humble/Tutorial_MobileRobot/mobilebot_ws/install/mobilebot_interfaces' for CMake config files
[1.291s] Level 1:colcon.colcon_core.shell:create_environment_hook('mobilebot_interfaces', 'cmake_prefix_path')
[1.291s] INFO:colcon.colcon_core.shell:Creating environment hook '/home/saeedbazargan/Desktop/My-ROS2_Projects/My-ROS2-Humble/Tutorial_MobileRobot/mobilebot_ws/install/mobilebot_interfaces/share/mobilebot_interfaces/hook/cmake_prefix_path.ps1'
[1.292s] INFO:colcon.colcon_core.shell:Creating environment descriptor '/home/saeedbazargan/Desktop/My-ROS2_Projects/My-ROS2-Humble/Tutorial_MobileRobot/mobilebot_ws/install/mobilebot_interfaces/share/mobilebot_interfaces/hook/cmake_prefix_path.dsv'
[1.292s] INFO:colcon.colcon_core.shell:Creating environment hook '/home/saeedbazargan/Desktop/My-ROS2_Projects/My-ROS2-Humble/Tutorial_MobileRobot/mobilebot_ws/install/mobilebot_interfaces/share/mobilebot_interfaces/hook/cmake_prefix_path.sh'
[1.293s] Level 1:colcon.colcon_core.environment:checking '/home/saeedbazargan/Desktop/My-ROS2_Projects/My-ROS2-Humble/Tutorial_MobileRobot/mobilebot_ws/install/mobilebot_interfaces/lib'
[1.293s] Level 1:colcon.colcon_core.shell:create_environment_hook('mobilebot_interfaces', 'ld_library_path_lib')
[1.293s] INFO:colcon.colcon_core.shell:Creating environment hook '/home/saeedbazargan/Desktop/My-ROS2_Projects/My-ROS2-Humble/Tutorial_MobileRobot/mobilebot_ws/install/mobilebot_interfaces/share/mobilebot_interfaces/hook/ld_library_path_lib.ps1'
[1.293s] INFO:colcon.colcon_core.shell:Creating environment descriptor '/home/saeedbazargan/Desktop/My-ROS2_Projects/My-ROS2-Humble/Tutorial_MobileRobot/mobilebot_ws/install/mobilebot_interfaces/share/mobilebot_interfaces/hook/ld_library_path_lib.dsv'
[1.294s] INFO:colcon.colcon_core.shell:Creating environment hook '/home/saeedbazargan/Desktop/My-ROS2_Projects/My-ROS2-Humble/Tutorial_MobileRobot/mobilebot_ws/install/mobilebot_interfaces/share/mobilebot_interfaces/hook/ld_library_path_lib.sh'
[1.294s] Level 1:colcon.colcon_core.environment:checking '/home/saeedbazargan/Desktop/My-ROS2_Projects/My-ROS2-Humble/Tutorial_MobileRobot/mobilebot_ws/install/mobilebot_interfaces/bin'
[1.294s] Level 1:colcon.colcon_core.environment:checking '/home/saeedbazargan/Desktop/My-ROS2_Projects/My-ROS2-Humble/Tutorial_MobileRobot/mobilebot_ws/install/mobilebot_interfaces/lib/pkgconfig/mobilebot_interfaces.pc'
[1.294s] Level 1:colcon.colcon_core.environment:checking '/home/saeedbazargan/Desktop/My-ROS2_Projects/My-ROS2-Humble/Tutorial_MobileRobot/mobilebot_ws/install/mobilebot_interfaces/lib/python3.10/site-packages'
[1.295s] Level 1:colcon.colcon_core.environment:checking '/home/saeedbazargan/Desktop/My-ROS2_Projects/My-ROS2-Humble/Tutorial_MobileRobot/mobilebot_ws/install/mobilebot_interfaces/bin'
[1.295s] INFO:colcon.colcon_core.shell:Creating package script '/home/saeedbazargan/Desktop/My-ROS2_Projects/My-ROS2-Humble/Tutorial_MobileRobot/mobilebot_ws/install/mobilebot_interfaces/share/mobilebot_interfaces/package.ps1'
[1.296s] INFO:colcon.colcon_core.shell:Creating package descriptor '/home/saeedbazargan/Desktop/My-ROS2_Projects/My-ROS2-Humble/Tutorial_MobileRobot/mobilebot_ws/install/mobilebot_interfaces/share/mobilebot_interfaces/package.dsv'
[1.296s] INFO:colcon.colcon_core.shell:Creating package script '/home/saeedbazargan/Desktop/My-ROS2_Projects/My-ROS2-Humble/Tutorial_MobileRobot/mobilebot_ws/install/mobilebot_interfaces/share/mobilebot_interfaces/package.sh'
[1.297s] INFO:colcon.colcon_core.shell:Creating package script '/home/saeedbazargan/Desktop/My-ROS2_Projects/My-ROS2-Humble/Tutorial_MobileRobot/mobilebot_ws/install/mobilebot_interfaces/share/mobilebot_interfaces/package.bash'
[1.297s] INFO:colcon.colcon_core.shell:Creating package script '/home/saeedbazargan/Desktop/My-ROS2_Projects/My-ROS2-Humble/Tutorial_MobileRobot/mobilebot_ws/install/mobilebot_interfaces/share/mobilebot_interfaces/package.zsh'
[1.298s] Level 1:colcon.colcon_core.environment:create_file_with_runtime_dependencies(/home/saeedbazargan/Desktop/My-ROS2_Projects/My-ROS2-Humble/Tutorial_MobileRobot/mobilebot_ws/install/mobilebot_interfaces/share/colcon-core/packages/mobilebot_interfaces)
[1.298s] INFO:colcon.colcon_ros.task.ament_cmake.build:Building ROS package in '/home/saeedbazargan/Desktop/My-ROS2_Projects/My-ROS2-Humble/Tutorial_MobileRobot/mobilebot_ws/src/actions_cpp' with build type 'ament_cmake'
[1.298s] INFO:colcon.colcon_cmake.task.cmake.build:Building CMake package in '/home/saeedbazargan/Desktop/My-ROS2_Projects/My-ROS2-Humble/Tutorial_MobileRobot/mobilebot_ws/src/actions_cpp'
[1.298s] INFO:colcon.colcon_core.shell:Skip shell extension 'powershell' for command environment: Not usable outside of PowerShell
[1.298s] DEBUG:colcon.colcon_core.shell:Skip shell extension 'dsv' for command environment
[1.311s] DEBUG:colcon.colcon_core.event_handler.log_command:Invoking command in '/home/saeedbazargan/Desktop/My-ROS2_Projects/My-ROS2-Humble/Tutorial_MobileRobot/mobilebot_ws/build/actions_cpp': CMAKE_PREFIX_PATH=/home/saeedbazargan/Desktop/My-ROS2_Projects/My-ROS2-Humble/Tutorial_MobileRobot/mobilebot_ws/install/mobilebot_interfaces:/home/saeedbazargan/Desktop/My-ROS2_Projects/My-ROS2-Humble/Tutorial_MobileRobot/mobilebot_ws/install/actions_cpp:/home/saeedbazargan/Desktop/My-ROS2_Projects/My-ROS2-Humble/Tutorial_MobileRobot/mobilebot_ws/install/mobilebot_bringup:/home/saeedbazargan/Desktop/My-ROS2_Projects/My-ROS2-Humble/Tutorial_MobileRobot/mobilebot_ws/install/mobilebot_description:/opt/ros/humble /usr/bin/cmake --build /home/saeedbazargan/Desktop/My-ROS2_Projects/My-ROS2-Humble/Tutorial_MobileRobot/mobilebot_ws/build/actions_cpp -- -j4 -l4
[13.561s] DEBUG:colcon.colcon_core.event_handler.log_command:Invoked command in '/home/saeedbazargan/Desktop/My-ROS2_Projects/My-ROS2-Humble/Tutorial_MobileRobot/mobilebot_ws/build/actions_cpp' returned '0': CMAKE_PREFIX_PATH=/home/saeedbazargan/Desktop/My-ROS2_Projects/My-ROS2-Humble/Tutorial_MobileRobot/mobilebot_ws/install/mobilebot_interfaces:/home/saeedbazargan/Desktop/My-ROS2_Projects/My-ROS2-Humble/Tutorial_MobileRobot/mobilebot_ws/install/actions_cpp:/home/saeedbazargan/Desktop/My-ROS2_Projects/My-ROS2-Humble/Tutorial_MobileRobot/mobilebot_ws/install/mobilebot_bringup:/home/saeedbazargan/Desktop/My-ROS2_Projects/My-ROS2-Humble/Tutorial_MobileRobot/mobilebot_ws/install/mobilebot_description:/opt/ros/humble /usr/bin/cmake --build /home/saeedbazargan/Desktop/My-ROS2_Projects/My-ROS2-Humble/Tutorial_MobileRobot/mobilebot_ws/build/actions_cpp -- -j4 -l4
[13.564s] DEBUG:colcon.colcon_core.event_handler.log_command:Invoking command in '/home/saeedbazargan/Desktop/My-ROS2_Projects/My-ROS2-Humble/Tutorial_MobileRobot/mobilebot_ws/build/actions_cpp': CMAKE_PREFIX_PATH=/home/saeedbazargan/Desktop/My-ROS2_Projects/My-ROS2-Humble/Tutorial_MobileRobot/mobilebot_ws/install/mobilebot_interfaces:/home/saeedbazargan/Desktop/My-ROS2_Projects/My-ROS2-Humble/Tutorial_MobileRobot/mobilebot_ws/install/actions_cpp:/home/saeedbazargan/Desktop/My-ROS2_Projects/My-ROS2-Humble/Tutorial_MobileRobot/mobilebot_ws/install/mobilebot_bringup:/home/saeedbazargan/Desktop/My-ROS2_Projects/My-ROS2-Humble/Tutorial_MobileRobot/mobilebot_ws/install/mobilebot_description:/opt/ros/humble /usr/bin/cmake --install /home/saeedbazargan/Desktop/My-ROS2_Projects/My-ROS2-Humble/Tutorial_MobileRobot/mobilebot_ws/build/actions_cpp
[13.586s] Level 1:colcon.colcon_core.environment:create_environment_scripts_only(actions_cpp)
[13.587s] Level 1:colcon.colcon_core.environment:checking '/home/saeedbazargan/Desktop/My-ROS2_Projects/My-ROS2-Humble/Tutorial_MobileRobot/mobilebot_ws/install/actions_cpp' for CMake module files
[13.588s] DEBUG:colcon.colcon_core.event_handler.log_command:Invoked command in '/home/saeedbazargan/Desktop/My-ROS2_Projects/My-ROS2-Humble/Tutorial_MobileRobot/mobilebot_ws/build/actions_cpp' returned '0': CMAKE_PREFIX_PATH=/home/saeedbazargan/Desktop/My-ROS2_Projects/My-ROS2-Humble/Tutorial_MobileRobot/mobilebot_ws/install/mobilebot_interfaces:/home/saeedbazargan/Desktop/My-ROS2_Projects/My-ROS2-Humble/Tutorial_MobileRobot/mobilebot_ws/install/actions_cpp:/home/saeedbazargan/Desktop/My-ROS2_Projects/My-ROS2-Humble/Tutorial_MobileRobot/mobilebot_ws/install/mobilebot_bringup:/home/saeedbazargan/Desktop/My-ROS2_Projects/My-ROS2-Humble/Tutorial_MobileRobot/mobilebot_ws/install/mobilebot_description:/opt/ros/humble /usr/bin/cmake --install /home/saeedbazargan/Desktop/My-ROS2_Projects/My-ROS2-Humble/Tutorial_MobileRobot/mobilebot_ws/build/actions_cpp
[13.588s] Level 1:colcon.colcon_core.environment:checking '/home/saeedbazargan/Desktop/My-ROS2_Projects/My-ROS2-Humble/Tutorial_MobileRobot/mobilebot_ws/install/actions_cpp' for CMake config files
[13.589s] Level 1:colcon.colcon_core.shell:create_environment_hook('actions_cpp', 'cmake_prefix_path')
[13.589s] INFO:colcon.colcon_core.shell:Creating environment hook '/home/saeedbazargan/Desktop/My-ROS2_Projects/My-ROS2-Humble/Tutorial_MobileRobot/mobilebot_ws/install/actions_cpp/share/actions_cpp/hook/cmake_prefix_path.ps1'
[13.590s] INFO:colcon.colcon_core.shell:Creating environment descriptor '/home/saeedbazargan/Desktop/My-ROS2_Projects/My-ROS2-Humble/Tutorial_MobileRobot/mobilebot_ws/install/actions_cpp/share/actions_cpp/hook/cmake_prefix_path.dsv'
[13.590s] INFO:colcon.colcon_core.shell:Creating environment hook '/home/saeedbazargan/Desktop/My-ROS2_Projects/My-ROS2-Humble/Tutorial_MobileRobot/mobilebot_ws/install/actions_cpp/share/actions_cpp/hook/cmake_prefix_path.sh'
[13.591s] Level 1:colcon.colcon_core.environment:checking '/home/saeedbazargan/Desktop/My-ROS2_Projects/My-ROS2-Humble/Tutorial_MobileRobot/mobilebot_ws/install/actions_cpp/lib'
[13.591s] Level 1:colcon.colcon_core.environment:checking '/home/saeedbazargan/Desktop/My-ROS2_Projects/My-ROS2-Humble/Tutorial_MobileRobot/mobilebot_ws/install/actions_cpp/bin'
[13.591s] Level 1:colcon.colcon_core.environment:checking '/home/saeedbazargan/Desktop/My-ROS2_Projects/My-ROS2-Humble/Tutorial_MobileRobot/mobilebot_ws/install/actions_cpp/lib/pkgconfig/actions_cpp.pc'
[13.592s] Level 1:colcon.colcon_core.environment:checking '/home/saeedbazargan/Desktop/My-ROS2_Projects/My-ROS2-Humble/Tutorial_MobileRobot/mobilebot_ws/install/actions_cpp/lib/python3.10/site-packages'
[13.592s] Level 1:colcon.colcon_core.environment:checking '/home/saeedbazargan/Desktop/My-ROS2_Projects/My-ROS2-Humble/Tutorial_MobileRobot/mobilebot_ws/install/actions_cpp/bin'
[13.592s] INFO:colcon.colcon_core.shell:Creating package script '/home/saeedbazargan/Desktop/My-ROS2_Projects/My-ROS2-Humble/Tutorial_MobileRobot/mobilebot_ws/install/actions_cpp/share/actions_cpp/package.ps1'
[13.593s] INFO:colcon.colcon_core.shell:Creating package descriptor '/home/saeedbazargan/Desktop/My-ROS2_Projects/My-ROS2-Humble/Tutorial_MobileRobot/mobilebot_ws/install/actions_cpp/share/actions_cpp/package.dsv'
[13.593s] INFO:colcon.colcon_core.shell:Creating package script '/home/saeedbazargan/Desktop/My-ROS2_Projects/My-ROS2-Humble/Tutorial_MobileRobot/mobilebot_ws/install/actions_cpp/share/actions_cpp/package.sh'
[13.594s] INFO:colcon.colcon_core.shell:Creating package script '/home/saeedbazargan/Desktop/My-ROS2_Projects/My-ROS2-Humble/Tutorial_MobileRobot/mobilebot_ws/install/actions_cpp/share/actions_cpp/package.bash'
[13.594s] INFO:colcon.colcon_core.shell:Creating package script '/home/saeedbazargan/Desktop/My-ROS2_Projects/My-ROS2-Humble/Tutorial_MobileRobot/mobilebot_ws/install/actions_cpp/share/actions_cpp/package.zsh'
[13.595s] Level 1:colcon.colcon_core.environment:create_file_with_runtime_dependencies(/home/saeedbazargan/Desktop/My-ROS2_Projects/My-ROS2-Humble/Tutorial_MobileRobot/mobilebot_ws/install/actions_cpp/share/colcon-core/packages/actions_cpp)
[13.596s] Level 1:colcon.colcon_core.environment:create_environment_scripts_only(actions_cpp)
[13.596s] Level 1:colcon.colcon_core.environment:checking '/home/saeedbazargan/Desktop/My-ROS2_Projects/My-ROS2-Humble/Tutorial_MobileRobot/mobilebot_ws/install/actions_cpp' for CMake module files
[13.596s] Level 1:colcon.colcon_core.environment:checking '/home/saeedbazargan/Desktop/My-ROS2_Projects/My-ROS2-Humble/Tutorial_MobileRobot/mobilebot_ws/install/actions_cpp' for CMake config files
[13.597s] Level 1:colcon.colcon_core.shell:create_environment_hook('actions_cpp', 'cmake_prefix_path')
[13.597s] INFO:colcon.colcon_core.shell:Creating environment hook '/home/saeedbazargan/Desktop/My-ROS2_Projects/My-ROS2-Humble/Tutorial_MobileRobot/mobilebot_ws/install/actions_cpp/share/actions_cpp/hook/cmake_prefix_path.ps1'
[13.598s] INFO:colcon.colcon_core.shell:Creating environment descriptor '/home/saeedbazargan/Desktop/My-ROS2_Projects/My-ROS2-Humble/Tutorial_MobileRobot/mobilebot_ws/install/actions_cpp/share/actions_cpp/hook/cmake_prefix_path.dsv'
[13.598s] INFO:colcon.colcon_core.shell:Creating environment hook '/home/saeedbazargan/Desktop/My-ROS2_Projects/My-ROS2-Humble/Tutorial_MobileRobot/mobilebot_ws/install/actions_cpp/share/actions_cpp/hook/cmake_prefix_path.sh'
[13.599s] Level 1:colcon.colcon_core.environment:checking '/home/saeedbazargan/Desktop/My-ROS2_Projects/My-ROS2-Humble/Tutorial_MobileRobot/mobilebot_ws/install/actions_cpp/lib'
[13.599s] Level 1:colcon.colcon_core.environment:checking '/home/saeedbazargan/Desktop/My-ROS2_Projects/My-ROS2-Humble/Tutorial_MobileRobot/mobilebot_ws/install/actions_cpp/bin'
[13.599s] Level 1:colcon.colcon_core.environment:checking '/home/saeedbazargan/Desktop/My-ROS2_Projects/My-ROS2-Humble/Tutorial_MobileRobot/mobilebot_ws/install/actions_cpp/lib/pkgconfig/actions_cpp.pc'
[13.599s] Level 1:colcon.colcon_core.environment:checking '/home/saeedbazargan/Desktop/My-ROS2_Projects/My-ROS2-Humble/Tutorial_MobileRobot/mobilebot_ws/install/actions_cpp/lib/python3.10/site-packages'
[13.600s] Level 1:colcon.colcon_core.environment:checking '/home/saeedbazargan/Desktop/My-ROS2_Projects/My-ROS2-Humble/Tutorial_MobileRobot/mobilebot_ws/install/actions_cpp/bin'
[13.600s] INFO:colcon.colcon_core.shell:Creating package script '/home/saeedbazargan/Desktop/My-ROS2_Projects/My-ROS2-Humble/Tutorial_MobileRobot/mobilebot_ws/install/actions_cpp/share/actions_cpp/package.ps1'
[13.601s] INFO:colcon.colcon_core.shell:Creating package descriptor '/home/saeedbazargan/Desktop/My-ROS2_Projects/My-ROS2-Humble/Tutorial_MobileRobot/mobilebot_ws/install/actions_cpp/share/actions_cpp/package.dsv'
[13.601s] INFO:colcon.colcon_core.shell:Creating package script '/home/saeedbazargan/Desktop/My-ROS2_Projects/My-ROS2-Humble/Tutorial_MobileRobot/mobilebot_ws/install/actions_cpp/share/actions_cpp/package.sh'
[13.602s] INFO:colcon.colcon_core.shell:Creating package script '/home/saeedbazargan/Desktop/My-ROS2_Projects/My-ROS2-Humble/Tutorial_MobileRobot/mobilebot_ws/install/actions_cpp/share/actions_cpp/package.bash'
[13.602s] INFO:colcon.colcon_core.shell:Creating package script '/home/saeedbazargan/Desktop/My-ROS2_Projects/My-ROS2-Humble/Tutorial_MobileRobot/mobilebot_ws/install/actions_cpp/share/actions_cpp/package.zsh'
[13.603s] Level 1:colcon.colcon_core.environment:create_file_with_runtime_dependencies(/home/saeedbazargan/Desktop/My-ROS2_Projects/My-ROS2-Humble/Tutorial_MobileRobot/mobilebot_ws/install/actions_cpp/share/colcon-core/packages/actions_cpp)
[13.603s] DEBUG:colcon.colcon_parallel_executor.executor.parallel:closing loop
[13.604s] DEBUG:colcon.colcon_parallel_executor.executor.parallel:loop closed
[13.604s] DEBUG:colcon.colcon_parallel_executor.executor.parallel:run_until_complete finished with '0'
[13.604s] DEBUG:colcon.colcon_core.event_reactor:joining thread
[13.610s] INFO:colcon.colcon_core.plugin_system:Skipping extension 'colcon_notification.desktop_notification.terminal_notifier': Not used on non-Darwin systems
[13.610s] INFO:colcon.colcon_core.plugin_system:Skipping extension 'colcon_notification.desktop_notification.win32': Not used on non-Windows systems
[13.610s] INFO:colcon.colcon_notification.desktop_notification:Sending desktop notification using 'notify2'
[13.625s] DEBUG:colcon.colcon_core.event_reactor:joined thread
[13.625s] INFO:colcon.colcon_core.shell:Creating prefix script '/home/saeedbazargan/Desktop/My-ROS2_Projects/My-ROS2-Humble/Tutorial_MobileRobot/mobilebot_ws/install/local_setup.ps1'
[13.627s] INFO:colcon.colcon_core.shell:Creating prefix util module '/home/saeedbazargan/Desktop/My-ROS2_Projects/My-ROS2-Humble/Tutorial_MobileRobot/mobilebot_ws/install/_local_setup_util_ps1.py'
[13.630s] INFO:colcon.colcon_core.shell:Creating prefix chain script '/home/saeedbazargan/Desktop/My-ROS2_Projects/My-ROS2-Humble/Tutorial_MobileRobot/mobilebot_ws/install/setup.ps1'
[13.632s] INFO:colcon.colcon_core.shell:Creating prefix script '/home/saeedbazargan/Desktop/My-ROS2_Projects/My-ROS2-Humble/Tutorial_MobileRobot/mobilebot_ws/install/local_setup.sh'
[13.633s] INFO:colcon.colcon_core.shell:Creating prefix util module '/home/saeedbazargan/Desktop/My-ROS2_Projects/My-ROS2-Humble/Tutorial_MobileRobot/mobilebot_ws/install/_local_setup_util_sh.py'
[13.634s] INFO:colcon.colcon_core.shell:Creating prefix chain script '/home/saeedbazargan/Desktop/My-ROS2_Projects/My-ROS2-Humble/Tutorial_MobileRobot/mobilebot_ws/install/setup.sh'
[13.635s] INFO:colcon.colcon_core.shell:Creating prefix script '/home/saeedbazargan/Desktop/My-ROS2_Projects/My-ROS2-Humble/Tutorial_MobileRobot/mobilebot_ws/install/local_setup.bash'
[13.636s] INFO:colcon.colcon_core.shell:Creating prefix chain script '/home/saeedbazargan/Desktop/My-ROS2_Projects/My-ROS2-Humble/Tutorial_MobileRobot/mobilebot_ws/install/setup.bash'
[13.638s] INFO:colcon.colcon_core.shell:Creating prefix script '/home/saeedbazargan/Desktop/My-ROS2_Projects/My-ROS2-Humble/Tutorial_MobileRobot/mobilebot_ws/install/local_setup.zsh'
[13.639s] INFO:colcon.colcon_core.shell:Creating prefix chain script '/home/saeedbazargan/Desktop/My-ROS2_Projects/My-ROS2-Humble/Tutorial_MobileRobot/mobilebot_ws/install/setup.zsh'
