[0.030s] Invoking command in '/home/saeedbazargan/Desktop/My-ROS2_Projects/My-ROS2-Humble/Tutorial_MobileRobot/mobilebot_ws/build/mobilebot_interfaces': CMAKE_PREFIX_PATH=${CMAKE_PREFIX_PATH}:/opt/ros/humble /usr/bin/cmake --build /home/saeedbazargan/Desktop/My-ROS2_Projects/My-ROS2-Humble/Tutorial_MobileRobot/mobilebot_ws/build/mobilebot_interfaces -- -j4 -l4
[0.143s] [  2%] Built target mobilebot_interfaces__cpp
[0.152s] [ 12%] Built target mobilebot_interfaces__rosidl_generator_c
[0.162s] [ 12%] Built target ament_cmake_python_symlink_mobilebot_interfaces
[0.208s] [ 23%] Built target mobilebot_interfaces__rosidl_typesupport_cpp
[0.225s] [ 34%] Built target mobilebot_interfaces__rosidl_typesupport_fastrtps_c
[0.225s] [ 44%] Built target mobilebot_interfaces__rosidl_typesupport_fastrtps_cpp
[0.227s] [ 55%] Built target mobilebot_interfaces__rosidl_typesupport_introspection_cpp
[0.270s] [ 65%] Built target mobilebot_interfaces__rosidl_typesupport_introspection_c
[0.283s] [ 76%] Built target mobilebot_interfaces__rosidl_typesupport_c
[0.330s] [ 76%] Built target mobilebot_interfaces
[0.373s] [ 78%] Built target mobilebot_interfaces__py
[0.421s] [ 87%] Built target mobilebot_interfaces__rosidl_generator_py
[0.482s] [ 91%] Built target mobilebot_interfaces__rosidl_typesupport_introspection_c__pyext
[0.490s] [ 95%] Built target mobilebot_interfaces__rosidl_typesupport_c__pyext
[0.491s] [100%] Built target mobilebot_interfaces__rosidl_typesupport_fastrtps_c__pyext
[0.686s] running egg_info
[0.687s] writing mobilebot_interfaces.egg-info/PKG-INFO
[0.687s] writing dependency_links to mobilebot_interfaces.egg-info/dependency_links.txt
[0.687s] writing top-level names to mobilebot_interfaces.egg-info/top_level.txt
[0.692s] reading manifest file 'mobilebot_interfaces.egg-info/SOURCES.txt'
[0.694s] writing manifest file 'mobilebot_interfaces.egg-info/SOURCES.txt'
[0.729s] [100%] Built target ament_cmake_python_build_mobilebot_interfaces_egg
[0.747s] Invoked command in '/home/saeedbazargan/Desktop/My-ROS2_Projects/My-ROS2-Humble/Tutorial_MobileRobot/mobilebot_ws/build/mobilebot_interfaces' returned '0': CMAKE_PREFIX_PATH=${CMAKE_PREFIX_PATH}:/opt/ros/humble /usr/bin/cmake --build /home/saeedbazargan/Desktop/My-ROS2_Projects/My-ROS2-Humble/Tutorial_MobileRobot/mobilebot_ws/build/mobilebot_interfaces -- -j4 -l4
[0.750s] Invoking command in '/home/saeedbazargan/Desktop/My-ROS2_Projects/My-ROS2-Humble/Tutorial_MobileRobot/mobilebot_ws/build/mobilebot_interfaces': CMAKE_PREFIX_PATH=${CMAKE_PREFIX_PATH}:/opt/ros/humble /usr/bin/cmake --install /home/saeedbazargan/Desktop/My-ROS2_Projects/My-ROS2-Humble/Tutorial_MobileRobot/mobilebot_ws/build/mobilebot_interfaces
[0.762s] -- Install configuration: ""
[0.763s] -- Execute custom install script
[0.764s] -- Up-to-date symlink: /home/saeedbazargan/Desktop/My-ROS2_Projects/My-ROS2-Humble/Tutorial_MobileRobot/mobilebot_ws/install/mobilebot_interfaces/share/ament_index/resource_index/rosidl_interfaces/mobilebot_interfaces
[0.764s] -- Up-to-date symlink: /home/saeedbazargan/Desktop/My-ROS2_Projects/My-ROS2-Humble/Tutorial_MobileRobot/mobilebot_ws/install/mobilebot_interfaces/include/mobilebot_interfaces/mobilebot_interfaces/action/count_until.h
[0.765s] -- Up-to-date symlink: /home/saeedbazargan/Desktop/My-ROS2_Projects/My-ROS2-Humble/Tutorial_MobileRobot/mobilebot_ws/install/mobilebot_interfaces/include/mobilebot_interfaces/mobilebot_interfaces/action/detail/count_until__functions.h
[0.765s] -- Up-to-date symlink: /home/saeedbazargan/Desktop/My-ROS2_Projects/My-ROS2-Humble/Tutorial_MobileRobot/mobilebot_ws/install/mobilebot_interfaces/include/mobilebot_interfaces/mobilebot_interfaces/action/detail/count_until__struct.h
[0.765s] -- Up-to-date symlink: /home/saeedbazargan/Desktop/My-ROS2_Projects/My-ROS2-Humble/Tutorial_MobileRobot/mobilebot_ws/install/mobilebot_interfaces/include/mobilebot_interfaces/mobilebot_interfaces/action/detail/count_until__type_support.h
[0.765s] -- Up-to-date symlink: /home/saeedbazargan/Desktop/My-ROS2_Projects/My-ROS2-Humble/Tutorial_MobileRobot/mobilebot_ws/install/mobilebot_interfaces/include/mobilebot_interfaces/mobilebot_interfaces/action/detail/robot_move__functions.h
[0.766s] -- Up-to-date symlink: /home/saeedbazargan/Desktop/My-ROS2_Projects/My-ROS2-Humble/Tutorial_MobileRobot/mobilebot_ws/install/mobilebot_interfaces/include/mobilebot_interfaces/mobilebot_interfaces/action/detail/robot_move__struct.h
[0.766s] -- Up-to-date symlink: /home/saeedbazargan/Desktop/My-ROS2_Projects/My-ROS2-Humble/Tutorial_MobileRobot/mobilebot_ws/install/mobilebot_interfaces/include/mobilebot_interfaces/mobilebot_interfaces/action/detail/robot_move__type_support.h
[0.766s] -- Up-to-date symlink: /home/saeedbazargan/Desktop/My-ROS2_Projects/My-ROS2-Humble/Tutorial_MobileRobot/mobilebot_ws/install/mobilebot_interfaces/include/mobilebot_interfaces/mobilebot_interfaces/action/robot_move.h
[0.766s] -- Up-to-date symlink: /home/saeedbazargan/Desktop/My-ROS2_Projects/My-ROS2-Humble/Tutorial_MobileRobot/mobilebot_ws/install/mobilebot_interfaces/include/mobilebot_interfaces/mobilebot_interfaces/msg/detail/int64__functions.h
[0.767s] -- Up-to-date symlink: /home/saeedbazargan/Desktop/My-ROS2_Projects/My-ROS2-Humble/Tutorial_MobileRobot/mobilebot_ws/install/mobilebot_interfaces/include/mobilebot_interfaces/mobilebot_interfaces/msg/detail/int64__struct.h
[0.767s] -- Up-to-date symlink: /home/saeedbazargan/Desktop/My-ROS2_Projects/My-ROS2-Humble/Tutorial_MobileRobot/mobilebot_ws/install/mobilebot_interfaces/include/mobilebot_interfaces/mobilebot_interfaces/msg/detail/int64__type_support.h
[0.767s] -- Up-to-date symlink: /home/saeedbazargan/Desktop/My-ROS2_Projects/My-ROS2-Humble/Tutorial_MobileRobot/mobilebot_ws/install/mobilebot_interfaces/include/mobilebot_interfaces/mobilebot_interfaces/msg/int64.h
[0.768s] -- Up-to-date symlink: /home/saeedbazargan/Desktop/My-ROS2_Projects/My-ROS2-Humble/Tutorial_MobileRobot/mobilebot_ws/install/mobilebot_interfaces/include/mobilebot_interfaces/mobilebot_interfaces/msg/rosidl_generator_c__visibility_control.h
[0.768s] -- Up-to-date symlink: /home/saeedbazargan/Desktop/My-ROS2_Projects/My-ROS2-Humble/Tutorial_MobileRobot/mobilebot_ws/install/mobilebot_interfaces/share/mobilebot_interfaces/environment/library_path.sh
[0.768s] -- Up-to-date symlink: /home/saeedbazargan/Desktop/My-ROS2_Projects/My-ROS2-Humble/Tutorial_MobileRobot/mobilebot_ws/install/mobilebot_interfaces/share/mobilebot_interfaces/environment/library_path.dsv
[0.769s] -- Up-to-date symlink: /home/saeedbazargan/Desktop/My-ROS2_Projects/My-ROS2-Humble/Tutorial_MobileRobot/mobilebot_ws/install/mobilebot_interfaces/include/mobilebot_interfaces/mobilebot_interfaces/action/detail/count_until__rosidl_typesupport_fastrtps_c.h
[0.769s] -- Up-to-date symlink: /home/saeedbazargan/Desktop/My-ROS2_Projects/My-ROS2-Humble/Tutorial_MobileRobot/mobilebot_ws/install/mobilebot_interfaces/include/mobilebot_interfaces/mobilebot_interfaces/action/detail/robot_move__rosidl_typesupport_fastrtps_c.h
[0.770s] -- Up-to-date symlink: /home/saeedbazargan/Desktop/My-ROS2_Projects/My-ROS2-Humble/Tutorial_MobileRobot/mobilebot_ws/install/mobilebot_interfaces/include/mobilebot_interfaces/mobilebot_interfaces/msg/detail/int64__rosidl_typesupport_fastrtps_c.h
[0.770s] -- Up-to-date symlink: /home/saeedbazargan/Desktop/My-ROS2_Projects/My-ROS2-Humble/Tutorial_MobileRobot/mobilebot_ws/install/mobilebot_interfaces/include/mobilebot_interfaces/mobilebot_interfaces/msg/rosidl_typesupport_fastrtps_c__visibility_control.h
[0.771s] -- Up-to-date symlink: /home/saeedbazargan/Desktop/My-ROS2_Projects/My-ROS2-Humble/Tutorial_MobileRobot/mobilebot_ws/install/mobilebot_interfaces/include/mobilebot_interfaces/mobilebot_interfaces/action/detail/count_until__rosidl_typesupport_introspection_c.h
[0.771s] -- Up-to-date symlink: /home/saeedbazargan/Desktop/My-ROS2_Projects/My-ROS2-Humble/Tutorial_MobileRobot/mobilebot_ws/install/mobilebot_interfaces/include/mobilebot_interfaces/mobilebot_interfaces/action/detail/robot_move__rosidl_typesupport_introspection_c.h
[0.771s] -- Up-to-date symlink: /home/saeedbazargan/Desktop/My-ROS2_Projects/My-ROS2-Humble/Tutorial_MobileRobot/mobilebot_ws/install/mobilebot_interfaces/include/mobilebot_interfaces/mobilebot_interfaces/msg/detail/int64__rosidl_typesupport_introspection_c.h
[0.772s] -- Up-to-date symlink: /home/saeedbazargan/Desktop/My-ROS2_Projects/My-ROS2-Humble/Tutorial_MobileRobot/mobilebot_ws/install/mobilebot_interfaces/include/mobilebot_interfaces/mobilebot_interfaces/msg/rosidl_typesupport_introspection_c__visibility_control.h
[0.773s] -- Up-to-date symlink: /home/saeedbazargan/Desktop/My-ROS2_Projects/My-ROS2-Humble/Tutorial_MobileRobot/mobilebot_ws/install/mobilebot_interfaces/include/mobilebot_interfaces/mobilebot_interfaces/action/count_until.hpp
[0.773s] -- Up-to-date symlink: /home/saeedbazargan/Desktop/My-ROS2_Projects/My-ROS2-Humble/Tutorial_MobileRobot/mobilebot_ws/install/mobilebot_interfaces/include/mobilebot_interfaces/mobilebot_interfaces/action/detail/count_until__builder.hpp
[0.773s] -- Up-to-date symlink: /home/saeedbazargan/Desktop/My-ROS2_Projects/My-ROS2-Humble/Tutorial_MobileRobot/mobilebot_ws/install/mobilebot_interfaces/include/mobilebot_interfaces/mobilebot_interfaces/action/detail/count_until__struct.hpp
[0.774s] -- Up-to-date symlink: /home/saeedbazargan/Desktop/My-ROS2_Projects/My-ROS2-Humble/Tutorial_MobileRobot/mobilebot_ws/install/mobilebot_interfaces/include/mobilebot_interfaces/mobilebot_interfaces/action/detail/count_until__traits.hpp
[0.774s] -- Up-to-date symlink: /home/saeedbazargan/Desktop/My-ROS2_Projects/My-ROS2-Humble/Tutorial_MobileRobot/mobilebot_ws/install/mobilebot_interfaces/include/mobilebot_interfaces/mobilebot_interfaces/action/detail/count_until__type_support.hpp
[0.774s] -- Up-to-date symlink: /home/saeedbazargan/Desktop/My-ROS2_Projects/My-ROS2-Humble/Tutorial_MobileRobot/mobilebot_ws/install/mobilebot_interfaces/include/mobilebot_interfaces/mobilebot_interfaces/action/detail/robot_move__builder.hpp
[0.775s] -- Up-to-date symlink: /home/saeedbazargan/Desktop/My-ROS2_Projects/My-ROS2-Humble/Tutorial_MobileRobot/mobilebot_ws/install/mobilebot_interfaces/include/mobilebot_interfaces/mobilebot_interfaces/action/detail/robot_move__struct.hpp
[0.775s] -- Up-to-date symlink: /home/saeedbazargan/Desktop/My-ROS2_Projects/My-ROS2-Humble/Tutorial_MobileRobot/mobilebot_ws/install/mobilebot_interfaces/include/mobilebot_interfaces/mobilebot_interfaces/action/detail/robot_move__traits.hpp
[0.775s] -- Up-to-date symlink: /home/saeedbazargan/Desktop/My-ROS2_Projects/My-ROS2-Humble/Tutorial_MobileRobot/mobilebot_ws/install/mobilebot_interfaces/include/mobilebot_interfaces/mobilebot_interfaces/action/detail/robot_move__type_support.hpp
[0.776s] -- Up-to-date symlink: /home/saeedbazargan/Desktop/My-ROS2_Projects/My-ROS2-Humble/Tutorial_MobileRobot/mobilebot_ws/install/mobilebot_interfaces/include/mobilebot_interfaces/mobilebot_interfaces/action/robot_move.hpp
[0.776s] -- Up-to-date symlink: /home/saeedbazargan/Desktop/My-ROS2_Projects/My-ROS2-Humble/Tutorial_MobileRobot/mobilebot_ws/install/mobilebot_interfaces/include/mobilebot_interfaces/mobilebot_interfaces/msg/detail/int64__builder.hpp
[0.776s] -- Up-to-date symlink: /home/saeedbazargan/Desktop/My-ROS2_Projects/My-ROS2-Humble/Tutorial_MobileRobot/mobilebot_ws/install/mobilebot_interfaces/include/mobilebot_interfaces/mobilebot_interfaces/msg/detail/int64__struct.hpp
[0.776s] -- Up-to-date symlink: /home/saeedbazargan/Desktop/My-ROS2_Projects/My-ROS2-Humble/Tutorial_MobileRobot/mobilebot_ws/install/mobilebot_interfaces/include/mobilebot_interfaces/mobilebot_interfaces/msg/detail/int64__traits.hpp
[0.777s] -- Up-to-date symlink: /home/saeedbazargan/Desktop/My-ROS2_Projects/My-ROS2-Humble/Tutorial_MobileRobot/mobilebot_ws/install/mobilebot_interfaces/include/mobilebot_interfaces/mobilebot_interfaces/msg/detail/int64__type_support.hpp
[0.777s] -- Up-to-date symlink: /home/saeedbazargan/Desktop/My-ROS2_Projects/My-ROS2-Humble/Tutorial_MobileRobot/mobilebot_ws/install/mobilebot_interfaces/include/mobilebot_interfaces/mobilebot_interfaces/msg/int64.hpp
[0.777s] -- Up-to-date symlink: /home/saeedbazargan/Desktop/My-ROS2_Projects/My-ROS2-Humble/Tutorial_MobileRobot/mobilebot_ws/install/mobilebot_interfaces/include/mobilebot_interfaces/mobilebot_interfaces/msg/rosidl_generator_cpp__visibility_control.hpp
[0.779s] -- Up-to-date symlink: /home/saeedbazargan/Desktop/My-ROS2_Projects/My-ROS2-Humble/Tutorial_MobileRobot/mobilebot_ws/install/mobilebot_interfaces/include/mobilebot_interfaces/mobilebot_interfaces/action/detail/count_until__rosidl_typesupport_fastrtps_cpp.hpp
[0.779s] -- Up-to-date symlink: /home/saeedbazargan/Desktop/My-ROS2_Projects/My-ROS2-Humble/Tutorial_MobileRobot/mobilebot_ws/install/mobilebot_interfaces/include/mobilebot_interfaces/mobilebot_interfaces/action/detail/robot_move__rosidl_typesupport_fastrtps_cpp.hpp
[0.779s] -- Up-to-date symlink: /home/saeedbazargan/Desktop/My-ROS2_Projects/My-ROS2-Humble/Tutorial_MobileRobot/mobilebot_ws/install/mobilebot_interfaces/include/mobilebot_interfaces/mobilebot_interfaces/msg/detail/int64__rosidl_typesupport_fastrtps_cpp.hpp
[0.780s] -- Up-to-date symlink: /home/saeedbazargan/Desktop/My-ROS2_Projects/My-ROS2-Humble/Tutorial_MobileRobot/mobilebot_ws/install/mobilebot_interfaces/include/mobilebot_interfaces/mobilebot_interfaces/msg/rosidl_typesupport_fastrtps_cpp__visibility_control.h
[0.780s] -- Up-to-date symlink: /home/saeedbazargan/Desktop/My-ROS2_Projects/My-ROS2-Humble/Tutorial_MobileRobot/mobilebot_ws/install/mobilebot_interfaces/include/mobilebot_interfaces/mobilebot_interfaces/action/detail/count_until__rosidl_typesupport_introspection_cpp.hpp
[0.781s] -- Up-to-date symlink: /home/saeedbazargan/Desktop/My-ROS2_Projects/My-ROS2-Humble/Tutorial_MobileRobot/mobilebot_ws/install/mobilebot_interfaces/include/mobilebot_interfaces/mobilebot_interfaces/action/detail/robot_move__rosidl_typesupport_introspection_cpp.hpp
[0.781s] -- Up-to-date symlink: /home/saeedbazargan/Desktop/My-ROS2_Projects/My-ROS2-Humble/Tutorial_MobileRobot/mobilebot_ws/install/mobilebot_interfaces/include/mobilebot_interfaces/mobilebot_interfaces/msg/detail/int64__rosidl_typesupport_introspection_cpp.hpp
[0.781s] -- Up-to-date symlink: /home/saeedbazargan/Desktop/My-ROS2_Projects/My-ROS2-Humble/Tutorial_MobileRobot/mobilebot_ws/install/mobilebot_interfaces/share/mobilebot_interfaces/environment/pythonpath.sh
[0.782s] -- Up-to-date symlink: /home/saeedbazargan/Desktop/My-ROS2_Projects/My-ROS2-Humble/Tutorial_MobileRobot/mobilebot_ws/install/mobilebot_interfaces/share/mobilebot_interfaces/environment/pythonpath.dsv
[0.782s] -- Up-to-date symlink: /home/saeedbazargan/Desktop/My-ROS2_Projects/My-ROS2-Humble/Tutorial_MobileRobot/mobilebot_ws/install/mobilebot_interfaces/local/lib/python3.10/dist-packages/mobilebot_interfaces-0.0.0-py3.10.egg-info/PKG-INFO
[0.783s] -- Up-to-date symlink: /home/saeedbazargan/Desktop/My-ROS2_Projects/My-ROS2-Humble/Tutorial_MobileRobot/mobilebot_ws/install/mobilebot_interfaces/local/lib/python3.10/dist-packages/mobilebot_interfaces-0.0.0-py3.10.egg-info/SOURCES.txt
[0.783s] -- Up-to-date symlink: /home/saeedbazargan/Desktop/My-ROS2_Projects/My-ROS2-Humble/Tutorial_MobileRobot/mobilebot_ws/install/mobilebot_interfaces/local/lib/python3.10/dist-packages/mobilebot_interfaces-0.0.0-py3.10.egg-info/dependency_links.txt
[0.783s] -- Up-to-date symlink: /home/saeedbazargan/Desktop/My-ROS2_Projects/My-ROS2-Humble/Tutorial_MobileRobot/mobilebot_ws/install/mobilebot_interfaces/local/lib/python3.10/dist-packages/mobilebot_interfaces-0.0.0-py3.10.egg-info/top_level.txt
[0.785s] -- Up-to-date symlink: /home/saeedbazargan/Desktop/My-ROS2_Projects/My-ROS2-Humble/Tutorial_MobileRobot/mobilebot_ws/install/mobilebot_interfaces/local/lib/python3.10/dist-packages/mobilebot_interfaces/__init__.py
[0.785s] -- Up-to-date symlink: /home/saeedbazargan/Desktop/My-ROS2_Projects/My-ROS2-Humble/Tutorial_MobileRobot/mobilebot_ws/install/mobilebot_interfaces/local/lib/python3.10/dist-packages/mobilebot_interfaces/_mobilebot_interfaces_s.ep.rosidl_typesupport_c.c
[0.785s] -- Up-to-date symlink: /home/saeedbazargan/Desktop/My-ROS2_Projects/My-ROS2-Humble/Tutorial_MobileRobot/mobilebot_ws/install/mobilebot_interfaces/local/lib/python3.10/dist-packages/mobilebot_interfaces/_mobilebot_interfaces_s.ep.rosidl_typesupport_fastrtps_c.c
[0.786s] -- Up-to-date symlink: /home/saeedbazargan/Desktop/My-ROS2_Projects/My-ROS2-Humble/Tutorial_MobileRobot/mobilebot_ws/install/mobilebot_interfaces/local/lib/python3.10/dist-packages/mobilebot_interfaces/_mobilebot_interfaces_s.ep.rosidl_typesupport_introspection_c.c
[0.786s] -- Up-to-date symlink: /home/saeedbazargan/Desktop/My-ROS2_Projects/My-ROS2-Humble/Tutorial_MobileRobot/mobilebot_ws/install/mobilebot_interfaces/local/lib/python3.10/dist-packages/mobilebot_interfaces/action/__init__.py
[0.786s] -- Up-to-date symlink: /home/saeedbazargan/Desktop/My-ROS2_Projects/My-ROS2-Humble/Tutorial_MobileRobot/mobilebot_ws/install/mobilebot_interfaces/local/lib/python3.10/dist-packages/mobilebot_interfaces/action/_count_until.py
[0.786s] -- Up-to-date symlink: /home/saeedbazargan/Desktop/My-ROS2_Projects/My-ROS2-Humble/Tutorial_MobileRobot/mobilebot_ws/install/mobilebot_interfaces/local/lib/python3.10/dist-packages/mobilebot_interfaces/action/_count_until_s.c
[0.787s] -- Up-to-date symlink: /home/saeedbazargan/Desktop/My-ROS2_Projects/My-ROS2-Humble/Tutorial_MobileRobot/mobilebot_ws/install/mobilebot_interfaces/local/lib/python3.10/dist-packages/mobilebot_interfaces/action/_robot_move.py
[0.787s] -- Up-to-date symlink: /home/saeedbazargan/Desktop/My-ROS2_Projects/My-ROS2-Humble/Tutorial_MobileRobot/mobilebot_ws/install/mobilebot_interfaces/local/lib/python3.10/dist-packages/mobilebot_interfaces/action/_robot_move_s.c
[0.787s] -- Up-to-date symlink: /home/saeedbazargan/Desktop/My-ROS2_Projects/My-ROS2-Humble/Tutorial_MobileRobot/mobilebot_ws/install/mobilebot_interfaces/local/lib/python3.10/dist-packages/mobilebot_interfaces/libmobilebot_interfaces__rosidl_generator_py.so
[0.788s] -- Up-to-date symlink: /home/saeedbazargan/Desktop/My-ROS2_Projects/My-ROS2-Humble/Tutorial_MobileRobot/mobilebot_ws/install/mobilebot_interfaces/local/lib/python3.10/dist-packages/mobilebot_interfaces/mobilebot_interfaces_s__rosidl_typesupport_c.cpython-310-x86_64-linux-gnu.so
[0.788s] -- Up-to-date symlink: /home/saeedbazargan/Desktop/My-ROS2_Projects/My-ROS2-Humble/Tutorial_MobileRobot/mobilebot_ws/install/mobilebot_interfaces/local/lib/python3.10/dist-packages/mobilebot_interfaces/mobilebot_interfaces_s__rosidl_typesupport_fastrtps_c.cpython-310-x86_64-linux-gnu.so
[0.788s] -- Up-to-date symlink: /home/saeedbazargan/Desktop/My-ROS2_Projects/My-ROS2-Humble/Tutorial_MobileRobot/mobilebot_ws/install/mobilebot_interfaces/local/lib/python3.10/dist-packages/mobilebot_interfaces/mobilebot_interfaces_s__rosidl_typesupport_introspection_c.cpython-310-x86_64-linux-gnu.so
[0.789s] -- Up-to-date symlink: /home/saeedbazargan/Desktop/My-ROS2_Projects/My-ROS2-Humble/Tutorial_MobileRobot/mobilebot_ws/install/mobilebot_interfaces/local/lib/python3.10/dist-packages/mobilebot_interfaces/msg/__init__.py
[0.789s] -- Up-to-date symlink: /home/saeedbazargan/Desktop/My-ROS2_Projects/My-ROS2-Humble/Tutorial_MobileRobot/mobilebot_ws/install/mobilebot_interfaces/local/lib/python3.10/dist-packages/mobilebot_interfaces/msg/_int64.py
[0.789s] -- Up-to-date symlink: /home/saeedbazargan/Desktop/My-ROS2_Projects/My-ROS2-Humble/Tutorial_MobileRobot/mobilebot_ws/install/mobilebot_interfaces/local/lib/python3.10/dist-packages/mobilebot_interfaces/msg/_int64_s.c
[0.790s] -- Up-to-date symlink: /home/saeedbazargan/Desktop/My-ROS2_Projects/My-ROS2-Humble/Tutorial_MobileRobot/mobilebot_ws/install/mobilebot_interfaces/local/lib/python3.10/dist-packages/mobilebot_interfaces/mobilebot_interfaces_s__rosidl_typesupport_fastrtps_c.cpython-310-x86_64-linux-gnu.so
[0.791s] -- Up-to-date symlink: /home/saeedbazargan/Desktop/My-ROS2_Projects/My-ROS2-Humble/Tutorial_MobileRobot/mobilebot_ws/install/mobilebot_interfaces/local/lib/python3.10/dist-packages/mobilebot_interfaces/mobilebot_interfaces_s__rosidl_typesupport_introspection_c.cpython-310-x86_64-linux-gnu.so
[0.791s] -- Up-to-date symlink: /home/saeedbazargan/Desktop/My-ROS2_Projects/My-ROS2-Humble/Tutorial_MobileRobot/mobilebot_ws/install/mobilebot_interfaces/local/lib/python3.10/dist-packages/mobilebot_interfaces/mobilebot_interfaces_s__rosidl_typesupport_c.cpython-310-x86_64-linux-gnu.so
[0.791s] -- Up-to-date symlink: /home/saeedbazargan/Desktop/My-ROS2_Projects/My-ROS2-Humble/Tutorial_MobileRobot/mobilebot_ws/install/mobilebot_interfaces/share/mobilebot_interfaces/msg/Int64.idl
[0.792s] -- Up-to-date symlink: /home/saeedbazargan/Desktop/My-ROS2_Projects/My-ROS2-Humble/Tutorial_MobileRobot/mobilebot_ws/install/mobilebot_interfaces/share/mobilebot_interfaces/action/CountUntil.idl
[0.792s] -- Up-to-date symlink: /home/saeedbazargan/Desktop/My-ROS2_Projects/My-ROS2-Humble/Tutorial_MobileRobot/mobilebot_ws/install/mobilebot_interfaces/share/mobilebot_interfaces/action/RobotMove.idl
[0.792s] -- Up-to-date symlink: /home/saeedbazargan/Desktop/My-ROS2_Projects/My-ROS2-Humble/Tutorial_MobileRobot/mobilebot_ws/install/mobilebot_interfaces/share/mobilebot_interfaces/msg/Int64.msg
[0.792s] -- Up-to-date symlink: /home/saeedbazargan/Desktop/My-ROS2_Projects/My-ROS2-Humble/Tutorial_MobileRobot/mobilebot_ws/install/mobilebot_interfaces/share/mobilebot_interfaces/action/CountUntil.action
[0.793s] -- Up-to-date symlink: /home/saeedbazargan/Desktop/My-ROS2_Projects/My-ROS2-Humble/Tutorial_MobileRobot/mobilebot_ws/install/mobilebot_interfaces/share/mobilebot_interfaces/action/RobotMove.action
[0.793s] -- Up-to-date symlink: /home/saeedbazargan/Desktop/My-ROS2_Projects/My-ROS2-Humble/Tutorial_MobileRobot/mobilebot_ws/install/mobilebot_interfaces/share/ament_index/resource_index/package_run_dependencies/mobilebot_interfaces
[0.793s] -- Up-to-date symlink: /home/saeedbazargan/Desktop/My-ROS2_Projects/My-ROS2-Humble/Tutorial_MobileRobot/mobilebot_ws/install/mobilebot_interfaces/share/ament_index/resource_index/parent_prefix_path/mobilebot_interfaces
[0.794s] -- Up-to-date symlink: /home/saeedbazargan/Desktop/My-ROS2_Projects/My-ROS2-Humble/Tutorial_MobileRobot/mobilebot_ws/install/mobilebot_interfaces/share/mobilebot_interfaces/environment/ament_prefix_path.sh
[0.794s] -- Up-to-date symlink: /home/saeedbazargan/Desktop/My-ROS2_Projects/My-ROS2-Humble/Tutorial_MobileRobot/mobilebot_ws/install/mobilebot_interfaces/share/mobilebot_interfaces/environment/ament_prefix_path.dsv
[0.794s] -- Up-to-date symlink: /home/saeedbazargan/Desktop/My-ROS2_Projects/My-ROS2-Humble/Tutorial_MobileRobot/mobilebot_ws/install/mobilebot_interfaces/share/mobilebot_interfaces/environment/path.sh
[0.794s] -- Up-to-date symlink: /home/saeedbazargan/Desktop/My-ROS2_Projects/My-ROS2-Humble/Tutorial_MobileRobot/mobilebot_ws/install/mobilebot_interfaces/share/mobilebot_interfaces/environment/path.dsv
[0.795s] -- Up-to-date symlink: /home/saeedbazargan/Desktop/My-ROS2_Projects/My-ROS2-Humble/Tutorial_MobileRobot/mobilebot_ws/install/mobilebot_interfaces/share/mobilebot_interfaces/local_setup.bash
[0.795s] -- Up-to-date symlink: /home/saeedbazargan/Desktop/My-ROS2_Projects/My-ROS2-Humble/Tutorial_MobileRobot/mobilebot_ws/install/mobilebot_interfaces/share/mobilebot_interfaces/local_setup.sh
[0.795s] -- Up-to-date symlink: /home/saeedbazargan/Desktop/My-ROS2_Projects/My-ROS2-Humble/Tutorial_MobileRobot/mobilebot_ws/install/mobilebot_interfaces/share/mobilebot_interfaces/local_setup.zsh
[0.795s] -- Up-to-date symlink: /home/saeedbazargan/Desktop/My-ROS2_Projects/My-ROS2-Humble/Tutorial_MobileRobot/mobilebot_ws/install/mobilebot_interfaces/share/mobilebot_interfaces/local_setup.dsv
[0.796s] -- Symlinking: /home/saeedbazargan/Desktop/My-ROS2_Projects/My-ROS2-Humble/Tutorial_MobileRobot/mobilebot_ws/install/mobilebot_interfaces/share/mobilebot_interfaces/package.dsv
[0.807s] -- Up-to-date symlink: /home/saeedbazargan/Desktop/My-ROS2_Projects/My-ROS2-Humble/Tutorial_MobileRobot/mobilebot_ws/install/mobilebot_interfaces/share/ament_index/resource_index/packages/mobilebot_interfaces
[0.807s] -- Up-to-date symlink: /home/saeedbazargan/Desktop/My-ROS2_Projects/My-ROS2-Humble/Tutorial_MobileRobot/mobilebot_ws/install/mobilebot_interfaces/share/mobilebot_interfaces/cmake/rosidl_cmake-extras.cmake
[0.808s] -- Up-to-date symlink: /home/saeedbazargan/Desktop/My-ROS2_Projects/My-ROS2-Humble/Tutorial_MobileRobot/mobilebot_ws/install/mobilebot_interfaces/share/mobilebot_interfaces/cmake/ament_cmake_export_dependencies-extras.cmake
[0.808s] -- Up-to-date symlink: /home/saeedbazargan/Desktop/My-ROS2_Projects/My-ROS2-Humble/Tutorial_MobileRobot/mobilebot_ws/install/mobilebot_interfaces/share/mobilebot_interfaces/cmake/ament_cmake_export_include_directories-extras.cmake
[0.808s] -- Up-to-date symlink: /home/saeedbazargan/Desktop/My-ROS2_Projects/My-ROS2-Humble/Tutorial_MobileRobot/mobilebot_ws/install/mobilebot_interfaces/share/mobilebot_interfaces/cmake/ament_cmake_export_libraries-extras.cmake
[0.808s] -- Up-to-date symlink: /home/saeedbazargan/Desktop/My-ROS2_Projects/My-ROS2-Humble/Tutorial_MobileRobot/mobilebot_ws/install/mobilebot_interfaces/share/mobilebot_interfaces/cmake/ament_cmake_export_targets-extras.cmake
[0.809s] -- Up-to-date symlink: /home/saeedbazargan/Desktop/My-ROS2_Projects/My-ROS2-Humble/Tutorial_MobileRobot/mobilebot_ws/install/mobilebot_interfaces/share/mobilebot_interfaces/cmake/rosidl_cmake_export_typesupport_targets-extras.cmake
[0.809s] -- Up-to-date symlink: /home/saeedbazargan/Desktop/My-ROS2_Projects/My-ROS2-Humble/Tutorial_MobileRobot/mobilebot_ws/install/mobilebot_interfaces/share/mobilebot_interfaces/cmake/rosidl_cmake_export_typesupport_libraries-extras.cmake
[0.809s] -- Up-to-date symlink: /home/saeedbazargan/Desktop/My-ROS2_Projects/My-ROS2-Humble/Tutorial_MobileRobot/mobilebot_ws/install/mobilebot_interfaces/share/mobilebot_interfaces/cmake/mobilebot_interfacesConfig.cmake
[0.810s] -- Up-to-date symlink: /home/saeedbazargan/Desktop/My-ROS2_Projects/My-ROS2-Humble/Tutorial_MobileRobot/mobilebot_ws/install/mobilebot_interfaces/share/mobilebot_interfaces/cmake/mobilebot_interfacesConfig-version.cmake
[0.810s] -- Up-to-date symlink: /home/saeedbazargan/Desktop/My-ROS2_Projects/My-ROS2-Humble/Tutorial_MobileRobot/mobilebot_ws/install/mobilebot_interfaces/share/mobilebot_interfaces/package.xml
[0.811s] -- Up-to-date: /home/saeedbazargan/Desktop/My-ROS2_Projects/My-ROS2-Humble/Tutorial_MobileRobot/mobilebot_ws/install/mobilebot_interfaces/lib/libmobilebot_interfaces__rosidl_generator_c.so
[0.812s] -- Up-to-date: /home/saeedbazargan/Desktop/My-ROS2_Projects/My-ROS2-Humble/Tutorial_MobileRobot/mobilebot_ws/install/mobilebot_interfaces/lib/libmobilebot_interfaces__rosidl_typesupport_fastrtps_c.so
[0.813s] -- Up-to-date: /home/saeedbazargan/Desktop/My-ROS2_Projects/My-ROS2-Humble/Tutorial_MobileRobot/mobilebot_ws/install/mobilebot_interfaces/lib/libmobilebot_interfaces__rosidl_typesupport_introspection_c.so
[0.814s] -- Up-to-date: /home/saeedbazargan/Desktop/My-ROS2_Projects/My-ROS2-Humble/Tutorial_MobileRobot/mobilebot_ws/install/mobilebot_interfaces/lib/libmobilebot_interfaces__rosidl_typesupport_c.so
[0.815s] -- Up-to-date: /home/saeedbazargan/Desktop/My-ROS2_Projects/My-ROS2-Humble/Tutorial_MobileRobot/mobilebot_ws/install/mobilebot_interfaces/lib/libmobilebot_interfaces__rosidl_typesupport_fastrtps_cpp.so
[0.816s] -- Up-to-date: /home/saeedbazargan/Desktop/My-ROS2_Projects/My-ROS2-Humble/Tutorial_MobileRobot/mobilebot_ws/install/mobilebot_interfaces/lib/libmobilebot_interfaces__rosidl_typesupport_introspection_cpp.so
[0.817s] -- Up-to-date: /home/saeedbazargan/Desktop/My-ROS2_Projects/My-ROS2-Humble/Tutorial_MobileRobot/mobilebot_ws/install/mobilebot_interfaces/lib/libmobilebot_interfaces__rosidl_typesupport_cpp.so
[0.862s] Listing '/home/saeedbazargan/Desktop/My-ROS2_Projects/My-ROS2-Humble/Tutorial_MobileRobot/mobilebot_ws/install/mobilebot_interfaces/local/lib/python3.10/dist-packages/mobilebot_interfaces'...
[0.862s] Listing '/home/saeedbazargan/Desktop/My-ROS2_Projects/My-ROS2-Humble/Tutorial_MobileRobot/mobilebot_ws/install/mobilebot_interfaces/local/lib/python3.10/dist-packages/mobilebot_interfaces/action'...
[0.862s] Listing '/home/saeedbazargan/Desktop/My-ROS2_Projects/My-ROS2-Humble/Tutorial_MobileRobot/mobilebot_ws/install/mobilebot_interfaces/local/lib/python3.10/dist-packages/mobilebot_interfaces/msg'...
[0.869s] -- Up-to-date: /home/saeedbazargan/Desktop/My-ROS2_Projects/My-ROS2-Humble/Tutorial_MobileRobot/mobilebot_ws/install/mobilebot_interfaces/lib/libmobilebot_interfaces__rosidl_generator_py.so
[0.869s] -- Up-to-date: /home/saeedbazargan/Desktop/My-ROS2_Projects/My-ROS2-Humble/Tutorial_MobileRobot/mobilebot_ws/install/mobilebot_interfaces/share/mobilebot_interfaces/cmake/export_mobilebot_interfaces__rosidl_generator_cExport.cmake
[0.870s] -- Up-to-date: /home/saeedbazargan/Desktop/My-ROS2_Projects/My-ROS2-Humble/Tutorial_MobileRobot/mobilebot_ws/install/mobilebot_interfaces/share/mobilebot_interfaces/cmake/export_mobilebot_interfaces__rosidl_generator_cExport-noconfig.cmake
[0.870s] -- Up-to-date: /home/saeedbazargan/Desktop/My-ROS2_Projects/My-ROS2-Humble/Tutorial_MobileRobot/mobilebot_ws/install/mobilebot_interfaces/share/mobilebot_interfaces/cmake/export_mobilebot_interfaces__rosidl_typesupport_fastrtps_cExport.cmake
[0.870s] -- Up-to-date: /home/saeedbazargan/Desktop/My-ROS2_Projects/My-ROS2-Humble/Tutorial_MobileRobot/mobilebot_ws/install/mobilebot_interfaces/share/mobilebot_interfaces/cmake/export_mobilebot_interfaces__rosidl_typesupport_fastrtps_cExport-noconfig.cmake
[0.871s] -- Up-to-date: /home/saeedbazargan/Desktop/My-ROS2_Projects/My-ROS2-Humble/Tutorial_MobileRobot/mobilebot_ws/install/mobilebot_interfaces/share/mobilebot_interfaces/cmake/mobilebot_interfaces__rosidl_typesupport_introspection_cExport.cmake
[0.871s] -- Up-to-date: /home/saeedbazargan/Desktop/My-ROS2_Projects/My-ROS2-Humble/Tutorial_MobileRobot/mobilebot_ws/install/mobilebot_interfaces/share/mobilebot_interfaces/cmake/mobilebot_interfaces__rosidl_typesupport_introspection_cExport-noconfig.cmake
[0.871s] -- Up-to-date: /home/saeedbazargan/Desktop/My-ROS2_Projects/My-ROS2-Humble/Tutorial_MobileRobot/mobilebot_ws/install/mobilebot_interfaces/share/mobilebot_interfaces/cmake/mobilebot_interfaces__rosidl_typesupport_cExport.cmake
[0.871s] -- Up-to-date: /home/saeedbazargan/Desktop/My-ROS2_Projects/My-ROS2-Humble/Tutorial_MobileRobot/mobilebot_ws/install/mobilebot_interfaces/share/mobilebot_interfaces/cmake/mobilebot_interfaces__rosidl_typesupport_cExport-noconfig.cmake
[0.872s] -- Up-to-date: /home/saeedbazargan/Desktop/My-ROS2_Projects/My-ROS2-Humble/Tutorial_MobileRobot/mobilebot_ws/install/mobilebot_interfaces/share/mobilebot_interfaces/cmake/export_mobilebot_interfaces__rosidl_generator_cppExport.cmake
[0.872s] -- Up-to-date: /home/saeedbazargan/Desktop/My-ROS2_Projects/My-ROS2-Humble/Tutorial_MobileRobot/mobilebot_ws/install/mobilebot_interfaces/share/mobilebot_interfaces/cmake/export_mobilebot_interfaces__rosidl_typesupport_fastrtps_cppExport.cmake
[0.872s] -- Up-to-date: /home/saeedbazargan/Desktop/My-ROS2_Projects/My-ROS2-Humble/Tutorial_MobileRobot/mobilebot_ws/install/mobilebot_interfaces/share/mobilebot_interfaces/cmake/export_mobilebot_interfaces__rosidl_typesupport_fastrtps_cppExport-noconfig.cmake
[0.873s] -- Up-to-date: /home/saeedbazargan/Desktop/My-ROS2_Projects/My-ROS2-Humble/Tutorial_MobileRobot/mobilebot_ws/install/mobilebot_interfaces/share/mobilebot_interfaces/cmake/mobilebot_interfaces__rosidl_typesupport_introspection_cppExport.cmake
[0.873s] -- Up-to-date: /home/saeedbazargan/Desktop/My-ROS2_Projects/My-ROS2-Humble/Tutorial_MobileRobot/mobilebot_ws/install/mobilebot_interfaces/share/mobilebot_interfaces/cmake/mobilebot_interfaces__rosidl_typesupport_introspection_cppExport-noconfig.cmake
[0.873s] -- Up-to-date: /home/saeedbazargan/Desktop/My-ROS2_Projects/My-ROS2-Humble/Tutorial_MobileRobot/mobilebot_ws/install/mobilebot_interfaces/share/mobilebot_interfaces/cmake/mobilebot_interfaces__rosidl_typesupport_cppExport.cmake
[0.874s] -- Up-to-date: /home/saeedbazargan/Desktop/My-ROS2_Projects/My-ROS2-Humble/Tutorial_MobileRobot/mobilebot_ws/install/mobilebot_interfaces/share/mobilebot_interfaces/cmake/mobilebot_interfaces__rosidl_typesupport_cppExport-noconfig.cmake
[0.874s] -- Up-to-date: /home/saeedbazargan/Desktop/My-ROS2_Projects/My-ROS2-Humble/Tutorial_MobileRobot/mobilebot_ws/install/mobilebot_interfaces/share/mobilebot_interfaces/cmake/export_mobilebot_interfaces__rosidl_generator_pyExport.cmake
[0.874s] -- Up-to-date: /home/saeedbazargan/Desktop/My-ROS2_Projects/My-ROS2-Humble/Tutorial_MobileRobot/mobilebot_ws/install/mobilebot_interfaces/share/mobilebot_interfaces/cmake/export_mobilebot_interfaces__rosidl_generator_pyExport-noconfig.cmake
[0.878s] Invoked command in '/home/saeedbazargan/Desktop/My-ROS2_Projects/My-ROS2-Humble/Tutorial_MobileRobot/mobilebot_ws/build/mobilebot_interfaces' returned '0': CMAKE_PREFIX_PATH=${CMAKE_PREFIX_PATH}:/opt/ros/humble /usr/bin/cmake --install /home/saeedbazargan/Desktop/My-ROS2_Projects/My-ROS2-Humble/Tutorial_MobileRobot/mobilebot_ws/build/mobilebot_interfaces
