-- Found ament_cmake: 1.3.12 (/opt/ros/humble/share/ament_cmake/cmake)
-- Found rclcpp: 16.0.15 (/opt/ros/humble/share/rclcpp/cmake)
-- Found rosidl_generator_c: 3.1.7 (/opt/ros/humble/share/rosidl_generator_c/cmake)
-- Found rosidl_adapter: 3.1.7 (/opt/ros/humble/share/rosidl_adapter/cmake)
-- Found rosidl_generator_cpp: 3.1.7 (/opt/ros/humble/share/rosidl_generator_cpp/cmake)
-- Using all available rosidl_typesupport_c: rosidl_typesupport_microxrcedds_c;rosidl_typesupport_fastrtps_c;rosidl_typesupport_introspection_c
-- Using all available rosidl_typesupport_cpp: rosidl_typesupport_microxrcedds_cpp;rosidl_typesupport_fastrtps_cpp;rosidl_typesupport_introspection_cpp
-- Found rmw_implementation_cmake: 6.1.2 (/opt/ros/humble/share/rmw_implementation_cmake/cmake)
-- Found rmw_cyclonedds_cpp: 1.3.4 (/opt/ros/humble/share/rmw_cyclonedds_cpp/cmake)
-- Using RMW implementation 'rmw_cyclonedds_cpp' as default
-- Configuring done
-- Generating done
-- Build files have been written to: /home/saeedbzrgn/Desktop/My-ROS2_Projects/My-ROS2-Humble/ros2_esp32_blink_ws/build/gpio_pkg
[ 50%] [32mBuilding CXX object CMakeFiles/blinkLED_publisher.dir/src/blinkLED_publisher.cpp.o[0m
[100%] [32m[1mLinking CXX executable blinkLED_publisher[0m
[100%] Built target blinkLED_publisher
-- Install configuration: ""
-- Installing: /home/saeedbzrgn/Desktop/My-ROS2_Projects/My-ROS2-Humble/ros2_esp32_blink_ws/install/gpio_pkg/lib/gpio_pkg/blinkLED_publisher
-- Set runtime path of "/home/saeedbzrgn/Desktop/My-ROS2_Projects/My-ROS2-Humble/ros2_esp32_blink_ws/install/gpio_pkg/lib/gpio_pkg/blinkLED_publisher" to ""
-- Up-to-date: /home/saeedbzrgn/Desktop/My-ROS2_Projects/My-ROS2-Humble/ros2_esp32_blink_ws/install/gpio_pkg/share/ament_index/resource_index/package_run_dependencies/gpio_pkg
-- Installing: /home/saeedbzrgn/Desktop/My-ROS2_Projects/My-ROS2-Humble/ros2_esp32_blink_ws/install/gpio_pkg/share/ament_index/resource_index/parent_prefix_path/gpio_pkg
-- Up-to-date: /home/saeedbzrgn/Desktop/My-ROS2_Projects/My-ROS2-Humble/ros2_esp32_blink_ws/install/gpio_pkg/share/gpio_pkg/environment/ament_prefix_path.sh
-- Installing: /home/saeedbzrgn/Desktop/My-ROS2_Projects/My-ROS2-Humble/ros2_esp32_blink_ws/install/gpio_pkg/share/gpio_pkg/environment/ament_prefix_path.dsv
-- Up-to-date: /home/saeedbzrgn/Desktop/My-ROS2_Projects/My-ROS2-Humble/ros2_esp32_blink_ws/install/gpio_pkg/share/gpio_pkg/environment/path.sh
-- Installing: /home/saeedbzrgn/Desktop/My-ROS2_Projects/My-ROS2-Humble/ros2_esp32_blink_ws/install/gpio_pkg/share/gpio_pkg/environment/path.dsv
-- Up-to-date: /home/saeedbzrgn/Desktop/My-ROS2_Projects/My-ROS2-Humble/ros2_esp32_blink_ws/install/gpio_pkg/share/gpio_pkg/local_setup.bash
-- Up-to-date: /home/saeedbzrgn/Desktop/My-ROS2_Projects/My-ROS2-Humble/ros2_esp32_blink_ws/install/gpio_pkg/share/gpio_pkg/local_setup.sh
-- Up-to-date: /home/saeedbzrgn/Desktop/My-ROS2_Projects/My-ROS2-Humble/ros2_esp32_blink_ws/install/gpio_pkg/share/gpio_pkg/local_setup.zsh
-- Installing: /home/saeedbzrgn/Desktop/My-ROS2_Projects/My-ROS2-Humble/ros2_esp32_blink_ws/install/gpio_pkg/share/gpio_pkg/local_setup.dsv
-- Installing: /home/saeedbzrgn/Desktop/My-ROS2_Projects/My-ROS2-Humble/ros2_esp32_blink_ws/install/gpio_pkg/share/gpio_pkg/package.dsv
-- Up-to-date: /home/saeedbzrgn/Desktop/My-ROS2_Projects/My-ROS2-Humble/ros2_esp32_blink_ws/install/gpio_pkg/share/ament_index/resource_index/packages/gpio_pkg
-- Up-to-date: /home/saeedbzrgn/Desktop/My-ROS2_Projects/My-ROS2-Humble/ros2_esp32_blink_ws/install/gpio_pkg/share/gpio_pkg/cmake/gpio_pkgConfig.cmake
-- Up-to-date: /home/saeedbzrgn/Desktop/My-ROS2_Projects/My-ROS2-Humble/ros2_esp32_blink_ws/install/gpio_pkg/share/gpio_pkg/cmake/gpio_pkgConfig-version.cmake
-- Up-to-date: /home/saeedbzrgn/Desktop/My-ROS2_Projects/My-ROS2-Humble/ros2_esp32_blink_ws/install/gpio_pkg/share/gpio_pkg/package.xml
