[0.014s] Invoking command in '/home/saeedbzrgn/Desktop/My-ROS2_Projects/My-ROS2-Humble/Tutorial_MobileRobot/mobilebot_ws/build/mobilebot_description': /usr/bin/cmake /home/saeedbzrgn/Desktop/My-ROS2_Projects/My-ROS2-Humble/Tutorial_MobileRobot/mobilebot_ws/src/mobilebot_description -DCMAKE_INSTALL_PREFIX=/home/saeedbzrgn/Desktop/My-ROS2_Projects/My-ROS2-Humble/Tutorial_MobileRobot/mobilebot_ws/install/mobilebot_description
[0.050s] [31mCMake Error at CMakeLists.txt:9 (find_package):
[0.050s]   By not providing "Findament_cmake.cmake" in CMAKE_MODULE_PATH this project
[0.050s]   has asked CMake to find a package configuration file provided by
[0.050s]   "ament_cmake", but CMake did not find one.
[0.051s] 
[0.051s]   Could not find a package configuration file provided by "ament_cmake" with
[0.051s]   any of the following names:
[0.051s] 
[0.051s]     ament_cmakeConfig.cmake
[0.051s]     ament_cmake-config.cmake
[0.051s] 
[0.051s]   Add the installation prefix of "ament_cmake" to CMAKE_PREFIX_PATH or set
[0.052s]   "ament_cmake_DIR" to a directory containing one of the above files.  If
[0.052s]   "ament_cmake" provides a separate development package or SDK, be sure it
[0.052s]   has been installed.
[0.052s] 
[0.052s] [0m
[0.052s] -- Configuring incomplete, errors occurred!
[0.052s] See also "/home/saeedbzrgn/Desktop/My-ROS2_Projects/My-ROS2-Humble/Tutorial_MobileRobot/mobilebot_ws/build/mobilebot_description/CMakeFiles/CMakeOutput.log".
[0.054s] Invoked command in '/home/saeedbzrgn/Desktop/My-ROS2_Projects/My-ROS2-Humble/Tutorial_MobileRobot/mobilebot_ws/build/mobilebot_description' returned '1': /usr/bin/cmake /home/saeedbzrgn/Desktop/My-ROS2_Projects/My-ROS2-Humble/Tutorial_MobileRobot/mobilebot_ws/src/mobilebot_description -DCMAKE_INSTALL_PREFIX=/home/saeedbzrgn/Desktop/My-ROS2_Projects/My-ROS2-Humble/Tutorial_MobileRobot/mobilebot_ws/install/mobilebot_description
