[0.011s] Invoking command in '/home/saeedbazargan/Desktop/My-ROS2_Projects/My-ROS2-Humble/Tutorial_MobileRobot/mobilebot_ws/build/mobilebot_bringup': CMAKE_PREFIX_PATH=/home/saeedbazargan/Desktop/My-ROS2_Projects/My-ROS2-Humble/Tutorial_MobileRobot/mobilebot_ws/install/mobilebot_description:/home/saeedbazargan/Desktop/My-ROS2_Projects/My-ROS2-Humble/Tutorial_MobileRobot/mobilebot_ws/install/mobilebot_interfaces:/home/saeedbazargan/Desktop/My-ROS2_Projects/My-ROS2-Humble/Tutorial_MobileRobot/mobilebot_ws/install/mobilebot_bringup:/home/saeedbazargan/Desktop/My-ROS2_Projects/My-ROS2-Humble/Tutorial_MobileRobot/mobilebot_ws/src/install/mobilebot_description:/home/saeedbazargan/Desktop/My-ROS2_Projects/My-ROS2-Humble/Tutorial_MobileRobot/mobilebot_ws/src/install/mobilebot_bringup:/opt/ros/humble /usr/bin/cmake /home/saeedbazargan/Desktop/My-ROS2_Projects/My-ROS2-Humble/Tutorial_MobileRobot/mobilebot_ws/src/mobilebot_bringup -DCMAKE_INSTALL_PREFIX=/home/saeedbazargan/Desktop/My-ROS2_Projects/My-ROS2-Humble/Tutorial_MobileRobot/mobilebot_ws/install/mobilebot_bringup
[0.087s] -- The C compiler identification is GNU 11.4.0
[0.161s] -- The CXX compiler identification is GNU 11.4.0
[0.175s] -- Detecting C compiler ABI info
[0.272s] -- Detecting C compiler ABI info - done
[0.291s] -- Check for working C compiler: /usr/bin/cc - skipped
[0.292s] -- Detecting C compile features
[0.292s] -- Detecting C compile features - done
[0.296s] -- Detecting CXX compiler ABI info
[0.413s] -- Detecting CXX compiler ABI info - done
[0.432s] -- Check for working CXX compiler: /usr/bin/c++ - skipped
[0.433s] -- Detecting CXX compile features
[0.433s] -- Detecting CXX compile features - done
[0.437s] -- Found ament_cmake: 1.3.12 (/opt/ros/humble/share/ament_cmake/cmake)
[0.667s] -- Found Python3: /usr/bin/python3 (found version "3.10.12") found components: Interpreter 
[0.980s] -- Configuring done
[0.984s] -- Generating done
[0.987s] -- Build files have been written to: /home/saeedbazargan/Desktop/My-ROS2_Projects/My-ROS2-Humble/Tutorial_MobileRobot/mobilebot_ws/build/mobilebot_bringup
[0.993s] Invoked command in '/home/saeedbazargan/Desktop/My-ROS2_Projects/My-ROS2-Humble/Tutorial_MobileRobot/mobilebot_ws/build/mobilebot_bringup' returned '0': CMAKE_PREFIX_PATH=/home/saeedbazargan/Desktop/My-ROS2_Projects/My-ROS2-Humble/Tutorial_MobileRobot/mobilebot_ws/install/mobilebot_description:/home/saeedbazargan/Desktop/My-ROS2_Projects/My-ROS2-Humble/Tutorial_MobileRobot/mobilebot_ws/install/mobilebot_interfaces:/home/saeedbazargan/Desktop/My-ROS2_Projects/My-ROS2-Humble/Tutorial_MobileRobot/mobilebot_ws/install/mobilebot_bringup:/home/saeedbazargan/Desktop/My-ROS2_Projects/My-ROS2-Humble/Tutorial_MobileRobot/mobilebot_ws/src/install/mobilebot_description:/home/saeedbazargan/Desktop/My-ROS2_Projects/My-ROS2-Humble/Tutorial_MobileRobot/mobilebot_ws/src/install/mobilebot_bringup:/opt/ros/humble /usr/bin/cmake /home/saeedbazargan/Desktop/My-ROS2_Projects/My-ROS2-Humble/Tutorial_MobileRobot/mobilebot_ws/src/mobilebot_bringup -DCMAKE_INSTALL_PREFIX=/home/saeedbazargan/Desktop/My-ROS2_Projects/My-ROS2-Humble/Tutorial_MobileRobot/mobilebot_ws/install/mobilebot_bringup
[0.995s] Invoking command in '/home/saeedbazargan/Desktop/My-ROS2_Projects/My-ROS2-Humble/Tutorial_MobileRobot/mobilebot_ws/build/mobilebot_bringup': CMAKE_PREFIX_PATH=/home/saeedbazargan/Desktop/My-ROS2_Projects/My-ROS2-Humble/Tutorial_MobileRobot/mobilebot_ws/install/mobilebot_description:/home/saeedbazargan/Desktop/My-ROS2_Projects/My-ROS2-Humble/Tutorial_MobileRobot/mobilebot_ws/install/mobilebot_interfaces:/home/saeedbazargan/Desktop/My-ROS2_Projects/My-ROS2-Humble/Tutorial_MobileRobot/mobilebot_ws/install/mobilebot_bringup:/home/saeedbazargan/Desktop/My-ROS2_Projects/My-ROS2-Humble/Tutorial_MobileRobot/mobilebot_ws/src/install/mobilebot_description:/home/saeedbazargan/Desktop/My-ROS2_Projects/My-ROS2-Humble/Tutorial_MobileRobot/mobilebot_ws/src/install/mobilebot_bringup:/opt/ros/humble /usr/bin/cmake --build /home/saeedbazargan/Desktop/My-ROS2_Projects/My-ROS2-Humble/Tutorial_MobileRobot/mobilebot_ws/build/mobilebot_bringup -- -j4 -l4
[1.045s] Invoked command in '/home/saeedbazargan/Desktop/My-ROS2_Projects/My-ROS2-Humble/Tutorial_MobileRobot/mobilebot_ws/build/mobilebot_bringup' returned '0': CMAKE_PREFIX_PATH=/home/saeedbazargan/Desktop/My-ROS2_Projects/My-ROS2-Humble/Tutorial_MobileRobot/mobilebot_ws/install/mobilebot_description:/home/saeedbazargan/Desktop/My-ROS2_Projects/My-ROS2-Humble/Tutorial_MobileRobot/mobilebot_ws/install/mobilebot_interfaces:/home/saeedbazargan/Desktop/My-ROS2_Projects/My-ROS2-Humble/Tutorial_MobileRobot/mobilebot_ws/install/mobilebot_bringup:/home/saeedbazargan/Desktop/My-ROS2_Projects/My-ROS2-Humble/Tutorial_MobileRobot/mobilebot_ws/src/install/mobilebot_description:/home/saeedbazargan/Desktop/My-ROS2_Projects/My-ROS2-Humble/Tutorial_MobileRobot/mobilebot_ws/src/install/mobilebot_bringup:/opt/ros/humble /usr/bin/cmake --build /home/saeedbazargan/Desktop/My-ROS2_Projects/My-ROS2-Humble/Tutorial_MobileRobot/mobilebot_ws/build/mobilebot_bringup -- -j4 -l4
[1.047s] Invoking command in '/home/saeedbazargan/Desktop/My-ROS2_Projects/My-ROS2-Humble/Tutorial_MobileRobot/mobilebot_ws/build/mobilebot_bringup': CMAKE_PREFIX_PATH=/home/saeedbazargan/Desktop/My-ROS2_Projects/My-ROS2-Humble/Tutorial_MobileRobot/mobilebot_ws/install/mobilebot_description:/home/saeedbazargan/Desktop/My-ROS2_Projects/My-ROS2-Humble/Tutorial_MobileRobot/mobilebot_ws/install/mobilebot_interfaces:/home/saeedbazargan/Desktop/My-ROS2_Projects/My-ROS2-Humble/Tutorial_MobileRobot/mobilebot_ws/install/mobilebot_bringup:/home/saeedbazargan/Desktop/My-ROS2_Projects/My-ROS2-Humble/Tutorial_MobileRobot/mobilebot_ws/src/install/mobilebot_description:/home/saeedbazargan/Desktop/My-ROS2_Projects/My-ROS2-Humble/Tutorial_MobileRobot/mobilebot_ws/src/install/mobilebot_bringup:/opt/ros/humble /usr/bin/cmake --install /home/saeedbazargan/Desktop/My-ROS2_Projects/My-ROS2-Humble/Tutorial_MobileRobot/mobilebot_ws/build/mobilebot_bringup
[1.057s] -- Install configuration: ""
[1.057s] -- Installing: /home/saeedbazargan/Desktop/My-ROS2_Projects/My-ROS2-Humble/Tutorial_MobileRobot/mobilebot_ws/install/mobilebot_bringup/share/mobilebot_bringup//launch
[1.057s] -- Installing: /home/saeedbazargan/Desktop/My-ROS2_Projects/My-ROS2-Humble/Tutorial_MobileRobot/mobilebot_ws/install/mobilebot_bringup/share/mobilebot_bringup//launch/gazebo.launch.py
[1.057s] -- Installing: /home/saeedbazargan/Desktop/My-ROS2_Projects/My-ROS2-Humble/Tutorial_MobileRobot/mobilebot_ws/install/mobilebot_bringup/share/mobilebot_bringup//rviz
[1.057s] -- Installing: /home/saeedbazargan/Desktop/My-ROS2_Projects/My-ROS2-Humble/Tutorial_MobileRobot/mobilebot_ws/install/mobilebot_bringup/share/mobilebot_bringup//rviz/mobilebot_config.rviz
[1.058s] -- Installing: /home/saeedbazargan/Desktop/My-ROS2_Projects/My-ROS2-Humble/Tutorial_MobileRobot/mobilebot_ws/install/mobilebot_bringup/share/mobilebot_bringup//worlds
[1.058s] -- Installing: /home/saeedbazargan/Desktop/My-ROS2_Projects/My-ROS2-Humble/Tutorial_MobileRobot/mobilebot_ws/install/mobilebot_bringup/share/mobilebot_bringup//worlds/mobilebot_gazeboWorld.world
[1.058s] -- Installing: /home/saeedbazargan/Desktop/My-ROS2_Projects/My-ROS2-Humble/Tutorial_MobileRobot/mobilebot_ws/install/mobilebot_bringup/share/ament_index/resource_index/package_run_dependencies/mobilebot_bringup
[1.058s] -- Installing: /home/saeedbazargan/Desktop/My-ROS2_Projects/My-ROS2-Humble/Tutorial_MobileRobot/mobilebot_ws/install/mobilebot_bringup/share/ament_index/resource_index/parent_prefix_path/mobilebot_bringup
[1.059s] -- Installing: /home/saeedbazargan/Desktop/My-ROS2_Projects/My-ROS2-Humble/Tutorial_MobileRobot/mobilebot_ws/install/mobilebot_bringup/share/mobilebot_bringup/environment/ament_prefix_path.sh
[1.059s] -- Installing: /home/saeedbazargan/Desktop/My-ROS2_Projects/My-ROS2-Humble/Tutorial_MobileRobot/mobilebot_ws/install/mobilebot_bringup/share/mobilebot_bringup/environment/ament_prefix_path.dsv
[1.059s] -- Installing: /home/saeedbazargan/Desktop/My-ROS2_Projects/My-ROS2-Humble/Tutorial_MobileRobot/mobilebot_ws/install/mobilebot_bringup/share/mobilebot_bringup/environment/path.sh
[1.059s] -- Installing: /home/saeedbazargan/Desktop/My-ROS2_Projects/My-ROS2-Humble/Tutorial_MobileRobot/mobilebot_ws/install/mobilebot_bringup/share/mobilebot_bringup/environment/path.dsv
[1.060s] -- Installing: /home/saeedbazargan/Desktop/My-ROS2_Projects/My-ROS2-Humble/Tutorial_MobileRobot/mobilebot_ws/install/mobilebot_bringup/share/mobilebot_bringup/local_setup.bash
[1.060s] -- Installing: /home/saeedbazargan/Desktop/My-ROS2_Projects/My-ROS2-Humble/Tutorial_MobileRobot/mobilebot_ws/install/mobilebot_bringup/share/mobilebot_bringup/local_setup.sh
[1.060s] -- Installing: /home/saeedbazargan/Desktop/My-ROS2_Projects/My-ROS2-Humble/Tutorial_MobileRobot/mobilebot_ws/install/mobilebot_bringup/share/mobilebot_bringup/local_setup.zsh
[1.060s] -- Installing: /home/saeedbazargan/Desktop/My-ROS2_Projects/My-ROS2-Humble/Tutorial_MobileRobot/mobilebot_ws/install/mobilebot_bringup/share/mobilebot_bringup/local_setup.dsv
[1.061s] -- Installing: /home/saeedbazargan/Desktop/My-ROS2_Projects/My-ROS2-Humble/Tutorial_MobileRobot/mobilebot_ws/install/mobilebot_bringup/share/mobilebot_bringup/package.dsv
[1.061s] -- Installing: /home/saeedbazargan/Desktop/My-ROS2_Projects/My-ROS2-Humble/Tutorial_MobileRobot/mobilebot_ws/install/mobilebot_bringup/share/ament_index/resource_index/packages/mobilebot_bringup
[1.061s] -- Installing: /home/saeedbazargan/Desktop/My-ROS2_Projects/My-ROS2-Humble/Tutorial_MobileRobot/mobilebot_ws/install/mobilebot_bringup/share/mobilebot_bringup/cmake/mobilebot_bringupConfig.cmake
[1.061s] -- Installing: /home/saeedbazargan/Desktop/My-ROS2_Projects/My-ROS2-Humble/Tutorial_MobileRobot/mobilebot_ws/install/mobilebot_bringup/share/mobilebot_bringup/cmake/mobilebot_bringupConfig-version.cmake
[1.062s] -- Installing: /home/saeedbazargan/Desktop/My-ROS2_Projects/My-ROS2-Humble/Tutorial_MobileRobot/mobilebot_ws/install/mobilebot_bringup/share/mobilebot_bringup/package.xml
[1.064s] Invoked command in '/home/saeedbazargan/Desktop/My-ROS2_Projects/My-ROS2-Humble/Tutorial_MobileRobot/mobilebot_ws/build/mobilebot_bringup' returned '0': CMAKE_PREFIX_PATH=/home/saeedbazargan/Desktop/My-ROS2_Projects/My-ROS2-Humble/Tutorial_MobileRobot/mobilebot_ws/install/mobilebot_description:/home/saeedbazargan/Desktop/My-ROS2_Projects/My-ROS2-Humble/Tutorial_MobileRobot/mobilebot_ws/install/mobilebot_interfaces:/home/saeedbazargan/Desktop/My-ROS2_Projects/My-ROS2-Humble/Tutorial_MobileRobot/mobilebot_ws/install/mobilebot_bringup:/home/saeedbazargan/Desktop/My-ROS2_Projects/My-ROS2-Humble/Tutorial_MobileRobot/mobilebot_ws/src/install/mobilebot_description:/home/saeedbazargan/Desktop/My-ROS2_Projects/My-ROS2-Humble/Tutorial_MobileRobot/mobilebot_ws/src/install/mobilebot_bringup:/opt/ros/humble /usr/bin/cmake --install /home/saeedbazargan/Desktop/My-ROS2_Projects/My-ROS2-Humble/Tutorial_MobileRobot/mobilebot_ws/build/mobilebot_bringup
