[0.014s] Invoking command in '/home/saeedbzrgn/Desktop/My-ROS2_Projects/My-ROS2-Humble/Kukabot_MobileRobot/kukabot_ws/build/kukabot_description': CMAKE_PREFIX_PATH=/opt/ros/humble /usr/bin/cmake /home/saeedbzrgn/Desktop/My-ROS2_Projects/My-ROS2-Humble/Kukabot_MobileRobot/kukabot_ws/src/kukabot_description -DCMAKE_INSTALL_PREFIX=/home/saeedbzrgn/Desktop/My-ROS2_Projects/My-ROS2-Humble/Kukabot_MobileRobot/kukabot_ws/install/kukabot_description
[0.263s] -- The C compiler identification is GNU 11.4.0
[0.445s] -- The CXX compiler identification is GNU 11.4.0
[0.457s] -- Detecting C compiler ABI info
[0.544s] -- Detecting C compiler ABI info - done
[0.553s] -- Check for working C compiler: /usr/bin/cc - skipped
[0.554s] -- Detecting C compile features
[0.555s] -- Detecting C compile features - done
[0.559s] -- Detecting CXX compiler ABI info
[0.655s] -- Detecting CXX compiler ABI info - done
[0.664s] -- Check for working CXX compiler: /usr/bin/c++ - skipped
[0.664s] -- Detecting CXX compile features
[0.665s] -- Detecting CXX compile features - done
[0.672s] -- Found ament_cmake: 1.3.12 (/opt/ros/humble/share/ament_cmake/cmake)
[0.846s] -- Found Python3: /usr/bin/python3 (found version "3.10.12") found components: Interpreter 
[0.963s] -- Found ament_lint_auto: 0.12.14 (/opt/ros/humble/share/ament_lint_auto/cmake)
[1.057s] -- Added test 'lint_cmake' to check CMake code style
[1.058s] -- Added test 'xmllint' to check XML markup files
[1.061s] -- Configuring done
[1.064s] -- Generating done
[1.066s] -- Build files have been written to: /home/saeedbzrgn/Desktop/My-ROS2_Projects/My-ROS2-Humble/Kukabot_MobileRobot/kukabot_ws/build/kukabot_description
[1.071s] Invoked command in '/home/saeedbzrgn/Desktop/My-ROS2_Projects/My-ROS2-Humble/Kukabot_MobileRobot/kukabot_ws/build/kukabot_description' returned '0': CMAKE_PREFIX_PATH=/opt/ros/humble /usr/bin/cmake /home/saeedbzrgn/Desktop/My-ROS2_Projects/My-ROS2-Humble/Kukabot_MobileRobot/kukabot_ws/src/kukabot_description -DCMAKE_INSTALL_PREFIX=/home/saeedbzrgn/Desktop/My-ROS2_Projects/My-ROS2-Humble/Kukabot_MobileRobot/kukabot_ws/install/kukabot_description
[1.074s] Invoking command in '/home/saeedbzrgn/Desktop/My-ROS2_Projects/My-ROS2-Humble/Kukabot_MobileRobot/kukabot_ws/build/kukabot_description': CMAKE_PREFIX_PATH=/opt/ros/humble /usr/bin/cmake --build /home/saeedbzrgn/Desktop/My-ROS2_Projects/My-ROS2-Humble/Kukabot_MobileRobot/kukabot_ws/build/kukabot_description -- -j4 -l4
[1.123s] Invoked command in '/home/saeedbzrgn/Desktop/My-ROS2_Projects/My-ROS2-Humble/Kukabot_MobileRobot/kukabot_ws/build/kukabot_description' returned '0': CMAKE_PREFIX_PATH=/opt/ros/humble /usr/bin/cmake --build /home/saeedbzrgn/Desktop/My-ROS2_Projects/My-ROS2-Humble/Kukabot_MobileRobot/kukabot_ws/build/kukabot_description -- -j4 -l4
[1.137s] Invoking command in '/home/saeedbzrgn/Desktop/My-ROS2_Projects/My-ROS2-Humble/Kukabot_MobileRobot/kukabot_ws/build/kukabot_description': CMAKE_PREFIX_PATH=/opt/ros/humble /usr/bin/cmake --install /home/saeedbzrgn/Desktop/My-ROS2_Projects/My-ROS2-Humble/Kukabot_MobileRobot/kukabot_ws/build/kukabot_description
[1.146s] -- Install configuration: ""
[1.147s] -- Installing: /home/saeedbzrgn/Desktop/My-ROS2_Projects/My-ROS2-Humble/Kukabot_MobileRobot/kukabot_ws/install/kukabot_description/share/ament_index/resource_index/package_run_dependencies/kukabot_description
[1.147s] -- Installing: /home/saeedbzrgn/Desktop/My-ROS2_Projects/My-ROS2-Humble/Kukabot_MobileRobot/kukabot_ws/install/kukabot_description/share/ament_index/resource_index/parent_prefix_path/kukabot_description
[1.147s] -- Installing: /home/saeedbzrgn/Desktop/My-ROS2_Projects/My-ROS2-Humble/Kukabot_MobileRobot/kukabot_ws/install/kukabot_description/share/kukabot_description/environment/ament_prefix_path.sh
[1.148s] -- Installing: /home/saeedbzrgn/Desktop/My-ROS2_Projects/My-ROS2-Humble/Kukabot_MobileRobot/kukabot_ws/install/kukabot_description/share/kukabot_description/environment/ament_prefix_path.dsv
[1.148s] -- Installing: /home/saeedbzrgn/Desktop/My-ROS2_Projects/My-ROS2-Humble/Kukabot_MobileRobot/kukabot_ws/install/kukabot_description/share/kukabot_description/environment/path.sh
[1.148s] -- Installing: /home/saeedbzrgn/Desktop/My-ROS2_Projects/My-ROS2-Humble/Kukabot_MobileRobot/kukabot_ws/install/kukabot_description/share/kukabot_description/environment/path.dsv
[1.149s] -- Installing: /home/saeedbzrgn/Desktop/My-ROS2_Projects/My-ROS2-Humble/Kukabot_MobileRobot/kukabot_ws/install/kukabot_description/share/kukabot_description/local_setup.bash
[1.149s] -- Installing: /home/saeedbzrgn/Desktop/My-ROS2_Projects/My-ROS2-Humble/Kukabot_MobileRobot/kukabot_ws/install/kukabot_description/share/kukabot_description/local_setup.sh
[1.149s] -- Installing: /home/saeedbzrgn/Desktop/My-ROS2_Projects/My-ROS2-Humble/Kukabot_MobileRobot/kukabot_ws/install/kukabot_description/share/kukabot_description/local_setup.zsh
[1.149s] -- Installing: /home/saeedbzrgn/Desktop/My-ROS2_Projects/My-ROS2-Humble/Kukabot_MobileRobot/kukabot_ws/install/kukabot_description/share/kukabot_description/local_setup.dsv
[1.149s] -- Installing: /home/saeedbzrgn/Desktop/My-ROS2_Projects/My-ROS2-Humble/Kukabot_MobileRobot/kukabot_ws/install/kukabot_description/share/kukabot_description/package.dsv
[1.150s] -- Installing: /home/saeedbzrgn/Desktop/My-ROS2_Projects/My-ROS2-Humble/Kukabot_MobileRobot/kukabot_ws/install/kukabot_description/share/ament_index/resource_index/packages/kukabot_description
[1.150s] -- Installing: /home/saeedbzrgn/Desktop/My-ROS2_Projects/My-ROS2-Humble/Kukabot_MobileRobot/kukabot_ws/install/kukabot_description/share/kukabot_description/cmake/kukabot_descriptionConfig.cmake
[1.150s] -- Installing: /home/saeedbzrgn/Desktop/My-ROS2_Projects/My-ROS2-Humble/Kukabot_MobileRobot/kukabot_ws/install/kukabot_description/share/kukabot_description/cmake/kukabot_descriptionConfig-version.cmake
[1.150s] -- Installing: /home/saeedbzrgn/Desktop/My-ROS2_Projects/My-ROS2-Humble/Kukabot_MobileRobot/kukabot_ws/install/kukabot_description/share/kukabot_description/package.xml
[1.153s] Invoked command in '/home/saeedbzrgn/Desktop/My-ROS2_Projects/My-ROS2-Humble/Kukabot_MobileRobot/kukabot_ws/build/kukabot_description' returned '0': CMAKE_PREFIX_PATH=/opt/ros/humble /usr/bin/cmake --install /home/saeedbzrgn/Desktop/My-ROS2_Projects/My-ROS2-Humble/Kukabot_MobileRobot/kukabot_ws/build/kukabot_description
