[0.016s] Invoking command in '/home/saeedbzrgn/Desktop/My-ROS2_Projects/My-ROS2-Humble/Tutorial_MobileRobot/mobilebot_ws/build/components_cpp': /usr/bin/cmake /home/saeedbzrgn/Desktop/My-ROS2_Projects/My-ROS2-Humble/Tutorial_MobileRobot/mobilebot_ws/src/components_cpp -DCMAKE_INSTALL_PREFIX=/home/saeedbzrgn/Desktop/My-ROS2_Projects/My-ROS2-Humble/Tutorial_MobileRobot/mobilebot_ws/install/components_cpp
[0.055s] [31mCMake Error at CMakeLists.txt:9 (find_package):
[0.055s]   By not providing "Findament_cmake.cmake" in CMAKE_MODULE_PATH this project
[0.055s]   has asked CMake to find a package configuration file provided by
[0.055s]   "ament_cmake", but CMake did not find one.
[0.056s] 
[0.056s]   Could not find a package configuration file provided by "ament_cmake" with
[0.056s]   any of the following names:
[0.056s] 
[0.056s]     ament_cmakeConfig.cmake
[0.056s]     ament_cmake-config.cmake
[0.057s] 
[0.057s]   Add the installation prefix of "ament_cmake" to CMAKE_PREFIX_PATH or set
[0.057s]   "ament_cmake_DIR" to a directory containing one of the above files.  If
[0.057s]   "ament_cmake" provides a separate development package or SDK, be sure it
[0.058s]   has been installed.
[0.058s] 
[0.058s] [0m
[0.058s] -- Configuring incomplete, errors occurred!
[0.059s] See also "/home/saeedbzrgn/Desktop/My-ROS2_Projects/My-ROS2-Humble/Tutorial_MobileRobot/mobilebot_ws/build/components_cpp/CMakeFiles/CMakeOutput.log".
[0.059s] Invoked command in '/home/saeedbzrgn/Desktop/My-ROS2_Projects/My-ROS2-Humble/Tutorial_MobileRobot/mobilebot_ws/build/components_cpp' returned '1': /usr/bin/cmake /home/saeedbzrgn/Desktop/My-ROS2_Projects/My-ROS2-Humble/Tutorial_MobileRobot/mobilebot_ws/src/components_cpp -DCMAKE_INSTALL_PREFIX=/home/saeedbzrgn/Desktop/My-ROS2_Projects/My-ROS2-Humble/Tutorial_MobileRobot/mobilebot_ws/install/components_cpp
