[100%] Built target mobilebot_hardware
-- Install configuration: ""
-- Up-to-date: /home/saeedbzrgn/Desktop/My-ROS2_Projects/My-ROS2-Humble/Tutorial_ROS2_Control/ROS2Ctrl_ws/install/mobilebot_hardware/share/mobilebot_hardware/mobilebot_hardware_interface.xml
-- Up-to-date: /home/saeedbzrgn/Desktop/My-ROS2_Projects/My-ROS2-Humble/Tutorial_ROS2_Control/ROS2Ctrl_ws/install/mobilebot_hardware/lib/libmobilebot_hardware.so
-- Up-to-date: /home/saeedbzrgn/Desktop/My-ROS2_Projects/My-ROS2-Humble/Tutorial_ROS2_Control/ROS2Ctrl_ws/install/mobilebot_hardware/include/include
-- Up-to-date: /home/saeedbzrgn/Desktop/My-ROS2_Projects/My-ROS2-Humble/Tutorial_ROS2_Control/ROS2Ctrl_ws/install/mobilebot_hardware/include/include/mobilebot_hardware
-- Up-to-date: /home/saeedbzrgn/Desktop/My-ROS2_Projects/My-ROS2-Humble/Tutorial_ROS2_Control/ROS2Ctrl_ws/install/mobilebot_hardware/include/include/mobilebot_hardware/mobile_base_hardware_interface.hpp
-- Up-to-date: /home/saeedbzrgn/Desktop/My-ROS2_Projects/My-ROS2-Humble/Tutorial_ROS2_Control/ROS2Ctrl_ws/install/mobilebot_hardware/include/include/mobilebot_hardware/mx64_driver.hpp
-- Up-to-date: /home/saeedbzrgn/Desktop/My-ROS2_Projects/My-ROS2-Humble/Tutorial_ROS2_Control/ROS2Ctrl_ws/install/mobilebot_hardware/include/include/mobilebot_hardware/arm_hardware_interface.hpp
-- Up-to-date: /home/saeedbzrgn/Desktop/My-ROS2_Projects/My-ROS2-Humble/Tutorial_ROS2_Control/ROS2Ctrl_ws/install/mobilebot_hardware/share/mobilebot_hardware/environment/library_path.sh
-- Up-to-date: /home/saeedbzrgn/Desktop/My-ROS2_Projects/My-ROS2-Humble/Tutorial_ROS2_Control/ROS2Ctrl_ws/install/mobilebot_hardware/share/mobilebot_hardware/environment/library_path.dsv
-- Up-to-date: /home/saeedbzrgn/Desktop/My-ROS2_Projects/My-ROS2-Humble/Tutorial_ROS2_Control/ROS2Ctrl_ws/install/mobilebot_hardware/share/ament_index/resource_index/package_run_dependencies/mobilebot_hardware
-- Up-to-date: /home/saeedbzrgn/Desktop/My-ROS2_Projects/My-ROS2-Humble/Tutorial_ROS2_Control/ROS2Ctrl_ws/install/mobilebot_hardware/share/ament_index/resource_index/parent_prefix_path/mobilebot_hardware
-- Up-to-date: /home/saeedbzrgn/Desktop/My-ROS2_Projects/My-ROS2-Humble/Tutorial_ROS2_Control/ROS2Ctrl_ws/install/mobilebot_hardware/share/mobilebot_hardware/environment/ament_prefix_path.sh
-- Up-to-date: /home/saeedbzrgn/Desktop/My-ROS2_Projects/My-ROS2-Humble/Tutorial_ROS2_Control/ROS2Ctrl_ws/install/mobilebot_hardware/share/mobilebot_hardware/environment/ament_prefix_path.dsv
-- Up-to-date: /home/saeedbzrgn/Desktop/My-ROS2_Projects/My-ROS2-Humble/Tutorial_ROS2_Control/ROS2Ctrl_ws/install/mobilebot_hardware/share/mobilebot_hardware/environment/path.sh
-- Up-to-date: /home/saeedbzrgn/Desktop/My-ROS2_Projects/My-ROS2-Humble/Tutorial_ROS2_Control/ROS2Ctrl_ws/install/mobilebot_hardware/share/mobilebot_hardware/environment/path.dsv
-- Up-to-date: /home/saeedbzrgn/Desktop/My-ROS2_Projects/My-ROS2-Humble/Tutorial_ROS2_Control/ROS2Ctrl_ws/install/mobilebot_hardware/share/mobilebot_hardware/local_setup.bash
-- Up-to-date: /home/saeedbzrgn/Desktop/My-ROS2_Projects/My-ROS2-Humble/Tutorial_ROS2_Control/ROS2Ctrl_ws/install/mobilebot_hardware/share/mobilebot_hardware/local_setup.sh
-- Up-to-date: /home/saeedbzrgn/Desktop/My-ROS2_Projects/My-ROS2-Humble/Tutorial_ROS2_Control/ROS2Ctrl_ws/install/mobilebot_hardware/share/mobilebot_hardware/local_setup.zsh
-- Up-to-date: /home/saeedbzrgn/Desktop/My-ROS2_Projects/My-ROS2-Humble/Tutorial_ROS2_Control/ROS2Ctrl_ws/install/mobilebot_hardware/share/mobilebot_hardware/local_setup.dsv
-- Installing: /home/saeedbzrgn/Desktop/My-ROS2_Projects/My-ROS2-Humble/Tutorial_ROS2_Control/ROS2Ctrl_ws/install/mobilebot_hardware/share/mobilebot_hardware/package.dsv
-- Up-to-date: /home/saeedbzrgn/Desktop/My-ROS2_Projects/My-ROS2-Humble/Tutorial_ROS2_Control/ROS2Ctrl_ws/install/mobilebot_hardware/share/ament_index/resource_index/packages/mobilebot_hardware
-- Up-to-date: /home/saeedbzrgn/Desktop/My-ROS2_Projects/My-ROS2-Humble/Tutorial_ROS2_Control/ROS2Ctrl_ws/install/mobilebot_hardware/share/ament_index/resource_index/hardware_interface__pluginlib__plugin/mobilebot_hardware
-- Up-to-date: /home/saeedbzrgn/Desktop/My-ROS2_Projects/My-ROS2-Humble/Tutorial_ROS2_Control/ROS2Ctrl_ws/install/mobilebot_hardware/share/mobilebot_hardware/cmake/ament_cmake_export_libraries-extras.cmake
-- Up-to-date: /home/saeedbzrgn/Desktop/My-ROS2_Projects/My-ROS2-Humble/Tutorial_ROS2_Control/ROS2Ctrl_ws/install/mobilebot_hardware/share/mobilebot_hardware/cmake/ament_cmake_export_dependencies-extras.cmake
-- Up-to-date: /home/saeedbzrgn/Desktop/My-ROS2_Projects/My-ROS2-Humble/Tutorial_ROS2_Control/ROS2Ctrl_ws/install/mobilebot_hardware/share/mobilebot_hardware/cmake/mobilebot_hardwareConfig.cmake
-- Up-to-date: /home/saeedbzrgn/Desktop/My-ROS2_Projects/My-ROS2-Humble/Tutorial_ROS2_Control/ROS2Ctrl_ws/install/mobilebot_hardware/share/mobilebot_hardware/cmake/mobilebot_hardwareConfig-version.cmake
-- Up-to-date: /home/saeedbzrgn/Desktop/My-ROS2_Projects/My-ROS2-Humble/Tutorial_ROS2_Control/ROS2Ctrl_ws/install/mobilebot_hardware/share/mobilebot_hardware/package.xml
