[0.025s] Invoking command in '/home/saeedbzrgn/Desktop/My-ROS2_Projects/My-ROS2-Humble/Tutorial_ROS2_Control/ROS2Ctrl_ws/build/mobilebot_hardware': CMAKE_PREFIX_PATH=${CMAKE_PREFIX_PATH}:/opt/ros/humble /usr/bin/cmake --build /home/saeedbzrgn/Desktop/My-ROS2_Projects/My-ROS2-Humble/Tutorial_ROS2_Control/ROS2Ctrl_ws/build/mobilebot_hardware -- -j4 -l4
[0.125s] [100%] Built target mobilebot_hardware
[0.152s] Invoked command in '/home/saeedbzrgn/Desktop/My-ROS2_Projects/My-ROS2-Humble/Tutorial_ROS2_Control/ROS2Ctrl_ws/build/mobilebot_hardware' returned '0': CMAKE_PREFIX_PATH=${CMAKE_PREFIX_PATH}:/opt/ros/humble /usr/bin/cmake --build /home/saeedbzrgn/Desktop/My-ROS2_Projects/My-ROS2-Humble/Tutorial_ROS2_Control/ROS2Ctrl_ws/build/mobilebot_hardware -- -j4 -l4
[0.154s] Invoking command in '/home/saeedbzrgn/Desktop/My-ROS2_Projects/My-ROS2-Humble/Tutorial_ROS2_Control/ROS2Ctrl_ws/build/mobilebot_hardware': CMAKE_PREFIX_PATH=${CMAKE_PREFIX_PATH}:/opt/ros/humble /usr/bin/cmake --install /home/saeedbzrgn/Desktop/My-ROS2_Projects/My-ROS2-Humble/Tutorial_ROS2_Control/ROS2Ctrl_ws/build/mobilebot_hardware
[0.169s] -- Install configuration: ""
[0.169s] -- Up-to-date: /home/saeedbzrgn/Desktop/My-ROS2_Projects/My-ROS2-Humble/Tutorial_ROS2_Control/ROS2Ctrl_ws/install/mobilebot_hardware/share/mobilebot_hardware/mobilebot_hardware_interface.xml
[0.172s] -- Up-to-date: /home/saeedbzrgn/Desktop/My-ROS2_Projects/My-ROS2-Humble/Tutorial_ROS2_Control/ROS2Ctrl_ws/install/mobilebot_hardware/lib/libmobilebot_hardware.so
[0.172s] -- Up-to-date: /home/saeedbzrgn/Desktop/My-ROS2_Projects/My-ROS2-Humble/Tutorial_ROS2_Control/ROS2Ctrl_ws/install/mobilebot_hardware/include/include
[0.172s] -- Up-to-date: /home/saeedbzrgn/Desktop/My-ROS2_Projects/My-ROS2-Humble/Tutorial_ROS2_Control/ROS2Ctrl_ws/install/mobilebot_hardware/include/include/mobilebot_hardware
[0.172s] -- Up-to-date: /home/saeedbzrgn/Desktop/My-ROS2_Projects/My-ROS2-Humble/Tutorial_ROS2_Control/ROS2Ctrl_ws/install/mobilebot_hardware/include/include/mobilebot_hardware/mobile_base_hardware_interface.hpp
[0.173s] -- Up-to-date: /home/saeedbzrgn/Desktop/My-ROS2_Projects/My-ROS2-Humble/Tutorial_ROS2_Control/ROS2Ctrl_ws/install/mobilebot_hardware/include/include/mobilebot_hardware/mx64_driver.hpp
[0.173s] -- Up-to-date: /home/saeedbzrgn/Desktop/My-ROS2_Projects/My-ROS2-Humble/Tutorial_ROS2_Control/ROS2Ctrl_ws/install/mobilebot_hardware/include/include/mobilebot_hardware/arm_hardware_interface.hpp
[0.173s] -- Up-to-date: /home/saeedbzrgn/Desktop/My-ROS2_Projects/My-ROS2-Humble/Tutorial_ROS2_Control/ROS2Ctrl_ws/install/mobilebot_hardware/share/mobilebot_hardware/environment/library_path.sh
[0.173s] -- Up-to-date: /home/saeedbzrgn/Desktop/My-ROS2_Projects/My-ROS2-Humble/Tutorial_ROS2_Control/ROS2Ctrl_ws/install/mobilebot_hardware/share/mobilebot_hardware/environment/library_path.dsv
[0.173s] -- Up-to-date: /home/saeedbzrgn/Desktop/My-ROS2_Projects/My-ROS2-Humble/Tutorial_ROS2_Control/ROS2Ctrl_ws/install/mobilebot_hardware/share/ament_index/resource_index/package_run_dependencies/mobilebot_hardware
[0.174s] -- Up-to-date: /home/saeedbzrgn/Desktop/My-ROS2_Projects/My-ROS2-Humble/Tutorial_ROS2_Control/ROS2Ctrl_ws/install/mobilebot_hardware/share/ament_index/resource_index/parent_prefix_path/mobilebot_hardware
[0.174s] -- Up-to-date: /home/saeedbzrgn/Desktop/My-ROS2_Projects/My-ROS2-Humble/Tutorial_ROS2_Control/ROS2Ctrl_ws/install/mobilebot_hardware/share/mobilebot_hardware/environment/ament_prefix_path.sh
[0.174s] -- Up-to-date: /home/saeedbzrgn/Desktop/My-ROS2_Projects/My-ROS2-Humble/Tutorial_ROS2_Control/ROS2Ctrl_ws/install/mobilebot_hardware/share/mobilebot_hardware/environment/ament_prefix_path.dsv
[0.175s] -- Up-to-date: /home/saeedbzrgn/Desktop/My-ROS2_Projects/My-ROS2-Humble/Tutorial_ROS2_Control/ROS2Ctrl_ws/install/mobilebot_hardware/share/mobilebot_hardware/environment/path.sh
[0.175s] -- Up-to-date: /home/saeedbzrgn/Desktop/My-ROS2_Projects/My-ROS2-Humble/Tutorial_ROS2_Control/ROS2Ctrl_ws/install/mobilebot_hardware/share/mobilebot_hardware/environment/path.dsv
[0.175s] -- Up-to-date: /home/saeedbzrgn/Desktop/My-ROS2_Projects/My-ROS2-Humble/Tutorial_ROS2_Control/ROS2Ctrl_ws/install/mobilebot_hardware/share/mobilebot_hardware/local_setup.bash
[0.175s] -- Up-to-date: /home/saeedbzrgn/Desktop/My-ROS2_Projects/My-ROS2-Humble/Tutorial_ROS2_Control/ROS2Ctrl_ws/install/mobilebot_hardware/share/mobilebot_hardware/local_setup.sh
[0.175s] -- Up-to-date: /home/saeedbzrgn/Desktop/My-ROS2_Projects/My-ROS2-Humble/Tutorial_ROS2_Control/ROS2Ctrl_ws/install/mobilebot_hardware/share/mobilebot_hardware/local_setup.zsh
[0.176s] -- Up-to-date: /home/saeedbzrgn/Desktop/My-ROS2_Projects/My-ROS2-Humble/Tutorial_ROS2_Control/ROS2Ctrl_ws/install/mobilebot_hardware/share/mobilebot_hardware/local_setup.dsv
[0.176s] -- Installing: /home/saeedbzrgn/Desktop/My-ROS2_Projects/My-ROS2-Humble/Tutorial_ROS2_Control/ROS2Ctrl_ws/install/mobilebot_hardware/share/mobilebot_hardware/package.dsv
[0.176s] -- Up-to-date: /home/saeedbzrgn/Desktop/My-ROS2_Projects/My-ROS2-Humble/Tutorial_ROS2_Control/ROS2Ctrl_ws/install/mobilebot_hardware/share/ament_index/resource_index/packages/mobilebot_hardware
[0.176s] -- Up-to-date: /home/saeedbzrgn/Desktop/My-ROS2_Projects/My-ROS2-Humble/Tutorial_ROS2_Control/ROS2Ctrl_ws/install/mobilebot_hardware/share/ament_index/resource_index/hardware_interface__pluginlib__plugin/mobilebot_hardware
[0.176s] -- Up-to-date: /home/saeedbzrgn/Desktop/My-ROS2_Projects/My-ROS2-Humble/Tutorial_ROS2_Control/ROS2Ctrl_ws/install/mobilebot_hardware/share/mobilebot_hardware/cmake/ament_cmake_export_libraries-extras.cmake
[0.176s] -- Up-to-date: /home/saeedbzrgn/Desktop/My-ROS2_Projects/My-ROS2-Humble/Tutorial_ROS2_Control/ROS2Ctrl_ws/install/mobilebot_hardware/share/mobilebot_hardware/cmake/ament_cmake_export_dependencies-extras.cmake
[0.177s] -- Up-to-date: /home/saeedbzrgn/Desktop/My-ROS2_Projects/My-ROS2-Humble/Tutorial_ROS2_Control/ROS2Ctrl_ws/install/mobilebot_hardware/share/mobilebot_hardware/cmake/mobilebot_hardwareConfig.cmake
[0.177s] -- Up-to-date: /home/saeedbzrgn/Desktop/My-ROS2_Projects/My-ROS2-Humble/Tutorial_ROS2_Control/ROS2Ctrl_ws/install/mobilebot_hardware/share/mobilebot_hardware/cmake/mobilebot_hardwareConfig-version.cmake
[0.177s] -- Up-to-date: /home/saeedbzrgn/Desktop/My-ROS2_Projects/My-ROS2-Humble/Tutorial_ROS2_Control/ROS2Ctrl_ws/install/mobilebot_hardware/share/mobilebot_hardware/package.xml
[0.194s] Invoked command in '/home/saeedbzrgn/Desktop/My-ROS2_Projects/My-ROS2-Humble/Tutorial_ROS2_Control/ROS2Ctrl_ws/build/mobilebot_hardware' returned '0': CMAKE_PREFIX_PATH=${CMAKE_PREFIX_PATH}:/opt/ros/humble /usr/bin/cmake --install /home/saeedbzrgn/Desktop/My-ROS2_Projects/My-ROS2-Humble/Tutorial_ROS2_Control/ROS2Ctrl_ws/build/mobilebot_hardware
