[0.019s] Invoking command in '/home/saeedbzrgn/Desktop/My-ROS2_Projects/My-ROS2-Humble/ros2_esp32_blink_ws/build/gpio_pkg': CMAKE_PREFIX_PATH=${CMAKE_PREFIX_PATH}:/home/saeedbzrgn/STM32Cube/microros_ws/install/sensor_msgs_py:/opt/ros/humble /usr/bin/cmake --build /home/saeedbzrgn/Desktop/My-ROS2_Projects/My-ROS2-Humble/ros2_esp32_blink_ws/build/gpio_pkg -- -j4 -l4
[0.064s] -- Found ament_cmake: 1.3.12 (/opt/ros/humble/share/ament_cmake/cmake)
[0.261s] -- Found rclcpp: 16.0.15 (/opt/ros/humble/share/rclcpp/cmake)
[0.300s] -- Found rosidl_generator_c: 3.1.7 (/opt/ros/humble/share/rosidl_generator_c/cmake)
[0.303s] -- Found rosidl_adapter: 3.1.7 (/opt/ros/humble/share/rosidl_adapter/cmake)
[0.310s] -- Found rosidl_generator_cpp: 3.1.7 (/opt/ros/humble/share/rosidl_generator_cpp/cmake)
[0.323s] -- Using all available rosidl_typesupport_c: rosidl_typesupport_microxrcedds_c;rosidl_typesupport_fastrtps_c;rosidl_typesupport_introspection_c
[0.347s] -- Using all available rosidl_typesupport_cpp: rosidl_typesupport_microxrcedds_cpp;rosidl_typesupport_fastrtps_cpp;rosidl_typesupport_introspection_cpp
[0.393s] -- Found rmw_implementation_cmake: 6.1.2 (/opt/ros/humble/share/rmw_implementation_cmake/cmake)
[0.396s] -- Found rmw_cyclonedds_cpp: 1.3.4 (/opt/ros/humble/share/rmw_cyclonedds_cpp/cmake)
[0.418s] -- Using RMW implementation 'rmw_cyclonedds_cpp' as default
[0.576s] -- Configuring done
[0.582s] -- Generating done
[0.585s] -- Build files have been written to: /home/saeedbzrgn/Desktop/My-ROS2_Projects/My-ROS2-Humble/ros2_esp32_blink_ws/build/gpio_pkg
[0.631s] Invoked command in '/home/saeedbzrgn/Desktop/My-ROS2_Projects/My-ROS2-Humble/ros2_esp32_blink_ws/build/gpio_pkg' returned '0': CMAKE_PREFIX_PATH=${CMAKE_PREFIX_PATH}:/home/saeedbzrgn/STM32Cube/microros_ws/install/sensor_msgs_py:/opt/ros/humble /usr/bin/cmake --build /home/saeedbzrgn/Desktop/My-ROS2_Projects/My-ROS2-Humble/ros2_esp32_blink_ws/build/gpio_pkg -- -j4 -l4
[0.649s] Invoking command in '/home/saeedbzrgn/Desktop/My-ROS2_Projects/My-ROS2-Humble/ros2_esp32_blink_ws/build/gpio_pkg': CMAKE_PREFIX_PATH=${CMAKE_PREFIX_PATH}:/home/saeedbzrgn/STM32Cube/microros_ws/install/sensor_msgs_py:/opt/ros/humble /usr/bin/cmake --install /home/saeedbzrgn/Desktop/My-ROS2_Projects/My-ROS2-Humble/ros2_esp32_blink_ws/build/gpio_pkg
[0.666s] -- Install configuration: ""
[0.666s] -- Up-to-date: /home/saeedbzrgn/Desktop/My-ROS2_Projects/My-ROS2-Humble/ros2_esp32_blink_ws/install/gpio_pkg/share/ament_index/resource_index/package_run_dependencies/gpio_pkg
[0.666s] -- Up-to-date: /home/saeedbzrgn/Desktop/My-ROS2_Projects/My-ROS2-Humble/ros2_esp32_blink_ws/install/gpio_pkg/share/ament_index/resource_index/parent_prefix_path/gpio_pkg
[0.666s] -- Up-to-date: /home/saeedbzrgn/Desktop/My-ROS2_Projects/My-ROS2-Humble/ros2_esp32_blink_ws/install/gpio_pkg/share/gpio_pkg/environment/ament_prefix_path.sh
[0.666s] -- Installing: /home/saeedbzrgn/Desktop/My-ROS2_Projects/My-ROS2-Humble/ros2_esp32_blink_ws/install/gpio_pkg/share/gpio_pkg/environment/ament_prefix_path.dsv
[0.666s] -- Up-to-date: /home/saeedbzrgn/Desktop/My-ROS2_Projects/My-ROS2-Humble/ros2_esp32_blink_ws/install/gpio_pkg/share/gpio_pkg/environment/path.sh
[0.667s] -- Installing: /home/saeedbzrgn/Desktop/My-ROS2_Projects/My-ROS2-Humble/ros2_esp32_blink_ws/install/gpio_pkg/share/gpio_pkg/environment/path.dsv
[0.667s] -- Up-to-date: /home/saeedbzrgn/Desktop/My-ROS2_Projects/My-ROS2-Humble/ros2_esp32_blink_ws/install/gpio_pkg/share/gpio_pkg/local_setup.bash
[0.667s] -- Up-to-date: /home/saeedbzrgn/Desktop/My-ROS2_Projects/My-ROS2-Humble/ros2_esp32_blink_ws/install/gpio_pkg/share/gpio_pkg/local_setup.sh
[0.667s] -- Up-to-date: /home/saeedbzrgn/Desktop/My-ROS2_Projects/My-ROS2-Humble/ros2_esp32_blink_ws/install/gpio_pkg/share/gpio_pkg/local_setup.zsh
[0.667s] -- Installing: /home/saeedbzrgn/Desktop/My-ROS2_Projects/My-ROS2-Humble/ros2_esp32_blink_ws/install/gpio_pkg/share/gpio_pkg/local_setup.dsv
[0.667s] -- Installing: /home/saeedbzrgn/Desktop/My-ROS2_Projects/My-ROS2-Humble/ros2_esp32_blink_ws/install/gpio_pkg/share/gpio_pkg/package.dsv
[0.668s] -- Up-to-date: /home/saeedbzrgn/Desktop/My-ROS2_Projects/My-ROS2-Humble/ros2_esp32_blink_ws/install/gpio_pkg/share/ament_index/resource_index/packages/gpio_pkg
[0.668s] -- Up-to-date: /home/saeedbzrgn/Desktop/My-ROS2_Projects/My-ROS2-Humble/ros2_esp32_blink_ws/install/gpio_pkg/share/gpio_pkg/cmake/gpio_pkgConfig.cmake
[0.668s] -- Up-to-date: /home/saeedbzrgn/Desktop/My-ROS2_Projects/My-ROS2-Humble/ros2_esp32_blink_ws/install/gpio_pkg/share/gpio_pkg/cmake/gpio_pkgConfig-version.cmake
[0.668s] -- Up-to-date: /home/saeedbzrgn/Desktop/My-ROS2_Projects/My-ROS2-Humble/ros2_esp32_blink_ws/install/gpio_pkg/share/gpio_pkg/package.xml
[0.670s] Invoked command in '/home/saeedbzrgn/Desktop/My-ROS2_Projects/My-ROS2-Humble/ros2_esp32_blink_ws/build/gpio_pkg' returned '0': CMAKE_PREFIX_PATH=${CMAKE_PREFIX_PATH}:/home/saeedbzrgn/STM32Cube/microros_ws/install/sensor_msgs_py:/opt/ros/humble /usr/bin/cmake --install /home/saeedbzrgn/Desktop/My-ROS2_Projects/My-ROS2-Humble/ros2_esp32_blink_ws/build/gpio_pkg
