-- Found ament_cmake: 1.3.11 (/opt/ros/humble/share/ament_cmake/cmake)
-- Configuring done
-- Generating done
-- Build files have been written to: /home/sbzrobot/ROS2-Projects/My-ROS2_Projects/My-ROS2-Humble/Tutorial_MobileRobot/mobilebot_ws/build/mobilebot_description
-- Install configuration: ""
-- Up-to-date: /home/sbzrobot/ROS2-Projects/My-ROS2_Projects/My-ROS2-Humble/Tutorial_MobileRobot/mobilebot_ws/install/mobilebot_description/share/mobilebot_description//urdf
-- Up-to-date: /home/sbzrobot/ROS2-Projects/My-ROS2_Projects/My-ROS2-Humble/Tutorial_MobileRobot/mobilebot_ws/install/mobilebot_description/share/mobilebot_description//urdf/mobilebot.urdf
-- Installing: /home/sbzrobot/ROS2-Projects/My-ROS2_Projects/My-ROS2-Humble/Tutorial_MobileRobot/mobilebot_ws/install/mobilebot_description/share/mobilebot_description//launch
-- Installing: /home/sbzrobot/ROS2-Projects/My-ROS2_Projects/My-ROS2-Humble/Tutorial_MobileRobot/mobilebot_ws/install/mobilebot_description/share/mobilebot_description//launch/display.launch.py
-- Up-to-date: /home/sbzrobot/ROS2-Projects/My-ROS2_Projects/My-ROS2-Humble/Tutorial_MobileRobot/mobilebot_ws/install/mobilebot_description/share/ament_index/resource_index/package_run_dependencies/mobilebot_description
-- Up-to-date: /home/sbzrobot/ROS2-Projects/My-ROS2_Projects/My-ROS2-Humble/Tutorial_MobileRobot/mobilebot_ws/install/mobilebot_description/share/ament_index/resource_index/parent_prefix_path/mobilebot_description
-- Up-to-date: /home/sbzrobot/ROS2-Projects/My-ROS2_Projects/My-ROS2-Humble/Tutorial_MobileRobot/mobilebot_ws/install/mobilebot_description/share/mobilebot_description/environment/ament_prefix_path.sh
-- Installing: /home/sbzrobot/ROS2-Projects/My-ROS2_Projects/My-ROS2-Humble/Tutorial_MobileRobot/mobilebot_ws/install/mobilebot_description/share/mobilebot_description/environment/ament_prefix_path.dsv
-- Up-to-date: /home/sbzrobot/ROS2-Projects/My-ROS2_Projects/My-ROS2-Humble/Tutorial_MobileRobot/mobilebot_ws/install/mobilebot_description/share/mobilebot_description/environment/path.sh
-- Installing: /home/sbzrobot/ROS2-Projects/My-ROS2_Projects/My-ROS2-Humble/Tutorial_MobileRobot/mobilebot_ws/install/mobilebot_description/share/mobilebot_description/environment/path.dsv
-- Up-to-date: /home/sbzrobot/ROS2-Projects/My-ROS2_Projects/My-ROS2-Humble/Tutorial_MobileRobot/mobilebot_ws/install/mobilebot_description/share/mobilebot_description/local_setup.bash
-- Up-to-date: /home/sbzrobot/ROS2-Projects/My-ROS2_Projects/My-ROS2-Humble/Tutorial_MobileRobot/mobilebot_ws/install/mobilebot_description/share/mobilebot_description/local_setup.sh
-- Up-to-date: /home/sbzrobot/ROS2-Projects/My-ROS2_Projects/My-ROS2-Humble/Tutorial_MobileRobot/mobilebot_ws/install/mobilebot_description/share/mobilebot_description/local_setup.zsh
-- Installing: /home/sbzrobot/ROS2-Projects/My-ROS2_Projects/My-ROS2-Humble/Tutorial_MobileRobot/mobilebot_ws/install/mobilebot_description/share/mobilebot_description/local_setup.dsv
-- Installing: /home/sbzrobot/ROS2-Projects/My-ROS2_Projects/My-ROS2-Humble/Tutorial_MobileRobot/mobilebot_ws/install/mobilebot_description/share/mobilebot_description/package.dsv
-- Up-to-date: /home/sbzrobot/ROS2-Projects/My-ROS2_Projects/My-ROS2-Humble/Tutorial_MobileRobot/mobilebot_ws/install/mobilebot_description/share/ament_index/resource_index/packages/mobilebot_description
-- Up-to-date: /home/sbzrobot/ROS2-Projects/My-ROS2_Projects/My-ROS2-Humble/Tutorial_MobileRobot/mobilebot_ws/install/mobilebot_description/share/mobilebot_description/cmake/mobilebot_descriptionConfig.cmake
-- Up-to-date: /home/sbzrobot/ROS2-Projects/My-ROS2_Projects/My-ROS2-Humble/Tutorial_MobileRobot/mobilebot_ws/install/mobilebot_description/share/mobilebot_description/cmake/mobilebot_descriptionConfig-version.cmake
-- Up-to-date: /home/sbzrobot/ROS2-Projects/My-ROS2_Projects/My-ROS2-Humble/Tutorial_MobileRobot/mobilebot_ws/install/mobilebot_description/share/mobilebot_description/package.xml
