[  2%] Built target talk_to_mcu_interfaces__rosidl_generator_type_description
[  5%] Built target talk_to_mcu_interfaces__rs
[  5%] Built target ament_cmake_python_copy_talk_to_mcu_interfaces
[  8%] Built target talk_to_mcu_interfaces__cpp
[ 22%] Built target talk_to_mcu_interfaces__rosidl_generator_c
[ 31%] Built target talk_to_mcu_interfaces__rosidl_typesupport_introspection_cpp
[ 40%] Built target talk_to_mcu_interfaces__rosidl_typesupport_cpp
[ 48%] Built target talk_to_mcu_interfaces__rosidl_typesupport_fastrtps_c
[ 57%] Built target talk_to_mcu_interfaces__rosidl_typesupport_fastrtps_cpp
[ 65%] Built target talk_to_mcu_interfaces__rosidl_typesupport_introspection_c
[ 74%] Built target talk_to_mcu_interfaces__rosidl_typesupport_c
[ 74%] Built target talk_to_mcu_interfaces
[ 77%] Built target talk_to_mcu_interfaces__py
[ 82%] Built target talk_to_mcu_interfaces__rosidl_generator_py
[ 88%] Built target talk_to_mcu_interfaces_s__rosidl_typesupport_introspection_c
[ 94%] Built target talk_to_mcu_interfaces_s__rosidl_typesupport_c
[100%] Built target talk_to_mcu_interfaces_s__rosidl_typesupport_fastrtps_c
running egg_info
writing talk_to_mcu_interfaces.egg-info/PKG-INFO
writing dependency_links to talk_to_mcu_interfaces.egg-info/dependency_links.txt
writing top-level names to talk_to_mcu_interfaces.egg-info/top_level.txt
reading manifest file 'talk_to_mcu_interfaces.egg-info/SOURCES.txt'
writing manifest file 'talk_to_mcu_interfaces.egg-info/SOURCES.txt'
[100%] Built target ament_cmake_python_build_talk_to_mcu_interfaces_egg
-- Install configuration: ""
-- Up-to-date: /home/sbzrgn/Desktop/My-ROS2_Projects/My-ROS2/TalktoMCU_without_uROS/install/talk_to_mcu_interfaces/share/ament_index/resource_index/rosidl_interfaces/talk_to_mcu_interfaces
-- Up-to-date: /home/sbzrgn/Desktop/My-ROS2_Projects/My-ROS2/TalktoMCU_without_uROS/install/talk_to_mcu_interfaces/share/talk_to_mcu_interfaces/msg/Num.json
-- Up-to-date: /home/sbzrgn/Desktop/My-ROS2_Projects/My-ROS2/TalktoMCU_without_uROS/install/talk_to_mcu_interfaces/include/talk_to_mcu_interfaces/talk_to_mcu_interfaces
-- Up-to-date: /home/sbzrgn/Desktop/My-ROS2_Projects/My-ROS2/TalktoMCU_without_uROS/install/talk_to_mcu_interfaces/include/talk_to_mcu_interfaces/talk_to_mcu_interfaces/msg
-- Up-to-date: /home/sbzrgn/Desktop/My-ROS2_Projects/My-ROS2/TalktoMCU_without_uROS/install/talk_to_mcu_interfaces/include/talk_to_mcu_interfaces/talk_to_mcu_interfaces/msg/num.h
-- Up-to-date: /home/sbzrgn/Desktop/My-ROS2_Projects/My-ROS2/TalktoMCU_without_uROS/install/talk_to_mcu_interfaces/include/talk_to_mcu_interfaces/talk_to_mcu_interfaces/msg/detail
-- Up-to-date: /home/sbzrgn/Desktop/My-ROS2_Projects/My-ROS2/TalktoMCU_without_uROS/install/talk_to_mcu_interfaces/include/talk_to_mcu_interfaces/talk_to_mcu_interfaces/msg/detail/num__description.c
-- Installing: /home/sbzrgn/Desktop/My-ROS2_Projects/My-ROS2/TalktoMCU_without_uROS/install/talk_to_mcu_interfaces/include/talk_to_mcu_interfaces/talk_to_mcu_interfaces/msg/detail/num__type_support.c
-- Up-to-date: /home/sbzrgn/Desktop/My-ROS2_Projects/My-ROS2/TalktoMCU_without_uROS/install/talk_to_mcu_interfaces/include/talk_to_mcu_interfaces/talk_to_mcu_interfaces/msg/detail/num__functions.c
-- Up-to-date: /home/sbzrgn/Desktop/My-ROS2_Projects/My-ROS2/TalktoMCU_without_uROS/install/talk_to_mcu_interfaces/include/talk_to_mcu_interfaces/talk_to_mcu_interfaces/msg/detail/num__struct.h
-- Up-to-date: /home/sbzrgn/Desktop/My-ROS2_Projects/My-ROS2/TalktoMCU_without_uROS/install/talk_to_mcu_interfaces/include/talk_to_mcu_interfaces/talk_to_mcu_interfaces/msg/detail/num__functions.h
-- Up-to-date: /home/sbzrgn/Desktop/My-ROS2_Projects/My-ROS2/TalktoMCU_without_uROS/install/talk_to_mcu_interfaces/include/talk_to_mcu_interfaces/talk_to_mcu_interfaces/msg/detail/num__type_support.h
-- Up-to-date: /home/sbzrgn/Desktop/My-ROS2_Projects/My-ROS2/TalktoMCU_without_uROS/install/talk_to_mcu_interfaces/include/talk_to_mcu_interfaces/talk_to_mcu_interfaces/msg/rosidl_generator_c__visibility_control.h
-- Up-to-date: /home/sbzrgn/Desktop/My-ROS2_Projects/My-ROS2/TalktoMCU_without_uROS/install/talk_to_mcu_interfaces/share/talk_to_mcu_interfaces/environment/library_path.sh
-- Up-to-date: /home/sbzrgn/Desktop/My-ROS2_Projects/My-ROS2/TalktoMCU_without_uROS/install/talk_to_mcu_interfaces/share/talk_to_mcu_interfaces/environment/library_path.dsv
-- Up-to-date: /home/sbzrgn/Desktop/My-ROS2_Projects/My-ROS2/TalktoMCU_without_uROS/install/talk_to_mcu_interfaces/lib/libtalk_to_mcu_interfaces__rosidl_generator_c.so
-- Up-to-date: /home/sbzrgn/Desktop/My-ROS2_Projects/My-ROS2/TalktoMCU_without_uROS/install/talk_to_mcu_interfaces/include/talk_to_mcu_interfaces/talk_to_mcu_interfaces
-- Up-to-date: /home/sbzrgn/Desktop/My-ROS2_Projects/My-ROS2/TalktoMCU_without_uROS/install/talk_to_mcu_interfaces/include/talk_to_mcu_interfaces/talk_to_mcu_interfaces/msg
-- Up-to-date: /home/sbzrgn/Desktop/My-ROS2_Projects/My-ROS2/TalktoMCU_without_uROS/install/talk_to_mcu_interfaces/include/talk_to_mcu_interfaces/talk_to_mcu_interfaces/msg/detail
-- Up-to-date: /home/sbzrgn/Desktop/My-ROS2_Projects/My-ROS2/TalktoMCU_without_uROS/install/talk_to_mcu_interfaces/include/talk_to_mcu_interfaces/talk_to_mcu_interfaces/msg/detail/num__rosidl_typesupport_fastrtps_c.h
-- Up-to-date: /home/sbzrgn/Desktop/My-ROS2_Projects/My-ROS2/TalktoMCU_without_uROS/install/talk_to_mcu_interfaces/include/talk_to_mcu_interfaces/talk_to_mcu_interfaces/msg/rosidl_typesupport_fastrtps_c__visibility_control.h
-- Up-to-date: /home/sbzrgn/Desktop/My-ROS2_Projects/My-ROS2/TalktoMCU_without_uROS/install/talk_to_mcu_interfaces/lib/libtalk_to_mcu_interfaces__rosidl_typesupport_fastrtps_c.so
-- Up-to-date: /home/sbzrgn/Desktop/My-ROS2_Projects/My-ROS2/TalktoMCU_without_uROS/install/talk_to_mcu_interfaces/include/talk_to_mcu_interfaces/talk_to_mcu_interfaces
-- Up-to-date: /home/sbzrgn/Desktop/My-ROS2_Projects/My-ROS2/TalktoMCU_without_uROS/install/talk_to_mcu_interfaces/include/talk_to_mcu_interfaces/talk_to_mcu_interfaces/msg
-- Up-to-date: /home/sbzrgn/Desktop/My-ROS2_Projects/My-ROS2/TalktoMCU_without_uROS/install/talk_to_mcu_interfaces/include/talk_to_mcu_interfaces/talk_to_mcu_interfaces/msg/detail
-- Up-to-date: /home/sbzrgn/Desktop/My-ROS2_Projects/My-ROS2/TalktoMCU_without_uROS/install/talk_to_mcu_interfaces/include/talk_to_mcu_interfaces/talk_to_mcu_interfaces/msg/detail/num__rosidl_typesupport_introspection_c.h
-- Installing: /home/sbzrgn/Desktop/My-ROS2_Projects/My-ROS2/TalktoMCU_without_uROS/install/talk_to_mcu_interfaces/include/talk_to_mcu_interfaces/talk_to_mcu_interfaces/msg/detail/num__type_support.c
-- Up-to-date: /home/sbzrgn/Desktop/My-ROS2_Projects/My-ROS2/TalktoMCU_without_uROS/install/talk_to_mcu_interfaces/include/talk_to_mcu_interfaces/talk_to_mcu_interfaces/msg/rosidl_typesupport_introspection_c__visibility_control.h
-- Up-to-date: /home/sbzrgn/Desktop/My-ROS2_Projects/My-ROS2/TalktoMCU_without_uROS/install/talk_to_mcu_interfaces/lib/libtalk_to_mcu_interfaces__rosidl_typesupport_introspection_c.so
-- Up-to-date: /home/sbzrgn/Desktop/My-ROS2_Projects/My-ROS2/TalktoMCU_without_uROS/install/talk_to_mcu_interfaces/lib/libtalk_to_mcu_interfaces__rosidl_typesupport_c.so
-- Up-to-date: /home/sbzrgn/Desktop/My-ROS2_Projects/My-ROS2/TalktoMCU_without_uROS/install/talk_to_mcu_interfaces/include/talk_to_mcu_interfaces/talk_to_mcu_interfaces
-- Up-to-date: /home/sbzrgn/Desktop/My-ROS2_Projects/My-ROS2/TalktoMCU_without_uROS/install/talk_to_mcu_interfaces/include/talk_to_mcu_interfaces/talk_to_mcu_interfaces/msg
-- Up-to-date: /home/sbzrgn/Desktop/My-ROS2_Projects/My-ROS2/TalktoMCU_without_uROS/install/talk_to_mcu_interfaces/include/talk_to_mcu_interfaces/talk_to_mcu_interfaces/msg/num.hpp
-- Up-to-date: /home/sbzrgn/Desktop/My-ROS2_Projects/My-ROS2/TalktoMCU_without_uROS/install/talk_to_mcu_interfaces/include/talk_to_mcu_interfaces/talk_to_mcu_interfaces/msg/rosidl_generator_cpp__visibility_control.hpp
-- Up-to-date: /home/sbzrgn/Desktop/My-ROS2_Projects/My-ROS2/TalktoMCU_without_uROS/install/talk_to_mcu_interfaces/include/talk_to_mcu_interfaces/talk_to_mcu_interfaces/msg/detail
-- Up-to-date: /home/sbzrgn/Desktop/My-ROS2_Projects/My-ROS2/TalktoMCU_without_uROS/install/talk_to_mcu_interfaces/include/talk_to_mcu_interfaces/talk_to_mcu_interfaces/msg/detail/num__traits.hpp
-- Up-to-date: /home/sbzrgn/Desktop/My-ROS2_Projects/My-ROS2/TalktoMCU_without_uROS/install/talk_to_mcu_interfaces/include/talk_to_mcu_interfaces/talk_to_mcu_interfaces/msg/detail/num__struct.hpp
-- Up-to-date: /home/sbzrgn/Desktop/My-ROS2_Projects/My-ROS2/TalktoMCU_without_uROS/install/talk_to_mcu_interfaces/include/talk_to_mcu_interfaces/talk_to_mcu_interfaces/msg/detail/num__builder.hpp
-- Up-to-date: /home/sbzrgn/Desktop/My-ROS2_Projects/My-ROS2/TalktoMCU_without_uROS/install/talk_to_mcu_interfaces/include/talk_to_mcu_interfaces/talk_to_mcu_interfaces/msg/detail/num__type_support.hpp
-- Up-to-date: /home/sbzrgn/Desktop/My-ROS2_Projects/My-ROS2/TalktoMCU_without_uROS/install/talk_to_mcu_interfaces/include/talk_to_mcu_interfaces/talk_to_mcu_interfaces
-- Up-to-date: /home/sbzrgn/Desktop/My-ROS2_Projects/My-ROS2/TalktoMCU_without_uROS/install/talk_to_mcu_interfaces/include/talk_to_mcu_interfaces/talk_to_mcu_interfaces/msg
-- Up-to-date: /home/sbzrgn/Desktop/My-ROS2_Projects/My-ROS2/TalktoMCU_without_uROS/install/talk_to_mcu_interfaces/include/talk_to_mcu_interfaces/talk_to_mcu_interfaces/msg/rosidl_typesupport_fastrtps_cpp__visibility_control.h
-- Up-to-date: /home/sbzrgn/Desktop/My-ROS2_Projects/My-ROS2/TalktoMCU_without_uROS/install/talk_to_mcu_interfaces/include/talk_to_mcu_interfaces/talk_to_mcu_interfaces/msg/detail
-- Up-to-date: /home/sbzrgn/Desktop/My-ROS2_Projects/My-ROS2/TalktoMCU_without_uROS/install/talk_to_mcu_interfaces/include/talk_to_mcu_interfaces/talk_to_mcu_interfaces/msg/detail/dds_fastrtps
-- Up-to-date: /home/sbzrgn/Desktop/My-ROS2_Projects/My-ROS2/TalktoMCU_without_uROS/install/talk_to_mcu_interfaces/include/talk_to_mcu_interfaces/talk_to_mcu_interfaces/msg/detail/num__rosidl_typesupport_fastrtps_cpp.hpp
-- Up-to-date: /home/sbzrgn/Desktop/My-ROS2_Projects/My-ROS2/TalktoMCU_without_uROS/install/talk_to_mcu_interfaces/lib/libtalk_to_mcu_interfaces__rosidl_typesupport_fastrtps_cpp.so
-- Up-to-date: /home/sbzrgn/Desktop/My-ROS2_Projects/My-ROS2/TalktoMCU_without_uROS/install/talk_to_mcu_interfaces/include/talk_to_mcu_interfaces/talk_to_mcu_interfaces
-- Up-to-date: /home/sbzrgn/Desktop/My-ROS2_Projects/My-ROS2/TalktoMCU_without_uROS/install/talk_to_mcu_interfaces/include/talk_to_mcu_interfaces/talk_to_mcu_interfaces/msg
-- Up-to-date: /home/sbzrgn/Desktop/My-ROS2_Projects/My-ROS2/TalktoMCU_without_uROS/install/talk_to_mcu_interfaces/include/talk_to_mcu_interfaces/talk_to_mcu_interfaces/msg/detail
-- Up-to-date: /home/sbzrgn/Desktop/My-ROS2_Projects/My-ROS2/TalktoMCU_without_uROS/install/talk_to_mcu_interfaces/include/talk_to_mcu_interfaces/talk_to_mcu_interfaces/msg/detail/num__type_support.cpp
-- Up-to-date: /home/sbzrgn/Desktop/My-ROS2_Projects/My-ROS2/TalktoMCU_without_uROS/install/talk_to_mcu_interfaces/include/talk_to_mcu_interfaces/talk_to_mcu_interfaces/msg/detail/num__rosidl_typesupport_introspection_cpp.hpp
-- Up-to-date: /home/sbzrgn/Desktop/My-ROS2_Projects/My-ROS2/TalktoMCU_without_uROS/install/talk_to_mcu_interfaces/lib/libtalk_to_mcu_interfaces__rosidl_typesupport_introspection_cpp.so
-- Up-to-date: /home/sbzrgn/Desktop/My-ROS2_Projects/My-ROS2/TalktoMCU_without_uROS/install/talk_to_mcu_interfaces/lib/libtalk_to_mcu_interfaces__rosidl_typesupport_cpp.so
-- Up-to-date: /home/sbzrgn/Desktop/My-ROS2_Projects/My-ROS2/TalktoMCU_without_uROS/install/talk_to_mcu_interfaces/share/talk_to_mcu_interfaces/environment/pythonpath.sh
-- Up-to-date: /home/sbzrgn/Desktop/My-ROS2_Projects/My-ROS2/TalktoMCU_without_uROS/install/talk_to_mcu_interfaces/share/talk_to_mcu_interfaces/environment/pythonpath.dsv
-- Up-to-date: /home/sbzrgn/Desktop/My-ROS2_Projects/My-ROS2/TalktoMCU_without_uROS/install/talk_to_mcu_interfaces/lib/python3.12/site-packages/talk_to_mcu_interfaces-0.0.0-py3.12.egg-info
-- Installing: /home/sbzrgn/Desktop/My-ROS2_Projects/My-ROS2/TalktoMCU_without_uROS/install/talk_to_mcu_interfaces/lib/python3.12/site-packages/talk_to_mcu_interfaces-0.0.0-py3.12.egg-info/PKG-INFO
-- Installing: /home/sbzrgn/Desktop/My-ROS2_Projects/My-ROS2/TalktoMCU_without_uROS/install/talk_to_mcu_interfaces/lib/python3.12/site-packages/talk_to_mcu_interfaces-0.0.0-py3.12.egg-info/top_level.txt
-- Installing: /home/sbzrgn/Desktop/My-ROS2_Projects/My-ROS2/TalktoMCU_without_uROS/install/talk_to_mcu_interfaces/lib/python3.12/site-packages/talk_to_mcu_interfaces-0.0.0-py3.12.egg-info/dependency_links.txt
-- Installing: /home/sbzrgn/Desktop/My-ROS2_Projects/My-ROS2/TalktoMCU_without_uROS/install/talk_to_mcu_interfaces/lib/python3.12/site-packages/talk_to_mcu_interfaces-0.0.0-py3.12.egg-info/SOURCES.txt
-- Up-to-date: /home/sbzrgn/Desktop/My-ROS2_Projects/My-ROS2/TalktoMCU_without_uROS/install/talk_to_mcu_interfaces/lib/python3.12/site-packages/talk_to_mcu_interfaces
-- Up-to-date: /home/sbzrgn/Desktop/My-ROS2_Projects/My-ROS2/TalktoMCU_without_uROS/install/talk_to_mcu_interfaces/lib/python3.12/site-packages/talk_to_mcu_interfaces/_talk_to_mcu_interfaces_s.ep.rosidl_typesupport_introspection_c.c
-- Up-to-date: /home/sbzrgn/Desktop/My-ROS2_Projects/My-ROS2/TalktoMCU_without_uROS/install/talk_to_mcu_interfaces/lib/python3.12/site-packages/talk_to_mcu_interfaces/_talk_to_mcu_interfaces_s.ep.rosidl_typesupport_c.c
-- Up-to-date: /home/sbzrgn/Desktop/My-ROS2_Projects/My-ROS2/TalktoMCU_without_uROS/install/talk_to_mcu_interfaces/lib/python3.12/site-packages/talk_to_mcu_interfaces/talk_to_mcu_interfaces_s__rosidl_typesupport_fastrtps_c.so
-- Up-to-date: /home/sbzrgn/Desktop/My-ROS2_Projects/My-ROS2/TalktoMCU_without_uROS/install/talk_to_mcu_interfaces/lib/python3.12/site-packages/talk_to_mcu_interfaces/talk_to_mcu_interfaces_s__rosidl_typesupport_c.so
-- Up-to-date: /home/sbzrgn/Desktop/My-ROS2_Projects/My-ROS2/TalktoMCU_without_uROS/install/talk_to_mcu_interfaces/lib/python3.12/site-packages/talk_to_mcu_interfaces/msg
-- Up-to-date: /home/sbzrgn/Desktop/My-ROS2_Projects/My-ROS2/TalktoMCU_without_uROS/install/talk_to_mcu_interfaces/lib/python3.12/site-packages/talk_to_mcu_interfaces/msg/_num_s.c
-- Up-to-date: /home/sbzrgn/Desktop/My-ROS2_Projects/My-ROS2/TalktoMCU_without_uROS/install/talk_to_mcu_interfaces/lib/python3.12/site-packages/talk_to_mcu_interfaces/msg/_num.py
-- Up-to-date: /home/sbzrgn/Desktop/My-ROS2_Projects/My-ROS2/TalktoMCU_without_uROS/install/talk_to_mcu_interfaces/lib/python3.12/site-packages/talk_to_mcu_interfaces/msg/__init__.py
-- Up-to-date: /home/sbzrgn/Desktop/My-ROS2_Projects/My-ROS2/TalktoMCU_without_uROS/install/talk_to_mcu_interfaces/lib/python3.12/site-packages/talk_to_mcu_interfaces/_talk_to_mcu_interfaces_s.ep.rosidl_typesupport_fastrtps_c.c
-- Up-to-date: /home/sbzrgn/Desktop/My-ROS2_Projects/My-ROS2/TalktoMCU_without_uROS/install/talk_to_mcu_interfaces/lib/python3.12/site-packages/talk_to_mcu_interfaces/__init__.py
-- Up-to-date: /home/sbzrgn/Desktop/My-ROS2_Projects/My-ROS2/TalktoMCU_without_uROS/install/talk_to_mcu_interfaces/lib/python3.12/site-packages/talk_to_mcu_interfaces/talk_to_mcu_interfaces_s__rosidl_typesupport_introspection_c.so
Listing '/home/sbzrgn/Desktop/My-ROS2_Projects/My-ROS2/TalktoMCU_without_uROS/install/talk_to_mcu_interfaces/lib/python3.12/site-packages/talk_to_mcu_interfaces'...
Listing '/home/sbzrgn/Desktop/My-ROS2_Projects/My-ROS2/TalktoMCU_without_uROS/install/talk_to_mcu_interfaces/lib/python3.12/site-packages/talk_to_mcu_interfaces/msg'...
-- Up-to-date: /home/sbzrgn/Desktop/My-ROS2_Projects/My-ROS2/TalktoMCU_without_uROS/install/talk_to_mcu_interfaces/lib/python3.12/site-packages/talk_to_mcu_interfaces/talk_to_mcu_interfaces_s__rosidl_typesupport_fastrtps_c.so
-- Up-to-date: /home/sbzrgn/Desktop/My-ROS2_Projects/My-ROS2/TalktoMCU_without_uROS/install/talk_to_mcu_interfaces/lib/python3.12/site-packages/talk_to_mcu_interfaces/talk_to_mcu_interfaces_s__rosidl_typesupport_introspection_c.so
-- Up-to-date: /home/sbzrgn/Desktop/My-ROS2_Projects/My-ROS2/TalktoMCU_without_uROS/install/talk_to_mcu_interfaces/lib/python3.12/site-packages/talk_to_mcu_interfaces/talk_to_mcu_interfaces_s__rosidl_typesupport_c.so
-- Up-to-date: /home/sbzrgn/Desktop/My-ROS2_Projects/My-ROS2/TalktoMCU_without_uROS/install/talk_to_mcu_interfaces/lib/libtalk_to_mcu_interfaces__rosidl_generator_py.so
-- Up-to-date: /home/sbzrgn/Desktop/My-ROS2_Projects/My-ROS2/TalktoMCU_without_uROS/install/talk_to_mcu_interfaces/share/ament_index/resource_index/rust_packages/talk_to_mcu_interfaces
-- Up-to-date: /home/sbzrgn/Desktop/My-ROS2_Projects/My-ROS2/TalktoMCU_without_uROS/install/talk_to_mcu_interfaces/share/talk_to_mcu_interfaces/rust
-- Up-to-date: /home/sbzrgn/Desktop/My-ROS2_Projects/My-ROS2/TalktoMCU_without_uROS/install/talk_to_mcu_interfaces/share/talk_to_mcu_interfaces/rust/src
-- Up-to-date: /home/sbzrgn/Desktop/My-ROS2_Projects/My-ROS2/TalktoMCU_without_uROS/install/talk_to_mcu_interfaces/share/talk_to_mcu_interfaces/rust/src/lib.rs
-- Up-to-date: /home/sbzrgn/Desktop/My-ROS2_Projects/My-ROS2/TalktoMCU_without_uROS/install/talk_to_mcu_interfaces/share/talk_to_mcu_interfaces/rust/src/msg.rs
-- Up-to-date: /home/sbzrgn/Desktop/My-ROS2_Projects/My-ROS2/TalktoMCU_without_uROS/install/talk_to_mcu_interfaces/share/talk_to_mcu_interfaces/rust/src/msg
-- Up-to-date: /home/sbzrgn/Desktop/My-ROS2_Projects/My-ROS2/TalktoMCU_without_uROS/install/talk_to_mcu_interfaces/share/talk_to_mcu_interfaces/rust/src/msg/rmw.rs
-- Up-to-date: /home/sbzrgn/Desktop/My-ROS2_Projects/My-ROS2/TalktoMCU_without_uROS/install/talk_to_mcu_interfaces/share/talk_to_mcu_interfaces/rust/Cargo.toml
-- Up-to-date: /home/sbzrgn/Desktop/My-ROS2_Projects/My-ROS2/TalktoMCU_without_uROS/install/talk_to_mcu_interfaces/share/talk_to_mcu_interfaces/rust/build.rs
-- Up-to-date: /home/sbzrgn/Desktop/My-ROS2_Projects/My-ROS2/TalktoMCU_without_uROS/install/talk_to_mcu_interfaces/share/talk_to_mcu_interfaces/msg/Num.idl
-- Up-to-date: /home/sbzrgn/Desktop/My-ROS2_Projects/My-ROS2/TalktoMCU_without_uROS/install/talk_to_mcu_interfaces/share/talk_to_mcu_interfaces/msg/Num.msg
-- Up-to-date: /home/sbzrgn/Desktop/My-ROS2_Projects/My-ROS2/TalktoMCU_without_uROS/install/talk_to_mcu_interfaces/share/ament_index/resource_index/package_run_dependencies/talk_to_mcu_interfaces
-- Up-to-date: /home/sbzrgn/Desktop/My-ROS2_Projects/My-ROS2/TalktoMCU_without_uROS/install/talk_to_mcu_interfaces/share/ament_index/resource_index/parent_prefix_path/talk_to_mcu_interfaces
-- Up-to-date: /home/sbzrgn/Desktop/My-ROS2_Projects/My-ROS2/TalktoMCU_without_uROS/install/talk_to_mcu_interfaces/share/talk_to_mcu_interfaces/environment/ament_prefix_path.sh
-- Up-to-date: /home/sbzrgn/Desktop/My-ROS2_Projects/My-ROS2/TalktoMCU_without_uROS/install/talk_to_mcu_interfaces/share/talk_to_mcu_interfaces/environment/ament_prefix_path.dsv
-- Up-to-date: /home/sbzrgn/Desktop/My-ROS2_Projects/My-ROS2/TalktoMCU_without_uROS/install/talk_to_mcu_interfaces/share/talk_to_mcu_interfaces/environment/path.sh
-- Up-to-date: /home/sbzrgn/Desktop/My-ROS2_Projects/My-ROS2/TalktoMCU_without_uROS/install/talk_to_mcu_interfaces/share/talk_to_mcu_interfaces/environment/path.dsv
-- Up-to-date: /home/sbzrgn/Desktop/My-ROS2_Projects/My-ROS2/TalktoMCU_without_uROS/install/talk_to_mcu_interfaces/share/talk_to_mcu_interfaces/local_setup.bash
-- Up-to-date: /home/sbzrgn/Desktop/My-ROS2_Projects/My-ROS2/TalktoMCU_without_uROS/install/talk_to_mcu_interfaces/share/talk_to_mcu_interfaces/local_setup.sh
-- Up-to-date: /home/sbzrgn/Desktop/My-ROS2_Projects/My-ROS2/TalktoMCU_without_uROS/install/talk_to_mcu_interfaces/share/talk_to_mcu_interfaces/local_setup.zsh
-- Up-to-date: /home/sbzrgn/Desktop/My-ROS2_Projects/My-ROS2/TalktoMCU_without_uROS/install/talk_to_mcu_interfaces/share/talk_to_mcu_interfaces/local_setup.dsv
-- Installing: /home/sbzrgn/Desktop/My-ROS2_Projects/My-ROS2/TalktoMCU_without_uROS/install/talk_to_mcu_interfaces/share/talk_to_mcu_interfaces/package.dsv
-- Up-to-date: /home/sbzrgn/Desktop/My-ROS2_Projects/My-ROS2/TalktoMCU_without_uROS/install/talk_to_mcu_interfaces/share/ament_index/resource_index/packages/talk_to_mcu_interfaces
-- Up-to-date: /home/sbzrgn/Desktop/My-ROS2_Projects/My-ROS2/TalktoMCU_without_uROS/install/talk_to_mcu_interfaces/share/talk_to_mcu_interfaces/cmake/export_talk_to_mcu_interfaces__rosidl_generator_cExport.cmake
-- Up-to-date: /home/sbzrgn/Desktop/My-ROS2_Projects/My-ROS2/TalktoMCU_without_uROS/install/talk_to_mcu_interfaces/share/talk_to_mcu_interfaces/cmake/export_talk_to_mcu_interfaces__rosidl_generator_cExport-noconfig.cmake
-- Up-to-date: /home/sbzrgn/Desktop/My-ROS2_Projects/My-ROS2/TalktoMCU_without_uROS/install/talk_to_mcu_interfaces/share/talk_to_mcu_interfaces/cmake/export_talk_to_mcu_interfaces__rosidl_typesupport_fastrtps_cExport.cmake
-- Up-to-date: /home/sbzrgn/Desktop/My-ROS2_Projects/My-ROS2/TalktoMCU_without_uROS/install/talk_to_mcu_interfaces/share/talk_to_mcu_interfaces/cmake/export_talk_to_mcu_interfaces__rosidl_typesupport_fastrtps_cExport-noconfig.cmake
-- Up-to-date: /home/sbzrgn/Desktop/My-ROS2_Projects/My-ROS2/TalktoMCU_without_uROS/install/talk_to_mcu_interfaces/share/talk_to_mcu_interfaces/cmake/talk_to_mcu_interfaces__rosidl_typesupport_introspection_cExport.cmake
-- Up-to-date: /home/sbzrgn/Desktop/My-ROS2_Projects/My-ROS2/TalktoMCU_without_uROS/install/talk_to_mcu_interfaces/share/talk_to_mcu_interfaces/cmake/talk_to_mcu_interfaces__rosidl_typesupport_introspection_cExport-noconfig.cmake
-- Up-to-date: /home/sbzrgn/Desktop/My-ROS2_Projects/My-ROS2/TalktoMCU_without_uROS/install/talk_to_mcu_interfaces/share/talk_to_mcu_interfaces/cmake/talk_to_mcu_interfaces__rosidl_typesupport_cExport.cmake
-- Up-to-date: /home/sbzrgn/Desktop/My-ROS2_Projects/My-ROS2/TalktoMCU_without_uROS/install/talk_to_mcu_interfaces/share/talk_to_mcu_interfaces/cmake/talk_to_mcu_interfaces__rosidl_typesupport_cExport-noconfig.cmake
-- Up-to-date: /home/sbzrgn/Desktop/My-ROS2_Projects/My-ROS2/TalktoMCU_without_uROS/install/talk_to_mcu_interfaces/share/talk_to_mcu_interfaces/cmake/export_talk_to_mcu_interfaces__rosidl_generator_cppExport.cmake
-- Up-to-date: /home/sbzrgn/Desktop/My-ROS2_Projects/My-ROS2/TalktoMCU_without_uROS/install/talk_to_mcu_interfaces/share/talk_to_mcu_interfaces/cmake/export_talk_to_mcu_interfaces__rosidl_typesupport_fastrtps_cppExport.cmake
-- Up-to-date: /home/sbzrgn/Desktop/My-ROS2_Projects/My-ROS2/TalktoMCU_without_uROS/install/talk_to_mcu_interfaces/share/talk_to_mcu_interfaces/cmake/export_talk_to_mcu_interfaces__rosidl_typesupport_fastrtps_cppExport-noconfig.cmake
-- Up-to-date: /home/sbzrgn/Desktop/My-ROS2_Projects/My-ROS2/TalktoMCU_without_uROS/install/talk_to_mcu_interfaces/share/talk_to_mcu_interfaces/cmake/talk_to_mcu_interfaces__rosidl_typesupport_introspection_cppExport.cmake
-- Up-to-date: /home/sbzrgn/Desktop/My-ROS2_Projects/My-ROS2/TalktoMCU_without_uROS/install/talk_to_mcu_interfaces/share/talk_to_mcu_interfaces/cmake/talk_to_mcu_interfaces__rosidl_typesupport_introspection_cppExport-noconfig.cmake
-- Up-to-date: /home/sbzrgn/Desktop/My-ROS2_Projects/My-ROS2/TalktoMCU_without_uROS/install/talk_to_mcu_interfaces/share/talk_to_mcu_interfaces/cmake/talk_to_mcu_interfaces__rosidl_typesupport_cppExport.cmake
-- Up-to-date: /home/sbzrgn/Desktop/My-ROS2_Projects/My-ROS2/TalktoMCU_without_uROS/install/talk_to_mcu_interfaces/share/talk_to_mcu_interfaces/cmake/talk_to_mcu_interfaces__rosidl_typesupport_cppExport-noconfig.cmake
-- Up-to-date: /home/sbzrgn/Desktop/My-ROS2_Projects/My-ROS2/TalktoMCU_without_uROS/install/talk_to_mcu_interfaces/share/talk_to_mcu_interfaces/cmake/export_talk_to_mcu_interfaces__rosidl_generator_pyExport.cmake
-- Up-to-date: /home/sbzrgn/Desktop/My-ROS2_Projects/My-ROS2/TalktoMCU_without_uROS/install/talk_to_mcu_interfaces/share/talk_to_mcu_interfaces/cmake/export_talk_to_mcu_interfaces__rosidl_generator_pyExport-noconfig.cmake
-- Up-to-date: /home/sbzrgn/Desktop/My-ROS2_Projects/My-ROS2/TalktoMCU_without_uROS/install/talk_to_mcu_interfaces/share/talk_to_mcu_interfaces/cmake/rosidl_cmake-extras.cmake
-- Up-to-date: /home/sbzrgn/Desktop/My-ROS2_Projects/My-ROS2/TalktoMCU_without_uROS/install/talk_to_mcu_interfaces/share/talk_to_mcu_interfaces/cmake/ament_cmake_export_include_directories-extras.cmake
-- Up-to-date: /home/sbzrgn/Desktop/My-ROS2_Projects/My-ROS2/TalktoMCU_without_uROS/install/talk_to_mcu_interfaces/share/talk_to_mcu_interfaces/cmake/ament_cmake_export_libraries-extras.cmake
-- Up-to-date: /home/sbzrgn/Desktop/My-ROS2_Projects/My-ROS2/TalktoMCU_without_uROS/install/talk_to_mcu_interfaces/share/talk_to_mcu_interfaces/cmake/ament_cmake_export_targets-extras.cmake
-- Up-to-date: /home/sbzrgn/Desktop/My-ROS2_Projects/My-ROS2/TalktoMCU_without_uROS/install/talk_to_mcu_interfaces/share/talk_to_mcu_interfaces/cmake/rosidl_cmake_export_typesupport_targets-extras.cmake
-- Up-to-date: /home/sbzrgn/Desktop/My-ROS2_Projects/My-ROS2/TalktoMCU_without_uROS/install/talk_to_mcu_interfaces/share/talk_to_mcu_interfaces/cmake/ament_cmake_export_dependencies-extras.cmake
-- Up-to-date: /home/sbzrgn/Desktop/My-ROS2_Projects/My-ROS2/TalktoMCU_without_uROS/install/talk_to_mcu_interfaces/share/talk_to_mcu_interfaces/cmake/rosidl_cmake_export_typesupport_libraries-extras.cmake
-- Up-to-date: /home/sbzrgn/Desktop/My-ROS2_Projects/My-ROS2/TalktoMCU_without_uROS/install/talk_to_mcu_interfaces/share/talk_to_mcu_interfaces/cmake/rosidl_cmake_aggregate_target-extras.cmake
-- Up-to-date: /home/sbzrgn/Desktop/My-ROS2_Projects/My-ROS2/TalktoMCU_without_uROS/install/talk_to_mcu_interfaces/share/talk_to_mcu_interfaces/cmake/talk_to_mcu_interfacesConfig.cmake
-- Up-to-date: /home/sbzrgn/Desktop/My-ROS2_Projects/My-ROS2/TalktoMCU_without_uROS/install/talk_to_mcu_interfaces/share/talk_to_mcu_interfaces/cmake/talk_to_mcu_interfacesConfig-version.cmake
-- Up-to-date: /home/sbzrgn/Desktop/My-ROS2_Projects/My-ROS2/TalktoMCU_without_uROS/install/talk_to_mcu_interfaces/share/talk_to_mcu_interfaces/package.xml
