[0.012s] Invoking command in '/home/sbzrgn/Desktop/My-ROS2_Projects/My-ROS2/TalktoMCU_without_uROS/build/talk_to_mcu_pkg': CMAKE_PREFIX_PATH=/home/sbzrgn/Desktop/My-ROS2_Projects/My-ROS2/TalktoMCU_without_uROS/install/talk_to_mcu_interfaces:/home/sbzrgn/Desktop/My-ROS2_Projects/My-ROS2/TalktoMCU_without_uROS/install/talk_to_mcu_pkg:/opt/ros/jazzy/opt/gz_math_vendor:/opt/ros/jazzy/opt/gz_utils_vendor:/opt/ros/jazzy/opt/gz_cmake_vendor:/opt/ros/jazzy DEBUGINFOD_URLS=https://debuginfod.ubuntu.com /usr/bin/cmake --build /home/sbzrgn/Desktop/My-ROS2_Projects/My-ROS2/TalktoMCU_without_uROS/build/talk_to_mcu_pkg -- -j4 -l4
[0.044s] -- Found ament_cmake: 2.5.6 (/opt/ros/jazzy/share/ament_cmake/cmake)
[0.321s] -- Found rclcpp: 28.1.21 (/opt/ros/jazzy/share/rclcpp/cmake)
[0.357s] -- Found rosidl_generator_c: 4.6.9 (/opt/ros/jazzy/share/rosidl_generator_c/cmake)
[0.368s] -- Found rosidl_generator_cpp: 4.6.9 (/opt/ros/jazzy/share/rosidl_generator_cpp/cmake)
[0.382s] -- Using all available rosidl_typesupport_c: rosidl_typesupport_fastrtps_c;rosidl_typesupport_introspection_c
[0.400s] -- Using all available rosidl_typesupport_cpp: rosidl_typesupport_fastrtps_cpp;rosidl_typesupport_introspection_cpp
[0.476s] -- Found rmw_implementation_cmake: 7.3.3 (/opt/ros/jazzy/share/rmw_implementation_cmake/cmake)
[0.478s] -- Found rmw_fastrtps_cpp: 8.4.4 (/opt/ros/jazzy/share/rmw_fastrtps_cpp/cmake)
[0.561s] -- Using RMW implementation 'rmw_fastrtps_cpp' as default
[0.653s] -- Found talk_to_mcu_interfaces: 0.0.0 (/home/sbzrgn/Desktop/My-ROS2_Projects/My-ROS2/TalktoMCU_without_uROS/install/talk_to_mcu_interfaces/share/talk_to_mcu_interfaces/cmake)
[0.789s] -- Configuring done (0.8s)
[0.821s] -- Generating done (0.0s)
[0.829s] -- Build files have been written to: /home/sbzrgn/Desktop/My-ROS2_Projects/My-ROS2/TalktoMCU_without_uROS/build/talk_to_mcu_pkg
[0.893s] [ 40%] Built target cameraDemo
[0.901s] [ 60%] [32mBuilding CXX object CMakeFiles/serialDemo.dir/src/MySerial.cpp.o[0m
[0.902s] [ 80%] [32mBuilding CXX object CMakeFiles/serialDemo.dir/src/serialtest.cpp.o[0m
[5.158s] [100%] [32m[1mLinking CXX executable serialDemo[0m
[5.342s] [100%] Built target serialDemo
[5.357s] Invoked command in '/home/sbzrgn/Desktop/My-ROS2_Projects/My-ROS2/TalktoMCU_without_uROS/build/talk_to_mcu_pkg' returned '0': CMAKE_PREFIX_PATH=/home/sbzrgn/Desktop/My-ROS2_Projects/My-ROS2/TalktoMCU_without_uROS/install/talk_to_mcu_interfaces:/home/sbzrgn/Desktop/My-ROS2_Projects/My-ROS2/TalktoMCU_without_uROS/install/talk_to_mcu_pkg:/opt/ros/jazzy/opt/gz_math_vendor:/opt/ros/jazzy/opt/gz_utils_vendor:/opt/ros/jazzy/opt/gz_cmake_vendor:/opt/ros/jazzy DEBUGINFOD_URLS=https://debuginfod.ubuntu.com /usr/bin/cmake --build /home/sbzrgn/Desktop/My-ROS2_Projects/My-ROS2/TalktoMCU_without_uROS/build/talk_to_mcu_pkg -- -j4 -l4
[5.359s] Invoking command in '/home/sbzrgn/Desktop/My-ROS2_Projects/My-ROS2/TalktoMCU_without_uROS/build/talk_to_mcu_pkg': CMAKE_PREFIX_PATH=/home/sbzrgn/Desktop/My-ROS2_Projects/My-ROS2/TalktoMCU_without_uROS/install/talk_to_mcu_interfaces:/home/sbzrgn/Desktop/My-ROS2_Projects/My-ROS2/TalktoMCU_without_uROS/install/talk_to_mcu_pkg:/opt/ros/jazzy/opt/gz_math_vendor:/opt/ros/jazzy/opt/gz_utils_vendor:/opt/ros/jazzy/opt/gz_cmake_vendor:/opt/ros/jazzy DEBUGINFOD_URLS=https://debuginfod.ubuntu.com /usr/bin/cmake --install /home/sbzrgn/Desktop/My-ROS2_Projects/My-ROS2/TalktoMCU_without_uROS/build/talk_to_mcu_pkg
[5.369s] -- Install configuration: ""
[5.369s] -- Installing: /home/sbzrgn/Desktop/My-ROS2_Projects/My-ROS2/TalktoMCU_without_uROS/install/talk_to_mcu_pkg/lib/talk_to_mcu_pkg/serialDemo
[5.370s] -- Set non-toolchain portion of runtime path of "/home/sbzrgn/Desktop/My-ROS2_Projects/My-ROS2/TalktoMCU_without_uROS/install/talk_to_mcu_pkg/lib/talk_to_mcu_pkg/serialDemo" to ""
[5.371s] -- Up-to-date: /home/sbzrgn/Desktop/My-ROS2_Projects/My-ROS2/TalktoMCU_without_uROS/install/talk_to_mcu_pkg/lib/talk_to_mcu_pkg/cameraDemo
[5.371s] -- Up-to-date: /home/sbzrgn/Desktop/My-ROS2_Projects/My-ROS2/TalktoMCU_without_uROS/install/talk_to_mcu_pkg/share/ament_index/resource_index/package_run_dependencies/talk_to_mcu_pkg
[5.372s] -- Up-to-date: /home/sbzrgn/Desktop/My-ROS2_Projects/My-ROS2/TalktoMCU_without_uROS/install/talk_to_mcu_pkg/share/ament_index/resource_index/parent_prefix_path/talk_to_mcu_pkg
[5.372s] -- Up-to-date: /home/sbzrgn/Desktop/My-ROS2_Projects/My-ROS2/TalktoMCU_without_uROS/install/talk_to_mcu_pkg/share/talk_to_mcu_pkg/environment/ament_prefix_path.sh
[5.372s] -- Up-to-date: /home/sbzrgn/Desktop/My-ROS2_Projects/My-ROS2/TalktoMCU_without_uROS/install/talk_to_mcu_pkg/share/talk_to_mcu_pkg/environment/ament_prefix_path.dsv
[5.373s] -- Up-to-date: /home/sbzrgn/Desktop/My-ROS2_Projects/My-ROS2/TalktoMCU_without_uROS/install/talk_to_mcu_pkg/share/talk_to_mcu_pkg/environment/path.sh
[5.373s] -- Up-to-date: /home/sbzrgn/Desktop/My-ROS2_Projects/My-ROS2/TalktoMCU_without_uROS/install/talk_to_mcu_pkg/share/talk_to_mcu_pkg/environment/path.dsv
[5.373s] -- Up-to-date: /home/sbzrgn/Desktop/My-ROS2_Projects/My-ROS2/TalktoMCU_without_uROS/install/talk_to_mcu_pkg/share/talk_to_mcu_pkg/local_setup.bash
[5.373s] -- Up-to-date: /home/sbzrgn/Desktop/My-ROS2_Projects/My-ROS2/TalktoMCU_without_uROS/install/talk_to_mcu_pkg/share/talk_to_mcu_pkg/local_setup.sh
[5.373s] -- Up-to-date: /home/sbzrgn/Desktop/My-ROS2_Projects/My-ROS2/TalktoMCU_without_uROS/install/talk_to_mcu_pkg/share/talk_to_mcu_pkg/local_setup.zsh
[5.374s] -- Up-to-date: /home/sbzrgn/Desktop/My-ROS2_Projects/My-ROS2/TalktoMCU_without_uROS/install/talk_to_mcu_pkg/share/talk_to_mcu_pkg/local_setup.dsv
[5.374s] -- Installing: /home/sbzrgn/Desktop/My-ROS2_Projects/My-ROS2/TalktoMCU_without_uROS/install/talk_to_mcu_pkg/share/talk_to_mcu_pkg/package.dsv
[5.374s] -- Up-to-date: /home/sbzrgn/Desktop/My-ROS2_Projects/My-ROS2/TalktoMCU_without_uROS/install/talk_to_mcu_pkg/share/ament_index/resource_index/packages/talk_to_mcu_pkg
[5.374s] -- Up-to-date: /home/sbzrgn/Desktop/My-ROS2_Projects/My-ROS2/TalktoMCU_without_uROS/install/talk_to_mcu_pkg/share/talk_to_mcu_pkg/cmake/talk_to_mcu_pkgConfig.cmake
[5.375s] -- Up-to-date: /home/sbzrgn/Desktop/My-ROS2_Projects/My-ROS2/TalktoMCU_without_uROS/install/talk_to_mcu_pkg/share/talk_to_mcu_pkg/cmake/talk_to_mcu_pkgConfig-version.cmake
[5.375s] -- Up-to-date: /home/sbzrgn/Desktop/My-ROS2_Projects/My-ROS2/TalktoMCU_without_uROS/install/talk_to_mcu_pkg/share/talk_to_mcu_pkg/package.xml
[5.376s] Invoked command in '/home/sbzrgn/Desktop/My-ROS2_Projects/My-ROS2/TalktoMCU_without_uROS/build/talk_to_mcu_pkg' returned '0': CMAKE_PREFIX_PATH=/home/sbzrgn/Desktop/My-ROS2_Projects/My-ROS2/TalktoMCU_without_uROS/install/talk_to_mcu_interfaces:/home/sbzrgn/Desktop/My-ROS2_Projects/My-ROS2/TalktoMCU_without_uROS/install/talk_to_mcu_pkg:/opt/ros/jazzy/opt/gz_math_vendor:/opt/ros/jazzy/opt/gz_utils_vendor:/opt/ros/jazzy/opt/gz_cmake_vendor:/opt/ros/jazzy DEBUGINFOD_URLS=https://debuginfod.ubuntu.com /usr/bin/cmake --install /home/sbzrgn/Desktop/My-ROS2_Projects/My-ROS2/TalktoMCU_without_uROS/build/talk_to_mcu_pkg
