[0.145s] DEBUG:colcon:Command line arguments: ['/usr/bin/colcon', 'build']
[0.145s] DEBUG:colcon:Parsed command line arguments: Namespace(log_base=None, log_level=None, verb_name='build', build_base='build', install_base='install', merge_install=False, symlink_install=False, test_result_base=None, continue_on_error=False, executor='parallel', parallel_workers=4, event_handlers=None, ignore_user_meta=False, metas=['./colcon.meta'], base_paths=['.'], packages_ignore=None, packages_ignore_regex=None, paths=None, packages_up_to=None, packages_up_to_regex=None, packages_above=None, packages_above_and_dependencies=None, packages_above_depth=None, packages_select_by_dep=None, packages_skip_by_dep=None, packages_skip_up_to=None, packages_select_build_failed=False, packages_skip_build_finished=False, packages_select_test_failures=False, packages_skip_test_passed=False, packages_select=None, packages_skip=None, packages_select_regex=None, packages_skip_regex=None, packages_start=None, packages_end=None, allow_overriding=[], cmake_args=None, cmake_target=None, cmake_target_skip_unavailable=False, cmake_clean_cache=False, cmake_clean_first=False, cmake_force_configure=False, ament_cmake_args=None, catkin_cmake_args=None, catkin_skip_building_tests=False, mixin_files=None, mixin=None, verb_parser=<colcon_mixin.mixin.mixin_argument.MixinArgumentDecorator object at 0x77edbb7829b0>, verb_extension=<colcon_core.verb.build.BuildVerb object at 0x77edbb87b880>, main=<bound method BuildVerb.main of <colcon_core.verb.build.BuildVerb object at 0x77edbb87b880>>, mixin_verb=('build',))
[0.367s] Level 1:colcon.colcon_core.package_discovery:discover_packages(colcon_meta) check parameters
[0.367s] Level 1:colcon.colcon_core.package_discovery:discover_packages(recursive) check parameters
[0.367s] Level 1:colcon.colcon_core.package_discovery:discover_packages(ignore) check parameters
[0.367s] Level 1:colcon.colcon_core.package_discovery:discover_packages(path) check parameters
[0.367s] Level 1:colcon.colcon_core.package_discovery:discover_packages(colcon_meta) discover
[0.367s] Level 1:colcon.colcon_core.package_discovery:discover_packages(recursive) discover
[0.367s] INFO:colcon.colcon_core.package_discovery:Crawling recursively for packages in '/home/saeedbzrgn/Desktop/My-ROS2_Projects/My-ROS2-Humble/ros2_esp32_blink_ws'
[0.367s] Level 1:colcon.colcon_core.package_identification:_identify(.) by extensions ['ignore', 'ignore_ament_install']
[0.367s] Level 1:colcon.colcon_core.package_identification:_identify(.) by extension 'ignore'
[0.367s] Level 1:colcon.colcon_core.package_identification:_identify(.) by extension 'ignore_ament_install'
[0.368s] Level 1:colcon.colcon_core.package_identification:_identify(.) by extensions ['colcon_pkg']
[0.368s] Level 1:colcon.colcon_core.package_identification:_identify(.) by extension 'colcon_pkg'
[0.368s] Level 1:colcon.colcon_core.package_identification:_identify(.) by extensions ['colcon_meta']
[0.368s] Level 1:colcon.colcon_core.package_identification:_identify(.) by extension 'colcon_meta'
[0.368s] Level 1:colcon.colcon_core.package_identification:_identify(.) by extensions ['ros']
[0.368s] Level 1:colcon.colcon_core.package_identification:_identify(.) by extension 'ros'
[0.380s] Level 1:colcon.colcon_core.package_identification:_identify(.) by extensions ['cmake', 'python']
[0.380s] Level 1:colcon.colcon_core.package_identification:_identify(.) by extension 'cmake'
[0.380s] Level 1:colcon.colcon_core.package_identification:_identify(.) by extension 'python'
[0.380s] Level 1:colcon.colcon_core.package_identification:_identify(.) by extensions ['python_setup_py']
[0.380s] Level 1:colcon.colcon_core.package_identification:_identify(.) by extension 'python_setup_py'
[0.380s] Level 1:colcon.colcon_core.package_identification:_identify(build) by extensions ['ignore', 'ignore_ament_install']
[0.380s] Level 1:colcon.colcon_core.package_identification:_identify(build) by extension 'ignore'
[0.380s] Level 1:colcon.colcon_core.package_identification:_identify(build) ignored
[0.380s] Level 1:colcon.colcon_core.package_identification:_identify(install) by extensions ['ignore', 'ignore_ament_install']
[0.381s] Level 1:colcon.colcon_core.package_identification:_identify(install) by extension 'ignore'
[0.381s] Level 1:colcon.colcon_core.package_identification:_identify(install) ignored
[0.381s] Level 1:colcon.colcon_core.package_identification:_identify(log) by extensions ['ignore', 'ignore_ament_install']
[0.381s] Level 1:colcon.colcon_core.package_identification:_identify(log) by extension 'ignore'
[0.381s] Level 1:colcon.colcon_core.package_identification:_identify(log) ignored
[0.381s] Level 1:colcon.colcon_core.package_identification:_identify(src) by extensions ['ignore', 'ignore_ament_install']
[0.381s] Level 1:colcon.colcon_core.package_identification:_identify(src) by extension 'ignore'
[0.381s] Level 1:colcon.colcon_core.package_identification:_identify(src) by extension 'ignore_ament_install'
[0.381s] Level 1:colcon.colcon_core.package_identification:_identify(src) by extensions ['colcon_pkg']
[0.381s] Level 1:colcon.colcon_core.package_identification:_identify(src) by extension 'colcon_pkg'
[0.381s] Level 1:colcon.colcon_core.package_identification:_identify(src) by extensions ['colcon_meta']
[0.381s] Level 1:colcon.colcon_core.package_identification:_identify(src) by extension 'colcon_meta'
[0.381s] Level 1:colcon.colcon_core.package_identification:_identify(src) by extensions ['ros']
[0.381s] Level 1:colcon.colcon_core.package_identification:_identify(src) by extension 'ros'
[0.381s] Level 1:colcon.colcon_core.package_identification:_identify(src) by extensions ['cmake', 'python']
[0.382s] Level 1:colcon.colcon_core.package_identification:_identify(src) by extension 'cmake'
[0.382s] Level 1:colcon.colcon_core.package_identification:_identify(src) by extension 'python'
[0.382s] Level 1:colcon.colcon_core.package_identification:_identify(src) by extensions ['python_setup_py']
[0.382s] Level 1:colcon.colcon_core.package_identification:_identify(src) by extension 'python_setup_py'
[0.382s] Level 1:colcon.colcon_core.package_identification:_identify(src/gpio_pkg) by extensions ['ignore', 'ignore_ament_install']
[0.382s] Level 1:colcon.colcon_core.package_identification:_identify(src/gpio_pkg) by extension 'ignore'
[0.382s] Level 1:colcon.colcon_core.package_identification:_identify(src/gpio_pkg) by extension 'ignore_ament_install'
[0.382s] Level 1:colcon.colcon_core.package_identification:_identify(src/gpio_pkg) by extensions ['colcon_pkg']
[0.382s] Level 1:colcon.colcon_core.package_identification:_identify(src/gpio_pkg) by extension 'colcon_pkg'
[0.382s] Level 1:colcon.colcon_core.package_identification:_identify(src/gpio_pkg) by extensions ['colcon_meta']
[0.382s] Level 1:colcon.colcon_core.package_identification:_identify(src/gpio_pkg) by extension 'colcon_meta'
[0.382s] Level 1:colcon.colcon_core.package_identification:_identify(src/gpio_pkg) by extensions ['ros']
[0.382s] Level 1:colcon.colcon_core.package_identification:_identify(src/gpio_pkg) by extension 'ros'
[0.386s] DEBUG:colcon.colcon_core.package_identification:Package 'src/gpio_pkg' with type 'ros.ament_cmake' and name 'gpio_pkg'
[0.386s] Level 1:colcon.colcon_core.package_discovery:discover_packages(recursive) using defaults
[0.386s] Level 1:colcon.colcon_core.package_discovery:discover_packages(ignore) discover
[0.386s] Level 1:colcon.colcon_core.package_discovery:discover_packages(ignore) using defaults
[0.386s] Level 1:colcon.colcon_core.package_discovery:discover_packages(path) discover
[0.386s] Level 1:colcon.colcon_core.package_discovery:discover_packages(path) using defaults
[0.425s] Level 1:colcon.colcon_core.package_discovery:discover_packages(prefix_path) check parameters
[0.425s] Level 1:colcon.colcon_core.package_discovery:discover_packages(prefix_path) discover
[0.430s] DEBUG:colcon.colcon_installed_package_information.package_discovery:Found 1 installed packages in /home/saeedbzrgn/Desktop/My-ROS2_Projects/My-ROS2-Humble/ros2_esp32_blink_ws/install
[0.431s] DEBUG:colcon.colcon_installed_package_information.package_discovery:Found 39 installed packages in /home/saeedbzrgn/STM32Cube/microros_ws/install
[0.434s] DEBUG:colcon.colcon_installed_package_information.package_discovery:Found 459 installed packages in /opt/ros/humble
[0.438s] Level 1:colcon.colcon_core.package_discovery:discover_packages(prefix_path) using defaults
[0.515s] Level 5:colcon.colcon_core.verb:set package 'gpio_pkg' build argument 'cmake_args' from command line to 'None'
[0.515s] Level 5:colcon.colcon_core.verb:set package 'gpio_pkg' build argument 'cmake_target' from command line to 'None'
[0.515s] Level 5:colcon.colcon_core.verb:set package 'gpio_pkg' build argument 'cmake_target_skip_unavailable' from command line to 'False'
[0.515s] Level 5:colcon.colcon_core.verb:set package 'gpio_pkg' build argument 'cmake_clean_cache' from command line to 'False'
[0.515s] Level 5:colcon.colcon_core.verb:set package 'gpio_pkg' build argument 'cmake_clean_first' from command line to 'False'
[0.515s] Level 5:colcon.colcon_core.verb:set package 'gpio_pkg' build argument 'cmake_force_configure' from command line to 'False'
[0.515s] Level 5:colcon.colcon_core.verb:set package 'gpio_pkg' build argument 'ament_cmake_args' from command line to 'None'
[0.515s] Level 5:colcon.colcon_core.verb:set package 'gpio_pkg' build argument 'catkin_cmake_args' from command line to 'None'
[0.515s] Level 5:colcon.colcon_core.verb:set package 'gpio_pkg' build argument 'catkin_skip_building_tests' from command line to 'False'
[0.515s] DEBUG:colcon.colcon_core.verb:Building package 'gpio_pkg' with the following arguments: {'ament_cmake_args': None, 'build_base': '/home/saeedbzrgn/Desktop/My-ROS2_Projects/My-ROS2-Humble/ros2_esp32_blink_ws/build/gpio_pkg', 'catkin_cmake_args': None, 'catkin_skip_building_tests': False, 'cmake_args': None, 'cmake_clean_cache': False, 'cmake_clean_first': False, 'cmake_force_configure': False, 'cmake_target': None, 'cmake_target_skip_unavailable': False, 'install_base': '/home/saeedbzrgn/Desktop/My-ROS2_Projects/My-ROS2-Humble/ros2_esp32_blink_ws/install/gpio_pkg', 'merge_install': False, 'path': '/home/saeedbzrgn/Desktop/My-ROS2_Projects/My-ROS2-Humble/ros2_esp32_blink_ws/src/gpio_pkg', 'symlink_install': False, 'test_result_base': None}
[0.515s] INFO:colcon.colcon_core.executor:Executing jobs using 'parallel' executor
[0.516s] DEBUG:colcon.colcon_parallel_executor.executor.parallel:run_until_complete
[0.517s] INFO:colcon.colcon_ros.task.ament_cmake.build:Building ROS package in '/home/saeedbzrgn/Desktop/My-ROS2_Projects/My-ROS2-Humble/ros2_esp32_blink_ws/src/gpio_pkg' with build type 'ament_cmake'
[0.517s] INFO:colcon.colcon_cmake.task.cmake.build:Building CMake package in '/home/saeedbzrgn/Desktop/My-ROS2_Projects/My-ROS2-Humble/ros2_esp32_blink_ws/src/gpio_pkg'
[0.520s] INFO:colcon.colcon_core.plugin_system:Skipping extension 'colcon_core.shell.bat': Not used on non-Windows systems
[0.520s] INFO:colcon.colcon_core.shell:Skip shell extension 'powershell' for command environment: Not usable outside of PowerShell
[0.520s] DEBUG:colcon.colcon_core.shell:Skip shell extension 'dsv' for command environment
[0.538s] DEBUG:colcon.colcon_core.event_handler.log_command:Invoking command in '/home/saeedbzrgn/Desktop/My-ROS2_Projects/My-ROS2-Humble/ros2_esp32_blink_ws/build/gpio_pkg': CMAKE_PREFIX_PATH=${CMAKE_PREFIX_PATH}:/home/saeedbzrgn/STM32Cube/microros_ws/install/sensor_msgs_py:/opt/ros/humble /usr/bin/cmake --build /home/saeedbzrgn/Desktop/My-ROS2_Projects/My-ROS2-Humble/ros2_esp32_blink_ws/build/gpio_pkg -- -j4 -l4
[7.856s] DEBUG:colcon.colcon_core.event_handler.log_command:Invoked command in '/home/saeedbzrgn/Desktop/My-ROS2_Projects/My-ROS2-Humble/ros2_esp32_blink_ws/build/gpio_pkg' returned '0': CMAKE_PREFIX_PATH=${CMAKE_PREFIX_PATH}:/home/saeedbzrgn/STM32Cube/microros_ws/install/sensor_msgs_py:/opt/ros/humble /usr/bin/cmake --build /home/saeedbzrgn/Desktop/My-ROS2_Projects/My-ROS2-Humble/ros2_esp32_blink_ws/build/gpio_pkg -- -j4 -l4
[7.875s] DEBUG:colcon.colcon_core.event_handler.log_command:Invoking command in '/home/saeedbzrgn/Desktop/My-ROS2_Projects/My-ROS2-Humble/ros2_esp32_blink_ws/build/gpio_pkg': CMAKE_PREFIX_PATH=${CMAKE_PREFIX_PATH}:/home/saeedbzrgn/STM32Cube/microros_ws/install/sensor_msgs_py:/opt/ros/humble /usr/bin/cmake --install /home/saeedbzrgn/Desktop/My-ROS2_Projects/My-ROS2-Humble/ros2_esp32_blink_ws/build/gpio_pkg
[7.926s] Level 1:colcon.colcon_core.environment:create_environment_scripts_only(gpio_pkg)
[7.927s] DEBUG:colcon.colcon_core.event_handler.log_command:Invoked command in '/home/saeedbzrgn/Desktop/My-ROS2_Projects/My-ROS2-Humble/ros2_esp32_blink_ws/build/gpio_pkg' returned '0': CMAKE_PREFIX_PATH=${CMAKE_PREFIX_PATH}:/home/saeedbzrgn/STM32Cube/microros_ws/install/sensor_msgs_py:/opt/ros/humble /usr/bin/cmake --install /home/saeedbzrgn/Desktop/My-ROS2_Projects/My-ROS2-Humble/ros2_esp32_blink_ws/build/gpio_pkg
[7.930s] Level 1:colcon.colcon_core.environment:checking '/home/saeedbzrgn/Desktop/My-ROS2_Projects/My-ROS2-Humble/ros2_esp32_blink_ws/install/gpio_pkg' for CMake module files
[7.931s] Level 1:colcon.colcon_core.environment:checking '/home/saeedbzrgn/Desktop/My-ROS2_Projects/My-ROS2-Humble/ros2_esp32_blink_ws/install/gpio_pkg' for CMake config files
[7.931s] Level 1:colcon.colcon_core.shell:create_environment_hook('gpio_pkg', 'cmake_prefix_path')
[7.931s] INFO:colcon.colcon_core.shell:Creating environment hook '/home/saeedbzrgn/Desktop/My-ROS2_Projects/My-ROS2-Humble/ros2_esp32_blink_ws/install/gpio_pkg/share/gpio_pkg/hook/cmake_prefix_path.ps1'
[7.932s] INFO:colcon.colcon_core.shell:Creating environment descriptor '/home/saeedbzrgn/Desktop/My-ROS2_Projects/My-ROS2-Humble/ros2_esp32_blink_ws/install/gpio_pkg/share/gpio_pkg/hook/cmake_prefix_path.dsv'
[7.933s] INFO:colcon.colcon_core.shell:Creating environment hook '/home/saeedbzrgn/Desktop/My-ROS2_Projects/My-ROS2-Humble/ros2_esp32_blink_ws/install/gpio_pkg/share/gpio_pkg/hook/cmake_prefix_path.sh'
[7.934s] Level 1:colcon.colcon_core.environment:checking '/home/saeedbzrgn/Desktop/My-ROS2_Projects/My-ROS2-Humble/ros2_esp32_blink_ws/install/gpio_pkg/lib'
[7.934s] Level 1:colcon.colcon_core.environment:checking '/home/saeedbzrgn/Desktop/My-ROS2_Projects/My-ROS2-Humble/ros2_esp32_blink_ws/install/gpio_pkg/bin'
[7.935s] Level 1:colcon.colcon_core.environment:checking '/home/saeedbzrgn/Desktop/My-ROS2_Projects/My-ROS2-Humble/ros2_esp32_blink_ws/install/gpio_pkg/lib/pkgconfig/gpio_pkg.pc'
[7.935s] Level 1:colcon.colcon_core.environment:checking '/home/saeedbzrgn/Desktop/My-ROS2_Projects/My-ROS2-Humble/ros2_esp32_blink_ws/install/gpio_pkg/lib/python3.10/site-packages'
[7.935s] Level 1:colcon.colcon_core.environment:checking '/home/saeedbzrgn/Desktop/My-ROS2_Projects/My-ROS2-Humble/ros2_esp32_blink_ws/install/gpio_pkg/bin'
[7.936s] INFO:colcon.colcon_core.shell:Creating package script '/home/saeedbzrgn/Desktop/My-ROS2_Projects/My-ROS2-Humble/ros2_esp32_blink_ws/install/gpio_pkg/share/gpio_pkg/package.ps1'
[7.937s] INFO:colcon.colcon_core.shell:Creating package descriptor '/home/saeedbzrgn/Desktop/My-ROS2_Projects/My-ROS2-Humble/ros2_esp32_blink_ws/install/gpio_pkg/share/gpio_pkg/package.dsv'
[7.937s] INFO:colcon.colcon_core.shell:Creating package script '/home/saeedbzrgn/Desktop/My-ROS2_Projects/My-ROS2-Humble/ros2_esp32_blink_ws/install/gpio_pkg/share/gpio_pkg/package.sh'
[7.938s] INFO:colcon.colcon_core.shell:Creating package script '/home/saeedbzrgn/Desktop/My-ROS2_Projects/My-ROS2-Humble/ros2_esp32_blink_ws/install/gpio_pkg/share/gpio_pkg/package.bash'
[7.939s] INFO:colcon.colcon_core.shell:Creating package script '/home/saeedbzrgn/Desktop/My-ROS2_Projects/My-ROS2-Humble/ros2_esp32_blink_ws/install/gpio_pkg/share/gpio_pkg/package.zsh'
[7.941s] Level 1:colcon.colcon_core.environment:create_file_with_runtime_dependencies(/home/saeedbzrgn/Desktop/My-ROS2_Projects/My-ROS2-Humble/ros2_esp32_blink_ws/install/gpio_pkg/share/colcon-core/packages/gpio_pkg)
[7.943s] Level 1:colcon.colcon_core.environment:create_environment_scripts_only(gpio_pkg)
[7.943s] Level 1:colcon.colcon_core.environment:checking '/home/saeedbzrgn/Desktop/My-ROS2_Projects/My-ROS2-Humble/ros2_esp32_blink_ws/install/gpio_pkg' for CMake module files
[7.945s] Level 1:colcon.colcon_core.environment:checking '/home/saeedbzrgn/Desktop/My-ROS2_Projects/My-ROS2-Humble/ros2_esp32_blink_ws/install/gpio_pkg' for CMake config files
[7.945s] Level 1:colcon.colcon_core.shell:create_environment_hook('gpio_pkg', 'cmake_prefix_path')
[7.945s] INFO:colcon.colcon_core.shell:Creating environment hook '/home/saeedbzrgn/Desktop/My-ROS2_Projects/My-ROS2-Humble/ros2_esp32_blink_ws/install/gpio_pkg/share/gpio_pkg/hook/cmake_prefix_path.ps1'
[7.947s] INFO:colcon.colcon_core.shell:Creating environment descriptor '/home/saeedbzrgn/Desktop/My-ROS2_Projects/My-ROS2-Humble/ros2_esp32_blink_ws/install/gpio_pkg/share/gpio_pkg/hook/cmake_prefix_path.dsv'
[7.948s] INFO:colcon.colcon_core.shell:Creating environment hook '/home/saeedbzrgn/Desktop/My-ROS2_Projects/My-ROS2-Humble/ros2_esp32_blink_ws/install/gpio_pkg/share/gpio_pkg/hook/cmake_prefix_path.sh'
[7.948s] Level 1:colcon.colcon_core.environment:checking '/home/saeedbzrgn/Desktop/My-ROS2_Projects/My-ROS2-Humble/ros2_esp32_blink_ws/install/gpio_pkg/lib'
[7.949s] Level 1:colcon.colcon_core.environment:checking '/home/saeedbzrgn/Desktop/My-ROS2_Projects/My-ROS2-Humble/ros2_esp32_blink_ws/install/gpio_pkg/bin'
[7.949s] Level 1:colcon.colcon_core.environment:checking '/home/saeedbzrgn/Desktop/My-ROS2_Projects/My-ROS2-Humble/ros2_esp32_blink_ws/install/gpio_pkg/lib/pkgconfig/gpio_pkg.pc'
[7.949s] Level 1:colcon.colcon_core.environment:checking '/home/saeedbzrgn/Desktop/My-ROS2_Projects/My-ROS2-Humble/ros2_esp32_blink_ws/install/gpio_pkg/lib/python3.10/site-packages'
[7.950s] Level 1:colcon.colcon_core.environment:checking '/home/saeedbzrgn/Desktop/My-ROS2_Projects/My-ROS2-Humble/ros2_esp32_blink_ws/install/gpio_pkg/bin'
[7.950s] INFO:colcon.colcon_core.shell:Creating package script '/home/saeedbzrgn/Desktop/My-ROS2_Projects/My-ROS2-Humble/ros2_esp32_blink_ws/install/gpio_pkg/share/gpio_pkg/package.ps1'
[7.951s] INFO:colcon.colcon_core.shell:Creating package descriptor '/home/saeedbzrgn/Desktop/My-ROS2_Projects/My-ROS2-Humble/ros2_esp32_blink_ws/install/gpio_pkg/share/gpio_pkg/package.dsv'
[7.952s] INFO:colcon.colcon_core.shell:Creating package script '/home/saeedbzrgn/Desktop/My-ROS2_Projects/My-ROS2-Humble/ros2_esp32_blink_ws/install/gpio_pkg/share/gpio_pkg/package.sh'
[7.952s] INFO:colcon.colcon_core.shell:Creating package script '/home/saeedbzrgn/Desktop/My-ROS2_Projects/My-ROS2-Humble/ros2_esp32_blink_ws/install/gpio_pkg/share/gpio_pkg/package.bash'
[7.953s] INFO:colcon.colcon_core.shell:Creating package script '/home/saeedbzrgn/Desktop/My-ROS2_Projects/My-ROS2-Humble/ros2_esp32_blink_ws/install/gpio_pkg/share/gpio_pkg/package.zsh'
[7.953s] Level 1:colcon.colcon_core.environment:create_file_with_runtime_dependencies(/home/saeedbzrgn/Desktop/My-ROS2_Projects/My-ROS2-Humble/ros2_esp32_blink_ws/install/gpio_pkg/share/colcon-core/packages/gpio_pkg)
[7.954s] DEBUG:colcon.colcon_parallel_executor.executor.parallel:closing loop
[7.955s] DEBUG:colcon.colcon_parallel_executor.executor.parallel:loop closed
[7.955s] DEBUG:colcon.colcon_parallel_executor.executor.parallel:run_until_complete finished with '0'
[7.955s] DEBUG:colcon.colcon_core.event_reactor:joining thread
[7.967s] INFO:colcon.colcon_core.plugin_system:Skipping extension 'colcon_notification.desktop_notification.terminal_notifier': Not used on non-Darwin systems
[7.967s] INFO:colcon.colcon_core.plugin_system:Skipping extension 'colcon_notification.desktop_notification.win32': Not used on non-Windows systems
[7.967s] INFO:colcon.colcon_notification.desktop_notification:Sending desktop notification using 'notify2'
[7.993s] DEBUG:colcon.colcon_core.event_reactor:joined thread
[7.993s] INFO:colcon.colcon_core.shell:Creating prefix script '/home/saeedbzrgn/Desktop/My-ROS2_Projects/My-ROS2-Humble/ros2_esp32_blink_ws/install/local_setup.ps1'
[7.995s] INFO:colcon.colcon_core.shell:Creating prefix util module '/home/saeedbzrgn/Desktop/My-ROS2_Projects/My-ROS2-Humble/ros2_esp32_blink_ws/install/_local_setup_util_ps1.py'
[7.999s] INFO:colcon.colcon_core.shell:Creating prefix chain script '/home/saeedbzrgn/Desktop/My-ROS2_Projects/My-ROS2-Humble/ros2_esp32_blink_ws/install/setup.ps1'
[8.005s] INFO:colcon.colcon_core.shell:Creating prefix script '/home/saeedbzrgn/Desktop/My-ROS2_Projects/My-ROS2-Humble/ros2_esp32_blink_ws/install/local_setup.sh'
[8.006s] INFO:colcon.colcon_core.shell:Creating prefix util module '/home/saeedbzrgn/Desktop/My-ROS2_Projects/My-ROS2-Humble/ros2_esp32_blink_ws/install/_local_setup_util_sh.py'
[8.007s] INFO:colcon.colcon_core.shell:Creating prefix chain script '/home/saeedbzrgn/Desktop/My-ROS2_Projects/My-ROS2-Humble/ros2_esp32_blink_ws/install/setup.sh'
[8.012s] INFO:colcon.colcon_core.shell:Creating prefix script '/home/saeedbzrgn/Desktop/My-ROS2_Projects/My-ROS2-Humble/ros2_esp32_blink_ws/install/local_setup.bash'
[8.013s] INFO:colcon.colcon_core.shell:Creating prefix chain script '/home/saeedbzrgn/Desktop/My-ROS2_Projects/My-ROS2-Humble/ros2_esp32_blink_ws/install/setup.bash'
[8.019s] INFO:colcon.colcon_core.shell:Creating prefix script '/home/saeedbzrgn/Desktop/My-ROS2_Projects/My-ROS2-Humble/ros2_esp32_blink_ws/install/local_setup.zsh'
[8.020s] INFO:colcon.colcon_core.shell:Creating prefix chain script '/home/saeedbzrgn/Desktop/My-ROS2_Projects/My-ROS2-Humble/ros2_esp32_blink_ws/install/setup.zsh'
