[0.182s] DEBUG:colcon:Command line arguments: ['/usr/bin/colcon', 'build']
[0.182s] DEBUG:colcon:Parsed command line arguments: Namespace(log_base=None, log_level=None, verb_name='build', build_base='build', install_base='install', merge_install=False, symlink_install=False, test_result_base=None, continue_on_error=False, executor='parallel', parallel_workers=4, event_handlers=None, ignore_user_meta=False, metas=['./colcon.meta'], base_paths=['.'], packages_ignore=None, packages_ignore_regex=None, paths=None, packages_up_to=None, packages_up_to_regex=None, packages_above=None, packages_above_and_dependencies=None, packages_above_depth=None, packages_select_by_dep=None, packages_skip_by_dep=None, packages_skip_up_to=None, packages_select_build_failed=False, packages_skip_build_finished=False, packages_select_test_failures=False, packages_skip_test_passed=False, packages_select=None, packages_skip=None, packages_select_regex=None, packages_skip_regex=None, packages_start=None, packages_end=None, allow_overriding=[], cmake_args=None, cmake_target=None, cmake_target_skip_unavailable=False, cmake_clean_cache=False, cmake_clean_first=False, cmake_force_configure=False, ament_cmake_args=None, catkin_cmake_args=None, catkin_skip_building_tests=False, mixin_files=None, mixin=None, verb_parser=<colcon_mixin.mixin.mixin_argument.MixinArgumentDecorator object at 0x7787325cded0>, verb_extension=<colcon_core.verb.build.BuildVerb object at 0x7787325cd840>, main=<bound method BuildVerb.main of <colcon_core.verb.build.BuildVerb object at 0x7787325cd840>>, mixin_verb=('build',))
[0.426s] Level 1:colcon.colcon_core.package_discovery:discover_packages(colcon_meta) check parameters
[0.426s] Level 1:colcon.colcon_core.package_discovery:discover_packages(recursive) check parameters
[0.426s] Level 1:colcon.colcon_core.package_discovery:discover_packages(ignore) check parameters
[0.426s] Level 1:colcon.colcon_core.package_discovery:discover_packages(path) check parameters
[0.426s] Level 1:colcon.colcon_core.package_discovery:discover_packages(colcon_meta) discover
[0.426s] Level 1:colcon.colcon_core.package_discovery:discover_packages(recursive) discover
[0.426s] INFO:colcon.colcon_core.package_discovery:Crawling recursively for packages in '/home/saeedbazargan/Desktop/ROS2-Humble/My-ROS2_Projects/My-ROS2-Humble/Tutorial_MobileRobot/mobilebot_ws'
[0.426s] Level 1:colcon.colcon_core.package_identification:_identify(.) by extensions ['ignore', 'ignore_ament_install']
[0.426s] Level 1:colcon.colcon_core.package_identification:_identify(.) by extension 'ignore'
[0.426s] Level 1:colcon.colcon_core.package_identification:_identify(.) by extension 'ignore_ament_install'
[0.427s] Level 1:colcon.colcon_core.package_identification:_identify(.) by extensions ['colcon_pkg']
[0.427s] Level 1:colcon.colcon_core.package_identification:_identify(.) by extension 'colcon_pkg'
[0.427s] Level 1:colcon.colcon_core.package_identification:_identify(.) by extensions ['colcon_meta']
[0.427s] Level 1:colcon.colcon_core.package_identification:_identify(.) by extension 'colcon_meta'
[0.427s] Level 1:colcon.colcon_core.package_identification:_identify(.) by extensions ['ros']
[0.427s] Level 1:colcon.colcon_core.package_identification:_identify(.) by extension 'ros'
[0.442s] Level 1:colcon.colcon_core.package_identification:_identify(.) by extensions ['cmake', 'python']
[0.442s] Level 1:colcon.colcon_core.package_identification:_identify(.) by extension 'cmake'
[0.442s] Level 1:colcon.colcon_core.package_identification:_identify(.) by extension 'python'
[0.442s] Level 1:colcon.colcon_core.package_identification:_identify(.) by extensions ['python_setup_py']
[0.442s] Level 1:colcon.colcon_core.package_identification:_identify(.) by extension 'python_setup_py'
[0.442s] Level 1:colcon.colcon_core.package_identification:_identify(build) by extensions ['ignore', 'ignore_ament_install']
[0.442s] Level 1:colcon.colcon_core.package_identification:_identify(build) by extension 'ignore'
[0.442s] Level 1:colcon.colcon_core.package_identification:_identify(build) ignored
[0.443s] Level 1:colcon.colcon_core.package_identification:_identify(install) by extensions ['ignore', 'ignore_ament_install']
[0.443s] Level 1:colcon.colcon_core.package_identification:_identify(install) by extension 'ignore'
[0.443s] Level 1:colcon.colcon_core.package_identification:_identify(install) ignored
[0.443s] Level 1:colcon.colcon_core.package_identification:_identify(log) by extensions ['ignore', 'ignore_ament_install']
[0.443s] Level 1:colcon.colcon_core.package_identification:_identify(log) by extension 'ignore'
[0.443s] Level 1:colcon.colcon_core.package_identification:_identify(log) ignored
[0.443s] Level 1:colcon.colcon_core.package_identification:_identify(src) by extensions ['ignore', 'ignore_ament_install']
[0.443s] Level 1:colcon.colcon_core.package_identification:_identify(src) by extension 'ignore'
[0.443s] Level 1:colcon.colcon_core.package_identification:_identify(src) by extension 'ignore_ament_install'
[0.443s] Level 1:colcon.colcon_core.package_identification:_identify(src) by extensions ['colcon_pkg']
[0.443s] Level 1:colcon.colcon_core.package_identification:_identify(src) by extension 'colcon_pkg'
[0.443s] Level 1:colcon.colcon_core.package_identification:_identify(src) by extensions ['colcon_meta']
[0.443s] Level 1:colcon.colcon_core.package_identification:_identify(src) by extension 'colcon_meta'
[0.443s] Level 1:colcon.colcon_core.package_identification:_identify(src) by extensions ['ros']
[0.444s] Level 1:colcon.colcon_core.package_identification:_identify(src) by extension 'ros'
[0.444s] Level 1:colcon.colcon_core.package_identification:_identify(src) by extensions ['cmake', 'python']
[0.444s] Level 1:colcon.colcon_core.package_identification:_identify(src) by extension 'cmake'
[0.444s] Level 1:colcon.colcon_core.package_identification:_identify(src) by extension 'python'
[0.444s] Level 1:colcon.colcon_core.package_identification:_identify(src) by extensions ['python_setup_py']
[0.444s] Level 1:colcon.colcon_core.package_identification:_identify(src) by extension 'python_setup_py'
[0.444s] Level 1:colcon.colcon_core.package_identification:_identify(src/build) by extensions ['ignore', 'ignore_ament_install']
[0.444s] Level 1:colcon.colcon_core.package_identification:_identify(src/build) by extension 'ignore'
[0.444s] Level 1:colcon.colcon_core.package_identification:_identify(src/build) ignored
[0.444s] Level 1:colcon.colcon_core.package_identification:_identify(src/install) by extensions ['ignore', 'ignore_ament_install']
[0.444s] Level 1:colcon.colcon_core.package_identification:_identify(src/install) by extension 'ignore'
[0.444s] Level 1:colcon.colcon_core.package_identification:_identify(src/install) ignored
[0.445s] Level 1:colcon.colcon_core.package_identification:_identify(src/log) by extensions ['ignore', 'ignore_ament_install']
[0.445s] Level 1:colcon.colcon_core.package_identification:_identify(src/log) by extension 'ignore'
[0.445s] Level 1:colcon.colcon_core.package_identification:_identify(src/log) ignored
[0.445s] Level 1:colcon.colcon_core.package_identification:_identify(src/mobilebot_bringup) by extensions ['ignore', 'ignore_ament_install']
[0.445s] Level 1:colcon.colcon_core.package_identification:_identify(src/mobilebot_bringup) by extension 'ignore'
[0.445s] Level 1:colcon.colcon_core.package_identification:_identify(src/mobilebot_bringup) by extension 'ignore_ament_install'
[0.445s] Level 1:colcon.colcon_core.package_identification:_identify(src/mobilebot_bringup) by extensions ['colcon_pkg']
[0.445s] Level 1:colcon.colcon_core.package_identification:_identify(src/mobilebot_bringup) by extension 'colcon_pkg'
[0.445s] Level 1:colcon.colcon_core.package_identification:_identify(src/mobilebot_bringup) by extensions ['colcon_meta']
[0.445s] Level 1:colcon.colcon_core.package_identification:_identify(src/mobilebot_bringup) by extension 'colcon_meta'
[0.445s] Level 1:colcon.colcon_core.package_identification:_identify(src/mobilebot_bringup) by extensions ['ros']
[0.445s] Level 1:colcon.colcon_core.package_identification:_identify(src/mobilebot_bringup) by extension 'ros'
[0.449s] DEBUG:colcon.colcon_core.package_identification:Package 'src/mobilebot_bringup' with type 'ros.ament_cmake' and name 'mobilebot_bringup'
[0.450s] Level 1:colcon.colcon_core.package_identification:_identify(src/mobilebot_description) by extensions ['ignore', 'ignore_ament_install']
[0.450s] Level 1:colcon.colcon_core.package_identification:_identify(src/mobilebot_description) by extension 'ignore'
[0.450s] Level 1:colcon.colcon_core.package_identification:_identify(src/mobilebot_description) by extension 'ignore_ament_install'
[0.450s] Level 1:colcon.colcon_core.package_identification:_identify(src/mobilebot_description) by extensions ['colcon_pkg']
[0.450s] Level 1:colcon.colcon_core.package_identification:_identify(src/mobilebot_description) by extension 'colcon_pkg'
[0.450s] Level 1:colcon.colcon_core.package_identification:_identify(src/mobilebot_description) by extensions ['colcon_meta']
[0.450s] Level 1:colcon.colcon_core.package_identification:_identify(src/mobilebot_description) by extension 'colcon_meta'
[0.450s] Level 1:colcon.colcon_core.package_identification:_identify(src/mobilebot_description) by extensions ['ros']
[0.450s] Level 1:colcon.colcon_core.package_identification:_identify(src/mobilebot_description) by extension 'ros'
[0.452s] DEBUG:colcon.colcon_core.package_identification:Package 'src/mobilebot_description' with type 'ros.ament_cmake' and name 'mobilebot_description'
[0.452s] Level 1:colcon.colcon_core.package_identification:_identify(src/mobilebot_interfaces) by extensions ['ignore', 'ignore_ament_install']
[0.452s] Level 1:colcon.colcon_core.package_identification:_identify(src/mobilebot_interfaces) by extension 'ignore'
[0.452s] Level 1:colcon.colcon_core.package_identification:_identify(src/mobilebot_interfaces) by extension 'ignore_ament_install'
[0.453s] Level 1:colcon.colcon_core.package_identification:_identify(src/mobilebot_interfaces) by extensions ['colcon_pkg']
[0.453s] Level 1:colcon.colcon_core.package_identification:_identify(src/mobilebot_interfaces) by extension 'colcon_pkg'
[0.453s] Level 1:colcon.colcon_core.package_identification:_identify(src/mobilebot_interfaces) by extensions ['colcon_meta']
[0.453s] Level 1:colcon.colcon_core.package_identification:_identify(src/mobilebot_interfaces) by extension 'colcon_meta'
[0.453s] Level 1:colcon.colcon_core.package_identification:_identify(src/mobilebot_interfaces) by extensions ['ros']
[0.453s] Level 1:colcon.colcon_core.package_identification:_identify(src/mobilebot_interfaces) by extension 'ros'
[0.454s] DEBUG:colcon.colcon_core.package_identification:Package 'src/mobilebot_interfaces' with type 'ros.ament_cmake' and name 'mobilebot_interfaces'
[0.454s] Level 1:colcon.colcon_core.package_discovery:discover_packages(recursive) using defaults
[0.454s] Level 1:colcon.colcon_core.package_discovery:discover_packages(ignore) discover
[0.454s] Level 1:colcon.colcon_core.package_discovery:discover_packages(ignore) using defaults
[0.454s] Level 1:colcon.colcon_core.package_discovery:discover_packages(path) discover
[0.454s] Level 1:colcon.colcon_core.package_discovery:discover_packages(path) using defaults
[0.498s] Level 1:colcon.colcon_core.package_discovery:discover_packages(prefix_path) check parameters
[0.498s] Level 1:colcon.colcon_core.package_discovery:discover_packages(prefix_path) discover
[0.503s] DEBUG:colcon.colcon_installed_package_information.package_discovery:Found 2 installed packages in /home/saeedbazargan/Desktop/ROS2-Humble/My-ROS2_Projects/My-ROS2-Humble/Tutorial_MobileRobot/mobilebot_ws/install
[0.505s] DEBUG:colcon.colcon_installed_package_information.package_discovery:Found 294 installed packages in /opt/ros/humble
[0.507s] Level 1:colcon.colcon_core.package_discovery:discover_packages(prefix_path) using defaults
[0.562s] Level 5:colcon.colcon_core.verb:set package 'mobilebot_description' build argument 'cmake_args' from command line to 'None'
[0.562s] Level 5:colcon.colcon_core.verb:set package 'mobilebot_description' build argument 'cmake_target' from command line to 'None'
[0.562s] Level 5:colcon.colcon_core.verb:set package 'mobilebot_description' build argument 'cmake_target_skip_unavailable' from command line to 'False'
[0.562s] Level 5:colcon.colcon_core.verb:set package 'mobilebot_description' build argument 'cmake_clean_cache' from command line to 'False'
[0.562s] Level 5:colcon.colcon_core.verb:set package 'mobilebot_description' build argument 'cmake_clean_first' from command line to 'False'
[0.562s] Level 5:colcon.colcon_core.verb:set package 'mobilebot_description' build argument 'cmake_force_configure' from command line to 'False'
[0.562s] Level 5:colcon.colcon_core.verb:set package 'mobilebot_description' build argument 'ament_cmake_args' from command line to 'None'
[0.562s] Level 5:colcon.colcon_core.verb:set package 'mobilebot_description' build argument 'catkin_cmake_args' from command line to 'None'
[0.562s] Level 5:colcon.colcon_core.verb:set package 'mobilebot_description' build argument 'catkin_skip_building_tests' from command line to 'False'
[0.562s] DEBUG:colcon.colcon_core.verb:Building package 'mobilebot_description' with the following arguments: {'ament_cmake_args': None, 'build_base': '/home/saeedbazargan/Desktop/ROS2-Humble/My-ROS2_Projects/My-ROS2-Humble/Tutorial_MobileRobot/mobilebot_ws/build/mobilebot_description', 'catkin_cmake_args': None, 'catkin_skip_building_tests': False, 'cmake_args': None, 'cmake_clean_cache': False, 'cmake_clean_first': False, 'cmake_force_configure': False, 'cmake_target': None, 'cmake_target_skip_unavailable': False, 'install_base': '/home/saeedbazargan/Desktop/ROS2-Humble/My-ROS2_Projects/My-ROS2-Humble/Tutorial_MobileRobot/mobilebot_ws/install/mobilebot_description', 'merge_install': False, 'path': '/home/saeedbazargan/Desktop/ROS2-Humble/My-ROS2_Projects/My-ROS2-Humble/Tutorial_MobileRobot/mobilebot_ws/src/mobilebot_description', 'symlink_install': False, 'test_result_base': None}
[0.563s] Level 5:colcon.colcon_core.verb:set package 'mobilebot_interfaces' build argument 'cmake_args' from command line to 'None'
[0.563s] Level 5:colcon.colcon_core.verb:set package 'mobilebot_interfaces' build argument 'cmake_target' from command line to 'None'
[0.563s] Level 5:colcon.colcon_core.verb:set package 'mobilebot_interfaces' build argument 'cmake_target_skip_unavailable' from command line to 'False'
[0.563s] Level 5:colcon.colcon_core.verb:set package 'mobilebot_interfaces' build argument 'cmake_clean_cache' from command line to 'False'
[0.563s] Level 5:colcon.colcon_core.verb:set package 'mobilebot_interfaces' build argument 'cmake_clean_first' from command line to 'False'
[0.563s] Level 5:colcon.colcon_core.verb:set package 'mobilebot_interfaces' build argument 'cmake_force_configure' from command line to 'False'
[0.563s] Level 5:colcon.colcon_core.verb:set package 'mobilebot_interfaces' build argument 'ament_cmake_args' from command line to 'None'
[0.563s] Level 5:colcon.colcon_core.verb:set package 'mobilebot_interfaces' build argument 'catkin_cmake_args' from command line to 'None'
[0.563s] Level 5:colcon.colcon_core.verb:set package 'mobilebot_interfaces' build argument 'catkin_skip_building_tests' from command line to 'False'
[0.563s] DEBUG:colcon.colcon_core.verb:Building package 'mobilebot_interfaces' with the following arguments: {'ament_cmake_args': None, 'build_base': '/home/saeedbazargan/Desktop/ROS2-Humble/My-ROS2_Projects/My-ROS2-Humble/Tutorial_MobileRobot/mobilebot_ws/build/mobilebot_interfaces', 'catkin_cmake_args': None, 'catkin_skip_building_tests': False, 'cmake_args': None, 'cmake_clean_cache': False, 'cmake_clean_first': False, 'cmake_force_configure': False, 'cmake_target': None, 'cmake_target_skip_unavailable': False, 'install_base': '/home/saeedbazargan/Desktop/ROS2-Humble/My-ROS2_Projects/My-ROS2-Humble/Tutorial_MobileRobot/mobilebot_ws/install/mobilebot_interfaces', 'merge_install': False, 'path': '/home/saeedbazargan/Desktop/ROS2-Humble/My-ROS2_Projects/My-ROS2-Humble/Tutorial_MobileRobot/mobilebot_ws/src/mobilebot_interfaces', 'symlink_install': False, 'test_result_base': None}
[0.564s] Level 5:colcon.colcon_core.verb:set package 'mobilebot_bringup' build argument 'cmake_args' from command line to 'None'
[0.564s] Level 5:colcon.colcon_core.verb:set package 'mobilebot_bringup' build argument 'cmake_target' from command line to 'None'
[0.564s] Level 5:colcon.colcon_core.verb:set package 'mobilebot_bringup' build argument 'cmake_target_skip_unavailable' from command line to 'False'
[0.564s] Level 5:colcon.colcon_core.verb:set package 'mobilebot_bringup' build argument 'cmake_clean_cache' from command line to 'False'
[0.564s] Level 5:colcon.colcon_core.verb:set package 'mobilebot_bringup' build argument 'cmake_clean_first' from command line to 'False'
[0.564s] Level 5:colcon.colcon_core.verb:set package 'mobilebot_bringup' build argument 'cmake_force_configure' from command line to 'False'
[0.564s] Level 5:colcon.colcon_core.verb:set package 'mobilebot_bringup' build argument 'ament_cmake_args' from command line to 'None'
[0.564s] Level 5:colcon.colcon_core.verb:set package 'mobilebot_bringup' build argument 'catkin_cmake_args' from command line to 'None'
[0.564s] Level 5:colcon.colcon_core.verb:set package 'mobilebot_bringup' build argument 'catkin_skip_building_tests' from command line to 'False'
[0.564s] DEBUG:colcon.colcon_core.verb:Building package 'mobilebot_bringup' with the following arguments: {'ament_cmake_args': None, 'build_base': '/home/saeedbazargan/Desktop/ROS2-Humble/My-ROS2_Projects/My-ROS2-Humble/Tutorial_MobileRobot/mobilebot_ws/build/mobilebot_bringup', 'catkin_cmake_args': None, 'catkin_skip_building_tests': False, 'cmake_args': None, 'cmake_clean_cache': False, 'cmake_clean_first': False, 'cmake_force_configure': False, 'cmake_target': None, 'cmake_target_skip_unavailable': False, 'install_base': '/home/saeedbazargan/Desktop/ROS2-Humble/My-ROS2_Projects/My-ROS2-Humble/Tutorial_MobileRobot/mobilebot_ws/install/mobilebot_bringup', 'merge_install': False, 'path': '/home/saeedbazargan/Desktop/ROS2-Humble/My-ROS2_Projects/My-ROS2-Humble/Tutorial_MobileRobot/mobilebot_ws/src/mobilebot_bringup', 'symlink_install': False, 'test_result_base': None}
[0.564s] INFO:colcon.colcon_core.executor:Executing jobs using 'parallel' executor
[0.565s] DEBUG:colcon.colcon_parallel_executor.executor.parallel:run_until_complete
[0.566s] INFO:colcon.colcon_ros.task.ament_cmake.build:Building ROS package in '/home/saeedbazargan/Desktop/ROS2-Humble/My-ROS2_Projects/My-ROS2-Humble/Tutorial_MobileRobot/mobilebot_ws/src/mobilebot_description' with build type 'ament_cmake'
[0.566s] INFO:colcon.colcon_cmake.task.cmake.build:Building CMake package in '/home/saeedbazargan/Desktop/ROS2-Humble/My-ROS2_Projects/My-ROS2-Humble/Tutorial_MobileRobot/mobilebot_ws/src/mobilebot_description'
[0.571s] INFO:colcon.colcon_core.plugin_system:Skipping extension 'colcon_core.shell.bat': Not used on non-Windows systems
[0.571s] INFO:colcon.colcon_core.shell:Skip shell extension 'powershell' for command environment: Not usable outside of PowerShell
[0.571s] DEBUG:colcon.colcon_core.shell:Skip shell extension 'dsv' for command environment
[0.576s] INFO:colcon.colcon_ros.task.ament_cmake.build:Building ROS package in '/home/saeedbazargan/Desktop/ROS2-Humble/My-ROS2_Projects/My-ROS2-Humble/Tutorial_MobileRobot/mobilebot_ws/src/mobilebot_interfaces' with build type 'ament_cmake'
[0.576s] INFO:colcon.colcon_cmake.task.cmake.build:Building CMake package in '/home/saeedbazargan/Desktop/ROS2-Humble/My-ROS2_Projects/My-ROS2-Humble/Tutorial_MobileRobot/mobilebot_ws/src/mobilebot_interfaces'
[0.577s] INFO:colcon.colcon_core.shell:Skip shell extension 'powershell' for command environment: Not usable outside of PowerShell
[0.577s] DEBUG:colcon.colcon_core.shell:Skip shell extension 'dsv' for command environment
[0.590s] DEBUG:colcon.colcon_core.event_handler.log_command:Invoking command in '/home/saeedbazargan/Desktop/ROS2-Humble/My-ROS2_Projects/My-ROS2-Humble/Tutorial_MobileRobot/mobilebot_ws/build/mobilebot_description': CMAKE_PREFIX_PATH=${CMAKE_PREFIX_PATH}:/opt/ros/humble /usr/bin/cmake --build /home/saeedbazargan/Desktop/ROS2-Humble/My-ROS2_Projects/My-ROS2-Humble/Tutorial_MobileRobot/mobilebot_ws/build/mobilebot_description -- -j4 -l4
[0.598s] DEBUG:colcon.colcon_core.event_handler.log_command:Invoking command in '/home/saeedbazargan/Desktop/ROS2-Humble/My-ROS2_Projects/My-ROS2-Humble/Tutorial_MobileRobot/mobilebot_ws/build/mobilebot_interfaces': CMAKE_PREFIX_PATH=${CMAKE_PREFIX_PATH}:/opt/ros/humble /usr/bin/cmake /home/saeedbazargan/Desktop/ROS2-Humble/My-ROS2_Projects/My-ROS2-Humble/Tutorial_MobileRobot/mobilebot_ws/src/mobilebot_interfaces -DCMAKE_INSTALL_PREFIX=/home/saeedbazargan/Desktop/ROS2-Humble/My-ROS2_Projects/My-ROS2-Humble/Tutorial_MobileRobot/mobilebot_ws/install/mobilebot_interfaces
[0.659s] DEBUG:colcon.colcon_core.event_handler.log_command:Invoked command in '/home/saeedbazargan/Desktop/ROS2-Humble/My-ROS2_Projects/My-ROS2-Humble/Tutorial_MobileRobot/mobilebot_ws/build/mobilebot_description' returned '0': CMAKE_PREFIX_PATH=${CMAKE_PREFIX_PATH}:/opt/ros/humble /usr/bin/cmake --build /home/saeedbazargan/Desktop/ROS2-Humble/My-ROS2_Projects/My-ROS2-Humble/Tutorial_MobileRobot/mobilebot_ws/build/mobilebot_description -- -j4 -l4
[0.676s] DEBUG:colcon.colcon_core.event_handler.log_command:Invoking command in '/home/saeedbazargan/Desktop/ROS2-Humble/My-ROS2_Projects/My-ROS2-Humble/Tutorial_MobileRobot/mobilebot_ws/build/mobilebot_description': CMAKE_PREFIX_PATH=${CMAKE_PREFIX_PATH}:/opt/ros/humble /usr/bin/cmake --install /home/saeedbazargan/Desktop/ROS2-Humble/My-ROS2_Projects/My-ROS2-Humble/Tutorial_MobileRobot/mobilebot_ws/build/mobilebot_description
[0.697s] Level 1:colcon.colcon_core.environment:create_environment_scripts_only(mobilebot_description)
[0.698s] DEBUG:colcon.colcon_core.event_handler.log_command:Invoked command in '/home/saeedbazargan/Desktop/ROS2-Humble/My-ROS2_Projects/My-ROS2-Humble/Tutorial_MobileRobot/mobilebot_ws/build/mobilebot_description' returned '0': CMAKE_PREFIX_PATH=${CMAKE_PREFIX_PATH}:/opt/ros/humble /usr/bin/cmake --install /home/saeedbazargan/Desktop/ROS2-Humble/My-ROS2_Projects/My-ROS2-Humble/Tutorial_MobileRobot/mobilebot_ws/build/mobilebot_description
[0.704s] Level 1:colcon.colcon_core.environment:checking '/home/saeedbazargan/Desktop/ROS2-Humble/My-ROS2_Projects/My-ROS2-Humble/Tutorial_MobileRobot/mobilebot_ws/install/mobilebot_description' for CMake module files
[0.705s] Level 1:colcon.colcon_core.environment:checking '/home/saeedbazargan/Desktop/ROS2-Humble/My-ROS2_Projects/My-ROS2-Humble/Tutorial_MobileRobot/mobilebot_ws/install/mobilebot_description' for CMake config files
[0.706s] Level 1:colcon.colcon_core.shell:create_environment_hook('mobilebot_description', 'cmake_prefix_path')
[0.706s] INFO:colcon.colcon_core.shell:Creating environment hook '/home/saeedbazargan/Desktop/ROS2-Humble/My-ROS2_Projects/My-ROS2-Humble/Tutorial_MobileRobot/mobilebot_ws/install/mobilebot_description/share/mobilebot_description/hook/cmake_prefix_path.ps1'
[0.708s] INFO:colcon.colcon_core.shell:Creating environment descriptor '/home/saeedbazargan/Desktop/ROS2-Humble/My-ROS2_Projects/My-ROS2-Humble/Tutorial_MobileRobot/mobilebot_ws/install/mobilebot_description/share/mobilebot_description/hook/cmake_prefix_path.dsv'
[0.709s] INFO:colcon.colcon_core.shell:Creating environment hook '/home/saeedbazargan/Desktop/ROS2-Humble/My-ROS2_Projects/My-ROS2-Humble/Tutorial_MobileRobot/mobilebot_ws/install/mobilebot_description/share/mobilebot_description/hook/cmake_prefix_path.sh'
[0.711s] Level 1:colcon.colcon_core.environment:checking '/home/saeedbazargan/Desktop/ROS2-Humble/My-ROS2_Projects/My-ROS2-Humble/Tutorial_MobileRobot/mobilebot_ws/install/mobilebot_description/bin'
[0.711s] Level 1:colcon.colcon_core.environment:checking '/home/saeedbazargan/Desktop/ROS2-Humble/My-ROS2_Projects/My-ROS2-Humble/Tutorial_MobileRobot/mobilebot_ws/install/mobilebot_description/lib/pkgconfig/mobilebot_description.pc'
[0.711s] Level 1:colcon.colcon_core.environment:checking '/home/saeedbazargan/Desktop/ROS2-Humble/My-ROS2_Projects/My-ROS2-Humble/Tutorial_MobileRobot/mobilebot_ws/install/mobilebot_description/lib/python3.10/site-packages'
[0.712s] Level 1:colcon.colcon_core.environment:checking '/home/saeedbazargan/Desktop/ROS2-Humble/My-ROS2_Projects/My-ROS2-Humble/Tutorial_MobileRobot/mobilebot_ws/install/mobilebot_description/bin'
[0.713s] INFO:colcon.colcon_core.shell:Creating package script '/home/saeedbazargan/Desktop/ROS2-Humble/My-ROS2_Projects/My-ROS2-Humble/Tutorial_MobileRobot/mobilebot_ws/install/mobilebot_description/share/mobilebot_description/package.ps1'
[0.715s] INFO:colcon.colcon_core.shell:Creating package descriptor '/home/saeedbazargan/Desktop/ROS2-Humble/My-ROS2_Projects/My-ROS2-Humble/Tutorial_MobileRobot/mobilebot_ws/install/mobilebot_description/share/mobilebot_description/package.dsv'
[0.716s] INFO:colcon.colcon_core.shell:Creating package script '/home/saeedbazargan/Desktop/ROS2-Humble/My-ROS2_Projects/My-ROS2-Humble/Tutorial_MobileRobot/mobilebot_ws/install/mobilebot_description/share/mobilebot_description/package.sh'
[0.718s] INFO:colcon.colcon_core.shell:Creating package script '/home/saeedbazargan/Desktop/ROS2-Humble/My-ROS2_Projects/My-ROS2-Humble/Tutorial_MobileRobot/mobilebot_ws/install/mobilebot_description/share/mobilebot_description/package.bash'
[0.719s] INFO:colcon.colcon_core.shell:Creating package script '/home/saeedbazargan/Desktop/ROS2-Humble/My-ROS2_Projects/My-ROS2-Humble/Tutorial_MobileRobot/mobilebot_ws/install/mobilebot_description/share/mobilebot_description/package.zsh'
[0.721s] Level 1:colcon.colcon_core.environment:create_file_with_runtime_dependencies(/home/saeedbazargan/Desktop/ROS2-Humble/My-ROS2_Projects/My-ROS2-Humble/Tutorial_MobileRobot/mobilebot_ws/install/mobilebot_description/share/colcon-core/packages/mobilebot_description)
[0.721s] Level 1:colcon.colcon_core.environment:create_environment_scripts_only(mobilebot_description)
[0.722s] Level 1:colcon.colcon_core.environment:checking '/home/saeedbazargan/Desktop/ROS2-Humble/My-ROS2_Projects/My-ROS2-Humble/Tutorial_MobileRobot/mobilebot_ws/install/mobilebot_description' for CMake module files
[0.722s] Level 1:colcon.colcon_core.environment:checking '/home/saeedbazargan/Desktop/ROS2-Humble/My-ROS2_Projects/My-ROS2-Humble/Tutorial_MobileRobot/mobilebot_ws/install/mobilebot_description' for CMake config files
[0.723s] Level 1:colcon.colcon_core.shell:create_environment_hook('mobilebot_description', 'cmake_prefix_path')
[0.723s] INFO:colcon.colcon_core.shell:Creating environment hook '/home/saeedbazargan/Desktop/ROS2-Humble/My-ROS2_Projects/My-ROS2-Humble/Tutorial_MobileRobot/mobilebot_ws/install/mobilebot_description/share/mobilebot_description/hook/cmake_prefix_path.ps1'
[0.723s] INFO:colcon.colcon_core.shell:Creating environment descriptor '/home/saeedbazargan/Desktop/ROS2-Humble/My-ROS2_Projects/My-ROS2-Humble/Tutorial_MobileRobot/mobilebot_ws/install/mobilebot_description/share/mobilebot_description/hook/cmake_prefix_path.dsv'
[0.724s] INFO:colcon.colcon_core.shell:Creating environment hook '/home/saeedbazargan/Desktop/ROS2-Humble/My-ROS2_Projects/My-ROS2-Humble/Tutorial_MobileRobot/mobilebot_ws/install/mobilebot_description/share/mobilebot_description/hook/cmake_prefix_path.sh'
[0.725s] Level 1:colcon.colcon_core.environment:checking '/home/saeedbazargan/Desktop/ROS2-Humble/My-ROS2_Projects/My-ROS2-Humble/Tutorial_MobileRobot/mobilebot_ws/install/mobilebot_description/bin'
[0.725s] Level 1:colcon.colcon_core.environment:checking '/home/saeedbazargan/Desktop/ROS2-Humble/My-ROS2_Projects/My-ROS2-Humble/Tutorial_MobileRobot/mobilebot_ws/install/mobilebot_description/lib/pkgconfig/mobilebot_description.pc'
[0.725s] Level 1:colcon.colcon_core.environment:checking '/home/saeedbazargan/Desktop/ROS2-Humble/My-ROS2_Projects/My-ROS2-Humble/Tutorial_MobileRobot/mobilebot_ws/install/mobilebot_description/lib/python3.10/site-packages'
[0.726s] Level 1:colcon.colcon_core.environment:checking '/home/saeedbazargan/Desktop/ROS2-Humble/My-ROS2_Projects/My-ROS2-Humble/Tutorial_MobileRobot/mobilebot_ws/install/mobilebot_description/bin'
[0.726s] INFO:colcon.colcon_core.shell:Creating package script '/home/saeedbazargan/Desktop/ROS2-Humble/My-ROS2_Projects/My-ROS2-Humble/Tutorial_MobileRobot/mobilebot_ws/install/mobilebot_description/share/mobilebot_description/package.ps1'
[0.727s] INFO:colcon.colcon_core.shell:Creating package descriptor '/home/saeedbazargan/Desktop/ROS2-Humble/My-ROS2_Projects/My-ROS2-Humble/Tutorial_MobileRobot/mobilebot_ws/install/mobilebot_description/share/mobilebot_description/package.dsv'
[0.727s] INFO:colcon.colcon_core.shell:Creating package script '/home/saeedbazargan/Desktop/ROS2-Humble/My-ROS2_Projects/My-ROS2-Humble/Tutorial_MobileRobot/mobilebot_ws/install/mobilebot_description/share/mobilebot_description/package.sh'
[0.728s] INFO:colcon.colcon_core.shell:Creating package script '/home/saeedbazargan/Desktop/ROS2-Humble/My-ROS2_Projects/My-ROS2-Humble/Tutorial_MobileRobot/mobilebot_ws/install/mobilebot_description/share/mobilebot_description/package.bash'
[0.728s] INFO:colcon.colcon_core.shell:Creating package script '/home/saeedbazargan/Desktop/ROS2-Humble/My-ROS2_Projects/My-ROS2-Humble/Tutorial_MobileRobot/mobilebot_ws/install/mobilebot_description/share/mobilebot_description/package.zsh'
[0.729s] Level 1:colcon.colcon_core.environment:create_file_with_runtime_dependencies(/home/saeedbazargan/Desktop/ROS2-Humble/My-ROS2_Projects/My-ROS2-Humble/Tutorial_MobileRobot/mobilebot_ws/install/mobilebot_description/share/colcon-core/packages/mobilebot_description)
[0.730s] INFO:colcon.colcon_ros.task.ament_cmake.build:Building ROS package in '/home/saeedbazargan/Desktop/ROS2-Humble/My-ROS2_Projects/My-ROS2-Humble/Tutorial_MobileRobot/mobilebot_ws/src/mobilebot_bringup' with build type 'ament_cmake'
[0.730s] INFO:colcon.colcon_cmake.task.cmake.build:Building CMake package in '/home/saeedbazargan/Desktop/ROS2-Humble/My-ROS2_Projects/My-ROS2-Humble/Tutorial_MobileRobot/mobilebot_ws/src/mobilebot_bringup'
[0.731s] INFO:colcon.colcon_core.shell:Skip shell extension 'powershell' for command environment: Not usable outside of PowerShell
[0.731s] DEBUG:colcon.colcon_core.shell:Skip shell extension 'dsv' for command environment
[0.746s] DEBUG:colcon.colcon_core.event_handler.log_command:Invoking command in '/home/saeedbazargan/Desktop/ROS2-Humble/My-ROS2_Projects/My-ROS2-Humble/Tutorial_MobileRobot/mobilebot_ws/build/mobilebot_bringup': CMAKE_PREFIX_PATH=/home/saeedbazargan/Desktop/ROS2-Humble/My-ROS2_Projects/My-ROS2-Humble/Tutorial_MobileRobot/mobilebot_ws/install/mobilebot_description:/home/saeedbazargan/Desktop/ROS2-Humble/My-ROS2_Projects/My-ROS2-Humble/Tutorial_MobileRobot/mobilebot_ws/install/mobilebot_bringup:/opt/ros/humble /usr/bin/cmake --build /home/saeedbazargan/Desktop/ROS2-Humble/My-ROS2_Projects/My-ROS2-Humble/Tutorial_MobileRobot/mobilebot_ws/build/mobilebot_bringup -- -j4 -l4
[0.809s] DEBUG:colcon.colcon_core.event_handler.log_command:Invoked command in '/home/saeedbazargan/Desktop/ROS2-Humble/My-ROS2_Projects/My-ROS2-Humble/Tutorial_MobileRobot/mobilebot_ws/build/mobilebot_bringup' returned '0': CMAKE_PREFIX_PATH=/home/saeedbazargan/Desktop/ROS2-Humble/My-ROS2_Projects/My-ROS2-Humble/Tutorial_MobileRobot/mobilebot_ws/install/mobilebot_description:/home/saeedbazargan/Desktop/ROS2-Humble/My-ROS2_Projects/My-ROS2-Humble/Tutorial_MobileRobot/mobilebot_ws/install/mobilebot_bringup:/opt/ros/humble /usr/bin/cmake --build /home/saeedbazargan/Desktop/ROS2-Humble/My-ROS2_Projects/My-ROS2-Humble/Tutorial_MobileRobot/mobilebot_ws/build/mobilebot_bringup -- -j4 -l4
[0.811s] DEBUG:colcon.colcon_core.event_handler.log_command:Invoking command in '/home/saeedbazargan/Desktop/ROS2-Humble/My-ROS2_Projects/My-ROS2-Humble/Tutorial_MobileRobot/mobilebot_ws/build/mobilebot_bringup': CMAKE_PREFIX_PATH=/home/saeedbazargan/Desktop/ROS2-Humble/My-ROS2_Projects/My-ROS2-Humble/Tutorial_MobileRobot/mobilebot_ws/install/mobilebot_description:/home/saeedbazargan/Desktop/ROS2-Humble/My-ROS2_Projects/My-ROS2-Humble/Tutorial_MobileRobot/mobilebot_ws/install/mobilebot_bringup:/opt/ros/humble /usr/bin/cmake --install /home/saeedbazargan/Desktop/ROS2-Humble/My-ROS2_Projects/My-ROS2-Humble/Tutorial_MobileRobot/mobilebot_ws/build/mobilebot_bringup
[0.828s] Level 1:colcon.colcon_core.environment:create_environment_scripts_only(mobilebot_bringup)
[0.829s] Level 1:colcon.colcon_core.environment:checking '/home/saeedbazargan/Desktop/ROS2-Humble/My-ROS2_Projects/My-ROS2-Humble/Tutorial_MobileRobot/mobilebot_ws/install/mobilebot_bringup' for CMake module files
[0.830s] DEBUG:colcon.colcon_core.event_handler.log_command:Invoked command in '/home/saeedbazargan/Desktop/ROS2-Humble/My-ROS2_Projects/My-ROS2-Humble/Tutorial_MobileRobot/mobilebot_ws/build/mobilebot_bringup' returned '0': CMAKE_PREFIX_PATH=/home/saeedbazargan/Desktop/ROS2-Humble/My-ROS2_Projects/My-ROS2-Humble/Tutorial_MobileRobot/mobilebot_ws/install/mobilebot_description:/home/saeedbazargan/Desktop/ROS2-Humble/My-ROS2_Projects/My-ROS2-Humble/Tutorial_MobileRobot/mobilebot_ws/install/mobilebot_bringup:/opt/ros/humble /usr/bin/cmake --install /home/saeedbazargan/Desktop/ROS2-Humble/My-ROS2_Projects/My-ROS2-Humble/Tutorial_MobileRobot/mobilebot_ws/build/mobilebot_bringup
[0.831s] Level 1:colcon.colcon_core.environment:checking '/home/saeedbazargan/Desktop/ROS2-Humble/My-ROS2_Projects/My-ROS2-Humble/Tutorial_MobileRobot/mobilebot_ws/install/mobilebot_bringup' for CMake config files
[0.831s] Level 1:colcon.colcon_core.shell:create_environment_hook('mobilebot_bringup', 'cmake_prefix_path')
[0.832s] INFO:colcon.colcon_core.shell:Creating environment hook '/home/saeedbazargan/Desktop/ROS2-Humble/My-ROS2_Projects/My-ROS2-Humble/Tutorial_MobileRobot/mobilebot_ws/install/mobilebot_bringup/share/mobilebot_bringup/hook/cmake_prefix_path.ps1'
[0.833s] INFO:colcon.colcon_core.shell:Creating environment descriptor '/home/saeedbazargan/Desktop/ROS2-Humble/My-ROS2_Projects/My-ROS2-Humble/Tutorial_MobileRobot/mobilebot_ws/install/mobilebot_bringup/share/mobilebot_bringup/hook/cmake_prefix_path.dsv'
[0.833s] INFO:colcon.colcon_core.shell:Creating environment hook '/home/saeedbazargan/Desktop/ROS2-Humble/My-ROS2_Projects/My-ROS2-Humble/Tutorial_MobileRobot/mobilebot_ws/install/mobilebot_bringup/share/mobilebot_bringup/hook/cmake_prefix_path.sh'
[0.835s] Level 1:colcon.colcon_core.environment:checking '/home/saeedbazargan/Desktop/ROS2-Humble/My-ROS2_Projects/My-ROS2-Humble/Tutorial_MobileRobot/mobilebot_ws/install/mobilebot_bringup/bin'
[0.835s] Level 1:colcon.colcon_core.environment:checking '/home/saeedbazargan/Desktop/ROS2-Humble/My-ROS2_Projects/My-ROS2-Humble/Tutorial_MobileRobot/mobilebot_ws/install/mobilebot_bringup/lib/pkgconfig/mobilebot_bringup.pc'
[0.835s] Level 1:colcon.colcon_core.environment:checking '/home/saeedbazargan/Desktop/ROS2-Humble/My-ROS2_Projects/My-ROS2-Humble/Tutorial_MobileRobot/mobilebot_ws/install/mobilebot_bringup/lib/python3.10/site-packages'
[0.836s] Level 1:colcon.colcon_core.environment:checking '/home/saeedbazargan/Desktop/ROS2-Humble/My-ROS2_Projects/My-ROS2-Humble/Tutorial_MobileRobot/mobilebot_ws/install/mobilebot_bringup/bin'
[0.837s] INFO:colcon.colcon_core.shell:Creating package script '/home/saeedbazargan/Desktop/ROS2-Humble/My-ROS2_Projects/My-ROS2-Humble/Tutorial_MobileRobot/mobilebot_ws/install/mobilebot_bringup/share/mobilebot_bringup/package.ps1'
[0.838s] INFO:colcon.colcon_core.shell:Creating package descriptor '/home/saeedbazargan/Desktop/ROS2-Humble/My-ROS2_Projects/My-ROS2-Humble/Tutorial_MobileRobot/mobilebot_ws/install/mobilebot_bringup/share/mobilebot_bringup/package.dsv'
[0.839s] INFO:colcon.colcon_core.shell:Creating package script '/home/saeedbazargan/Desktop/ROS2-Humble/My-ROS2_Projects/My-ROS2-Humble/Tutorial_MobileRobot/mobilebot_ws/install/mobilebot_bringup/share/mobilebot_bringup/package.sh'
[0.839s] INFO:colcon.colcon_core.shell:Creating package script '/home/saeedbazargan/Desktop/ROS2-Humble/My-ROS2_Projects/My-ROS2-Humble/Tutorial_MobileRobot/mobilebot_ws/install/mobilebot_bringup/share/mobilebot_bringup/package.bash'
[0.840s] INFO:colcon.colcon_core.shell:Creating package script '/home/saeedbazargan/Desktop/ROS2-Humble/My-ROS2_Projects/My-ROS2-Humble/Tutorial_MobileRobot/mobilebot_ws/install/mobilebot_bringup/share/mobilebot_bringup/package.zsh'
[0.841s] Level 1:colcon.colcon_core.environment:create_file_with_runtime_dependencies(/home/saeedbazargan/Desktop/ROS2-Humble/My-ROS2_Projects/My-ROS2-Humble/Tutorial_MobileRobot/mobilebot_ws/install/mobilebot_bringup/share/colcon-core/packages/mobilebot_bringup)
[0.842s] Level 1:colcon.colcon_core.environment:create_environment_scripts_only(mobilebot_bringup)
[0.842s] Level 1:colcon.colcon_core.environment:checking '/home/saeedbazargan/Desktop/ROS2-Humble/My-ROS2_Projects/My-ROS2-Humble/Tutorial_MobileRobot/mobilebot_ws/install/mobilebot_bringup' for CMake module files
[0.843s] Level 1:colcon.colcon_core.environment:checking '/home/saeedbazargan/Desktop/ROS2-Humble/My-ROS2_Projects/My-ROS2-Humble/Tutorial_MobileRobot/mobilebot_ws/install/mobilebot_bringup' for CMake config files
[0.843s] Level 1:colcon.colcon_core.shell:create_environment_hook('mobilebot_bringup', 'cmake_prefix_path')
[0.844s] INFO:colcon.colcon_core.shell:Creating environment hook '/home/saeedbazargan/Desktop/ROS2-Humble/My-ROS2_Projects/My-ROS2-Humble/Tutorial_MobileRobot/mobilebot_ws/install/mobilebot_bringup/share/mobilebot_bringup/hook/cmake_prefix_path.ps1'
[0.844s] INFO:colcon.colcon_core.shell:Creating environment descriptor '/home/saeedbazargan/Desktop/ROS2-Humble/My-ROS2_Projects/My-ROS2-Humble/Tutorial_MobileRobot/mobilebot_ws/install/mobilebot_bringup/share/mobilebot_bringup/hook/cmake_prefix_path.dsv'
[0.845s] INFO:colcon.colcon_core.shell:Creating environment hook '/home/saeedbazargan/Desktop/ROS2-Humble/My-ROS2_Projects/My-ROS2-Humble/Tutorial_MobileRobot/mobilebot_ws/install/mobilebot_bringup/share/mobilebot_bringup/hook/cmake_prefix_path.sh'
[0.846s] Level 1:colcon.colcon_core.environment:checking '/home/saeedbazargan/Desktop/ROS2-Humble/My-ROS2_Projects/My-ROS2-Humble/Tutorial_MobileRobot/mobilebot_ws/install/mobilebot_bringup/bin'
[0.846s] Level 1:colcon.colcon_core.environment:checking '/home/saeedbazargan/Desktop/ROS2-Humble/My-ROS2_Projects/My-ROS2-Humble/Tutorial_MobileRobot/mobilebot_ws/install/mobilebot_bringup/lib/pkgconfig/mobilebot_bringup.pc'
[0.846s] Level 1:colcon.colcon_core.environment:checking '/home/saeedbazargan/Desktop/ROS2-Humble/My-ROS2_Projects/My-ROS2-Humble/Tutorial_MobileRobot/mobilebot_ws/install/mobilebot_bringup/lib/python3.10/site-packages'
[0.848s] Level 1:colcon.colcon_core.environment:checking '/home/saeedbazargan/Desktop/ROS2-Humble/My-ROS2_Projects/My-ROS2-Humble/Tutorial_MobileRobot/mobilebot_ws/install/mobilebot_bringup/bin'
[0.849s] INFO:colcon.colcon_core.shell:Creating package script '/home/saeedbazargan/Desktop/ROS2-Humble/My-ROS2_Projects/My-ROS2-Humble/Tutorial_MobileRobot/mobilebot_ws/install/mobilebot_bringup/share/mobilebot_bringup/package.ps1'
[0.850s] INFO:colcon.colcon_core.shell:Creating package descriptor '/home/saeedbazargan/Desktop/ROS2-Humble/My-ROS2_Projects/My-ROS2-Humble/Tutorial_MobileRobot/mobilebot_ws/install/mobilebot_bringup/share/mobilebot_bringup/package.dsv'
[0.851s] INFO:colcon.colcon_core.shell:Creating package script '/home/saeedbazargan/Desktop/ROS2-Humble/My-ROS2_Projects/My-ROS2-Humble/Tutorial_MobileRobot/mobilebot_ws/install/mobilebot_bringup/share/mobilebot_bringup/package.sh'
[0.852s] INFO:colcon.colcon_core.shell:Creating package script '/home/saeedbazargan/Desktop/ROS2-Humble/My-ROS2_Projects/My-ROS2-Humble/Tutorial_MobileRobot/mobilebot_ws/install/mobilebot_bringup/share/mobilebot_bringup/package.bash'
[0.853s] INFO:colcon.colcon_core.shell:Creating package script '/home/saeedbazargan/Desktop/ROS2-Humble/My-ROS2_Projects/My-ROS2-Humble/Tutorial_MobileRobot/mobilebot_ws/install/mobilebot_bringup/share/mobilebot_bringup/package.zsh'
[0.854s] Level 1:colcon.colcon_core.environment:create_file_with_runtime_dependencies(/home/saeedbazargan/Desktop/ROS2-Humble/My-ROS2_Projects/My-ROS2-Humble/Tutorial_MobileRobot/mobilebot_ws/install/mobilebot_bringup/share/colcon-core/packages/mobilebot_bringup)
[3.079s] DEBUG:colcon.colcon_core.event_handler.log_command:Invoked command in '/home/saeedbazargan/Desktop/ROS2-Humble/My-ROS2_Projects/My-ROS2-Humble/Tutorial_MobileRobot/mobilebot_ws/build/mobilebot_interfaces' returned '0': CMAKE_PREFIX_PATH=${CMAKE_PREFIX_PATH}:/opt/ros/humble /usr/bin/cmake /home/saeedbazargan/Desktop/ROS2-Humble/My-ROS2_Projects/My-ROS2-Humble/Tutorial_MobileRobot/mobilebot_ws/src/mobilebot_interfaces -DCMAKE_INSTALL_PREFIX=/home/saeedbazargan/Desktop/ROS2-Humble/My-ROS2_Projects/My-ROS2-Humble/Tutorial_MobileRobot/mobilebot_ws/install/mobilebot_interfaces
[3.082s] DEBUG:colcon.colcon_core.event_handler.log_command:Invoking command in '/home/saeedbazargan/Desktop/ROS2-Humble/My-ROS2_Projects/My-ROS2-Humble/Tutorial_MobileRobot/mobilebot_ws/build/mobilebot_interfaces': CMAKE_PREFIX_PATH=${CMAKE_PREFIX_PATH}:/opt/ros/humble /usr/bin/cmake --build /home/saeedbazargan/Desktop/ROS2-Humble/My-ROS2_Projects/My-ROS2-Humble/Tutorial_MobileRobot/mobilebot_ws/build/mobilebot_interfaces -- -j4 -l4
[9.712s] DEBUG:colcon.colcon_core.event_handler.log_command:Invoked command in '/home/saeedbazargan/Desktop/ROS2-Humble/My-ROS2_Projects/My-ROS2-Humble/Tutorial_MobileRobot/mobilebot_ws/build/mobilebot_interfaces' returned '0': CMAKE_PREFIX_PATH=${CMAKE_PREFIX_PATH}:/opt/ros/humble /usr/bin/cmake --build /home/saeedbazargan/Desktop/ROS2-Humble/My-ROS2_Projects/My-ROS2-Humble/Tutorial_MobileRobot/mobilebot_ws/build/mobilebot_interfaces -- -j4 -l4
[9.714s] DEBUG:colcon.colcon_core.event_handler.log_command:Invoking command in '/home/saeedbazargan/Desktop/ROS2-Humble/My-ROS2_Projects/My-ROS2-Humble/Tutorial_MobileRobot/mobilebot_ws/build/mobilebot_interfaces': CMAKE_PREFIX_PATH=${CMAKE_PREFIX_PATH}:/opt/ros/humble /usr/bin/cmake --install /home/saeedbazargan/Desktop/ROS2-Humble/My-ROS2_Projects/My-ROS2-Humble/Tutorial_MobileRobot/mobilebot_ws/build/mobilebot_interfaces
[9.830s] Level 1:colcon.colcon_core.environment:create_environment_scripts_only(mobilebot_interfaces)
[9.831s] Level 1:colcon.colcon_core.environment:checking '/home/saeedbazargan/Desktop/ROS2-Humble/My-ROS2_Projects/My-ROS2-Humble/Tutorial_MobileRobot/mobilebot_ws/install/mobilebot_interfaces' for CMake module files
[9.832s] DEBUG:colcon.colcon_core.event_handler.log_command:Invoked command in '/home/saeedbazargan/Desktop/ROS2-Humble/My-ROS2_Projects/My-ROS2-Humble/Tutorial_MobileRobot/mobilebot_ws/build/mobilebot_interfaces' returned '0': CMAKE_PREFIX_PATH=${CMAKE_PREFIX_PATH}:/opt/ros/humble /usr/bin/cmake --install /home/saeedbazargan/Desktop/ROS2-Humble/My-ROS2_Projects/My-ROS2-Humble/Tutorial_MobileRobot/mobilebot_ws/build/mobilebot_interfaces
[9.833s] Level 1:colcon.colcon_core.environment:checking '/home/saeedbazargan/Desktop/ROS2-Humble/My-ROS2_Projects/My-ROS2-Humble/Tutorial_MobileRobot/mobilebot_ws/install/mobilebot_interfaces' for CMake config files
[9.834s] Level 1:colcon.colcon_core.shell:create_environment_hook('mobilebot_interfaces', 'cmake_prefix_path')
[9.834s] INFO:colcon.colcon_core.shell:Creating environment hook '/home/saeedbazargan/Desktop/ROS2-Humble/My-ROS2_Projects/My-ROS2-Humble/Tutorial_MobileRobot/mobilebot_ws/install/mobilebot_interfaces/share/mobilebot_interfaces/hook/cmake_prefix_path.ps1'
[9.835s] INFO:colcon.colcon_core.shell:Creating environment descriptor '/home/saeedbazargan/Desktop/ROS2-Humble/My-ROS2_Projects/My-ROS2-Humble/Tutorial_MobileRobot/mobilebot_ws/install/mobilebot_interfaces/share/mobilebot_interfaces/hook/cmake_prefix_path.dsv'
[9.836s] INFO:colcon.colcon_core.shell:Creating environment hook '/home/saeedbazargan/Desktop/ROS2-Humble/My-ROS2_Projects/My-ROS2-Humble/Tutorial_MobileRobot/mobilebot_ws/install/mobilebot_interfaces/share/mobilebot_interfaces/hook/cmake_prefix_path.sh'
[9.837s] Level 1:colcon.colcon_core.environment:checking '/home/saeedbazargan/Desktop/ROS2-Humble/My-ROS2_Projects/My-ROS2-Humble/Tutorial_MobileRobot/mobilebot_ws/install/mobilebot_interfaces/lib'
[9.838s] Level 1:colcon.colcon_core.shell:create_environment_hook('mobilebot_interfaces', 'ld_library_path_lib')
[9.838s] INFO:colcon.colcon_core.shell:Creating environment hook '/home/saeedbazargan/Desktop/ROS2-Humble/My-ROS2_Projects/My-ROS2-Humble/Tutorial_MobileRobot/mobilebot_ws/install/mobilebot_interfaces/share/mobilebot_interfaces/hook/ld_library_path_lib.ps1'
[9.839s] INFO:colcon.colcon_core.shell:Creating environment descriptor '/home/saeedbazargan/Desktop/ROS2-Humble/My-ROS2_Projects/My-ROS2-Humble/Tutorial_MobileRobot/mobilebot_ws/install/mobilebot_interfaces/share/mobilebot_interfaces/hook/ld_library_path_lib.dsv'
[9.839s] INFO:colcon.colcon_core.shell:Creating environment hook '/home/saeedbazargan/Desktop/ROS2-Humble/My-ROS2_Projects/My-ROS2-Humble/Tutorial_MobileRobot/mobilebot_ws/install/mobilebot_interfaces/share/mobilebot_interfaces/hook/ld_library_path_lib.sh'
[9.840s] Level 1:colcon.colcon_core.environment:checking '/home/saeedbazargan/Desktop/ROS2-Humble/My-ROS2_Projects/My-ROS2-Humble/Tutorial_MobileRobot/mobilebot_ws/install/mobilebot_interfaces/bin'
[9.840s] Level 1:colcon.colcon_core.environment:checking '/home/saeedbazargan/Desktop/ROS2-Humble/My-ROS2_Projects/My-ROS2-Humble/Tutorial_MobileRobot/mobilebot_ws/install/mobilebot_interfaces/lib/pkgconfig/mobilebot_interfaces.pc'
[9.841s] Level 1:colcon.colcon_core.environment:checking '/home/saeedbazargan/Desktop/ROS2-Humble/My-ROS2_Projects/My-ROS2-Humble/Tutorial_MobileRobot/mobilebot_ws/install/mobilebot_interfaces/lib/python3.10/site-packages'
[9.841s] Level 1:colcon.colcon_core.environment:checking '/home/saeedbazargan/Desktop/ROS2-Humble/My-ROS2_Projects/My-ROS2-Humble/Tutorial_MobileRobot/mobilebot_ws/install/mobilebot_interfaces/bin'
[9.842s] INFO:colcon.colcon_core.shell:Creating package script '/home/saeedbazargan/Desktop/ROS2-Humble/My-ROS2_Projects/My-ROS2-Humble/Tutorial_MobileRobot/mobilebot_ws/install/mobilebot_interfaces/share/mobilebot_interfaces/package.ps1'
[9.842s] INFO:colcon.colcon_core.shell:Creating package descriptor '/home/saeedbazargan/Desktop/ROS2-Humble/My-ROS2_Projects/My-ROS2-Humble/Tutorial_MobileRobot/mobilebot_ws/install/mobilebot_interfaces/share/mobilebot_interfaces/package.dsv'
[9.843s] INFO:colcon.colcon_core.shell:Creating package script '/home/saeedbazargan/Desktop/ROS2-Humble/My-ROS2_Projects/My-ROS2-Humble/Tutorial_MobileRobot/mobilebot_ws/install/mobilebot_interfaces/share/mobilebot_interfaces/package.sh'
[9.843s] INFO:colcon.colcon_core.shell:Creating package script '/home/saeedbazargan/Desktop/ROS2-Humble/My-ROS2_Projects/My-ROS2-Humble/Tutorial_MobileRobot/mobilebot_ws/install/mobilebot_interfaces/share/mobilebot_interfaces/package.bash'
[9.844s] INFO:colcon.colcon_core.shell:Creating package script '/home/saeedbazargan/Desktop/ROS2-Humble/My-ROS2_Projects/My-ROS2-Humble/Tutorial_MobileRobot/mobilebot_ws/install/mobilebot_interfaces/share/mobilebot_interfaces/package.zsh'
[9.844s] Level 1:colcon.colcon_core.environment:create_file_with_runtime_dependencies(/home/saeedbazargan/Desktop/ROS2-Humble/My-ROS2_Projects/My-ROS2-Humble/Tutorial_MobileRobot/mobilebot_ws/install/mobilebot_interfaces/share/colcon-core/packages/mobilebot_interfaces)
[9.845s] Level 1:colcon.colcon_core.environment:create_environment_scripts_only(mobilebot_interfaces)
[9.845s] Level 1:colcon.colcon_core.environment:checking '/home/saeedbazargan/Desktop/ROS2-Humble/My-ROS2_Projects/My-ROS2-Humble/Tutorial_MobileRobot/mobilebot_ws/install/mobilebot_interfaces' for CMake module files
[9.846s] Level 1:colcon.colcon_core.environment:checking '/home/saeedbazargan/Desktop/ROS2-Humble/My-ROS2_Projects/My-ROS2-Humble/Tutorial_MobileRobot/mobilebot_ws/install/mobilebot_interfaces' for CMake config files
[9.847s] Level 1:colcon.colcon_core.shell:create_environment_hook('mobilebot_interfaces', 'cmake_prefix_path')
[9.848s] INFO:colcon.colcon_core.shell:Creating environment hook '/home/saeedbazargan/Desktop/ROS2-Humble/My-ROS2_Projects/My-ROS2-Humble/Tutorial_MobileRobot/mobilebot_ws/install/mobilebot_interfaces/share/mobilebot_interfaces/hook/cmake_prefix_path.ps1'
[9.848s] INFO:colcon.colcon_core.shell:Creating environment descriptor '/home/saeedbazargan/Desktop/ROS2-Humble/My-ROS2_Projects/My-ROS2-Humble/Tutorial_MobileRobot/mobilebot_ws/install/mobilebot_interfaces/share/mobilebot_interfaces/hook/cmake_prefix_path.dsv'
[9.849s] INFO:colcon.colcon_core.shell:Creating environment hook '/home/saeedbazargan/Desktop/ROS2-Humble/My-ROS2_Projects/My-ROS2-Humble/Tutorial_MobileRobot/mobilebot_ws/install/mobilebot_interfaces/share/mobilebot_interfaces/hook/cmake_prefix_path.sh'
[9.850s] Level 1:colcon.colcon_core.environment:checking '/home/saeedbazargan/Desktop/ROS2-Humble/My-ROS2_Projects/My-ROS2-Humble/Tutorial_MobileRobot/mobilebot_ws/install/mobilebot_interfaces/lib'
[9.850s] Level 1:colcon.colcon_core.shell:create_environment_hook('mobilebot_interfaces', 'ld_library_path_lib')
[9.850s] INFO:colcon.colcon_core.shell:Creating environment hook '/home/saeedbazargan/Desktop/ROS2-Humble/My-ROS2_Projects/My-ROS2-Humble/Tutorial_MobileRobot/mobilebot_ws/install/mobilebot_interfaces/share/mobilebot_interfaces/hook/ld_library_path_lib.ps1'
[9.851s] INFO:colcon.colcon_core.shell:Creating environment descriptor '/home/saeedbazargan/Desktop/ROS2-Humble/My-ROS2_Projects/My-ROS2-Humble/Tutorial_MobileRobot/mobilebot_ws/install/mobilebot_interfaces/share/mobilebot_interfaces/hook/ld_library_path_lib.dsv'
[9.851s] INFO:colcon.colcon_core.shell:Creating environment hook '/home/saeedbazargan/Desktop/ROS2-Humble/My-ROS2_Projects/My-ROS2-Humble/Tutorial_MobileRobot/mobilebot_ws/install/mobilebot_interfaces/share/mobilebot_interfaces/hook/ld_library_path_lib.sh'
[9.852s] Level 1:colcon.colcon_core.environment:checking '/home/saeedbazargan/Desktop/ROS2-Humble/My-ROS2_Projects/My-ROS2-Humble/Tutorial_MobileRobot/mobilebot_ws/install/mobilebot_interfaces/bin'
[9.852s] Level 1:colcon.colcon_core.environment:checking '/home/saeedbazargan/Desktop/ROS2-Humble/My-ROS2_Projects/My-ROS2-Humble/Tutorial_MobileRobot/mobilebot_ws/install/mobilebot_interfaces/lib/pkgconfig/mobilebot_interfaces.pc'
[9.853s] Level 1:colcon.colcon_core.environment:checking '/home/saeedbazargan/Desktop/ROS2-Humble/My-ROS2_Projects/My-ROS2-Humble/Tutorial_MobileRobot/mobilebot_ws/install/mobilebot_interfaces/lib/python3.10/site-packages'
[9.853s] Level 1:colcon.colcon_core.environment:checking '/home/saeedbazargan/Desktop/ROS2-Humble/My-ROS2_Projects/My-ROS2-Humble/Tutorial_MobileRobot/mobilebot_ws/install/mobilebot_interfaces/bin'
[9.853s] INFO:colcon.colcon_core.shell:Creating package script '/home/saeedbazargan/Desktop/ROS2-Humble/My-ROS2_Projects/My-ROS2-Humble/Tutorial_MobileRobot/mobilebot_ws/install/mobilebot_interfaces/share/mobilebot_interfaces/package.ps1'
[9.854s] INFO:colcon.colcon_core.shell:Creating package descriptor '/home/saeedbazargan/Desktop/ROS2-Humble/My-ROS2_Projects/My-ROS2-Humble/Tutorial_MobileRobot/mobilebot_ws/install/mobilebot_interfaces/share/mobilebot_interfaces/package.dsv'
[9.855s] INFO:colcon.colcon_core.shell:Creating package script '/home/saeedbazargan/Desktop/ROS2-Humble/My-ROS2_Projects/My-ROS2-Humble/Tutorial_MobileRobot/mobilebot_ws/install/mobilebot_interfaces/share/mobilebot_interfaces/package.sh'
[9.855s] INFO:colcon.colcon_core.shell:Creating package script '/home/saeedbazargan/Desktop/ROS2-Humble/My-ROS2_Projects/My-ROS2-Humble/Tutorial_MobileRobot/mobilebot_ws/install/mobilebot_interfaces/share/mobilebot_interfaces/package.bash'
[9.856s] INFO:colcon.colcon_core.shell:Creating package script '/home/saeedbazargan/Desktop/ROS2-Humble/My-ROS2_Projects/My-ROS2-Humble/Tutorial_MobileRobot/mobilebot_ws/install/mobilebot_interfaces/share/mobilebot_interfaces/package.zsh'
[9.856s] Level 1:colcon.colcon_core.environment:create_file_with_runtime_dependencies(/home/saeedbazargan/Desktop/ROS2-Humble/My-ROS2_Projects/My-ROS2-Humble/Tutorial_MobileRobot/mobilebot_ws/install/mobilebot_interfaces/share/colcon-core/packages/mobilebot_interfaces)
[9.857s] DEBUG:colcon.colcon_parallel_executor.executor.parallel:closing loop
[9.857s] DEBUG:colcon.colcon_parallel_executor.executor.parallel:loop closed
[9.857s] DEBUG:colcon.colcon_parallel_executor.executor.parallel:run_until_complete finished with '0'
[9.857s] DEBUG:colcon.colcon_core.event_reactor:joining thread
[9.867s] INFO:colcon.colcon_core.plugin_system:Skipping extension 'colcon_notification.desktop_notification.terminal_notifier': Not used on non-Darwin systems
[9.867s] INFO:colcon.colcon_core.plugin_system:Skipping extension 'colcon_notification.desktop_notification.win32': Not used on non-Windows systems
[9.867s] INFO:colcon.colcon_notification.desktop_notification:Sending desktop notification using 'notify2'
[9.894s] DEBUG:colcon.colcon_core.event_reactor:joined thread
[9.895s] INFO:colcon.colcon_core.shell:Creating prefix script '/home/saeedbazargan/Desktop/ROS2-Humble/My-ROS2_Projects/My-ROS2-Humble/Tutorial_MobileRobot/mobilebot_ws/install/local_setup.ps1'
[9.897s] INFO:colcon.colcon_core.shell:Creating prefix util module '/home/saeedbazargan/Desktop/ROS2-Humble/My-ROS2_Projects/My-ROS2-Humble/Tutorial_MobileRobot/mobilebot_ws/install/_local_setup_util_ps1.py'
[9.899s] INFO:colcon.colcon_core.shell:Creating prefix chain script '/home/saeedbazargan/Desktop/ROS2-Humble/My-ROS2_Projects/My-ROS2-Humble/Tutorial_MobileRobot/mobilebot_ws/install/setup.ps1'
[9.901s] INFO:colcon.colcon_core.shell:Creating prefix script '/home/saeedbazargan/Desktop/ROS2-Humble/My-ROS2_Projects/My-ROS2-Humble/Tutorial_MobileRobot/mobilebot_ws/install/local_setup.sh'
[9.902s] INFO:colcon.colcon_core.shell:Creating prefix util module '/home/saeedbazargan/Desktop/ROS2-Humble/My-ROS2_Projects/My-ROS2-Humble/Tutorial_MobileRobot/mobilebot_ws/install/_local_setup_util_sh.py'
[9.903s] INFO:colcon.colcon_core.shell:Creating prefix chain script '/home/saeedbazargan/Desktop/ROS2-Humble/My-ROS2_Projects/My-ROS2-Humble/Tutorial_MobileRobot/mobilebot_ws/install/setup.sh'
[9.905s] INFO:colcon.colcon_core.shell:Creating prefix script '/home/saeedbazargan/Desktop/ROS2-Humble/My-ROS2_Projects/My-ROS2-Humble/Tutorial_MobileRobot/mobilebot_ws/install/local_setup.bash'
[9.906s] INFO:colcon.colcon_core.shell:Creating prefix chain script '/home/saeedbazargan/Desktop/ROS2-Humble/My-ROS2_Projects/My-ROS2-Humble/Tutorial_MobileRobot/mobilebot_ws/install/setup.bash'
[9.908s] INFO:colcon.colcon_core.shell:Creating prefix script '/home/saeedbazargan/Desktop/ROS2-Humble/My-ROS2_Projects/My-ROS2-Humble/Tutorial_MobileRobot/mobilebot_ws/install/local_setup.zsh'
[9.909s] INFO:colcon.colcon_core.shell:Creating prefix chain script '/home/saeedbazargan/Desktop/ROS2-Humble/My-ROS2_Projects/My-ROS2-Humble/Tutorial_MobileRobot/mobilebot_ws/install/setup.zsh'
