[1.092s] Invoking command in '/home/sbzrobot/ROS2-Projects/My-ROS2_Projects/My-ROS2-Humble/mobilebot_ws/src/mobilebot_py_examples': PYTHONPATH=/home/sbzrobot/ROS2-Projects/My-ROS2_Projects/My-ROS2-Humble/mobilebot_ws/build/mobilebot_py_examples/prefix_override:/usr/lib/python3/dist-packages/colcon_core/task/python/colcon_distutils_commands:/home/sbzrobot/ROS2-Projects/My-ROS2_Projects/My-ROS2-Humble/mobilebot_ws/install/mobilebot_py_examples/lib/python3.10/site-packages:${PYTHONPATH} /usr/bin/python3 -W ignore:setup.py install is deprecated -W ignore:easy_install command is deprecated setup.py egg_info --egg-base ../../build/mobilebot_py_examples build --build-base /home/sbzrobot/ROS2-Projects/My-ROS2_Projects/My-ROS2-Humble/mobilebot_ws/build/mobilebot_py_examples/build install --record /home/sbzrobot/ROS2-Projects/My-ROS2_Projects/My-ROS2-Humble/mobilebot_ws/build/mobilebot_py_examples/install.log --single-version-externally-managed install_data
[1.470s] running egg_info
[1.471s] creating ../../build/mobilebot_py_examples/mobilebot_py_examples.egg-info
[1.471s] writing ../../build/mobilebot_py_examples/mobilebot_py_examples.egg-info/PKG-INFO
[1.471s] writing dependency_links to ../../build/mobilebot_py_examples/mobilebot_py_examples.egg-info/dependency_links.txt
[1.472s] writing entry points to ../../build/mobilebot_py_examples/mobilebot_py_examples.egg-info/entry_points.txt
[1.472s] writing requirements to ../../build/mobilebot_py_examples/mobilebot_py_examples.egg-info/requires.txt
[1.472s] writing top-level names to ../../build/mobilebot_py_examples/mobilebot_py_examples.egg-info/top_level.txt
[1.472s] writing manifest file '../../build/mobilebot_py_examples/mobilebot_py_examples.egg-info/SOURCES.txt'
[1.476s] reading manifest file '../../build/mobilebot_py_examples/mobilebot_py_examples.egg-info/SOURCES.txt'
[1.477s] writing manifest file '../../build/mobilebot_py_examples/mobilebot_py_examples.egg-info/SOURCES.txt'
[1.477s] running build
[1.477s] running build_py
[1.478s] creating /home/sbzrobot/ROS2-Projects/My-ROS2_Projects/My-ROS2-Humble/mobilebot_ws/build/mobilebot_py_examples/build
[1.478s] creating /home/sbzrobot/ROS2-Projects/My-ROS2_Projects/My-ROS2-Humble/mobilebot_ws/build/mobilebot_py_examples/build/lib
[1.478s] creating /home/sbzrobot/ROS2-Projects/My-ROS2_Projects/My-ROS2-Humble/mobilebot_ws/build/mobilebot_py_examples/build/lib/mobilebot_py_examples
[1.478s] copying mobilebot_py_examples/__init__.py -> /home/sbzrobot/ROS2-Projects/My-ROS2_Projects/My-ROS2-Humble/mobilebot_ws/build/mobilebot_py_examples/build/lib/mobilebot_py_examples
[1.478s] running install
[1.479s] running install_lib
[1.480s] creating /home/sbzrobot/ROS2-Projects/My-ROS2_Projects/My-ROS2-Humble/mobilebot_ws/install/mobilebot_py_examples/lib/python3.10/site-packages/mobilebot_py_examples
[1.480s] copying /home/sbzrobot/ROS2-Projects/My-ROS2_Projects/My-ROS2-Humble/mobilebot_ws/build/mobilebot_py_examples/build/lib/mobilebot_py_examples/__init__.py -> /home/sbzrobot/ROS2-Projects/My-ROS2_Projects/My-ROS2-Humble/mobilebot_ws/install/mobilebot_py_examples/lib/python3.10/site-packages/mobilebot_py_examples
[1.481s] byte-compiling /home/sbzrobot/ROS2-Projects/My-ROS2_Projects/My-ROS2-Humble/mobilebot_ws/install/mobilebot_py_examples/lib/python3.10/site-packages/mobilebot_py_examples/__init__.py to __init__.cpython-310.pyc
[1.481s] running install_data
[1.482s] creating /home/sbzrobot/ROS2-Projects/My-ROS2_Projects/My-ROS2-Humble/mobilebot_ws/install/mobilebot_py_examples/share/ament_index
[1.482s] creating /home/sbzrobot/ROS2-Projects/My-ROS2_Projects/My-ROS2-Humble/mobilebot_ws/install/mobilebot_py_examples/share/ament_index/resource_index
[1.482s] creating /home/sbzrobot/ROS2-Projects/My-ROS2_Projects/My-ROS2-Humble/mobilebot_ws/install/mobilebot_py_examples/share/ament_index/resource_index/packages
[1.482s] copying resource/mobilebot_py_examples -> /home/sbzrobot/ROS2-Projects/My-ROS2_Projects/My-ROS2-Humble/mobilebot_ws/install/mobilebot_py_examples/share/ament_index/resource_index/packages
[1.483s] copying package.xml -> /home/sbzrobot/ROS2-Projects/My-ROS2_Projects/My-ROS2-Humble/mobilebot_ws/install/mobilebot_py_examples/share/mobilebot_py_examples
[1.483s] running install_egg_info
[1.487s] Copying ../../build/mobilebot_py_examples/mobilebot_py_examples.egg-info to /home/sbzrobot/ROS2-Projects/My-ROS2_Projects/My-ROS2-Humble/mobilebot_ws/install/mobilebot_py_examples/lib/python3.10/site-packages/mobilebot_py_examples-0.0.0-py3.10.egg-info
[1.488s] running install_scripts
[1.518s] writing list of installed files to '/home/sbzrobot/ROS2-Projects/My-ROS2_Projects/My-ROS2-Humble/mobilebot_ws/build/mobilebot_py_examples/install.log'
[1.553s] Invoked command in '/home/sbzrobot/ROS2-Projects/My-ROS2_Projects/My-ROS2-Humble/mobilebot_ws/src/mobilebot_py_examples' returned '0': PYTHONPATH=/home/sbzrobot/ROS2-Projects/My-ROS2_Projects/My-ROS2-Humble/mobilebot_ws/build/mobilebot_py_examples/prefix_override:/usr/lib/python3/dist-packages/colcon_core/task/python/colcon_distutils_commands:/home/sbzrobot/ROS2-Projects/My-ROS2_Projects/My-ROS2-Humble/mobilebot_ws/install/mobilebot_py_examples/lib/python3.10/site-packages:${PYTHONPATH} /usr/bin/python3 -W ignore:setup.py install is deprecated -W ignore:easy_install command is deprecated setup.py egg_info --egg-base ../../build/mobilebot_py_examples build --build-base /home/sbzrobot/ROS2-Projects/My-ROS2_Projects/My-ROS2-Humble/mobilebot_ws/build/mobilebot_py_examples/build install --record /home/sbzrobot/ROS2-Projects/My-ROS2_Projects/My-ROS2-Humble/mobilebot_ws/build/mobilebot_py_examples/install.log --single-version-externally-managed install_data
