[0.014s] Invoking command in '/home/sbzrobot/ROS2-Projects/My-ROS2_Projects/My-ROS2-Humble/Tutorial_MobileRobot/mobilebot_ws/build/mobilebot_bringup': AMENT_PREFIX_PATH=/home/sbzrobot/ROS2-Projects/My-ROS2_Projects/My-ROS2-Humble/Tutorial_MobileRobot/mobilebot_ws/install/mobilebot_description:${AMENT_PREFIX_PATH} CMAKE_PREFIX_PATH=/home/sbzrobot/ROS2-Projects/My-ROS2_Projects/My-ROS2-Humble/Tutorial_MobileRobot/mobilebot_ws/install/mobilebot_description:/opt/ros/humble /usr/bin/cmake --build /home/sbzrobot/ROS2-Projects/My-ROS2_Projects/My-ROS2-Humble/Tutorial_MobileRobot/mobilebot_ws/build/mobilebot_bringup -- -j4 -l4
[0.073s] Invoked command in '/home/sbzrobot/ROS2-Projects/My-ROS2_Projects/My-ROS2-Humble/Tutorial_MobileRobot/mobilebot_ws/build/mobilebot_bringup' returned '0': AMENT_PREFIX_PATH=/home/sbzrobot/ROS2-Projects/My-ROS2_Projects/My-ROS2-Humble/Tutorial_MobileRobot/mobilebot_ws/install/mobilebot_description:${AMENT_PREFIX_PATH} CMAKE_PREFIX_PATH=/home/sbzrobot/ROS2-Projects/My-ROS2_Projects/My-ROS2-Humble/Tutorial_MobileRobot/mobilebot_ws/install/mobilebot_description:/opt/ros/humble /usr/bin/cmake --build /home/sbzrobot/ROS2-Projects/My-ROS2_Projects/My-ROS2-Humble/Tutorial_MobileRobot/mobilebot_ws/build/mobilebot_bringup -- -j4 -l4
[0.075s] Invoking command in '/home/sbzrobot/ROS2-Projects/My-ROS2_Projects/My-ROS2-Humble/Tutorial_MobileRobot/mobilebot_ws/build/mobilebot_bringup': AMENT_PREFIX_PATH=/home/sbzrobot/ROS2-Projects/My-ROS2_Projects/My-ROS2-Humble/Tutorial_MobileRobot/mobilebot_ws/install/mobilebot_description:${AMENT_PREFIX_PATH} CMAKE_PREFIX_PATH=/home/sbzrobot/ROS2-Projects/My-ROS2_Projects/My-ROS2-Humble/Tutorial_MobileRobot/mobilebot_ws/install/mobilebot_description:/opt/ros/humble /usr/bin/cmake --install /home/sbzrobot/ROS2-Projects/My-ROS2_Projects/My-ROS2-Humble/Tutorial_MobileRobot/mobilebot_ws/build/mobilebot_bringup
[0.087s] -- Install configuration: ""
[0.088s] -- Up-to-date: /home/sbzrobot/ROS2-Projects/My-ROS2_Projects/My-ROS2-Humble/Tutorial_MobileRobot/mobilebot_ws/install/mobilebot_bringup/share/mobilebot_bringup//launch
[0.088s] -- Up-to-date: /home/sbzrobot/ROS2-Projects/My-ROS2_Projects/My-ROS2-Humble/Tutorial_MobileRobot/mobilebot_ws/install/mobilebot_bringup/share/mobilebot_bringup//launch/gazebo.launch.py
[0.088s] -- Up-to-date: /home/sbzrobot/ROS2-Projects/My-ROS2_Projects/My-ROS2-Humble/Tutorial_MobileRobot/mobilebot_ws/install/mobilebot_bringup/share/mobilebot_bringup//rviz
[0.089s] -- Up-to-date: /home/sbzrobot/ROS2-Projects/My-ROS2_Projects/My-ROS2-Humble/Tutorial_MobileRobot/mobilebot_ws/install/mobilebot_bringup/share/mobilebot_bringup//rviz/mobilebot_config.rviz
[0.089s] -- Up-to-date: /home/sbzrobot/ROS2-Projects/My-ROS2_Projects/My-ROS2-Humble/Tutorial_MobileRobot/mobilebot_ws/install/mobilebot_bringup/share/ament_index/resource_index/package_run_dependencies/mobilebot_bringup
[0.089s] -- Up-to-date: /home/sbzrobot/ROS2-Projects/My-ROS2_Projects/My-ROS2-Humble/Tutorial_MobileRobot/mobilebot_ws/install/mobilebot_bringup/share/ament_index/resource_index/parent_prefix_path/mobilebot_bringup
[0.089s] -- Up-to-date: /home/sbzrobot/ROS2-Projects/My-ROS2_Projects/My-ROS2-Humble/Tutorial_MobileRobot/mobilebot_ws/install/mobilebot_bringup/share/mobilebot_bringup/environment/ament_prefix_path.sh
[0.090s] -- Up-to-date: /home/sbzrobot/ROS2-Projects/My-ROS2_Projects/My-ROS2-Humble/Tutorial_MobileRobot/mobilebot_ws/install/mobilebot_bringup/share/mobilebot_bringup/environment/ament_prefix_path.dsv
[0.090s] -- Up-to-date: /home/sbzrobot/ROS2-Projects/My-ROS2_Projects/My-ROS2-Humble/Tutorial_MobileRobot/mobilebot_ws/install/mobilebot_bringup/share/mobilebot_bringup/environment/path.sh
[0.090s] -- Up-to-date: /home/sbzrobot/ROS2-Projects/My-ROS2_Projects/My-ROS2-Humble/Tutorial_MobileRobot/mobilebot_ws/install/mobilebot_bringup/share/mobilebot_bringup/environment/path.dsv
[0.090s] -- Up-to-date: /home/sbzrobot/ROS2-Projects/My-ROS2_Projects/My-ROS2-Humble/Tutorial_MobileRobot/mobilebot_ws/install/mobilebot_bringup/share/mobilebot_bringup/local_setup.bash
[0.091s] -- Up-to-date: /home/sbzrobot/ROS2-Projects/My-ROS2_Projects/My-ROS2-Humble/Tutorial_MobileRobot/mobilebot_ws/install/mobilebot_bringup/share/mobilebot_bringup/local_setup.sh
[0.091s] -- Up-to-date: /home/sbzrobot/ROS2-Projects/My-ROS2_Projects/My-ROS2-Humble/Tutorial_MobileRobot/mobilebot_ws/install/mobilebot_bringup/share/mobilebot_bringup/local_setup.zsh
[0.091s] -- Up-to-date: /home/sbzrobot/ROS2-Projects/My-ROS2_Projects/My-ROS2-Humble/Tutorial_MobileRobot/mobilebot_ws/install/mobilebot_bringup/share/mobilebot_bringup/local_setup.dsv
[0.091s] -- Installing: /home/sbzrobot/ROS2-Projects/My-ROS2_Projects/My-ROS2-Humble/Tutorial_MobileRobot/mobilebot_ws/install/mobilebot_bringup/share/mobilebot_bringup/package.dsv
[0.091s] -- Up-to-date: /home/sbzrobot/ROS2-Projects/My-ROS2_Projects/My-ROS2-Humble/Tutorial_MobileRobot/mobilebot_ws/install/mobilebot_bringup/share/ament_index/resource_index/packages/mobilebot_bringup
[0.092s] -- Up-to-date: /home/sbzrobot/ROS2-Projects/My-ROS2_Projects/My-ROS2-Humble/Tutorial_MobileRobot/mobilebot_ws/install/mobilebot_bringup/share/mobilebot_bringup/cmake/mobilebot_bringupConfig.cmake
[0.092s] -- Up-to-date: /home/sbzrobot/ROS2-Projects/My-ROS2_Projects/My-ROS2-Humble/Tutorial_MobileRobot/mobilebot_ws/install/mobilebot_bringup/share/mobilebot_bringup/cmake/mobilebot_bringupConfig-version.cmake
[0.092s] -- Up-to-date: /home/sbzrobot/ROS2-Projects/My-ROS2_Projects/My-ROS2-Humble/Tutorial_MobileRobot/mobilebot_ws/install/mobilebot_bringup/share/mobilebot_bringup/package.xml
[0.094s] Invoked command in '/home/sbzrobot/ROS2-Projects/My-ROS2_Projects/My-ROS2-Humble/Tutorial_MobileRobot/mobilebot_ws/build/mobilebot_bringup' returned '0': AMENT_PREFIX_PATH=/home/sbzrobot/ROS2-Projects/My-ROS2_Projects/My-ROS2-Humble/Tutorial_MobileRobot/mobilebot_ws/install/mobilebot_description:${AMENT_PREFIX_PATH} CMAKE_PREFIX_PATH=/home/sbzrobot/ROS2-Projects/My-ROS2_Projects/My-ROS2-Humble/Tutorial_MobileRobot/mobilebot_ws/install/mobilebot_description:/opt/ros/humble /usr/bin/cmake --install /home/sbzrobot/ROS2-Projects/My-ROS2_Projects/My-ROS2-Humble/Tutorial_MobileRobot/mobilebot_ws/build/mobilebot_bringup
