[0.182s] DEBUG:colcon:Command line arguments: ['/usr/bin/colcon', 'build']
[0.182s] DEBUG:colcon:Parsed command line arguments: Namespace(log_base=None, log_level=None, verb_name='build', build_base='build', install_base='install', merge_install=False, symlink_install=False, test_result_base=None, continue_on_error=False, executor='parallel', parallel_workers=4, event_handlers=None, ignore_user_meta=False, metas=['./colcon.meta'], base_paths=['.'], packages_ignore=None, packages_ignore_regex=None, paths=None, packages_up_to=None, packages_up_to_regex=None, packages_above=None, packages_above_and_dependencies=None, packages_above_depth=None, packages_select_by_dep=None, packages_skip_by_dep=None, packages_skip_up_to=None, packages_select_build_failed=False, packages_skip_build_finished=False, packages_select_test_failures=False, packages_skip_test_passed=False, packages_select=None, packages_skip=None, packages_select_regex=None, packages_skip_regex=None, packages_start=None, packages_end=None, allow_overriding=[], cmake_args=None, cmake_target=None, cmake_target_skip_unavailable=False, cmake_clean_cache=False, cmake_clean_first=False, cmake_force_configure=False, ament_cmake_args=None, catkin_cmake_args=None, catkin_skip_building_tests=False, verb_parser=<colcon_defaults.argument_parser.defaults.DefaultArgumentsDecorator object at 0x7ee61d627c70>, verb_extension=<colcon_core.verb.build.BuildVerb object at 0x7ee61d626c50>, main=<bound method BuildVerb.main of <colcon_core.verb.build.BuildVerb object at 0x7ee61d626c50>>)
[0.633s] Level 1:colcon.colcon_core.package_discovery:discover_packages(colcon_meta) check parameters
[0.633s] Level 1:colcon.colcon_core.package_discovery:discover_packages(recursive) check parameters
[0.633s] Level 1:colcon.colcon_core.package_discovery:discover_packages(ignore) check parameters
[0.633s] Level 1:colcon.colcon_core.package_discovery:discover_packages(path) check parameters
[0.633s] Level 1:colcon.colcon_core.package_discovery:discover_packages(colcon_meta) discover
[0.633s] Level 1:colcon.colcon_core.package_discovery:discover_packages(recursive) discover
[0.633s] INFO:colcon.colcon_core.package_discovery:Crawling recursively for packages in '/home/sbzrobot/ROS2-Projects/My-ROS2_Projects/My-ROS2-Humble/mobilebot_ws'
[0.634s] Level 1:colcon.colcon_core.package_identification:_identify(.) by extensions ['ignore', 'ignore_ament_install']
[0.634s] Level 1:colcon.colcon_core.package_identification:_identify(.) by extension 'ignore'
[0.634s] Level 1:colcon.colcon_core.package_identification:_identify(.) by extension 'ignore_ament_install'
[0.634s] Level 1:colcon.colcon_core.package_identification:_identify(.) by extensions ['colcon_pkg']
[0.634s] Level 1:colcon.colcon_core.package_identification:_identify(.) by extension 'colcon_pkg'
[0.634s] Level 1:colcon.colcon_core.package_identification:_identify(.) by extensions ['colcon_meta']
[0.634s] Level 1:colcon.colcon_core.package_identification:_identify(.) by extension 'colcon_meta'
[0.634s] Level 1:colcon.colcon_core.package_identification:_identify(.) by extensions ['ros']
[0.635s] Level 1:colcon.colcon_core.package_identification:_identify(.) by extension 'ros'
[0.654s] Level 1:colcon.colcon_core.package_identification:_identify(.) by extensions ['cmake', 'python']
[0.654s] Level 1:colcon.colcon_core.package_identification:_identify(.) by extension 'cmake'
[0.654s] Level 1:colcon.colcon_core.package_identification:_identify(.) by extension 'python'
[0.655s] Level 1:colcon.colcon_core.package_identification:_identify(.) by extensions ['python_setup_py']
[0.655s] Level 1:colcon.colcon_core.package_identification:_identify(.) by extension 'python_setup_py'
[0.655s] Level 1:colcon.colcon_core.package_identification:_identify(build) by extensions ['ignore', 'ignore_ament_install']
[0.655s] Level 1:colcon.colcon_core.package_identification:_identify(build) by extension 'ignore'
[0.656s] Level 1:colcon.colcon_core.package_identification:_identify(build) ignored
[0.656s] Level 1:colcon.colcon_core.package_identification:_identify(install) by extensions ['ignore', 'ignore_ament_install']
[0.656s] Level 1:colcon.colcon_core.package_identification:_identify(install) by extension 'ignore'
[0.656s] Level 1:colcon.colcon_core.package_identification:_identify(install) ignored
[0.657s] Level 1:colcon.colcon_core.package_identification:_identify(log) by extensions ['ignore', 'ignore_ament_install']
[0.657s] Level 1:colcon.colcon_core.package_identification:_identify(log) by extension 'ignore'
[0.657s] Level 1:colcon.colcon_core.package_identification:_identify(log) ignored
[0.657s] Level 1:colcon.colcon_core.package_identification:_identify(src) by extensions ['ignore', 'ignore_ament_install']
[0.657s] Level 1:colcon.colcon_core.package_identification:_identify(src) by extension 'ignore'
[0.658s] Level 1:colcon.colcon_core.package_identification:_identify(src) by extension 'ignore_ament_install'
[0.658s] Level 1:colcon.colcon_core.package_identification:_identify(src) by extensions ['colcon_pkg']
[0.658s] Level 1:colcon.colcon_core.package_identification:_identify(src) by extension 'colcon_pkg'
[0.658s] Level 1:colcon.colcon_core.package_identification:_identify(src) by extensions ['colcon_meta']
[0.658s] Level 1:colcon.colcon_core.package_identification:_identify(src) by extension 'colcon_meta'
[0.658s] Level 1:colcon.colcon_core.package_identification:_identify(src) by extensions ['ros']
[0.658s] Level 1:colcon.colcon_core.package_identification:_identify(src) by extension 'ros'
[0.658s] Level 1:colcon.colcon_core.package_identification:_identify(src) by extensions ['cmake', 'python']
[0.658s] Level 1:colcon.colcon_core.package_identification:_identify(src) by extension 'cmake'
[0.659s] Level 1:colcon.colcon_core.package_identification:_identify(src) by extension 'python'
[0.659s] Level 1:colcon.colcon_core.package_identification:_identify(src) by extensions ['python_setup_py']
[0.659s] Level 1:colcon.colcon_core.package_identification:_identify(src) by extension 'python_setup_py'
[0.659s] Level 1:colcon.colcon_core.package_identification:_identify(src/mobilebot_description) by extensions ['ignore', 'ignore_ament_install']
[0.659s] Level 1:colcon.colcon_core.package_identification:_identify(src/mobilebot_description) by extension 'ignore'
[0.659s] Level 1:colcon.colcon_core.package_identification:_identify(src/mobilebot_description) by extension 'ignore_ament_install'
[0.659s] Level 1:colcon.colcon_core.package_identification:_identify(src/mobilebot_description) by extensions ['colcon_pkg']
[0.660s] Level 1:colcon.colcon_core.package_identification:_identify(src/mobilebot_description) by extension 'colcon_pkg'
[0.660s] Level 1:colcon.colcon_core.package_identification:_identify(src/mobilebot_description) by extensions ['colcon_meta']
[0.660s] Level 1:colcon.colcon_core.package_identification:_identify(src/mobilebot_description) by extension 'colcon_meta'
[0.660s] Level 1:colcon.colcon_core.package_identification:_identify(src/mobilebot_description) by extensions ['ros']
[0.660s] Level 1:colcon.colcon_core.package_identification:_identify(src/mobilebot_description) by extension 'ros'
[0.665s] DEBUG:colcon.colcon_core.package_identification:Package 'src/mobilebot_description' with type 'ros.ament_cmake' and name 'mobilebot_description'
[0.665s] Level 1:colcon.colcon_core.package_identification:_identify(src/mobilebot_py_examples) by extensions ['ignore', 'ignore_ament_install']
[0.665s] Level 1:colcon.colcon_core.package_identification:_identify(src/mobilebot_py_examples) by extension 'ignore'
[0.665s] Level 1:colcon.colcon_core.package_identification:_identify(src/mobilebot_py_examples) by extension 'ignore_ament_install'
[0.665s] Level 1:colcon.colcon_core.package_identification:_identify(src/mobilebot_py_examples) by extensions ['colcon_pkg']
[0.665s] Level 1:colcon.colcon_core.package_identification:_identify(src/mobilebot_py_examples) by extension 'colcon_pkg'
[0.666s] Level 1:colcon.colcon_core.package_identification:_identify(src/mobilebot_py_examples) by extensions ['colcon_meta']
[0.666s] Level 1:colcon.colcon_core.package_identification:_identify(src/mobilebot_py_examples) by extension 'colcon_meta'
[0.666s] Level 1:colcon.colcon_core.package_identification:_identify(src/mobilebot_py_examples) by extensions ['ros']
[0.666s] Level 1:colcon.colcon_core.package_identification:_identify(src/mobilebot_py_examples) by extension 'ros'
[0.667s] DEBUG:colcon.colcon_core.package_identification:Package 'src/mobilebot_py_examples' with type 'ros.ament_python' and name 'mobilebot_py_examples'
[0.667s] Level 1:colcon.colcon_core.package_discovery:discover_packages(recursive) using defaults
[0.667s] Level 1:colcon.colcon_core.package_discovery:discover_packages(ignore) discover
[0.667s] Level 1:colcon.colcon_core.package_discovery:discover_packages(ignore) using defaults
[0.667s] Level 1:colcon.colcon_core.package_discovery:discover_packages(path) discover
[0.667s] Level 1:colcon.colcon_core.package_discovery:discover_packages(path) using defaults
[0.718s] Level 1:colcon.colcon_core.package_discovery:discover_packages(prefix_path) check parameters
[0.718s] Level 1:colcon.colcon_core.package_discovery:discover_packages(prefix_path) discover
[0.724s] DEBUG:colcon.colcon_installed_package_information.package_discovery:Found 362 installed packages in /opt/ros/humble
[0.727s] Level 1:colcon.colcon_core.package_discovery:discover_packages(prefix_path) using defaults
[0.823s] Level 5:colcon.colcon_core.verb:set package 'mobilebot_description' build argument 'cmake_args' from command line to 'None'
[0.823s] Level 5:colcon.colcon_core.verb:set package 'mobilebot_description' build argument 'cmake_target' from command line to 'None'
[0.823s] Level 5:colcon.colcon_core.verb:set package 'mobilebot_description' build argument 'cmake_target_skip_unavailable' from command line to 'False'
[0.823s] Level 5:colcon.colcon_core.verb:set package 'mobilebot_description' build argument 'cmake_clean_cache' from command line to 'False'
[0.823s] Level 5:colcon.colcon_core.verb:set package 'mobilebot_description' build argument 'cmake_clean_first' from command line to 'False'
[0.823s] Level 5:colcon.colcon_core.verb:set package 'mobilebot_description' build argument 'cmake_force_configure' from command line to 'False'
[0.823s] Level 5:colcon.colcon_core.verb:set package 'mobilebot_description' build argument 'ament_cmake_args' from command line to 'None'
[0.823s] Level 5:colcon.colcon_core.verb:set package 'mobilebot_description' build argument 'catkin_cmake_args' from command line to 'None'
[0.823s] Level 5:colcon.colcon_core.verb:set package 'mobilebot_description' build argument 'catkin_skip_building_tests' from command line to 'False'
[0.823s] DEBUG:colcon.colcon_core.verb:Building package 'mobilebot_description' with the following arguments: {'ament_cmake_args': None, 'build_base': '/home/sbzrobot/ROS2-Projects/My-ROS2_Projects/My-ROS2-Humble/mobilebot_ws/build/mobilebot_description', 'catkin_cmake_args': None, 'catkin_skip_building_tests': False, 'cmake_args': None, 'cmake_clean_cache': False, 'cmake_clean_first': False, 'cmake_force_configure': False, 'cmake_target': None, 'cmake_target_skip_unavailable': False, 'install_base': '/home/sbzrobot/ROS2-Projects/My-ROS2_Projects/My-ROS2-Humble/mobilebot_ws/install/mobilebot_description', 'merge_install': False, 'path': '/home/sbzrobot/ROS2-Projects/My-ROS2_Projects/My-ROS2-Humble/mobilebot_ws/src/mobilebot_description', 'symlink_install': False, 'test_result_base': None}
[0.824s] Level 5:colcon.colcon_core.verb:set package 'mobilebot_py_examples' build argument 'cmake_args' from command line to 'None'
[0.825s] Level 5:colcon.colcon_core.verb:set package 'mobilebot_py_examples' build argument 'cmake_target' from command line to 'None'
[0.825s] Level 5:colcon.colcon_core.verb:set package 'mobilebot_py_examples' build argument 'cmake_target_skip_unavailable' from command line to 'False'
[0.825s] Level 5:colcon.colcon_core.verb:set package 'mobilebot_py_examples' build argument 'cmake_clean_cache' from command line to 'False'
[0.825s] Level 5:colcon.colcon_core.verb:set package 'mobilebot_py_examples' build argument 'cmake_clean_first' from command line to 'False'
[0.825s] Level 5:colcon.colcon_core.verb:set package 'mobilebot_py_examples' build argument 'cmake_force_configure' from command line to 'False'
[0.825s] Level 5:colcon.colcon_core.verb:set package 'mobilebot_py_examples' build argument 'ament_cmake_args' from command line to 'None'
[0.825s] Level 5:colcon.colcon_core.verb:set package 'mobilebot_py_examples' build argument 'catkin_cmake_args' from command line to 'None'
[0.825s] Level 5:colcon.colcon_core.verb:set package 'mobilebot_py_examples' build argument 'catkin_skip_building_tests' from command line to 'False'
[0.825s] DEBUG:colcon.colcon_core.verb:Building package 'mobilebot_py_examples' with the following arguments: {'ament_cmake_args': None, 'build_base': '/home/sbzrobot/ROS2-Projects/My-ROS2_Projects/My-ROS2-Humble/mobilebot_ws/build/mobilebot_py_examples', 'catkin_cmake_args': None, 'catkin_skip_building_tests': False, 'cmake_args': None, 'cmake_clean_cache': False, 'cmake_clean_first': False, 'cmake_force_configure': False, 'cmake_target': None, 'cmake_target_skip_unavailable': False, 'install_base': '/home/sbzrobot/ROS2-Projects/My-ROS2_Projects/My-ROS2-Humble/mobilebot_ws/install/mobilebot_py_examples', 'merge_install': False, 'path': '/home/sbzrobot/ROS2-Projects/My-ROS2_Projects/My-ROS2-Humble/mobilebot_ws/src/mobilebot_py_examples', 'symlink_install': False, 'test_result_base': None}
[0.826s] INFO:colcon.colcon_core.executor:Executing jobs using 'parallel' executor
[0.827s] DEBUG:colcon.colcon_parallel_executor.executor.parallel:run_until_complete
[0.828s] INFO:colcon.colcon_ros.task.ament_cmake.build:Building ROS package in '/home/sbzrobot/ROS2-Projects/My-ROS2_Projects/My-ROS2-Humble/mobilebot_ws/src/mobilebot_description' with build type 'ament_cmake'
[0.828s] INFO:colcon.colcon_cmake.task.cmake.build:Building CMake package in '/home/sbzrobot/ROS2-Projects/My-ROS2_Projects/My-ROS2-Humble/mobilebot_ws/src/mobilebot_description'
[0.834s] INFO:colcon.colcon_core.plugin_system:Skipping extension 'colcon_core.shell.bat': Not used on non-Windows systems
[0.834s] INFO:colcon.colcon_core.shell:Skip shell extension 'powershell' for command environment: Not usable outside of PowerShell
[0.834s] DEBUG:colcon.colcon_core.shell:Skip shell extension 'dsv' for command environment
[0.844s] INFO:colcon.colcon_ros.task.ament_python.build:Building ROS package in '/home/sbzrobot/ROS2-Projects/My-ROS2_Projects/My-ROS2-Humble/mobilebot_ws/src/mobilebot_py_examples' with build type 'ament_python'
[0.845s] Level 1:colcon.colcon_core.shell:create_environment_hook('mobilebot_py_examples', 'ament_prefix_path')
[0.845s] INFO:colcon.colcon_core.shell:Creating environment hook '/home/sbzrobot/ROS2-Projects/My-ROS2_Projects/My-ROS2-Humble/mobilebot_ws/install/mobilebot_py_examples/share/mobilebot_py_examples/hook/ament_prefix_path.ps1'
[0.849s] INFO:colcon.colcon_core.shell:Creating environment descriptor '/home/sbzrobot/ROS2-Projects/My-ROS2_Projects/My-ROS2-Humble/mobilebot_ws/install/mobilebot_py_examples/share/mobilebot_py_examples/hook/ament_prefix_path.dsv'
[0.851s] INFO:colcon.colcon_core.shell:Creating environment hook '/home/sbzrobot/ROS2-Projects/My-ROS2_Projects/My-ROS2-Humble/mobilebot_ws/install/mobilebot_py_examples/share/mobilebot_py_examples/hook/ament_prefix_path.sh'
[0.854s] INFO:colcon.colcon_core.shell:Skip shell extension 'powershell' for command environment: Not usable outside of PowerShell
[0.854s] DEBUG:colcon.colcon_core.shell:Skip shell extension 'dsv' for command environment
[0.878s] DEBUG:colcon.colcon_core.event_handler.log_command:Invoking command in '/home/sbzrobot/ROS2-Projects/My-ROS2_Projects/My-ROS2-Humble/mobilebot_ws/build/mobilebot_description': CMAKE_PREFIX_PATH=/opt/ros/humble /usr/bin/cmake --build /home/sbzrobot/ROS2-Projects/My-ROS2_Projects/My-ROS2-Humble/mobilebot_ws/build/mobilebot_description -- -j4 -l4
[1.400s] INFO:colcon.colcon_core.task.python.build:Building Python package in '/home/sbzrobot/ROS2-Projects/My-ROS2_Projects/My-ROS2-Humble/mobilebot_ws/src/mobilebot_py_examples'
[1.401s] INFO:colcon.colcon_core.shell:Skip shell extension 'powershell' for command environment: Not usable outside of PowerShell
[1.401s] DEBUG:colcon.colcon_core.shell:Skip shell extension 'dsv' for command environment
[1.409s] DEBUG:colcon.colcon_core.event_handler.log_command:Invoked command in '/home/sbzrobot/ROS2-Projects/My-ROS2_Projects/My-ROS2-Humble/mobilebot_ws/build/mobilebot_description' returned '0': CMAKE_PREFIX_PATH=/opt/ros/humble /usr/bin/cmake --build /home/sbzrobot/ROS2-Projects/My-ROS2_Projects/My-ROS2-Humble/mobilebot_ws/build/mobilebot_description -- -j4 -l4
[1.425s] DEBUG:colcon.colcon_core.event_handler.log_command:Invoking command in '/home/sbzrobot/ROS2-Projects/My-ROS2_Projects/My-ROS2-Humble/mobilebot_ws/build/mobilebot_description': CMAKE_PREFIX_PATH=/opt/ros/humble /usr/bin/cmake --install /home/sbzrobot/ROS2-Projects/My-ROS2_Projects/My-ROS2-Humble/mobilebot_ws/build/mobilebot_description
[1.448s] Level 1:colcon.colcon_core.environment:create_environment_scripts_only(mobilebot_description)
[1.449s] DEBUG:colcon.colcon_core.event_handler.log_command:Invoked command in '/home/sbzrobot/ROS2-Projects/My-ROS2_Projects/My-ROS2-Humble/mobilebot_ws/build/mobilebot_description' returned '0': CMAKE_PREFIX_PATH=/opt/ros/humble /usr/bin/cmake --install /home/sbzrobot/ROS2-Projects/My-ROS2_Projects/My-ROS2-Humble/mobilebot_ws/build/mobilebot_description
[1.456s] Level 1:colcon.colcon_core.environment:checking '/home/sbzrobot/ROS2-Projects/My-ROS2_Projects/My-ROS2-Humble/mobilebot_ws/install/mobilebot_description' for CMake module files
[1.458s] Level 1:colcon.colcon_core.environment:checking '/home/sbzrobot/ROS2-Projects/My-ROS2_Projects/My-ROS2-Humble/mobilebot_ws/install/mobilebot_description' for CMake config files
[1.459s] Level 1:colcon.colcon_core.shell:create_environment_hook('mobilebot_description', 'cmake_prefix_path')
[1.460s] INFO:colcon.colcon_core.shell:Creating environment hook '/home/sbzrobot/ROS2-Projects/My-ROS2_Projects/My-ROS2-Humble/mobilebot_ws/install/mobilebot_description/share/mobilebot_description/hook/cmake_prefix_path.ps1'
[1.461s] INFO:colcon.colcon_core.shell:Creating environment descriptor '/home/sbzrobot/ROS2-Projects/My-ROS2_Projects/My-ROS2-Humble/mobilebot_ws/install/mobilebot_description/share/mobilebot_description/hook/cmake_prefix_path.dsv'
[1.462s] INFO:colcon.colcon_core.shell:Creating environment hook '/home/sbzrobot/ROS2-Projects/My-ROS2_Projects/My-ROS2-Humble/mobilebot_ws/install/mobilebot_description/share/mobilebot_description/hook/cmake_prefix_path.sh'
[1.463s] Level 1:colcon.colcon_core.environment:checking '/home/sbzrobot/ROS2-Projects/My-ROS2_Projects/My-ROS2-Humble/mobilebot_ws/install/mobilebot_description/bin'
[1.463s] Level 1:colcon.colcon_core.environment:checking '/home/sbzrobot/ROS2-Projects/My-ROS2_Projects/My-ROS2-Humble/mobilebot_ws/install/mobilebot_description/lib/pkgconfig/mobilebot_description.pc'
[1.464s] Level 1:colcon.colcon_core.environment:checking '/home/sbzrobot/ROS2-Projects/My-ROS2_Projects/My-ROS2-Humble/mobilebot_ws/install/mobilebot_description/lib/python3.10/site-packages'
[1.464s] Level 1:colcon.colcon_core.environment:checking '/home/sbzrobot/ROS2-Projects/My-ROS2_Projects/My-ROS2-Humble/mobilebot_ws/install/mobilebot_description/bin'
[1.465s] INFO:colcon.colcon_core.shell:Creating package script '/home/sbzrobot/ROS2-Projects/My-ROS2_Projects/My-ROS2-Humble/mobilebot_ws/install/mobilebot_description/share/mobilebot_description/package.ps1'
[1.468s] INFO:colcon.colcon_core.shell:Creating package descriptor '/home/sbzrobot/ROS2-Projects/My-ROS2_Projects/My-ROS2-Humble/mobilebot_ws/install/mobilebot_description/share/mobilebot_description/package.dsv'
[1.469s] INFO:colcon.colcon_core.shell:Creating package script '/home/sbzrobot/ROS2-Projects/My-ROS2_Projects/My-ROS2-Humble/mobilebot_ws/install/mobilebot_description/share/mobilebot_description/package.sh'
[1.472s] INFO:colcon.colcon_core.shell:Creating package script '/home/sbzrobot/ROS2-Projects/My-ROS2_Projects/My-ROS2-Humble/mobilebot_ws/install/mobilebot_description/share/mobilebot_description/package.bash'
[1.474s] INFO:colcon.colcon_core.shell:Creating package script '/home/sbzrobot/ROS2-Projects/My-ROS2_Projects/My-ROS2-Humble/mobilebot_ws/install/mobilebot_description/share/mobilebot_description/package.zsh'
[1.476s] Level 1:colcon.colcon_core.environment:create_file_with_runtime_dependencies(/home/sbzrobot/ROS2-Projects/My-ROS2_Projects/My-ROS2-Humble/mobilebot_ws/install/mobilebot_description/share/colcon-core/packages/mobilebot_description)
[1.477s] Level 1:colcon.colcon_core.environment:create_environment_scripts_only(mobilebot_description)
[1.478s] Level 1:colcon.colcon_core.environment:checking '/home/sbzrobot/ROS2-Projects/My-ROS2_Projects/My-ROS2-Humble/mobilebot_ws/install/mobilebot_description' for CMake module files
[1.479s] Level 1:colcon.colcon_core.environment:checking '/home/sbzrobot/ROS2-Projects/My-ROS2_Projects/My-ROS2-Humble/mobilebot_ws/install/mobilebot_description' for CMake config files
[1.480s] Level 1:colcon.colcon_core.shell:create_environment_hook('mobilebot_description', 'cmake_prefix_path')
[1.480s] INFO:colcon.colcon_core.shell:Creating environment hook '/home/sbzrobot/ROS2-Projects/My-ROS2_Projects/My-ROS2-Humble/mobilebot_ws/install/mobilebot_description/share/mobilebot_description/hook/cmake_prefix_path.ps1'
[1.481s] INFO:colcon.colcon_core.shell:Creating environment descriptor '/home/sbzrobot/ROS2-Projects/My-ROS2_Projects/My-ROS2-Humble/mobilebot_ws/install/mobilebot_description/share/mobilebot_description/hook/cmake_prefix_path.dsv'
[1.482s] INFO:colcon.colcon_core.shell:Creating environment hook '/home/sbzrobot/ROS2-Projects/My-ROS2_Projects/My-ROS2-Humble/mobilebot_ws/install/mobilebot_description/share/mobilebot_description/hook/cmake_prefix_path.sh'
[1.483s] Level 1:colcon.colcon_core.environment:checking '/home/sbzrobot/ROS2-Projects/My-ROS2_Projects/My-ROS2-Humble/mobilebot_ws/install/mobilebot_description/bin'
[1.483s] Level 1:colcon.colcon_core.environment:checking '/home/sbzrobot/ROS2-Projects/My-ROS2_Projects/My-ROS2-Humble/mobilebot_ws/install/mobilebot_description/lib/pkgconfig/mobilebot_description.pc'
[1.484s] Level 1:colcon.colcon_core.environment:checking '/home/sbzrobot/ROS2-Projects/My-ROS2_Projects/My-ROS2-Humble/mobilebot_ws/install/mobilebot_description/lib/python3.10/site-packages'
[1.485s] Level 1:colcon.colcon_core.environment:checking '/home/sbzrobot/ROS2-Projects/My-ROS2_Projects/My-ROS2-Humble/mobilebot_ws/install/mobilebot_description/bin'
[1.485s] INFO:colcon.colcon_core.shell:Creating package script '/home/sbzrobot/ROS2-Projects/My-ROS2_Projects/My-ROS2-Humble/mobilebot_ws/install/mobilebot_description/share/mobilebot_description/package.ps1'
[1.486s] INFO:colcon.colcon_core.shell:Creating package descriptor '/home/sbzrobot/ROS2-Projects/My-ROS2_Projects/My-ROS2-Humble/mobilebot_ws/install/mobilebot_description/share/mobilebot_description/package.dsv'
[1.488s] INFO:colcon.colcon_core.shell:Creating package script '/home/sbzrobot/ROS2-Projects/My-ROS2_Projects/My-ROS2-Humble/mobilebot_ws/install/mobilebot_description/share/mobilebot_description/package.sh'
[1.489s] INFO:colcon.colcon_core.shell:Creating package script '/home/sbzrobot/ROS2-Projects/My-ROS2_Projects/My-ROS2-Humble/mobilebot_ws/install/mobilebot_description/share/mobilebot_description/package.bash'
[1.490s] INFO:colcon.colcon_core.shell:Creating package script '/home/sbzrobot/ROS2-Projects/My-ROS2_Projects/My-ROS2-Humble/mobilebot_ws/install/mobilebot_description/share/mobilebot_description/package.zsh'
[1.491s] Level 1:colcon.colcon_core.environment:create_file_with_runtime_dependencies(/home/sbzrobot/ROS2-Projects/My-ROS2_Projects/My-ROS2-Humble/mobilebot_ws/install/mobilebot_description/share/colcon-core/packages/mobilebot_description)
[2.154s] DEBUG:colcon.colcon_core.event_handler.log_command:Invoking command in '/home/sbzrobot/ROS2-Projects/My-ROS2_Projects/My-ROS2-Humble/mobilebot_ws/src/mobilebot_py_examples': PYTHONPATH=/home/sbzrobot/ROS2-Projects/My-ROS2_Projects/My-ROS2-Humble/mobilebot_ws/build/mobilebot_py_examples/prefix_override:/usr/lib/python3/dist-packages/colcon_core/task/python/colcon_distutils_commands:/home/sbzrobot/ROS2-Projects/My-ROS2_Projects/My-ROS2-Humble/mobilebot_ws/install/mobilebot_py_examples/lib/python3.10/site-packages:${PYTHONPATH} /usr/bin/python3 -W ignore:setup.py install is deprecated -W ignore:easy_install command is deprecated setup.py egg_info --egg-base ../../build/mobilebot_py_examples build --build-base /home/sbzrobot/ROS2-Projects/My-ROS2_Projects/My-ROS2-Humble/mobilebot_ws/build/mobilebot_py_examples/build install --record /home/sbzrobot/ROS2-Projects/My-ROS2_Projects/My-ROS2-Humble/mobilebot_ws/build/mobilebot_py_examples/install.log --single-version-externally-managed install_data
[2.653s] Level 1:colcon.colcon_core.environment:checking '/home/sbzrobot/ROS2-Projects/My-ROS2_Projects/My-ROS2-Humble/mobilebot_ws/install/mobilebot_py_examples' for CMake module files
[2.654s] DEBUG:colcon.colcon_core.event_handler.log_command:Invoked command in '/home/sbzrobot/ROS2-Projects/My-ROS2_Projects/My-ROS2-Humble/mobilebot_ws/src/mobilebot_py_examples' returned '0': PYTHONPATH=/home/sbzrobot/ROS2-Projects/My-ROS2_Projects/My-ROS2-Humble/mobilebot_ws/build/mobilebot_py_examples/prefix_override:/usr/lib/python3/dist-packages/colcon_core/task/python/colcon_distutils_commands:/home/sbzrobot/ROS2-Projects/My-ROS2_Projects/My-ROS2-Humble/mobilebot_ws/install/mobilebot_py_examples/lib/python3.10/site-packages:${PYTHONPATH} /usr/bin/python3 -W ignore:setup.py install is deprecated -W ignore:easy_install command is deprecated setup.py egg_info --egg-base ../../build/mobilebot_py_examples build --build-base /home/sbzrobot/ROS2-Projects/My-ROS2_Projects/My-ROS2-Humble/mobilebot_ws/build/mobilebot_py_examples/build install --record /home/sbzrobot/ROS2-Projects/My-ROS2_Projects/My-ROS2-Humble/mobilebot_ws/build/mobilebot_py_examples/install.log --single-version-externally-managed install_data
[2.655s] Level 1:colcon.colcon_core.environment:checking '/home/sbzrobot/ROS2-Projects/My-ROS2_Projects/My-ROS2-Humble/mobilebot_ws/install/mobilebot_py_examples' for CMake config files
[2.657s] Level 1:colcon.colcon_core.environment:checking '/home/sbzrobot/ROS2-Projects/My-ROS2_Projects/My-ROS2-Humble/mobilebot_ws/install/mobilebot_py_examples/lib'
[2.658s] Level 1:colcon.colcon_core.environment:checking '/home/sbzrobot/ROS2-Projects/My-ROS2_Projects/My-ROS2-Humble/mobilebot_ws/install/mobilebot_py_examples/bin'
[2.658s] Level 1:colcon.colcon_core.environment:checking '/home/sbzrobot/ROS2-Projects/My-ROS2_Projects/My-ROS2-Humble/mobilebot_ws/install/mobilebot_py_examples/lib/pkgconfig/mobilebot_py_examples.pc'
[2.658s] Level 1:colcon.colcon_core.environment:checking '/home/sbzrobot/ROS2-Projects/My-ROS2_Projects/My-ROS2-Humble/mobilebot_ws/install/mobilebot_py_examples/lib/python3.10/site-packages'
[2.658s] Level 1:colcon.colcon_core.shell:create_environment_hook('mobilebot_py_examples', 'pythonpath')
[2.659s] INFO:colcon.colcon_core.shell:Creating environment hook '/home/sbzrobot/ROS2-Projects/My-ROS2_Projects/My-ROS2-Humble/mobilebot_ws/install/mobilebot_py_examples/share/mobilebot_py_examples/hook/pythonpath.ps1'
[2.660s] INFO:colcon.colcon_core.shell:Creating environment descriptor '/home/sbzrobot/ROS2-Projects/My-ROS2_Projects/My-ROS2-Humble/mobilebot_ws/install/mobilebot_py_examples/share/mobilebot_py_examples/hook/pythonpath.dsv'
[2.661s] INFO:colcon.colcon_core.shell:Creating environment hook '/home/sbzrobot/ROS2-Projects/My-ROS2_Projects/My-ROS2-Humble/mobilebot_ws/install/mobilebot_py_examples/share/mobilebot_py_examples/hook/pythonpath.sh'
[2.662s] Level 1:colcon.colcon_core.environment:checking '/home/sbzrobot/ROS2-Projects/My-ROS2_Projects/My-ROS2-Humble/mobilebot_ws/install/mobilebot_py_examples/bin'
[2.662s] Level 1:colcon.colcon_core.environment:create_environment_scripts_only(mobilebot_py_examples)
[2.663s] INFO:colcon.colcon_core.shell:Creating package script '/home/sbzrobot/ROS2-Projects/My-ROS2_Projects/My-ROS2-Humble/mobilebot_ws/install/mobilebot_py_examples/share/mobilebot_py_examples/package.ps1'
[2.664s] INFO:colcon.colcon_core.shell:Creating package descriptor '/home/sbzrobot/ROS2-Projects/My-ROS2_Projects/My-ROS2-Humble/mobilebot_ws/install/mobilebot_py_examples/share/mobilebot_py_examples/package.dsv'
[2.665s] INFO:colcon.colcon_core.shell:Creating package script '/home/sbzrobot/ROS2-Projects/My-ROS2_Projects/My-ROS2-Humble/mobilebot_ws/install/mobilebot_py_examples/share/mobilebot_py_examples/package.sh'
[2.665s] INFO:colcon.colcon_core.shell:Creating package script '/home/sbzrobot/ROS2-Projects/My-ROS2_Projects/My-ROS2-Humble/mobilebot_ws/install/mobilebot_py_examples/share/mobilebot_py_examples/package.bash'
[2.666s] INFO:colcon.colcon_core.shell:Creating package script '/home/sbzrobot/ROS2-Projects/My-ROS2_Projects/My-ROS2-Humble/mobilebot_ws/install/mobilebot_py_examples/share/mobilebot_py_examples/package.zsh'
[2.667s] Level 1:colcon.colcon_core.environment:create_file_with_runtime_dependencies(/home/sbzrobot/ROS2-Projects/My-ROS2_Projects/My-ROS2-Humble/mobilebot_ws/install/mobilebot_py_examples/share/colcon-core/packages/mobilebot_py_examples)
[2.667s] DEBUG:colcon.colcon_parallel_executor.executor.parallel:closing loop
[2.668s] DEBUG:colcon.colcon_parallel_executor.executor.parallel:loop closed
[2.668s] DEBUG:colcon.colcon_parallel_executor.executor.parallel:run_until_complete finished with '0'
[2.668s] DEBUG:colcon.colcon_core.event_reactor:joining thread
[2.680s] INFO:colcon.colcon_core.plugin_system:Skipping extension 'colcon_notification.desktop_notification.terminal_notifier': Not used on non-Darwin systems
[2.681s] INFO:colcon.colcon_core.plugin_system:Skipping extension 'colcon_notification.desktop_notification.win32': Not used on non-Windows systems
[2.681s] INFO:colcon.colcon_notification.desktop_notification:Sending desktop notification using 'notify2'
[2.731s] DEBUG:colcon.colcon_core.event_reactor:joined thread
[2.732s] INFO:colcon.colcon_core.shell:Creating prefix script '/home/sbzrobot/ROS2-Projects/My-ROS2_Projects/My-ROS2-Humble/mobilebot_ws/install/local_setup.ps1'
[2.735s] INFO:colcon.colcon_core.shell:Creating prefix util module '/home/sbzrobot/ROS2-Projects/My-ROS2_Projects/My-ROS2-Humble/mobilebot_ws/install/_local_setup_util_ps1.py'
[2.740s] INFO:colcon.colcon_core.shell:Creating prefix chain script '/home/sbzrobot/ROS2-Projects/My-ROS2_Projects/My-ROS2-Humble/mobilebot_ws/install/setup.ps1'
[2.742s] INFO:colcon.colcon_core.shell:Creating prefix script '/home/sbzrobot/ROS2-Projects/My-ROS2_Projects/My-ROS2-Humble/mobilebot_ws/install/local_setup.sh'
[2.744s] INFO:colcon.colcon_core.shell:Creating prefix util module '/home/sbzrobot/ROS2-Projects/My-ROS2_Projects/My-ROS2-Humble/mobilebot_ws/install/_local_setup_util_sh.py'
[2.746s] INFO:colcon.colcon_core.shell:Creating prefix chain script '/home/sbzrobot/ROS2-Projects/My-ROS2_Projects/My-ROS2-Humble/mobilebot_ws/install/setup.sh'
[2.748s] INFO:colcon.colcon_core.shell:Creating prefix script '/home/sbzrobot/ROS2-Projects/My-ROS2_Projects/My-ROS2-Humble/mobilebot_ws/install/local_setup.bash'
[2.749s] INFO:colcon.colcon_core.shell:Creating prefix chain script '/home/sbzrobot/ROS2-Projects/My-ROS2_Projects/My-ROS2-Humble/mobilebot_ws/install/setup.bash'
[2.751s] INFO:colcon.colcon_core.shell:Creating prefix script '/home/sbzrobot/ROS2-Projects/My-ROS2_Projects/My-ROS2-Humble/mobilebot_ws/install/local_setup.zsh'
[2.753s] INFO:colcon.colcon_core.shell:Creating prefix chain script '/home/sbzrobot/ROS2-Projects/My-ROS2_Projects/My-ROS2-Humble/mobilebot_ws/install/setup.zsh'
