[0.122s] DEBUG:colcon:Command line arguments: ['/usr/bin/colcon', 'build']
[0.122s] DEBUG:colcon:Parsed command line arguments: Namespace(log_base=None, log_level=None, verb_name='build', build_base='build', install_base='install', merge_install=False, symlink_install=False, test_result_base=None, continue_on_error=False, executor='parallel', parallel_workers=4, event_handlers=None, ignore_user_meta=False, metas=['./colcon.meta'], base_paths=['.'], packages_ignore=None, packages_ignore_regex=None, paths=None, packages_up_to=None, packages_up_to_regex=None, packages_above=None, packages_above_and_dependencies=None, packages_above_depth=None, packages_select_by_dep=None, packages_skip_by_dep=None, packages_skip_up_to=None, packages_select_build_failed=False, packages_skip_build_finished=False, packages_select_test_failures=False, packages_skip_test_passed=False, packages_select=None, packages_skip=None, packages_select_regex=None, packages_skip_regex=None, packages_start=None, packages_end=None, allow_overriding=[], cmake_args=None, cmake_target=None, cmake_target_skip_unavailable=False, cmake_clean_cache=False, cmake_clean_first=False, cmake_force_configure=False, ament_cmake_args=None, catkin_cmake_args=None, catkin_skip_building_tests=False, mixin_files=None, mixin=None, verb_parser=<colcon_mixin.mixin.mixin_argument.MixinArgumentDecorator object at 0x76af26b61a50>, verb_extension=<colcon_core.verb.build.BuildVerb object at 0x76af26c629b0>, main=<bound method BuildVerb.main of <colcon_core.verb.build.BuildVerb object at 0x76af26c629b0>>, mixin_verb=('build',))
[0.308s] Level 1:colcon.colcon_core.package_discovery:discover_packages(colcon_meta) check parameters
[0.309s] Level 1:colcon.colcon_core.package_discovery:discover_packages(recursive) check parameters
[0.309s] Level 1:colcon.colcon_core.package_discovery:discover_packages(ignore) check parameters
[0.309s] Level 1:colcon.colcon_core.package_discovery:discover_packages(path) check parameters
[0.309s] Level 1:colcon.colcon_core.package_discovery:discover_packages(colcon_meta) discover
[0.309s] Level 1:colcon.colcon_core.package_discovery:discover_packages(recursive) discover
[0.309s] INFO:colcon.colcon_core.package_discovery:Crawling recursively for packages in '/home/saeedbzrgn/Desktop/My-ROS2_Projects/My-ROS2-Humble/Tutorial_ROS2_Control/ROS2Ctrl_ws'
[0.309s] Level 1:colcon.colcon_core.package_identification:_identify(.) by extensions ['ignore', 'ignore_ament_install']
[0.309s] Level 1:colcon.colcon_core.package_identification:_identify(.) by extension 'ignore'
[0.309s] Level 1:colcon.colcon_core.package_identification:_identify(.) by extension 'ignore_ament_install'
[0.309s] Level 1:colcon.colcon_core.package_identification:_identify(.) by extensions ['colcon_pkg']
[0.309s] Level 1:colcon.colcon_core.package_identification:_identify(.) by extension 'colcon_pkg'
[0.309s] Level 1:colcon.colcon_core.package_identification:_identify(.) by extensions ['colcon_meta']
[0.309s] Level 1:colcon.colcon_core.package_identification:_identify(.) by extension 'colcon_meta'
[0.309s] Level 1:colcon.colcon_core.package_identification:_identify(.) by extensions ['ros']
[0.309s] Level 1:colcon.colcon_core.package_identification:_identify(.) by extension 'ros'
[0.320s] Level 1:colcon.colcon_core.package_identification:_identify(.) by extensions ['cmake', 'python']
[0.321s] Level 1:colcon.colcon_core.package_identification:_identify(.) by extension 'cmake'
[0.321s] Level 1:colcon.colcon_core.package_identification:_identify(.) by extension 'python'
[0.321s] Level 1:colcon.colcon_core.package_identification:_identify(.) by extensions ['python_setup_py']
[0.321s] Level 1:colcon.colcon_core.package_identification:_identify(.) by extension 'python_setup_py'
[0.321s] Level 1:colcon.colcon_core.package_identification:_identify(build) by extensions ['ignore', 'ignore_ament_install']
[0.321s] Level 1:colcon.colcon_core.package_identification:_identify(build) by extension 'ignore'
[0.321s] Level 1:colcon.colcon_core.package_identification:_identify(build) ignored
[0.321s] Level 1:colcon.colcon_core.package_identification:_identify(install) by extensions ['ignore', 'ignore_ament_install']
[0.321s] Level 1:colcon.colcon_core.package_identification:_identify(install) by extension 'ignore'
[0.321s] Level 1:colcon.colcon_core.package_identification:_identify(install) ignored
[0.321s] Level 1:colcon.colcon_core.package_identification:_identify(log) by extensions ['ignore', 'ignore_ament_install']
[0.321s] Level 1:colcon.colcon_core.package_identification:_identify(log) by extension 'ignore'
[0.321s] Level 1:colcon.colcon_core.package_identification:_identify(log) ignored
[0.322s] Level 1:colcon.colcon_core.package_identification:_identify(src) by extensions ['ignore', 'ignore_ament_install']
[0.322s] Level 1:colcon.colcon_core.package_identification:_identify(src) by extension 'ignore'
[0.322s] Level 1:colcon.colcon_core.package_identification:_identify(src) by extension 'ignore_ament_install'
[0.322s] Level 1:colcon.colcon_core.package_identification:_identify(src) by extensions ['colcon_pkg']
[0.322s] Level 1:colcon.colcon_core.package_identification:_identify(src) by extension 'colcon_pkg'
[0.322s] Level 1:colcon.colcon_core.package_identification:_identify(src) by extensions ['colcon_meta']
[0.322s] Level 1:colcon.colcon_core.package_identification:_identify(src) by extension 'colcon_meta'
[0.322s] Level 1:colcon.colcon_core.package_identification:_identify(src) by extensions ['ros']
[0.322s] Level 1:colcon.colcon_core.package_identification:_identify(src) by extension 'ros'
[0.322s] Level 1:colcon.colcon_core.package_identification:_identify(src) by extensions ['cmake', 'python']
[0.322s] Level 1:colcon.colcon_core.package_identification:_identify(src) by extension 'cmake'
[0.322s] Level 1:colcon.colcon_core.package_identification:_identify(src) by extension 'python'
[0.322s] Level 1:colcon.colcon_core.package_identification:_identify(src) by extensions ['python_setup_py']
[0.322s] Level 1:colcon.colcon_core.package_identification:_identify(src) by extension 'python_setup_py'
[0.322s] Level 1:colcon.colcon_core.package_identification:_identify(src/dxl_test) by extensions ['ignore', 'ignore_ament_install']
[0.322s] Level 1:colcon.colcon_core.package_identification:_identify(src/dxl_test) by extension 'ignore'
[0.322s] Level 1:colcon.colcon_core.package_identification:_identify(src/dxl_test) by extension 'ignore_ament_install'
[0.322s] Level 1:colcon.colcon_core.package_identification:_identify(src/dxl_test) by extensions ['colcon_pkg']
[0.322s] Level 1:colcon.colcon_core.package_identification:_identify(src/dxl_test) by extension 'colcon_pkg'
[0.323s] Level 1:colcon.colcon_core.package_identification:_identify(src/dxl_test) by extensions ['colcon_meta']
[0.323s] Level 1:colcon.colcon_core.package_identification:_identify(src/dxl_test) by extension 'colcon_meta'
[0.323s] Level 1:colcon.colcon_core.package_identification:_identify(src/dxl_test) by extensions ['ros']
[0.323s] Level 1:colcon.colcon_core.package_identification:_identify(src/dxl_test) by extension 'ros'
[0.325s] DEBUG:colcon.colcon_core.package_identification:Package 'src/dxl_test' with type 'ros.ament_cmake' and name 'dxl_test'
[0.325s] Level 1:colcon.colcon_core.package_identification:_identify(src/mobilebot_bringup) by extensions ['ignore', 'ignore_ament_install']
[0.325s] Level 1:colcon.colcon_core.package_identification:_identify(src/mobilebot_bringup) by extension 'ignore'
[0.325s] Level 1:colcon.colcon_core.package_identification:_identify(src/mobilebot_bringup) by extension 'ignore_ament_install'
[0.326s] Level 1:colcon.colcon_core.package_identification:_identify(src/mobilebot_bringup) by extensions ['colcon_pkg']
[0.326s] Level 1:colcon.colcon_core.package_identification:_identify(src/mobilebot_bringup) by extension 'colcon_pkg'
[0.326s] Level 1:colcon.colcon_core.package_identification:_identify(src/mobilebot_bringup) by extensions ['colcon_meta']
[0.326s] Level 1:colcon.colcon_core.package_identification:_identify(src/mobilebot_bringup) by extension 'colcon_meta'
[0.326s] Level 1:colcon.colcon_core.package_identification:_identify(src/mobilebot_bringup) by extensions ['ros']
[0.326s] Level 1:colcon.colcon_core.package_identification:_identify(src/mobilebot_bringup) by extension 'ros'
[0.326s] DEBUG:colcon.colcon_core.package_identification:Package 'src/mobilebot_bringup' with type 'ros.ament_cmake' and name 'mobilebot_bringup'
[0.326s] Level 1:colcon.colcon_core.package_identification:_identify(src/mobilebot_description) by extensions ['ignore', 'ignore_ament_install']
[0.326s] Level 1:colcon.colcon_core.package_identification:_identify(src/mobilebot_description) by extension 'ignore'
[0.327s] Level 1:colcon.colcon_core.package_identification:_identify(src/mobilebot_description) by extension 'ignore_ament_install'
[0.327s] Level 1:colcon.colcon_core.package_identification:_identify(src/mobilebot_description) by extensions ['colcon_pkg']
[0.327s] Level 1:colcon.colcon_core.package_identification:_identify(src/mobilebot_description) by extension 'colcon_pkg'
[0.327s] Level 1:colcon.colcon_core.package_identification:_identify(src/mobilebot_description) by extensions ['colcon_meta']
[0.327s] Level 1:colcon.colcon_core.package_identification:_identify(src/mobilebot_description) by extension 'colcon_meta'
[0.327s] Level 1:colcon.colcon_core.package_identification:_identify(src/mobilebot_description) by extensions ['ros']
[0.327s] Level 1:colcon.colcon_core.package_identification:_identify(src/mobilebot_description) by extension 'ros'
[0.327s] DEBUG:colcon.colcon_core.package_identification:Package 'src/mobilebot_description' with type 'ros.ament_cmake' and name 'mobilebot_description'
[0.327s] Level 1:colcon.colcon_core.package_identification:_identify(src/mobilebot_hardware) by extensions ['ignore', 'ignore_ament_install']
[0.327s] Level 1:colcon.colcon_core.package_identification:_identify(src/mobilebot_hardware) by extension 'ignore'
[0.328s] Level 1:colcon.colcon_core.package_identification:_identify(src/mobilebot_hardware) by extension 'ignore_ament_install'
[0.328s] Level 1:colcon.colcon_core.package_identification:_identify(src/mobilebot_hardware) by extensions ['colcon_pkg']
[0.328s] Level 1:colcon.colcon_core.package_identification:_identify(src/mobilebot_hardware) by extension 'colcon_pkg'
[0.328s] Level 1:colcon.colcon_core.package_identification:_identify(src/mobilebot_hardware) by extensions ['colcon_meta']
[0.328s] Level 1:colcon.colcon_core.package_identification:_identify(src/mobilebot_hardware) by extension 'colcon_meta'
[0.328s] Level 1:colcon.colcon_core.package_identification:_identify(src/mobilebot_hardware) by extensions ['ros']
[0.328s] Level 1:colcon.colcon_core.package_identification:_identify(src/mobilebot_hardware) by extension 'ros'
[0.329s] DEBUG:colcon.colcon_core.package_identification:Package 'src/mobilebot_hardware' with type 'ros.ament_cmake' and name 'mobilebot_hardware'
[0.329s] Level 1:colcon.colcon_core.package_discovery:discover_packages(recursive) using defaults
[0.329s] Level 1:colcon.colcon_core.package_discovery:discover_packages(ignore) discover
[0.329s] Level 1:colcon.colcon_core.package_discovery:discover_packages(ignore) using defaults
[0.329s] Level 1:colcon.colcon_core.package_discovery:discover_packages(path) discover
[0.329s] Level 1:colcon.colcon_core.package_discovery:discover_packages(path) using defaults
[0.364s] Level 1:colcon.colcon_core.package_discovery:discover_packages(prefix_path) check parameters
[0.365s] Level 1:colcon.colcon_core.package_discovery:discover_packages(prefix_path) discover
[0.367s] DEBUG:colcon.colcon_installed_package_information.package_discovery:Found 4 installed packages in /home/saeedbzrgn/Desktop/My-ROS2_Projects/My-ROS2-Humble/Tutorial_ROS2_Control/ROS2Ctrl_ws/install
[0.369s] DEBUG:colcon.colcon_installed_package_information.package_discovery:Found 324 installed packages in /opt/ros/humble
[0.371s] Level 1:colcon.colcon_core.package_discovery:discover_packages(prefix_path) using defaults
[0.421s] Level 5:colcon.colcon_core.verb:set package 'dxl_test' build argument 'cmake_args' from command line to 'None'
[0.421s] Level 5:colcon.colcon_core.verb:set package 'dxl_test' build argument 'cmake_target' from command line to 'None'
[0.421s] Level 5:colcon.colcon_core.verb:set package 'dxl_test' build argument 'cmake_target_skip_unavailable' from command line to 'False'
[0.421s] Level 5:colcon.colcon_core.verb:set package 'dxl_test' build argument 'cmake_clean_cache' from command line to 'False'
[0.421s] Level 5:colcon.colcon_core.verb:set package 'dxl_test' build argument 'cmake_clean_first' from command line to 'False'
[0.421s] Level 5:colcon.colcon_core.verb:set package 'dxl_test' build argument 'cmake_force_configure' from command line to 'False'
[0.421s] Level 5:colcon.colcon_core.verb:set package 'dxl_test' build argument 'ament_cmake_args' from command line to 'None'
[0.421s] Level 5:colcon.colcon_core.verb:set package 'dxl_test' build argument 'catkin_cmake_args' from command line to 'None'
[0.421s] Level 5:colcon.colcon_core.verb:set package 'dxl_test' build argument 'catkin_skip_building_tests' from command line to 'False'
[0.421s] DEBUG:colcon.colcon_core.verb:Building package 'dxl_test' with the following arguments: {'ament_cmake_args': None, 'build_base': '/home/saeedbzrgn/Desktop/My-ROS2_Projects/My-ROS2-Humble/Tutorial_ROS2_Control/ROS2Ctrl_ws/build/dxl_test', 'catkin_cmake_args': None, 'catkin_skip_building_tests': False, 'cmake_args': None, 'cmake_clean_cache': False, 'cmake_clean_first': False, 'cmake_force_configure': False, 'cmake_target': None, 'cmake_target_skip_unavailable': False, 'install_base': '/home/saeedbzrgn/Desktop/My-ROS2_Projects/My-ROS2-Humble/Tutorial_ROS2_Control/ROS2Ctrl_ws/install/dxl_test', 'merge_install': False, 'path': '/home/saeedbzrgn/Desktop/My-ROS2_Projects/My-ROS2-Humble/Tutorial_ROS2_Control/ROS2Ctrl_ws/src/dxl_test', 'symlink_install': False, 'test_result_base': None}
[0.422s] Level 5:colcon.colcon_core.verb:set package 'mobilebot_description' build argument 'cmake_args' from command line to 'None'
[0.422s] Level 5:colcon.colcon_core.verb:set package 'mobilebot_description' build argument 'cmake_target' from command line to 'None'
[0.422s] Level 5:colcon.colcon_core.verb:set package 'mobilebot_description' build argument 'cmake_target_skip_unavailable' from command line to 'False'
[0.422s] Level 5:colcon.colcon_core.verb:set package 'mobilebot_description' build argument 'cmake_clean_cache' from command line to 'False'
[0.422s] Level 5:colcon.colcon_core.verb:set package 'mobilebot_description' build argument 'cmake_clean_first' from command line to 'False'
[0.422s] Level 5:colcon.colcon_core.verb:set package 'mobilebot_description' build argument 'cmake_force_configure' from command line to 'False'
[0.422s] Level 5:colcon.colcon_core.verb:set package 'mobilebot_description' build argument 'ament_cmake_args' from command line to 'None'
[0.422s] Level 5:colcon.colcon_core.verb:set package 'mobilebot_description' build argument 'catkin_cmake_args' from command line to 'None'
[0.422s] Level 5:colcon.colcon_core.verb:set package 'mobilebot_description' build argument 'catkin_skip_building_tests' from command line to 'False'
[0.422s] DEBUG:colcon.colcon_core.verb:Building package 'mobilebot_description' with the following arguments: {'ament_cmake_args': None, 'build_base': '/home/saeedbzrgn/Desktop/My-ROS2_Projects/My-ROS2-Humble/Tutorial_ROS2_Control/ROS2Ctrl_ws/build/mobilebot_description', 'catkin_cmake_args': None, 'catkin_skip_building_tests': False, 'cmake_args': None, 'cmake_clean_cache': False, 'cmake_clean_first': False, 'cmake_force_configure': False, 'cmake_target': None, 'cmake_target_skip_unavailable': False, 'install_base': '/home/saeedbzrgn/Desktop/My-ROS2_Projects/My-ROS2-Humble/Tutorial_ROS2_Control/ROS2Ctrl_ws/install/mobilebot_description', 'merge_install': False, 'path': '/home/saeedbzrgn/Desktop/My-ROS2_Projects/My-ROS2-Humble/Tutorial_ROS2_Control/ROS2Ctrl_ws/src/mobilebot_description', 'symlink_install': False, 'test_result_base': None}
[0.422s] Level 5:colcon.colcon_core.verb:set package 'mobilebot_hardware' build argument 'cmake_args' from command line to 'None'
[0.422s] Level 5:colcon.colcon_core.verb:set package 'mobilebot_hardware' build argument 'cmake_target' from command line to 'None'
[0.422s] Level 5:colcon.colcon_core.verb:set package 'mobilebot_hardware' build argument 'cmake_target_skip_unavailable' from command line to 'False'
[0.423s] Level 5:colcon.colcon_core.verb:set package 'mobilebot_hardware' build argument 'cmake_clean_cache' from command line to 'False'
[0.423s] Level 5:colcon.colcon_core.verb:set package 'mobilebot_hardware' build argument 'cmake_clean_first' from command line to 'False'
[0.423s] Level 5:colcon.colcon_core.verb:set package 'mobilebot_hardware' build argument 'cmake_force_configure' from command line to 'False'
[0.423s] Level 5:colcon.colcon_core.verb:set package 'mobilebot_hardware' build argument 'ament_cmake_args' from command line to 'None'
[0.423s] Level 5:colcon.colcon_core.verb:set package 'mobilebot_hardware' build argument 'catkin_cmake_args' from command line to 'None'
[0.423s] Level 5:colcon.colcon_core.verb:set package 'mobilebot_hardware' build argument 'catkin_skip_building_tests' from command line to 'False'
[0.423s] DEBUG:colcon.colcon_core.verb:Building package 'mobilebot_hardware' with the following arguments: {'ament_cmake_args': None, 'build_base': '/home/saeedbzrgn/Desktop/My-ROS2_Projects/My-ROS2-Humble/Tutorial_ROS2_Control/ROS2Ctrl_ws/build/mobilebot_hardware', 'catkin_cmake_args': None, 'catkin_skip_building_tests': False, 'cmake_args': None, 'cmake_clean_cache': False, 'cmake_clean_first': False, 'cmake_force_configure': False, 'cmake_target': None, 'cmake_target_skip_unavailable': False, 'install_base': '/home/saeedbzrgn/Desktop/My-ROS2_Projects/My-ROS2-Humble/Tutorial_ROS2_Control/ROS2Ctrl_ws/install/mobilebot_hardware', 'merge_install': False, 'path': '/home/saeedbzrgn/Desktop/My-ROS2_Projects/My-ROS2-Humble/Tutorial_ROS2_Control/ROS2Ctrl_ws/src/mobilebot_hardware', 'symlink_install': False, 'test_result_base': None}
[0.423s] Level 5:colcon.colcon_core.verb:set package 'mobilebot_bringup' build argument 'cmake_args' from command line to 'None'
[0.423s] Level 5:colcon.colcon_core.verb:set package 'mobilebot_bringup' build argument 'cmake_target' from command line to 'None'
[0.423s] Level 5:colcon.colcon_core.verb:set package 'mobilebot_bringup' build argument 'cmake_target_skip_unavailable' from command line to 'False'
[0.423s] Level 5:colcon.colcon_core.verb:set package 'mobilebot_bringup' build argument 'cmake_clean_cache' from command line to 'False'
[0.423s] Level 5:colcon.colcon_core.verb:set package 'mobilebot_bringup' build argument 'cmake_clean_first' from command line to 'False'
[0.423s] Level 5:colcon.colcon_core.verb:set package 'mobilebot_bringup' build argument 'cmake_force_configure' from command line to 'False'
[0.423s] Level 5:colcon.colcon_core.verb:set package 'mobilebot_bringup' build argument 'ament_cmake_args' from command line to 'None'
[0.423s] Level 5:colcon.colcon_core.verb:set package 'mobilebot_bringup' build argument 'catkin_cmake_args' from command line to 'None'
[0.423s] Level 5:colcon.colcon_core.verb:set package 'mobilebot_bringup' build argument 'catkin_skip_building_tests' from command line to 'False'
[0.423s] DEBUG:colcon.colcon_core.verb:Building package 'mobilebot_bringup' with the following arguments: {'ament_cmake_args': None, 'build_base': '/home/saeedbzrgn/Desktop/My-ROS2_Projects/My-ROS2-Humble/Tutorial_ROS2_Control/ROS2Ctrl_ws/build/mobilebot_bringup', 'catkin_cmake_args': None, 'catkin_skip_building_tests': False, 'cmake_args': None, 'cmake_clean_cache': False, 'cmake_clean_first': False, 'cmake_force_configure': False, 'cmake_target': None, 'cmake_target_skip_unavailable': False, 'install_base': '/home/saeedbzrgn/Desktop/My-ROS2_Projects/My-ROS2-Humble/Tutorial_ROS2_Control/ROS2Ctrl_ws/install/mobilebot_bringup', 'merge_install': False, 'path': '/home/saeedbzrgn/Desktop/My-ROS2_Projects/My-ROS2-Humble/Tutorial_ROS2_Control/ROS2Ctrl_ws/src/mobilebot_bringup', 'symlink_install': False, 'test_result_base': None}
[0.423s] INFO:colcon.colcon_core.executor:Executing jobs using 'parallel' executor
[0.425s] DEBUG:colcon.colcon_parallel_executor.executor.parallel:run_until_complete
[0.425s] INFO:colcon.colcon_ros.task.ament_cmake.build:Building ROS package in '/home/saeedbzrgn/Desktop/My-ROS2_Projects/My-ROS2-Humble/Tutorial_ROS2_Control/ROS2Ctrl_ws/src/mobilebot_description' with build type 'ament_cmake'
[0.425s] INFO:colcon.colcon_cmake.task.cmake.build:Building CMake package in '/home/saeedbzrgn/Desktop/My-ROS2_Projects/My-ROS2-Humble/Tutorial_ROS2_Control/ROS2Ctrl_ws/src/mobilebot_description'
[0.427s] INFO:colcon.colcon_core.plugin_system:Skipping extension 'colcon_core.shell.bat': Not used on non-Windows systems
[0.428s] INFO:colcon.colcon_core.shell:Skip shell extension 'powershell' for command environment: Not usable outside of PowerShell
[0.428s] DEBUG:colcon.colcon_core.shell:Skip shell extension 'dsv' for command environment
[0.432s] INFO:colcon.colcon_ros.task.ament_cmake.build:Building ROS package in '/home/saeedbzrgn/Desktop/My-ROS2_Projects/My-ROS2-Humble/Tutorial_ROS2_Control/ROS2Ctrl_ws/src/dxl_test' with build type 'ament_cmake'
[0.432s] INFO:colcon.colcon_cmake.task.cmake.build:Building CMake package in '/home/saeedbzrgn/Desktop/My-ROS2_Projects/My-ROS2-Humble/Tutorial_ROS2_Control/ROS2Ctrl_ws/src/dxl_test'
[0.432s] INFO:colcon.colcon_core.shell:Skip shell extension 'powershell' for command environment: Not usable outside of PowerShell
[0.432s] DEBUG:colcon.colcon_core.shell:Skip shell extension 'dsv' for command environment
[0.437s] INFO:colcon.colcon_ros.task.ament_cmake.build:Building ROS package in '/home/saeedbzrgn/Desktop/My-ROS2_Projects/My-ROS2-Humble/Tutorial_ROS2_Control/ROS2Ctrl_ws/src/mobilebot_hardware' with build type 'ament_cmake'
[0.438s] INFO:colcon.colcon_cmake.task.cmake.build:Building CMake package in '/home/saeedbzrgn/Desktop/My-ROS2_Projects/My-ROS2-Humble/Tutorial_ROS2_Control/ROS2Ctrl_ws/src/mobilebot_hardware'
[0.438s] INFO:colcon.colcon_core.shell:Skip shell extension 'powershell' for command environment: Not usable outside of PowerShell
[0.438s] DEBUG:colcon.colcon_core.shell:Skip shell extension 'dsv' for command environment
[0.451s] DEBUG:colcon.colcon_core.event_handler.log_command:Invoking command in '/home/saeedbzrgn/Desktop/My-ROS2_Projects/My-ROS2-Humble/Tutorial_ROS2_Control/ROS2Ctrl_ws/build/mobilebot_description': CMAKE_PREFIX_PATH=${CMAKE_PREFIX_PATH}:/opt/ros/humble /usr/bin/cmake --build /home/saeedbzrgn/Desktop/My-ROS2_Projects/My-ROS2-Humble/Tutorial_ROS2_Control/ROS2Ctrl_ws/build/mobilebot_description -- -j4 -l4
[0.455s] DEBUG:colcon.colcon_core.event_handler.log_command:Invoking command in '/home/saeedbzrgn/Desktop/My-ROS2_Projects/My-ROS2-Humble/Tutorial_ROS2_Control/ROS2Ctrl_ws/build/dxl_test': CMAKE_PREFIX_PATH=${CMAKE_PREFIX_PATH}:/opt/ros/humble /usr/bin/cmake --build /home/saeedbzrgn/Desktop/My-ROS2_Projects/My-ROS2-Humble/Tutorial_ROS2_Control/ROS2Ctrl_ws/build/dxl_test -- -j4 -l4
[0.464s] DEBUG:colcon.colcon_core.event_handler.log_command:Invoking command in '/home/saeedbzrgn/Desktop/My-ROS2_Projects/My-ROS2-Humble/Tutorial_ROS2_Control/ROS2Ctrl_ws/build/mobilebot_hardware': CMAKE_PREFIX_PATH=${CMAKE_PREFIX_PATH}:/opt/ros/humble /usr/bin/cmake --build /home/saeedbzrgn/Desktop/My-ROS2_Projects/My-ROS2-Humble/Tutorial_ROS2_Control/ROS2Ctrl_ws/build/mobilebot_hardware -- -j4 -l4
[0.516s] DEBUG:colcon.colcon_core.event_handler.log_command:Invoked command in '/home/saeedbzrgn/Desktop/My-ROS2_Projects/My-ROS2-Humble/Tutorial_ROS2_Control/ROS2Ctrl_ws/build/mobilebot_description' returned '0': CMAKE_PREFIX_PATH=${CMAKE_PREFIX_PATH}:/opt/ros/humble /usr/bin/cmake --build /home/saeedbzrgn/Desktop/My-ROS2_Projects/My-ROS2-Humble/Tutorial_ROS2_Control/ROS2Ctrl_ws/build/mobilebot_description -- -j4 -l4
[0.530s] DEBUG:colcon.colcon_core.event_handler.log_command:Invoking command in '/home/saeedbzrgn/Desktop/My-ROS2_Projects/My-ROS2-Humble/Tutorial_ROS2_Control/ROS2Ctrl_ws/build/mobilebot_description': CMAKE_PREFIX_PATH=${CMAKE_PREFIX_PATH}:/opt/ros/humble /usr/bin/cmake --install /home/saeedbzrgn/Desktop/My-ROS2_Projects/My-ROS2-Humble/Tutorial_ROS2_Control/ROS2Ctrl_ws/build/mobilebot_description
[0.548s] Level 1:colcon.colcon_core.environment:create_environment_scripts_only(mobilebot_description)
[0.549s] DEBUG:colcon.colcon_core.event_handler.log_command:Invoked command in '/home/saeedbzrgn/Desktop/My-ROS2_Projects/My-ROS2-Humble/Tutorial_ROS2_Control/ROS2Ctrl_ws/build/mobilebot_description' returned '0': CMAKE_PREFIX_PATH=${CMAKE_PREFIX_PATH}:/opt/ros/humble /usr/bin/cmake --install /home/saeedbzrgn/Desktop/My-ROS2_Projects/My-ROS2-Humble/Tutorial_ROS2_Control/ROS2Ctrl_ws/build/mobilebot_description
[0.554s] Level 1:colcon.colcon_core.environment:checking '/home/saeedbzrgn/Desktop/My-ROS2_Projects/My-ROS2-Humble/Tutorial_ROS2_Control/ROS2Ctrl_ws/install/mobilebot_description' for CMake module files
[0.556s] Level 1:colcon.colcon_core.environment:checking '/home/saeedbzrgn/Desktop/My-ROS2_Projects/My-ROS2-Humble/Tutorial_ROS2_Control/ROS2Ctrl_ws/install/mobilebot_description' for CMake config files
[0.556s] Level 1:colcon.colcon_core.shell:create_environment_hook('mobilebot_description', 'cmake_prefix_path')
[0.556s] INFO:colcon.colcon_core.shell:Creating environment hook '/home/saeedbzrgn/Desktop/My-ROS2_Projects/My-ROS2-Humble/Tutorial_ROS2_Control/ROS2Ctrl_ws/install/mobilebot_description/share/mobilebot_description/hook/cmake_prefix_path.ps1'
[0.558s] INFO:colcon.colcon_core.shell:Creating environment descriptor '/home/saeedbzrgn/Desktop/My-ROS2_Projects/My-ROS2-Humble/Tutorial_ROS2_Control/ROS2Ctrl_ws/install/mobilebot_description/share/mobilebot_description/hook/cmake_prefix_path.dsv'
[0.559s] INFO:colcon.colcon_core.shell:Creating environment hook '/home/saeedbzrgn/Desktop/My-ROS2_Projects/My-ROS2-Humble/Tutorial_ROS2_Control/ROS2Ctrl_ws/install/mobilebot_description/share/mobilebot_description/hook/cmake_prefix_path.sh'
[0.561s] Level 1:colcon.colcon_core.environment:checking '/home/saeedbzrgn/Desktop/My-ROS2_Projects/My-ROS2-Humble/Tutorial_ROS2_Control/ROS2Ctrl_ws/install/mobilebot_description/bin'
[0.561s] Level 1:colcon.colcon_core.environment:checking '/home/saeedbzrgn/Desktop/My-ROS2_Projects/My-ROS2-Humble/Tutorial_ROS2_Control/ROS2Ctrl_ws/install/mobilebot_description/lib/pkgconfig/mobilebot_description.pc'
[0.561s] Level 1:colcon.colcon_core.environment:checking '/home/saeedbzrgn/Desktop/My-ROS2_Projects/My-ROS2-Humble/Tutorial_ROS2_Control/ROS2Ctrl_ws/install/mobilebot_description/lib/python3.10/site-packages'
[0.562s] Level 1:colcon.colcon_core.environment:checking '/home/saeedbzrgn/Desktop/My-ROS2_Projects/My-ROS2-Humble/Tutorial_ROS2_Control/ROS2Ctrl_ws/install/mobilebot_description/bin'
[0.562s] INFO:colcon.colcon_core.shell:Creating package script '/home/saeedbzrgn/Desktop/My-ROS2_Projects/My-ROS2-Humble/Tutorial_ROS2_Control/ROS2Ctrl_ws/install/mobilebot_description/share/mobilebot_description/package.ps1'
[0.564s] INFO:colcon.colcon_core.shell:Creating package descriptor '/home/saeedbzrgn/Desktop/My-ROS2_Projects/My-ROS2-Humble/Tutorial_ROS2_Control/ROS2Ctrl_ws/install/mobilebot_description/share/mobilebot_description/package.dsv'
[0.565s] INFO:colcon.colcon_core.shell:Creating package script '/home/saeedbzrgn/Desktop/My-ROS2_Projects/My-ROS2-Humble/Tutorial_ROS2_Control/ROS2Ctrl_ws/install/mobilebot_description/share/mobilebot_description/package.sh'
[0.568s] INFO:colcon.colcon_core.shell:Creating package script '/home/saeedbzrgn/Desktop/My-ROS2_Projects/My-ROS2-Humble/Tutorial_ROS2_Control/ROS2Ctrl_ws/install/mobilebot_description/share/mobilebot_description/package.bash'
[0.570s] INFO:colcon.colcon_core.shell:Creating package script '/home/saeedbzrgn/Desktop/My-ROS2_Projects/My-ROS2-Humble/Tutorial_ROS2_Control/ROS2Ctrl_ws/install/mobilebot_description/share/mobilebot_description/package.zsh'
[0.572s] Level 1:colcon.colcon_core.environment:create_file_with_runtime_dependencies(/home/saeedbzrgn/Desktop/My-ROS2_Projects/My-ROS2-Humble/Tutorial_ROS2_Control/ROS2Ctrl_ws/install/mobilebot_description/share/colcon-core/packages/mobilebot_description)
[0.573s] Level 1:colcon.colcon_core.environment:create_environment_scripts_only(mobilebot_description)
[0.574s] Level 1:colcon.colcon_core.environment:checking '/home/saeedbzrgn/Desktop/My-ROS2_Projects/My-ROS2-Humble/Tutorial_ROS2_Control/ROS2Ctrl_ws/install/mobilebot_description' for CMake module files
[0.575s] Level 1:colcon.colcon_core.environment:checking '/home/saeedbzrgn/Desktop/My-ROS2_Projects/My-ROS2-Humble/Tutorial_ROS2_Control/ROS2Ctrl_ws/install/mobilebot_description' for CMake config files
[0.576s] Level 1:colcon.colcon_core.shell:create_environment_hook('mobilebot_description', 'cmake_prefix_path')
[0.576s] INFO:colcon.colcon_core.shell:Creating environment hook '/home/saeedbzrgn/Desktop/My-ROS2_Projects/My-ROS2-Humble/Tutorial_ROS2_Control/ROS2Ctrl_ws/install/mobilebot_description/share/mobilebot_description/hook/cmake_prefix_path.ps1'
[0.577s] INFO:colcon.colcon_core.shell:Creating environment descriptor '/home/saeedbzrgn/Desktop/My-ROS2_Projects/My-ROS2-Humble/Tutorial_ROS2_Control/ROS2Ctrl_ws/install/mobilebot_description/share/mobilebot_description/hook/cmake_prefix_path.dsv'
[0.578s] INFO:colcon.colcon_core.shell:Creating environment hook '/home/saeedbzrgn/Desktop/My-ROS2_Projects/My-ROS2-Humble/Tutorial_ROS2_Control/ROS2Ctrl_ws/install/mobilebot_description/share/mobilebot_description/hook/cmake_prefix_path.sh'
[0.579s] Level 1:colcon.colcon_core.environment:checking '/home/saeedbzrgn/Desktop/My-ROS2_Projects/My-ROS2-Humble/Tutorial_ROS2_Control/ROS2Ctrl_ws/install/mobilebot_description/bin'
[0.579s] Level 1:colcon.colcon_core.environment:checking '/home/saeedbzrgn/Desktop/My-ROS2_Projects/My-ROS2-Humble/Tutorial_ROS2_Control/ROS2Ctrl_ws/install/mobilebot_description/lib/pkgconfig/mobilebot_description.pc'
[0.579s] Level 1:colcon.colcon_core.environment:checking '/home/saeedbzrgn/Desktop/My-ROS2_Projects/My-ROS2-Humble/Tutorial_ROS2_Control/ROS2Ctrl_ws/install/mobilebot_description/lib/python3.10/site-packages'
[0.580s] Level 1:colcon.colcon_core.environment:checking '/home/saeedbzrgn/Desktop/My-ROS2_Projects/My-ROS2-Humble/Tutorial_ROS2_Control/ROS2Ctrl_ws/install/mobilebot_description/bin'
[0.581s] INFO:colcon.colcon_core.shell:Creating package script '/home/saeedbzrgn/Desktop/My-ROS2_Projects/My-ROS2-Humble/Tutorial_ROS2_Control/ROS2Ctrl_ws/install/mobilebot_description/share/mobilebot_description/package.ps1'
[0.582s] INFO:colcon.colcon_core.shell:Creating package descriptor '/home/saeedbzrgn/Desktop/My-ROS2_Projects/My-ROS2-Humble/Tutorial_ROS2_Control/ROS2Ctrl_ws/install/mobilebot_description/share/mobilebot_description/package.dsv'
[0.583s] INFO:colcon.colcon_core.shell:Creating package script '/home/saeedbzrgn/Desktop/My-ROS2_Projects/My-ROS2-Humble/Tutorial_ROS2_Control/ROS2Ctrl_ws/install/mobilebot_description/share/mobilebot_description/package.sh'
[0.583s] INFO:colcon.colcon_core.shell:Creating package script '/home/saeedbzrgn/Desktop/My-ROS2_Projects/My-ROS2-Humble/Tutorial_ROS2_Control/ROS2Ctrl_ws/install/mobilebot_description/share/mobilebot_description/package.bash'
[0.584s] INFO:colcon.colcon_core.shell:Creating package script '/home/saeedbzrgn/Desktop/My-ROS2_Projects/My-ROS2-Humble/Tutorial_ROS2_Control/ROS2Ctrl_ws/install/mobilebot_description/share/mobilebot_description/package.zsh'
[0.585s] Level 1:colcon.colcon_core.environment:create_file_with_runtime_dependencies(/home/saeedbzrgn/Desktop/My-ROS2_Projects/My-ROS2-Humble/Tutorial_ROS2_Control/ROS2Ctrl_ws/install/mobilebot_description/share/colcon-core/packages/mobilebot_description)
[0.586s] INFO:colcon.colcon_ros.task.ament_cmake.build:Building ROS package in '/home/saeedbzrgn/Desktop/My-ROS2_Projects/My-ROS2-Humble/Tutorial_ROS2_Control/ROS2Ctrl_ws/src/mobilebot_bringup' with build type 'ament_cmake'
[0.586s] INFO:colcon.colcon_cmake.task.cmake.build:Building CMake package in '/home/saeedbzrgn/Desktop/My-ROS2_Projects/My-ROS2-Humble/Tutorial_ROS2_Control/ROS2Ctrl_ws/src/mobilebot_bringup'
[0.586s] INFO:colcon.colcon_core.shell:Skip shell extension 'powershell' for command environment: Not usable outside of PowerShell
[0.586s] DEBUG:colcon.colcon_core.shell:Skip shell extension 'dsv' for command environment
[0.593s] DEBUG:colcon.colcon_core.event_handler.log_command:Invoked command in '/home/saeedbzrgn/Desktop/My-ROS2_Projects/My-ROS2-Humble/Tutorial_ROS2_Control/ROS2Ctrl_ws/build/dxl_test' returned '0': CMAKE_PREFIX_PATH=${CMAKE_PREFIX_PATH}:/opt/ros/humble /usr/bin/cmake --build /home/saeedbzrgn/Desktop/My-ROS2_Projects/My-ROS2-Humble/Tutorial_ROS2_Control/ROS2Ctrl_ws/build/dxl_test -- -j4 -l4
[0.595s] DEBUG:colcon.colcon_core.event_handler.log_command:Invoking command in '/home/saeedbzrgn/Desktop/My-ROS2_Projects/My-ROS2-Humble/Tutorial_ROS2_Control/ROS2Ctrl_ws/build/dxl_test': CMAKE_PREFIX_PATH=${CMAKE_PREFIX_PATH}:/opt/ros/humble /usr/bin/cmake --install /home/saeedbzrgn/Desktop/My-ROS2_Projects/My-ROS2-Humble/Tutorial_ROS2_Control/ROS2Ctrl_ws/build/dxl_test
[0.596s] DEBUG:colcon.colcon_core.event_handler.log_command:Invoked command in '/home/saeedbzrgn/Desktop/My-ROS2_Projects/My-ROS2-Humble/Tutorial_ROS2_Control/ROS2Ctrl_ws/build/mobilebot_hardware' returned '0': CMAKE_PREFIX_PATH=${CMAKE_PREFIX_PATH}:/opt/ros/humble /usr/bin/cmake --build /home/saeedbzrgn/Desktop/My-ROS2_Projects/My-ROS2-Humble/Tutorial_ROS2_Control/ROS2Ctrl_ws/build/mobilebot_hardware -- -j4 -l4
[0.599s] DEBUG:colcon.colcon_core.event_handler.log_command:Invoking command in '/home/saeedbzrgn/Desktop/My-ROS2_Projects/My-ROS2-Humble/Tutorial_ROS2_Control/ROS2Ctrl_ws/build/mobilebot_hardware': CMAKE_PREFIX_PATH=${CMAKE_PREFIX_PATH}:/opt/ros/humble /usr/bin/cmake --install /home/saeedbzrgn/Desktop/My-ROS2_Projects/My-ROS2-Humble/Tutorial_ROS2_Control/ROS2Ctrl_ws/build/mobilebot_hardware
[0.608s] DEBUG:colcon.colcon_core.event_handler.log_command:Invoking command in '/home/saeedbzrgn/Desktop/My-ROS2_Projects/My-ROS2-Humble/Tutorial_ROS2_Control/ROS2Ctrl_ws/build/mobilebot_bringup': CMAKE_PREFIX_PATH=/home/saeedbzrgn/Desktop/My-ROS2_Projects/My-ROS2-Humble/Tutorial_ROS2_Control/ROS2Ctrl_ws/install/mobilebot_description:/home/saeedbzrgn/Desktop/My-ROS2_Projects/My-ROS2-Humble/Tutorial_ROS2_Control/ROS2Ctrl_ws/install/mobilebot_bringup:/opt/ros/humble /usr/bin/cmake --build /home/saeedbzrgn/Desktop/My-ROS2_Projects/My-ROS2-Humble/Tutorial_ROS2_Control/ROS2Ctrl_ws/build/mobilebot_bringup -- -j4 -l4
[0.615s] Level 1:colcon.colcon_core.environment:create_environment_scripts_only(dxl_test)
[0.616s] Level 1:colcon.colcon_core.environment:checking '/home/saeedbzrgn/Desktop/My-ROS2_Projects/My-ROS2-Humble/Tutorial_ROS2_Control/ROS2Ctrl_ws/install/dxl_test' for CMake module files
[0.616s] Level 1:colcon.colcon_core.environment:checking '/home/saeedbzrgn/Desktop/My-ROS2_Projects/My-ROS2-Humble/Tutorial_ROS2_Control/ROS2Ctrl_ws/install/dxl_test' for CMake config files
[0.617s] Level 1:colcon.colcon_core.shell:create_environment_hook('dxl_test', 'cmake_prefix_path')
[0.617s] INFO:colcon.colcon_core.shell:Creating environment hook '/home/saeedbzrgn/Desktop/My-ROS2_Projects/My-ROS2-Humble/Tutorial_ROS2_Control/ROS2Ctrl_ws/install/dxl_test/share/dxl_test/hook/cmake_prefix_path.ps1'
[0.619s] INFO:colcon.colcon_core.shell:Creating environment descriptor '/home/saeedbzrgn/Desktop/My-ROS2_Projects/My-ROS2-Humble/Tutorial_ROS2_Control/ROS2Ctrl_ws/install/dxl_test/share/dxl_test/hook/cmake_prefix_path.dsv'
[0.620s] DEBUG:colcon.colcon_core.event_handler.log_command:Invoked command in '/home/saeedbzrgn/Desktop/My-ROS2_Projects/My-ROS2-Humble/Tutorial_ROS2_Control/ROS2Ctrl_ws/build/dxl_test' returned '0': CMAKE_PREFIX_PATH=${CMAKE_PREFIX_PATH}:/opt/ros/humble /usr/bin/cmake --install /home/saeedbzrgn/Desktop/My-ROS2_Projects/My-ROS2-Humble/Tutorial_ROS2_Control/ROS2Ctrl_ws/build/dxl_test
[0.624s] INFO:colcon.colcon_core.shell:Creating environment hook '/home/saeedbzrgn/Desktop/My-ROS2_Projects/My-ROS2-Humble/Tutorial_ROS2_Control/ROS2Ctrl_ws/install/dxl_test/share/dxl_test/hook/cmake_prefix_path.sh'
[0.625s] Level 1:colcon.colcon_core.environment:checking '/home/saeedbzrgn/Desktop/My-ROS2_Projects/My-ROS2-Humble/Tutorial_ROS2_Control/ROS2Ctrl_ws/install/dxl_test/lib'
[0.626s] Level 1:colcon.colcon_core.environment:checking '/home/saeedbzrgn/Desktop/My-ROS2_Projects/My-ROS2-Humble/Tutorial_ROS2_Control/ROS2Ctrl_ws/install/dxl_test/bin'
[0.626s] Level 1:colcon.colcon_core.environment:checking '/home/saeedbzrgn/Desktop/My-ROS2_Projects/My-ROS2-Humble/Tutorial_ROS2_Control/ROS2Ctrl_ws/install/dxl_test/lib/pkgconfig/dxl_test.pc'
[0.626s] Level 1:colcon.colcon_core.environment:checking '/home/saeedbzrgn/Desktop/My-ROS2_Projects/My-ROS2-Humble/Tutorial_ROS2_Control/ROS2Ctrl_ws/install/dxl_test/lib/python3.10/site-packages'
[0.627s] Level 1:colcon.colcon_core.environment:checking '/home/saeedbzrgn/Desktop/My-ROS2_Projects/My-ROS2-Humble/Tutorial_ROS2_Control/ROS2Ctrl_ws/install/dxl_test/bin'
[0.627s] INFO:colcon.colcon_core.shell:Creating package script '/home/saeedbzrgn/Desktop/My-ROS2_Projects/My-ROS2-Humble/Tutorial_ROS2_Control/ROS2Ctrl_ws/install/dxl_test/share/dxl_test/package.ps1'
[0.627s] INFO:colcon.colcon_core.shell:Creating package descriptor '/home/saeedbzrgn/Desktop/My-ROS2_Projects/My-ROS2-Humble/Tutorial_ROS2_Control/ROS2Ctrl_ws/install/dxl_test/share/dxl_test/package.dsv'
[0.628s] INFO:colcon.colcon_core.shell:Creating package script '/home/saeedbzrgn/Desktop/My-ROS2_Projects/My-ROS2-Humble/Tutorial_ROS2_Control/ROS2Ctrl_ws/install/dxl_test/share/dxl_test/package.sh'
[0.628s] INFO:colcon.colcon_core.shell:Creating package script '/home/saeedbzrgn/Desktop/My-ROS2_Projects/My-ROS2-Humble/Tutorial_ROS2_Control/ROS2Ctrl_ws/install/dxl_test/share/dxl_test/package.bash'
[0.629s] INFO:colcon.colcon_core.shell:Creating package script '/home/saeedbzrgn/Desktop/My-ROS2_Projects/My-ROS2-Humble/Tutorial_ROS2_Control/ROS2Ctrl_ws/install/dxl_test/share/dxl_test/package.zsh'
[0.629s] Level 1:colcon.colcon_core.environment:create_file_with_runtime_dependencies(/home/saeedbzrgn/Desktop/My-ROS2_Projects/My-ROS2-Humble/Tutorial_ROS2_Control/ROS2Ctrl_ws/install/dxl_test/share/colcon-core/packages/dxl_test)
[0.630s] Level 1:colcon.colcon_core.environment:create_environment_scripts_only(dxl_test)
[0.630s] Level 1:colcon.colcon_core.environment:checking '/home/saeedbzrgn/Desktop/My-ROS2_Projects/My-ROS2-Humble/Tutorial_ROS2_Control/ROS2Ctrl_ws/install/dxl_test' for CMake module files
[0.631s] Level 1:colcon.colcon_core.environment:checking '/home/saeedbzrgn/Desktop/My-ROS2_Projects/My-ROS2-Humble/Tutorial_ROS2_Control/ROS2Ctrl_ws/install/dxl_test' for CMake config files
[0.632s] Level 1:colcon.colcon_core.shell:create_environment_hook('dxl_test', 'cmake_prefix_path')
[0.632s] INFO:colcon.colcon_core.shell:Creating environment hook '/home/saeedbzrgn/Desktop/My-ROS2_Projects/My-ROS2-Humble/Tutorial_ROS2_Control/ROS2Ctrl_ws/install/dxl_test/share/dxl_test/hook/cmake_prefix_path.ps1'
[0.633s] INFO:colcon.colcon_core.shell:Creating environment descriptor '/home/saeedbzrgn/Desktop/My-ROS2_Projects/My-ROS2-Humble/Tutorial_ROS2_Control/ROS2Ctrl_ws/install/dxl_test/share/dxl_test/hook/cmake_prefix_path.dsv'
[0.633s] INFO:colcon.colcon_core.shell:Creating environment hook '/home/saeedbzrgn/Desktop/My-ROS2_Projects/My-ROS2-Humble/Tutorial_ROS2_Control/ROS2Ctrl_ws/install/dxl_test/share/dxl_test/hook/cmake_prefix_path.sh'
[0.634s] Level 1:colcon.colcon_core.environment:checking '/home/saeedbzrgn/Desktop/My-ROS2_Projects/My-ROS2-Humble/Tutorial_ROS2_Control/ROS2Ctrl_ws/install/dxl_test/lib'
[0.634s] Level 1:colcon.colcon_core.environment:checking '/home/saeedbzrgn/Desktop/My-ROS2_Projects/My-ROS2-Humble/Tutorial_ROS2_Control/ROS2Ctrl_ws/install/dxl_test/bin'
[0.634s] Level 1:colcon.colcon_core.environment:checking '/home/saeedbzrgn/Desktop/My-ROS2_Projects/My-ROS2-Humble/Tutorial_ROS2_Control/ROS2Ctrl_ws/install/dxl_test/lib/pkgconfig/dxl_test.pc'
[0.634s] Level 1:colcon.colcon_core.environment:checking '/home/saeedbzrgn/Desktop/My-ROS2_Projects/My-ROS2-Humble/Tutorial_ROS2_Control/ROS2Ctrl_ws/install/dxl_test/lib/python3.10/site-packages'
[0.635s] Level 1:colcon.colcon_core.environment:checking '/home/saeedbzrgn/Desktop/My-ROS2_Projects/My-ROS2-Humble/Tutorial_ROS2_Control/ROS2Ctrl_ws/install/dxl_test/bin'
[0.636s] INFO:colcon.colcon_core.shell:Creating package script '/home/saeedbzrgn/Desktop/My-ROS2_Projects/My-ROS2-Humble/Tutorial_ROS2_Control/ROS2Ctrl_ws/install/dxl_test/share/dxl_test/package.ps1'
[0.636s] INFO:colcon.colcon_core.shell:Creating package descriptor '/home/saeedbzrgn/Desktop/My-ROS2_Projects/My-ROS2-Humble/Tutorial_ROS2_Control/ROS2Ctrl_ws/install/dxl_test/share/dxl_test/package.dsv'
[0.637s] INFO:colcon.colcon_core.shell:Creating package script '/home/saeedbzrgn/Desktop/My-ROS2_Projects/My-ROS2-Humble/Tutorial_ROS2_Control/ROS2Ctrl_ws/install/dxl_test/share/dxl_test/package.sh'
[0.637s] INFO:colcon.colcon_core.shell:Creating package script '/home/saeedbzrgn/Desktop/My-ROS2_Projects/My-ROS2-Humble/Tutorial_ROS2_Control/ROS2Ctrl_ws/install/dxl_test/share/dxl_test/package.bash'
[0.638s] INFO:colcon.colcon_core.shell:Creating package script '/home/saeedbzrgn/Desktop/My-ROS2_Projects/My-ROS2-Humble/Tutorial_ROS2_Control/ROS2Ctrl_ws/install/dxl_test/share/dxl_test/package.zsh'
[0.638s] Level 1:colcon.colcon_core.environment:create_file_with_runtime_dependencies(/home/saeedbzrgn/Desktop/My-ROS2_Projects/My-ROS2-Humble/Tutorial_ROS2_Control/ROS2Ctrl_ws/install/dxl_test/share/colcon-core/packages/dxl_test)
[0.640s] Level 1:colcon.colcon_core.environment:create_environment_scripts_only(mobilebot_hardware)
[0.640s] Level 1:colcon.colcon_core.environment:checking '/home/saeedbzrgn/Desktop/My-ROS2_Projects/My-ROS2-Humble/Tutorial_ROS2_Control/ROS2Ctrl_ws/install/mobilebot_hardware' for CMake module files
[0.642s] DEBUG:colcon.colcon_core.event_handler.log_command:Invoked command in '/home/saeedbzrgn/Desktop/My-ROS2_Projects/My-ROS2-Humble/Tutorial_ROS2_Control/ROS2Ctrl_ws/build/mobilebot_hardware' returned '0': CMAKE_PREFIX_PATH=${CMAKE_PREFIX_PATH}:/opt/ros/humble /usr/bin/cmake --install /home/saeedbzrgn/Desktop/My-ROS2_Projects/My-ROS2-Humble/Tutorial_ROS2_Control/ROS2Ctrl_ws/build/mobilebot_hardware
[0.642s] Level 1:colcon.colcon_core.environment:checking '/home/saeedbzrgn/Desktop/My-ROS2_Projects/My-ROS2-Humble/Tutorial_ROS2_Control/ROS2Ctrl_ws/install/mobilebot_hardware' for CMake config files
[0.643s] Level 1:colcon.colcon_core.shell:create_environment_hook('mobilebot_hardware', 'cmake_prefix_path')
[0.643s] INFO:colcon.colcon_core.shell:Creating environment hook '/home/saeedbzrgn/Desktop/My-ROS2_Projects/My-ROS2-Humble/Tutorial_ROS2_Control/ROS2Ctrl_ws/install/mobilebot_hardware/share/mobilebot_hardware/hook/cmake_prefix_path.ps1'
[0.644s] INFO:colcon.colcon_core.shell:Creating environment descriptor '/home/saeedbzrgn/Desktop/My-ROS2_Projects/My-ROS2-Humble/Tutorial_ROS2_Control/ROS2Ctrl_ws/install/mobilebot_hardware/share/mobilebot_hardware/hook/cmake_prefix_path.dsv'
[0.645s] INFO:colcon.colcon_core.shell:Creating environment hook '/home/saeedbzrgn/Desktop/My-ROS2_Projects/My-ROS2-Humble/Tutorial_ROS2_Control/ROS2Ctrl_ws/install/mobilebot_hardware/share/mobilebot_hardware/hook/cmake_prefix_path.sh'
[0.646s] Level 1:colcon.colcon_core.environment:checking '/home/saeedbzrgn/Desktop/My-ROS2_Projects/My-ROS2-Humble/Tutorial_ROS2_Control/ROS2Ctrl_ws/install/mobilebot_hardware/lib'
[0.647s] Level 1:colcon.colcon_core.shell:create_environment_hook('mobilebot_hardware', 'ld_library_path_lib')
[0.647s] INFO:colcon.colcon_core.shell:Creating environment hook '/home/saeedbzrgn/Desktop/My-ROS2_Projects/My-ROS2-Humble/Tutorial_ROS2_Control/ROS2Ctrl_ws/install/mobilebot_hardware/share/mobilebot_hardware/hook/ld_library_path_lib.ps1'
[0.648s] INFO:colcon.colcon_core.shell:Creating environment descriptor '/home/saeedbzrgn/Desktop/My-ROS2_Projects/My-ROS2-Humble/Tutorial_ROS2_Control/ROS2Ctrl_ws/install/mobilebot_hardware/share/mobilebot_hardware/hook/ld_library_path_lib.dsv'
[0.649s] INFO:colcon.colcon_core.shell:Creating environment hook '/home/saeedbzrgn/Desktop/My-ROS2_Projects/My-ROS2-Humble/Tutorial_ROS2_Control/ROS2Ctrl_ws/install/mobilebot_hardware/share/mobilebot_hardware/hook/ld_library_path_lib.sh'
[0.649s] Level 1:colcon.colcon_core.environment:checking '/home/saeedbzrgn/Desktop/My-ROS2_Projects/My-ROS2-Humble/Tutorial_ROS2_Control/ROS2Ctrl_ws/install/mobilebot_hardware/bin'
[0.650s] Level 1:colcon.colcon_core.environment:checking '/home/saeedbzrgn/Desktop/My-ROS2_Projects/My-ROS2-Humble/Tutorial_ROS2_Control/ROS2Ctrl_ws/install/mobilebot_hardware/lib/pkgconfig/mobilebot_hardware.pc'
[0.650s] Level 1:colcon.colcon_core.environment:checking '/home/saeedbzrgn/Desktop/My-ROS2_Projects/My-ROS2-Humble/Tutorial_ROS2_Control/ROS2Ctrl_ws/install/mobilebot_hardware/lib/python3.10/site-packages'
[0.651s] Level 1:colcon.colcon_core.environment:checking '/home/saeedbzrgn/Desktop/My-ROS2_Projects/My-ROS2-Humble/Tutorial_ROS2_Control/ROS2Ctrl_ws/install/mobilebot_hardware/bin'
[0.652s] INFO:colcon.colcon_core.shell:Creating package script '/home/saeedbzrgn/Desktop/My-ROS2_Projects/My-ROS2-Humble/Tutorial_ROS2_Control/ROS2Ctrl_ws/install/mobilebot_hardware/share/mobilebot_hardware/package.ps1'
[0.653s] INFO:colcon.colcon_core.shell:Creating package descriptor '/home/saeedbzrgn/Desktop/My-ROS2_Projects/My-ROS2-Humble/Tutorial_ROS2_Control/ROS2Ctrl_ws/install/mobilebot_hardware/share/mobilebot_hardware/package.dsv'
[0.653s] INFO:colcon.colcon_core.shell:Creating package script '/home/saeedbzrgn/Desktop/My-ROS2_Projects/My-ROS2-Humble/Tutorial_ROS2_Control/ROS2Ctrl_ws/install/mobilebot_hardware/share/mobilebot_hardware/package.sh'
[0.654s] INFO:colcon.colcon_core.shell:Creating package script '/home/saeedbzrgn/Desktop/My-ROS2_Projects/My-ROS2-Humble/Tutorial_ROS2_Control/ROS2Ctrl_ws/install/mobilebot_hardware/share/mobilebot_hardware/package.bash'
[0.654s] INFO:colcon.colcon_core.shell:Creating package script '/home/saeedbzrgn/Desktop/My-ROS2_Projects/My-ROS2-Humble/Tutorial_ROS2_Control/ROS2Ctrl_ws/install/mobilebot_hardware/share/mobilebot_hardware/package.zsh'
[0.655s] Level 1:colcon.colcon_core.environment:create_file_with_runtime_dependencies(/home/saeedbzrgn/Desktop/My-ROS2_Projects/My-ROS2-Humble/Tutorial_ROS2_Control/ROS2Ctrl_ws/install/mobilebot_hardware/share/colcon-core/packages/mobilebot_hardware)
[0.656s] Level 1:colcon.colcon_core.environment:create_environment_scripts_only(mobilebot_hardware)
[0.656s] Level 1:colcon.colcon_core.environment:checking '/home/saeedbzrgn/Desktop/My-ROS2_Projects/My-ROS2-Humble/Tutorial_ROS2_Control/ROS2Ctrl_ws/install/mobilebot_hardware' for CMake module files
[0.657s] Level 1:colcon.colcon_core.environment:checking '/home/saeedbzrgn/Desktop/My-ROS2_Projects/My-ROS2-Humble/Tutorial_ROS2_Control/ROS2Ctrl_ws/install/mobilebot_hardware' for CMake config files
[0.657s] Level 1:colcon.colcon_core.shell:create_environment_hook('mobilebot_hardware', 'cmake_prefix_path')
[0.657s] INFO:colcon.colcon_core.shell:Creating environment hook '/home/saeedbzrgn/Desktop/My-ROS2_Projects/My-ROS2-Humble/Tutorial_ROS2_Control/ROS2Ctrl_ws/install/mobilebot_hardware/share/mobilebot_hardware/hook/cmake_prefix_path.ps1'
[0.658s] INFO:colcon.colcon_core.shell:Creating environment descriptor '/home/saeedbzrgn/Desktop/My-ROS2_Projects/My-ROS2-Humble/Tutorial_ROS2_Control/ROS2Ctrl_ws/install/mobilebot_hardware/share/mobilebot_hardware/hook/cmake_prefix_path.dsv'
[0.658s] INFO:colcon.colcon_core.shell:Creating environment hook '/home/saeedbzrgn/Desktop/My-ROS2_Projects/My-ROS2-Humble/Tutorial_ROS2_Control/ROS2Ctrl_ws/install/mobilebot_hardware/share/mobilebot_hardware/hook/cmake_prefix_path.sh'
[0.659s] Level 1:colcon.colcon_core.environment:checking '/home/saeedbzrgn/Desktop/My-ROS2_Projects/My-ROS2-Humble/Tutorial_ROS2_Control/ROS2Ctrl_ws/install/mobilebot_hardware/lib'
[0.659s] Level 1:colcon.colcon_core.shell:create_environment_hook('mobilebot_hardware', 'ld_library_path_lib')
[0.659s] INFO:colcon.colcon_core.shell:Creating environment hook '/home/saeedbzrgn/Desktop/My-ROS2_Projects/My-ROS2-Humble/Tutorial_ROS2_Control/ROS2Ctrl_ws/install/mobilebot_hardware/share/mobilebot_hardware/hook/ld_library_path_lib.ps1'
[0.660s] INFO:colcon.colcon_core.shell:Creating environment descriptor '/home/saeedbzrgn/Desktop/My-ROS2_Projects/My-ROS2-Humble/Tutorial_ROS2_Control/ROS2Ctrl_ws/install/mobilebot_hardware/share/mobilebot_hardware/hook/ld_library_path_lib.dsv'
[0.660s] INFO:colcon.colcon_core.shell:Creating environment hook '/home/saeedbzrgn/Desktop/My-ROS2_Projects/My-ROS2-Humble/Tutorial_ROS2_Control/ROS2Ctrl_ws/install/mobilebot_hardware/share/mobilebot_hardware/hook/ld_library_path_lib.sh'
[0.660s] Level 1:colcon.colcon_core.environment:checking '/home/saeedbzrgn/Desktop/My-ROS2_Projects/My-ROS2-Humble/Tutorial_ROS2_Control/ROS2Ctrl_ws/install/mobilebot_hardware/bin'
[0.661s] Level 1:colcon.colcon_core.environment:checking '/home/saeedbzrgn/Desktop/My-ROS2_Projects/My-ROS2-Humble/Tutorial_ROS2_Control/ROS2Ctrl_ws/install/mobilebot_hardware/lib/pkgconfig/mobilebot_hardware.pc'
[0.661s] Level 1:colcon.colcon_core.environment:checking '/home/saeedbzrgn/Desktop/My-ROS2_Projects/My-ROS2-Humble/Tutorial_ROS2_Control/ROS2Ctrl_ws/install/mobilebot_hardware/lib/python3.10/site-packages'
[0.661s] Level 1:colcon.colcon_core.environment:checking '/home/saeedbzrgn/Desktop/My-ROS2_Projects/My-ROS2-Humble/Tutorial_ROS2_Control/ROS2Ctrl_ws/install/mobilebot_hardware/bin'
[0.662s] INFO:colcon.colcon_core.shell:Creating package script '/home/saeedbzrgn/Desktop/My-ROS2_Projects/My-ROS2-Humble/Tutorial_ROS2_Control/ROS2Ctrl_ws/install/mobilebot_hardware/share/mobilebot_hardware/package.ps1'
[0.663s] INFO:colcon.colcon_core.shell:Creating package descriptor '/home/saeedbzrgn/Desktop/My-ROS2_Projects/My-ROS2-Humble/Tutorial_ROS2_Control/ROS2Ctrl_ws/install/mobilebot_hardware/share/mobilebot_hardware/package.dsv'
[0.663s] INFO:colcon.colcon_core.shell:Creating package script '/home/saeedbzrgn/Desktop/My-ROS2_Projects/My-ROS2-Humble/Tutorial_ROS2_Control/ROS2Ctrl_ws/install/mobilebot_hardware/share/mobilebot_hardware/package.sh'
[0.664s] INFO:colcon.colcon_core.shell:Creating package script '/home/saeedbzrgn/Desktop/My-ROS2_Projects/My-ROS2-Humble/Tutorial_ROS2_Control/ROS2Ctrl_ws/install/mobilebot_hardware/share/mobilebot_hardware/package.bash'
[0.665s] INFO:colcon.colcon_core.shell:Creating package script '/home/saeedbzrgn/Desktop/My-ROS2_Projects/My-ROS2-Humble/Tutorial_ROS2_Control/ROS2Ctrl_ws/install/mobilebot_hardware/share/mobilebot_hardware/package.zsh'
[0.666s] Level 1:colcon.colcon_core.environment:create_file_with_runtime_dependencies(/home/saeedbzrgn/Desktop/My-ROS2_Projects/My-ROS2-Humble/Tutorial_ROS2_Control/ROS2Ctrl_ws/install/mobilebot_hardware/share/colcon-core/packages/mobilebot_hardware)
[0.668s] DEBUG:colcon.colcon_core.event_handler.log_command:Invoked command in '/home/saeedbzrgn/Desktop/My-ROS2_Projects/My-ROS2-Humble/Tutorial_ROS2_Control/ROS2Ctrl_ws/build/mobilebot_bringup' returned '0': CMAKE_PREFIX_PATH=/home/saeedbzrgn/Desktop/My-ROS2_Projects/My-ROS2-Humble/Tutorial_ROS2_Control/ROS2Ctrl_ws/install/mobilebot_description:/home/saeedbzrgn/Desktop/My-ROS2_Projects/My-ROS2-Humble/Tutorial_ROS2_Control/ROS2Ctrl_ws/install/mobilebot_bringup:/opt/ros/humble /usr/bin/cmake --build /home/saeedbzrgn/Desktop/My-ROS2_Projects/My-ROS2-Humble/Tutorial_ROS2_Control/ROS2Ctrl_ws/build/mobilebot_bringup -- -j4 -l4
[0.670s] DEBUG:colcon.colcon_core.event_handler.log_command:Invoking command in '/home/saeedbzrgn/Desktop/My-ROS2_Projects/My-ROS2-Humble/Tutorial_ROS2_Control/ROS2Ctrl_ws/build/mobilebot_bringup': CMAKE_PREFIX_PATH=/home/saeedbzrgn/Desktop/My-ROS2_Projects/My-ROS2-Humble/Tutorial_ROS2_Control/ROS2Ctrl_ws/install/mobilebot_description:/home/saeedbzrgn/Desktop/My-ROS2_Projects/My-ROS2-Humble/Tutorial_ROS2_Control/ROS2Ctrl_ws/install/mobilebot_bringup:/opt/ros/humble /usr/bin/cmake --install /home/saeedbzrgn/Desktop/My-ROS2_Projects/My-ROS2-Humble/Tutorial_ROS2_Control/ROS2Ctrl_ws/build/mobilebot_bringup
[0.683s] Level 1:colcon.colcon_core.environment:create_environment_scripts_only(mobilebot_bringup)
[0.684s] Level 1:colcon.colcon_core.environment:checking '/home/saeedbzrgn/Desktop/My-ROS2_Projects/My-ROS2-Humble/Tutorial_ROS2_Control/ROS2Ctrl_ws/install/mobilebot_bringup' for CMake module files
[0.684s] DEBUG:colcon.colcon_core.event_handler.log_command:Invoked command in '/home/saeedbzrgn/Desktop/My-ROS2_Projects/My-ROS2-Humble/Tutorial_ROS2_Control/ROS2Ctrl_ws/build/mobilebot_bringup' returned '0': CMAKE_PREFIX_PATH=/home/saeedbzrgn/Desktop/My-ROS2_Projects/My-ROS2-Humble/Tutorial_ROS2_Control/ROS2Ctrl_ws/install/mobilebot_description:/home/saeedbzrgn/Desktop/My-ROS2_Projects/My-ROS2-Humble/Tutorial_ROS2_Control/ROS2Ctrl_ws/install/mobilebot_bringup:/opt/ros/humble /usr/bin/cmake --install /home/saeedbzrgn/Desktop/My-ROS2_Projects/My-ROS2-Humble/Tutorial_ROS2_Control/ROS2Ctrl_ws/build/mobilebot_bringup
[0.685s] Level 1:colcon.colcon_core.environment:checking '/home/saeedbzrgn/Desktop/My-ROS2_Projects/My-ROS2-Humble/Tutorial_ROS2_Control/ROS2Ctrl_ws/install/mobilebot_bringup' for CMake config files
[0.685s] Level 1:colcon.colcon_core.shell:create_environment_hook('mobilebot_bringup', 'cmake_prefix_path')
[0.685s] INFO:colcon.colcon_core.shell:Creating environment hook '/home/saeedbzrgn/Desktop/My-ROS2_Projects/My-ROS2-Humble/Tutorial_ROS2_Control/ROS2Ctrl_ws/install/mobilebot_bringup/share/mobilebot_bringup/hook/cmake_prefix_path.ps1'
[0.686s] INFO:colcon.colcon_core.shell:Creating environment descriptor '/home/saeedbzrgn/Desktop/My-ROS2_Projects/My-ROS2-Humble/Tutorial_ROS2_Control/ROS2Ctrl_ws/install/mobilebot_bringup/share/mobilebot_bringup/hook/cmake_prefix_path.dsv'
[0.686s] INFO:colcon.colcon_core.shell:Creating environment hook '/home/saeedbzrgn/Desktop/My-ROS2_Projects/My-ROS2-Humble/Tutorial_ROS2_Control/ROS2Ctrl_ws/install/mobilebot_bringup/share/mobilebot_bringup/hook/cmake_prefix_path.sh'
[0.687s] Level 1:colcon.colcon_core.environment:checking '/home/saeedbzrgn/Desktop/My-ROS2_Projects/My-ROS2-Humble/Tutorial_ROS2_Control/ROS2Ctrl_ws/install/mobilebot_bringup/bin'
[0.687s] Level 1:colcon.colcon_core.environment:checking '/home/saeedbzrgn/Desktop/My-ROS2_Projects/My-ROS2-Humble/Tutorial_ROS2_Control/ROS2Ctrl_ws/install/mobilebot_bringup/lib/pkgconfig/mobilebot_bringup.pc'
[0.687s] Level 1:colcon.colcon_core.environment:checking '/home/saeedbzrgn/Desktop/My-ROS2_Projects/My-ROS2-Humble/Tutorial_ROS2_Control/ROS2Ctrl_ws/install/mobilebot_bringup/lib/python3.10/site-packages'
[0.688s] Level 1:colcon.colcon_core.environment:checking '/home/saeedbzrgn/Desktop/My-ROS2_Projects/My-ROS2-Humble/Tutorial_ROS2_Control/ROS2Ctrl_ws/install/mobilebot_bringup/bin'
[0.688s] INFO:colcon.colcon_core.shell:Creating package script '/home/saeedbzrgn/Desktop/My-ROS2_Projects/My-ROS2-Humble/Tutorial_ROS2_Control/ROS2Ctrl_ws/install/mobilebot_bringup/share/mobilebot_bringup/package.ps1'
[0.688s] INFO:colcon.colcon_core.shell:Creating package descriptor '/home/saeedbzrgn/Desktop/My-ROS2_Projects/My-ROS2-Humble/Tutorial_ROS2_Control/ROS2Ctrl_ws/install/mobilebot_bringup/share/mobilebot_bringup/package.dsv'
[0.689s] INFO:colcon.colcon_core.shell:Creating package script '/home/saeedbzrgn/Desktop/My-ROS2_Projects/My-ROS2-Humble/Tutorial_ROS2_Control/ROS2Ctrl_ws/install/mobilebot_bringup/share/mobilebot_bringup/package.sh'
[0.689s] INFO:colcon.colcon_core.shell:Creating package script '/home/saeedbzrgn/Desktop/My-ROS2_Projects/My-ROS2-Humble/Tutorial_ROS2_Control/ROS2Ctrl_ws/install/mobilebot_bringup/share/mobilebot_bringup/package.bash'
[0.690s] INFO:colcon.colcon_core.shell:Creating package script '/home/saeedbzrgn/Desktop/My-ROS2_Projects/My-ROS2-Humble/Tutorial_ROS2_Control/ROS2Ctrl_ws/install/mobilebot_bringup/share/mobilebot_bringup/package.zsh'
[0.690s] Level 1:colcon.colcon_core.environment:create_file_with_runtime_dependencies(/home/saeedbzrgn/Desktop/My-ROS2_Projects/My-ROS2-Humble/Tutorial_ROS2_Control/ROS2Ctrl_ws/install/mobilebot_bringup/share/colcon-core/packages/mobilebot_bringup)
[0.691s] Level 1:colcon.colcon_core.environment:create_environment_scripts_only(mobilebot_bringup)
[0.691s] Level 1:colcon.colcon_core.environment:checking '/home/saeedbzrgn/Desktop/My-ROS2_Projects/My-ROS2-Humble/Tutorial_ROS2_Control/ROS2Ctrl_ws/install/mobilebot_bringup' for CMake module files
[0.692s] Level 1:colcon.colcon_core.environment:checking '/home/saeedbzrgn/Desktop/My-ROS2_Projects/My-ROS2-Humble/Tutorial_ROS2_Control/ROS2Ctrl_ws/install/mobilebot_bringup' for CMake config files
[0.692s] Level 1:colcon.colcon_core.shell:create_environment_hook('mobilebot_bringup', 'cmake_prefix_path')
[0.692s] INFO:colcon.colcon_core.shell:Creating environment hook '/home/saeedbzrgn/Desktop/My-ROS2_Projects/My-ROS2-Humble/Tutorial_ROS2_Control/ROS2Ctrl_ws/install/mobilebot_bringup/share/mobilebot_bringup/hook/cmake_prefix_path.ps1'
[0.692s] INFO:colcon.colcon_core.shell:Creating environment descriptor '/home/saeedbzrgn/Desktop/My-ROS2_Projects/My-ROS2-Humble/Tutorial_ROS2_Control/ROS2Ctrl_ws/install/mobilebot_bringup/share/mobilebot_bringup/hook/cmake_prefix_path.dsv'
[0.693s] INFO:colcon.colcon_core.shell:Creating environment hook '/home/saeedbzrgn/Desktop/My-ROS2_Projects/My-ROS2-Humble/Tutorial_ROS2_Control/ROS2Ctrl_ws/install/mobilebot_bringup/share/mobilebot_bringup/hook/cmake_prefix_path.sh'
[0.693s] Level 1:colcon.colcon_core.environment:checking '/home/saeedbzrgn/Desktop/My-ROS2_Projects/My-ROS2-Humble/Tutorial_ROS2_Control/ROS2Ctrl_ws/install/mobilebot_bringup/bin'
[0.694s] Level 1:colcon.colcon_core.environment:checking '/home/saeedbzrgn/Desktop/My-ROS2_Projects/My-ROS2-Humble/Tutorial_ROS2_Control/ROS2Ctrl_ws/install/mobilebot_bringup/lib/pkgconfig/mobilebot_bringup.pc'
[0.694s] Level 1:colcon.colcon_core.environment:checking '/home/saeedbzrgn/Desktop/My-ROS2_Projects/My-ROS2-Humble/Tutorial_ROS2_Control/ROS2Ctrl_ws/install/mobilebot_bringup/lib/python3.10/site-packages'
[0.694s] Level 1:colcon.colcon_core.environment:checking '/home/saeedbzrgn/Desktop/My-ROS2_Projects/My-ROS2-Humble/Tutorial_ROS2_Control/ROS2Ctrl_ws/install/mobilebot_bringup/bin'
[0.695s] INFO:colcon.colcon_core.shell:Creating package script '/home/saeedbzrgn/Desktop/My-ROS2_Projects/My-ROS2-Humble/Tutorial_ROS2_Control/ROS2Ctrl_ws/install/mobilebot_bringup/share/mobilebot_bringup/package.ps1'
[0.695s] INFO:colcon.colcon_core.shell:Creating package descriptor '/home/saeedbzrgn/Desktop/My-ROS2_Projects/My-ROS2-Humble/Tutorial_ROS2_Control/ROS2Ctrl_ws/install/mobilebot_bringup/share/mobilebot_bringup/package.dsv'
[0.696s] INFO:colcon.colcon_core.shell:Creating package script '/home/saeedbzrgn/Desktop/My-ROS2_Projects/My-ROS2-Humble/Tutorial_ROS2_Control/ROS2Ctrl_ws/install/mobilebot_bringup/share/mobilebot_bringup/package.sh'
[0.696s] INFO:colcon.colcon_core.shell:Creating package script '/home/saeedbzrgn/Desktop/My-ROS2_Projects/My-ROS2-Humble/Tutorial_ROS2_Control/ROS2Ctrl_ws/install/mobilebot_bringup/share/mobilebot_bringup/package.bash'
[0.697s] INFO:colcon.colcon_core.shell:Creating package script '/home/saeedbzrgn/Desktop/My-ROS2_Projects/My-ROS2-Humble/Tutorial_ROS2_Control/ROS2Ctrl_ws/install/mobilebot_bringup/share/mobilebot_bringup/package.zsh'
[0.698s] Level 1:colcon.colcon_core.environment:create_file_with_runtime_dependencies(/home/saeedbzrgn/Desktop/My-ROS2_Projects/My-ROS2-Humble/Tutorial_ROS2_Control/ROS2Ctrl_ws/install/mobilebot_bringup/share/colcon-core/packages/mobilebot_bringup)
[0.698s] DEBUG:colcon.colcon_parallel_executor.executor.parallel:closing loop
[0.699s] DEBUG:colcon.colcon_parallel_executor.executor.parallel:loop closed
[0.699s] DEBUG:colcon.colcon_parallel_executor.executor.parallel:run_until_complete finished with '0'
[0.699s] DEBUG:colcon.colcon_core.event_reactor:joining thread
[0.706s] INFO:colcon.colcon_core.plugin_system:Skipping extension 'colcon_notification.desktop_notification.terminal_notifier': Not used on non-Darwin systems
[0.706s] INFO:colcon.colcon_core.plugin_system:Skipping extension 'colcon_notification.desktop_notification.win32': Not used on non-Windows systems
[0.706s] INFO:colcon.colcon_notification.desktop_notification:Sending desktop notification using 'notify2'
[0.721s] DEBUG:colcon.colcon_core.event_reactor:joined thread
[0.721s] INFO:colcon.colcon_core.shell:Creating prefix script '/home/saeedbzrgn/Desktop/My-ROS2_Projects/My-ROS2-Humble/Tutorial_ROS2_Control/ROS2Ctrl_ws/install/local_setup.ps1'
[0.723s] INFO:colcon.colcon_core.shell:Creating prefix util module '/home/saeedbzrgn/Desktop/My-ROS2_Projects/My-ROS2-Humble/Tutorial_ROS2_Control/ROS2Ctrl_ws/install/_local_setup_util_ps1.py'
[0.726s] INFO:colcon.colcon_core.shell:Creating prefix chain script '/home/saeedbzrgn/Desktop/My-ROS2_Projects/My-ROS2-Humble/Tutorial_ROS2_Control/ROS2Ctrl_ws/install/setup.ps1'
[0.727s] INFO:colcon.colcon_core.shell:Creating prefix script '/home/saeedbzrgn/Desktop/My-ROS2_Projects/My-ROS2-Humble/Tutorial_ROS2_Control/ROS2Ctrl_ws/install/local_setup.sh'
[0.728s] INFO:colcon.colcon_core.shell:Creating prefix util module '/home/saeedbzrgn/Desktop/My-ROS2_Projects/My-ROS2-Humble/Tutorial_ROS2_Control/ROS2Ctrl_ws/install/_local_setup_util_sh.py'
[0.729s] INFO:colcon.colcon_core.shell:Creating prefix chain script '/home/saeedbzrgn/Desktop/My-ROS2_Projects/My-ROS2-Humble/Tutorial_ROS2_Control/ROS2Ctrl_ws/install/setup.sh'
[0.730s] INFO:colcon.colcon_core.shell:Creating prefix script '/home/saeedbzrgn/Desktop/My-ROS2_Projects/My-ROS2-Humble/Tutorial_ROS2_Control/ROS2Ctrl_ws/install/local_setup.bash'
[0.731s] INFO:colcon.colcon_core.shell:Creating prefix chain script '/home/saeedbzrgn/Desktop/My-ROS2_Projects/My-ROS2-Humble/Tutorial_ROS2_Control/ROS2Ctrl_ws/install/setup.bash'
[0.732s] INFO:colcon.colcon_core.shell:Creating prefix script '/home/saeedbzrgn/Desktop/My-ROS2_Projects/My-ROS2-Humble/Tutorial_ROS2_Control/ROS2Ctrl_ws/install/local_setup.zsh'
[0.733s] INFO:colcon.colcon_core.shell:Creating prefix chain script '/home/saeedbzrgn/Desktop/My-ROS2_Projects/My-ROS2-Humble/Tutorial_ROS2_Control/ROS2Ctrl_ws/install/setup.zsh'
