[0.140s] DEBUG:colcon:Command line arguments: ['/usr/bin/colcon', 'build']
[0.140s] DEBUG:colcon:Parsed command line arguments: Namespace(log_base=None, log_level=None, verb_name='build', build_base='build', install_base='install', merge_install=False, symlink_install=False, test_result_base=None, continue_on_error=False, executor='parallel', parallel_workers=4, event_handlers=None, ignore_user_meta=False, metas=['./colcon.meta'], base_paths=['.'], packages_ignore=None, packages_ignore_regex=None, paths=None, packages_up_to=None, packages_up_to_regex=None, packages_above=None, packages_above_and_dependencies=None, packages_above_depth=None, packages_select_by_dep=None, packages_skip_by_dep=None, packages_skip_up_to=None, packages_select_build_failed=False, packages_skip_build_finished=False, packages_select_test_failures=False, packages_skip_test_passed=False, packages_select=None, packages_skip=None, packages_select_regex=None, packages_skip_regex=None, packages_start=None, packages_end=None, allow_overriding=[], cmake_args=None, cmake_target=None, cmake_target_skip_unavailable=False, cmake_clean_cache=False, cmake_clean_first=False, cmake_force_configure=False, ament_cmake_args=None, catkin_cmake_args=None, catkin_skip_building_tests=False, mixin_files=None, mixin=None, verb_parser=<colcon_mixin.mixin.mixin_argument.MixinArgumentDecorator object at 0x7d10a8f524d0>, verb_extension=<colcon_core.verb.build.BuildVerb object at 0x7d10a8f51e40>, main=<bound method BuildVerb.main of <colcon_core.verb.build.BuildVerb object at 0x7d10a8f51e40>>, mixin_verb=('build',))
[0.346s] Level 1:colcon.colcon_core.package_discovery:discover_packages(colcon_meta) check parameters
[0.347s] Level 1:colcon.colcon_core.package_discovery:discover_packages(recursive) check parameters
[0.347s] Level 1:colcon.colcon_core.package_discovery:discover_packages(ignore) check parameters
[0.347s] Level 1:colcon.colcon_core.package_discovery:discover_packages(path) check parameters
[0.347s] Level 1:colcon.colcon_core.package_discovery:discover_packages(colcon_meta) discover
[0.347s] Level 1:colcon.colcon_core.package_discovery:discover_packages(recursive) discover
[0.347s] INFO:colcon.colcon_core.package_discovery:Crawling recursively for packages in '/home/saeedbazargan/Desktop/ROS2-Humble/My-ROS2_Projects/My-ROS2-Humble/Tutorial_MobileRobot/mobilebot_ws'
[0.347s] Level 1:colcon.colcon_core.package_identification:_identify(.) by extensions ['ignore', 'ignore_ament_install']
[0.347s] Level 1:colcon.colcon_core.package_identification:_identify(.) by extension 'ignore'
[0.347s] Level 1:colcon.colcon_core.package_identification:_identify(.) by extension 'ignore_ament_install'
[0.347s] Level 1:colcon.colcon_core.package_identification:_identify(.) by extensions ['colcon_pkg']
[0.348s] Level 1:colcon.colcon_core.package_identification:_identify(.) by extension 'colcon_pkg'
[0.348s] Level 1:colcon.colcon_core.package_identification:_identify(.) by extensions ['colcon_meta']
[0.348s] Level 1:colcon.colcon_core.package_identification:_identify(.) by extension 'colcon_meta'
[0.348s] Level 1:colcon.colcon_core.package_identification:_identify(.) by extensions ['ros']
[0.348s] Level 1:colcon.colcon_core.package_identification:_identify(.) by extension 'ros'
[0.361s] Level 1:colcon.colcon_core.package_identification:_identify(.) by extensions ['cmake', 'python']
[0.361s] Level 1:colcon.colcon_core.package_identification:_identify(.) by extension 'cmake'
[0.361s] Level 1:colcon.colcon_core.package_identification:_identify(.) by extension 'python'
[0.361s] Level 1:colcon.colcon_core.package_identification:_identify(.) by extensions ['python_setup_py']
[0.362s] Level 1:colcon.colcon_core.package_identification:_identify(.) by extension 'python_setup_py'
[0.362s] Level 1:colcon.colcon_core.package_identification:_identify(build) by extensions ['ignore', 'ignore_ament_install']
[0.362s] Level 1:colcon.colcon_core.package_identification:_identify(build) by extension 'ignore'
[0.362s] Level 1:colcon.colcon_core.package_identification:_identify(build) ignored
[0.362s] Level 1:colcon.colcon_core.package_identification:_identify(install) by extensions ['ignore', 'ignore_ament_install']
[0.362s] Level 1:colcon.colcon_core.package_identification:_identify(install) by extension 'ignore'
[0.362s] Level 1:colcon.colcon_core.package_identification:_identify(install) ignored
[0.362s] Level 1:colcon.colcon_core.package_identification:_identify(log) by extensions ['ignore', 'ignore_ament_install']
[0.362s] Level 1:colcon.colcon_core.package_identification:_identify(log) by extension 'ignore'
[0.362s] Level 1:colcon.colcon_core.package_identification:_identify(log) ignored
[0.363s] Level 1:colcon.colcon_core.package_identification:_identify(src) by extensions ['ignore', 'ignore_ament_install']
[0.363s] Level 1:colcon.colcon_core.package_identification:_identify(src) by extension 'ignore'
[0.363s] Level 1:colcon.colcon_core.package_identification:_identify(src) by extension 'ignore_ament_install'
[0.363s] Level 1:colcon.colcon_core.package_identification:_identify(src) by extensions ['colcon_pkg']
[0.363s] Level 1:colcon.colcon_core.package_identification:_identify(src) by extension 'colcon_pkg'
[0.363s] Level 1:colcon.colcon_core.package_identification:_identify(src) by extensions ['colcon_meta']
[0.363s] Level 1:colcon.colcon_core.package_identification:_identify(src) by extension 'colcon_meta'
[0.363s] Level 1:colcon.colcon_core.package_identification:_identify(src) by extensions ['ros']
[0.363s] Level 1:colcon.colcon_core.package_identification:_identify(src) by extension 'ros'
[0.363s] Level 1:colcon.colcon_core.package_identification:_identify(src) by extensions ['cmake', 'python']
[0.363s] Level 1:colcon.colcon_core.package_identification:_identify(src) by extension 'cmake'
[0.363s] Level 1:colcon.colcon_core.package_identification:_identify(src) by extension 'python'
[0.363s] Level 1:colcon.colcon_core.package_identification:_identify(src) by extensions ['python_setup_py']
[0.363s] Level 1:colcon.colcon_core.package_identification:_identify(src) by extension 'python_setup_py'
[0.363s] Level 1:colcon.colcon_core.package_identification:_identify(src/actions_py) by extensions ['ignore', 'ignore_ament_install']
[0.363s] Level 1:colcon.colcon_core.package_identification:_identify(src/actions_py) by extension 'ignore'
[0.364s] Level 1:colcon.colcon_core.package_identification:_identify(src/actions_py) by extension 'ignore_ament_install'
[0.364s] Level 1:colcon.colcon_core.package_identification:_identify(src/actions_py) by extensions ['colcon_pkg']
[0.364s] Level 1:colcon.colcon_core.package_identification:_identify(src/actions_py) by extension 'colcon_pkg'
[0.364s] Level 1:colcon.colcon_core.package_identification:_identify(src/actions_py) by extensions ['colcon_meta']
[0.364s] Level 1:colcon.colcon_core.package_identification:_identify(src/actions_py) by extension 'colcon_meta'
[0.364s] Level 1:colcon.colcon_core.package_identification:_identify(src/actions_py) by extensions ['ros']
[0.364s] Level 1:colcon.colcon_core.package_identification:_identify(src/actions_py) by extension 'ros'
[0.367s] DEBUG:colcon.colcon_core.package_identification:Package 'src/actions_py' with type 'ros.ament_python' and name 'actions_py'
[0.367s] Level 1:colcon.colcon_core.package_identification:_identify(src/build) by extensions ['ignore', 'ignore_ament_install']
[0.367s] Level 1:colcon.colcon_core.package_identification:_identify(src/build) by extension 'ignore'
[0.367s] Level 1:colcon.colcon_core.package_identification:_identify(src/build) ignored
[0.367s] Level 1:colcon.colcon_core.package_identification:_identify(src/install) by extensions ['ignore', 'ignore_ament_install']
[0.367s] Level 1:colcon.colcon_core.package_identification:_identify(src/install) by extension 'ignore'
[0.367s] Level 1:colcon.colcon_core.package_identification:_identify(src/install) ignored
[0.367s] Level 1:colcon.colcon_core.package_identification:_identify(src/log) by extensions ['ignore', 'ignore_ament_install']
[0.368s] Level 1:colcon.colcon_core.package_identification:_identify(src/log) by extension 'ignore'
[0.368s] Level 1:colcon.colcon_core.package_identification:_identify(src/log) ignored
[0.368s] Level 1:colcon.colcon_core.package_identification:_identify(src/mobilebot_bringup) by extensions ['ignore', 'ignore_ament_install']
[0.368s] Level 1:colcon.colcon_core.package_identification:_identify(src/mobilebot_bringup) by extension 'ignore'
[0.368s] Level 1:colcon.colcon_core.package_identification:_identify(src/mobilebot_bringup) by extension 'ignore_ament_install'
[0.368s] Level 1:colcon.colcon_core.package_identification:_identify(src/mobilebot_bringup) by extensions ['colcon_pkg']
[0.368s] Level 1:colcon.colcon_core.package_identification:_identify(src/mobilebot_bringup) by extension 'colcon_pkg'
[0.368s] Level 1:colcon.colcon_core.package_identification:_identify(src/mobilebot_bringup) by extensions ['colcon_meta']
[0.368s] Level 1:colcon.colcon_core.package_identification:_identify(src/mobilebot_bringup) by extension 'colcon_meta'
[0.368s] Level 1:colcon.colcon_core.package_identification:_identify(src/mobilebot_bringup) by extensions ['ros']
[0.368s] Level 1:colcon.colcon_core.package_identification:_identify(src/mobilebot_bringup) by extension 'ros'
[0.369s] DEBUG:colcon.colcon_core.package_identification:Package 'src/mobilebot_bringup' with type 'ros.ament_cmake' and name 'mobilebot_bringup'
[0.369s] Level 1:colcon.colcon_core.package_identification:_identify(src/mobilebot_description) by extensions ['ignore', 'ignore_ament_install']
[0.369s] Level 1:colcon.colcon_core.package_identification:_identify(src/mobilebot_description) by extension 'ignore'
[0.369s] Level 1:colcon.colcon_core.package_identification:_identify(src/mobilebot_description) by extension 'ignore_ament_install'
[0.369s] Level 1:colcon.colcon_core.package_identification:_identify(src/mobilebot_description) by extensions ['colcon_pkg']
[0.369s] Level 1:colcon.colcon_core.package_identification:_identify(src/mobilebot_description) by extension 'colcon_pkg'
[0.369s] Level 1:colcon.colcon_core.package_identification:_identify(src/mobilebot_description) by extensions ['colcon_meta']
[0.369s] Level 1:colcon.colcon_core.package_identification:_identify(src/mobilebot_description) by extension 'colcon_meta'
[0.369s] Level 1:colcon.colcon_core.package_identification:_identify(src/mobilebot_description) by extensions ['ros']
[0.369s] Level 1:colcon.colcon_core.package_identification:_identify(src/mobilebot_description) by extension 'ros'
[0.370s] DEBUG:colcon.colcon_core.package_identification:Package 'src/mobilebot_description' with type 'ros.ament_cmake' and name 'mobilebot_description'
[0.370s] Level 1:colcon.colcon_core.package_identification:_identify(src/mobilebot_interfaces) by extensions ['ignore', 'ignore_ament_install']
[0.370s] Level 1:colcon.colcon_core.package_identification:_identify(src/mobilebot_interfaces) by extension 'ignore'
[0.370s] Level 1:colcon.colcon_core.package_identification:_identify(src/mobilebot_interfaces) by extension 'ignore_ament_install'
[0.370s] Level 1:colcon.colcon_core.package_identification:_identify(src/mobilebot_interfaces) by extensions ['colcon_pkg']
[0.370s] Level 1:colcon.colcon_core.package_identification:_identify(src/mobilebot_interfaces) by extension 'colcon_pkg'
[0.370s] Level 1:colcon.colcon_core.package_identification:_identify(src/mobilebot_interfaces) by extensions ['colcon_meta']
[0.370s] Level 1:colcon.colcon_core.package_identification:_identify(src/mobilebot_interfaces) by extension 'colcon_meta'
[0.370s] Level 1:colcon.colcon_core.package_identification:_identify(src/mobilebot_interfaces) by extensions ['ros']
[0.370s] Level 1:colcon.colcon_core.package_identification:_identify(src/mobilebot_interfaces) by extension 'ros'
[0.371s] DEBUG:colcon.colcon_core.package_identification:Package 'src/mobilebot_interfaces' with type 'ros.ament_cmake' and name 'mobilebot_interfaces'
[0.371s] Level 1:colcon.colcon_core.package_discovery:discover_packages(recursive) using defaults
[0.371s] Level 1:colcon.colcon_core.package_discovery:discover_packages(ignore) discover
[0.371s] Level 1:colcon.colcon_core.package_discovery:discover_packages(ignore) using defaults
[0.371s] Level 1:colcon.colcon_core.package_discovery:discover_packages(path) discover
[0.371s] Level 1:colcon.colcon_core.package_discovery:discover_packages(path) using defaults
[0.409s] Level 1:colcon.colcon_core.package_discovery:discover_packages(prefix_path) check parameters
[0.409s] Level 1:colcon.colcon_core.package_discovery:discover_packages(prefix_path) discover
[0.411s] DEBUG:colcon.colcon_installed_package_information.package_discovery:Found 4 installed packages in /home/saeedbazargan/Desktop/ROS2-Humble/My-ROS2_Projects/My-ROS2-Humble/Tutorial_MobileRobot/mobilebot_ws/install
[0.414s] DEBUG:colcon.colcon_installed_package_information.package_discovery:Found 294 installed packages in /opt/ros/humble
[0.416s] Level 1:colcon.colcon_core.package_discovery:discover_packages(prefix_path) using defaults
[0.465s] Level 5:colcon.colcon_core.verb:set package 'mobilebot_description' build argument 'cmake_args' from command line to 'None'
[0.465s] Level 5:colcon.colcon_core.verb:set package 'mobilebot_description' build argument 'cmake_target' from command line to 'None'
[0.466s] Level 5:colcon.colcon_core.verb:set package 'mobilebot_description' build argument 'cmake_target_skip_unavailable' from command line to 'False'
[0.466s] Level 5:colcon.colcon_core.verb:set package 'mobilebot_description' build argument 'cmake_clean_cache' from command line to 'False'
[0.466s] Level 5:colcon.colcon_core.verb:set package 'mobilebot_description' build argument 'cmake_clean_first' from command line to 'False'
[0.466s] Level 5:colcon.colcon_core.verb:set package 'mobilebot_description' build argument 'cmake_force_configure' from command line to 'False'
[0.466s] Level 5:colcon.colcon_core.verb:set package 'mobilebot_description' build argument 'ament_cmake_args' from command line to 'None'
[0.466s] Level 5:colcon.colcon_core.verb:set package 'mobilebot_description' build argument 'catkin_cmake_args' from command line to 'None'
[0.466s] Level 5:colcon.colcon_core.verb:set package 'mobilebot_description' build argument 'catkin_skip_building_tests' from command line to 'False'
[0.466s] DEBUG:colcon.colcon_core.verb:Building package 'mobilebot_description' with the following arguments: {'ament_cmake_args': None, 'build_base': '/home/saeedbazargan/Desktop/ROS2-Humble/My-ROS2_Projects/My-ROS2-Humble/Tutorial_MobileRobot/mobilebot_ws/build/mobilebot_description', 'catkin_cmake_args': None, 'catkin_skip_building_tests': False, 'cmake_args': None, 'cmake_clean_cache': False, 'cmake_clean_first': False, 'cmake_force_configure': False, 'cmake_target': None, 'cmake_target_skip_unavailable': False, 'install_base': '/home/saeedbazargan/Desktop/ROS2-Humble/My-ROS2_Projects/My-ROS2-Humble/Tutorial_MobileRobot/mobilebot_ws/install/mobilebot_description', 'merge_install': False, 'path': '/home/saeedbazargan/Desktop/ROS2-Humble/My-ROS2_Projects/My-ROS2-Humble/Tutorial_MobileRobot/mobilebot_ws/src/mobilebot_description', 'symlink_install': False, 'test_result_base': None}
[0.466s] Level 5:colcon.colcon_core.verb:set package 'mobilebot_interfaces' build argument 'cmake_args' from command line to 'None'
[0.466s] Level 5:colcon.colcon_core.verb:set package 'mobilebot_interfaces' build argument 'cmake_target' from command line to 'None'
[0.466s] Level 5:colcon.colcon_core.verb:set package 'mobilebot_interfaces' build argument 'cmake_target_skip_unavailable' from command line to 'False'
[0.466s] Level 5:colcon.colcon_core.verb:set package 'mobilebot_interfaces' build argument 'cmake_clean_cache' from command line to 'False'
[0.466s] Level 5:colcon.colcon_core.verb:set package 'mobilebot_interfaces' build argument 'cmake_clean_first' from command line to 'False'
[0.466s] Level 5:colcon.colcon_core.verb:set package 'mobilebot_interfaces' build argument 'cmake_force_configure' from command line to 'False'
[0.466s] Level 5:colcon.colcon_core.verb:set package 'mobilebot_interfaces' build argument 'ament_cmake_args' from command line to 'None'
[0.466s] Level 5:colcon.colcon_core.verb:set package 'mobilebot_interfaces' build argument 'catkin_cmake_args' from command line to 'None'
[0.466s] Level 5:colcon.colcon_core.verb:set package 'mobilebot_interfaces' build argument 'catkin_skip_building_tests' from command line to 'False'
[0.466s] DEBUG:colcon.colcon_core.verb:Building package 'mobilebot_interfaces' with the following arguments: {'ament_cmake_args': None, 'build_base': '/home/saeedbazargan/Desktop/ROS2-Humble/My-ROS2_Projects/My-ROS2-Humble/Tutorial_MobileRobot/mobilebot_ws/build/mobilebot_interfaces', 'catkin_cmake_args': None, 'catkin_skip_building_tests': False, 'cmake_args': None, 'cmake_clean_cache': False, 'cmake_clean_first': False, 'cmake_force_configure': False, 'cmake_target': None, 'cmake_target_skip_unavailable': False, 'install_base': '/home/saeedbazargan/Desktop/ROS2-Humble/My-ROS2_Projects/My-ROS2-Humble/Tutorial_MobileRobot/mobilebot_ws/install/mobilebot_interfaces', 'merge_install': False, 'path': '/home/saeedbazargan/Desktop/ROS2-Humble/My-ROS2_Projects/My-ROS2-Humble/Tutorial_MobileRobot/mobilebot_ws/src/mobilebot_interfaces', 'symlink_install': False, 'test_result_base': None}
[0.467s] Level 5:colcon.colcon_core.verb:set package 'actions_py' build argument 'cmake_args' from command line to 'None'
[0.467s] Level 5:colcon.colcon_core.verb:set package 'actions_py' build argument 'cmake_target' from command line to 'None'
[0.467s] Level 5:colcon.colcon_core.verb:set package 'actions_py' build argument 'cmake_target_skip_unavailable' from command line to 'False'
[0.467s] Level 5:colcon.colcon_core.verb:set package 'actions_py' build argument 'cmake_clean_cache' from command line to 'False'
[0.467s] Level 5:colcon.colcon_core.verb:set package 'actions_py' build argument 'cmake_clean_first' from command line to 'False'
[0.467s] Level 5:colcon.colcon_core.verb:set package 'actions_py' build argument 'cmake_force_configure' from command line to 'False'
[0.467s] Level 5:colcon.colcon_core.verb:set package 'actions_py' build argument 'ament_cmake_args' from command line to 'None'
[0.467s] Level 5:colcon.colcon_core.verb:set package 'actions_py' build argument 'catkin_cmake_args' from command line to 'None'
[0.467s] Level 5:colcon.colcon_core.verb:set package 'actions_py' build argument 'catkin_skip_building_tests' from command line to 'False'
[0.467s] DEBUG:colcon.colcon_core.verb:Building package 'actions_py' with the following arguments: {'ament_cmake_args': None, 'build_base': '/home/saeedbazargan/Desktop/ROS2-Humble/My-ROS2_Projects/My-ROS2-Humble/Tutorial_MobileRobot/mobilebot_ws/build/actions_py', 'catkin_cmake_args': None, 'catkin_skip_building_tests': False, 'cmake_args': None, 'cmake_clean_cache': False, 'cmake_clean_first': False, 'cmake_force_configure': False, 'cmake_target': None, 'cmake_target_skip_unavailable': False, 'install_base': '/home/saeedbazargan/Desktop/ROS2-Humble/My-ROS2_Projects/My-ROS2-Humble/Tutorial_MobileRobot/mobilebot_ws/install/actions_py', 'merge_install': False, 'path': '/home/saeedbazargan/Desktop/ROS2-Humble/My-ROS2_Projects/My-ROS2-Humble/Tutorial_MobileRobot/mobilebot_ws/src/actions_py', 'symlink_install': False, 'test_result_base': None}
[0.467s] Level 5:colcon.colcon_core.verb:set package 'mobilebot_bringup' build argument 'cmake_args' from command line to 'None'
[0.467s] Level 5:colcon.colcon_core.verb:set package 'mobilebot_bringup' build argument 'cmake_target' from command line to 'None'
[0.467s] Level 5:colcon.colcon_core.verb:set package 'mobilebot_bringup' build argument 'cmake_target_skip_unavailable' from command line to 'False'
[0.468s] Level 5:colcon.colcon_core.verb:set package 'mobilebot_bringup' build argument 'cmake_clean_cache' from command line to 'False'
[0.468s] Level 5:colcon.colcon_core.verb:set package 'mobilebot_bringup' build argument 'cmake_clean_first' from command line to 'False'
[0.468s] Level 5:colcon.colcon_core.verb:set package 'mobilebot_bringup' build argument 'cmake_force_configure' from command line to 'False'
[0.468s] Level 5:colcon.colcon_core.verb:set package 'mobilebot_bringup' build argument 'ament_cmake_args' from command line to 'None'
[0.468s] Level 5:colcon.colcon_core.verb:set package 'mobilebot_bringup' build argument 'catkin_cmake_args' from command line to 'None'
[0.468s] Level 5:colcon.colcon_core.verb:set package 'mobilebot_bringup' build argument 'catkin_skip_building_tests' from command line to 'False'
[0.468s] DEBUG:colcon.colcon_core.verb:Building package 'mobilebot_bringup' with the following arguments: {'ament_cmake_args': None, 'build_base': '/home/saeedbazargan/Desktop/ROS2-Humble/My-ROS2_Projects/My-ROS2-Humble/Tutorial_MobileRobot/mobilebot_ws/build/mobilebot_bringup', 'catkin_cmake_args': None, 'catkin_skip_building_tests': False, 'cmake_args': None, 'cmake_clean_cache': False, 'cmake_clean_first': False, 'cmake_force_configure': False, 'cmake_target': None, 'cmake_target_skip_unavailable': False, 'install_base': '/home/saeedbazargan/Desktop/ROS2-Humble/My-ROS2_Projects/My-ROS2-Humble/Tutorial_MobileRobot/mobilebot_ws/install/mobilebot_bringup', 'merge_install': False, 'path': '/home/saeedbazargan/Desktop/ROS2-Humble/My-ROS2_Projects/My-ROS2-Humble/Tutorial_MobileRobot/mobilebot_ws/src/mobilebot_bringup', 'symlink_install': False, 'test_result_base': None}
[0.468s] INFO:colcon.colcon_core.executor:Executing jobs using 'parallel' executor
[0.469s] DEBUG:colcon.colcon_parallel_executor.executor.parallel:run_until_complete
[0.469s] INFO:colcon.colcon_ros.task.ament_cmake.build:Building ROS package in '/home/saeedbazargan/Desktop/ROS2-Humble/My-ROS2_Projects/My-ROS2-Humble/Tutorial_MobileRobot/mobilebot_ws/src/mobilebot_description' with build type 'ament_cmake'
[0.469s] INFO:colcon.colcon_cmake.task.cmake.build:Building CMake package in '/home/saeedbazargan/Desktop/ROS2-Humble/My-ROS2_Projects/My-ROS2-Humble/Tutorial_MobileRobot/mobilebot_ws/src/mobilebot_description'
[0.472s] INFO:colcon.colcon_core.plugin_system:Skipping extension 'colcon_core.shell.bat': Not used on non-Windows systems
[0.472s] INFO:colcon.colcon_core.shell:Skip shell extension 'powershell' for command environment: Not usable outside of PowerShell
[0.472s] DEBUG:colcon.colcon_core.shell:Skip shell extension 'dsv' for command environment
[0.476s] INFO:colcon.colcon_ros.task.ament_cmake.build:Building ROS package in '/home/saeedbazargan/Desktop/ROS2-Humble/My-ROS2_Projects/My-ROS2-Humble/Tutorial_MobileRobot/mobilebot_ws/src/mobilebot_interfaces' with build type 'ament_cmake'
[0.476s] INFO:colcon.colcon_cmake.task.cmake.build:Building CMake package in '/home/saeedbazargan/Desktop/ROS2-Humble/My-ROS2_Projects/My-ROS2-Humble/Tutorial_MobileRobot/mobilebot_ws/src/mobilebot_interfaces'
[0.477s] INFO:colcon.colcon_core.shell:Skip shell extension 'powershell' for command environment: Not usable outside of PowerShell
[0.477s] DEBUG:colcon.colcon_core.shell:Skip shell extension 'dsv' for command environment
[0.490s] DEBUG:colcon.colcon_core.event_handler.log_command:Invoking command in '/home/saeedbazargan/Desktop/ROS2-Humble/My-ROS2_Projects/My-ROS2-Humble/Tutorial_MobileRobot/mobilebot_ws/build/mobilebot_description': CMAKE_PREFIX_PATH=${CMAKE_PREFIX_PATH}:/home/saeedbazargan/Desktop/ROS2-Humble/My-ROS2_Projects/My-ROS2-Humble/Tutorial_MobileRobot/mobilebot_ws/install/actions_py:/opt/ros/humble /usr/bin/cmake --build /home/saeedbazargan/Desktop/ROS2-Humble/My-ROS2_Projects/My-ROS2-Humble/Tutorial_MobileRobot/mobilebot_ws/build/mobilebot_description -- -j4 -l4
[0.496s] DEBUG:colcon.colcon_core.event_handler.log_command:Invoking command in '/home/saeedbazargan/Desktop/ROS2-Humble/My-ROS2_Projects/My-ROS2-Humble/Tutorial_MobileRobot/mobilebot_ws/build/mobilebot_interfaces': CMAKE_PREFIX_PATH=${CMAKE_PREFIX_PATH}:/home/saeedbazargan/Desktop/ROS2-Humble/My-ROS2_Projects/My-ROS2-Humble/Tutorial_MobileRobot/mobilebot_ws/install/actions_py:/opt/ros/humble /usr/bin/cmake --build /home/saeedbazargan/Desktop/ROS2-Humble/My-ROS2_Projects/My-ROS2-Humble/Tutorial_MobileRobot/mobilebot_ws/build/mobilebot_interfaces -- -j4 -l4
[0.551s] DEBUG:colcon.colcon_core.event_handler.log_command:Invoked command in '/home/saeedbazargan/Desktop/ROS2-Humble/My-ROS2_Projects/My-ROS2-Humble/Tutorial_MobileRobot/mobilebot_ws/build/mobilebot_description' returned '0': CMAKE_PREFIX_PATH=${CMAKE_PREFIX_PATH}:/home/saeedbazargan/Desktop/ROS2-Humble/My-ROS2_Projects/My-ROS2-Humble/Tutorial_MobileRobot/mobilebot_ws/install/actions_py:/opt/ros/humble /usr/bin/cmake --build /home/saeedbazargan/Desktop/ROS2-Humble/My-ROS2_Projects/My-ROS2-Humble/Tutorial_MobileRobot/mobilebot_ws/build/mobilebot_description -- -j4 -l4
[0.570s] DEBUG:colcon.colcon_core.event_handler.log_command:Invoking command in '/home/saeedbazargan/Desktop/ROS2-Humble/My-ROS2_Projects/My-ROS2-Humble/Tutorial_MobileRobot/mobilebot_ws/build/mobilebot_description': CMAKE_PREFIX_PATH=${CMAKE_PREFIX_PATH}:/home/saeedbazargan/Desktop/ROS2-Humble/My-ROS2_Projects/My-ROS2-Humble/Tutorial_MobileRobot/mobilebot_ws/install/actions_py:/opt/ros/humble /usr/bin/cmake --install /home/saeedbazargan/Desktop/ROS2-Humble/My-ROS2_Projects/My-ROS2-Humble/Tutorial_MobileRobot/mobilebot_ws/build/mobilebot_description
[0.599s] Level 1:colcon.colcon_core.environment:create_environment_scripts_only(mobilebot_description)
[0.602s] DEBUG:colcon.colcon_core.event_handler.log_command:Invoked command in '/home/saeedbazargan/Desktop/ROS2-Humble/My-ROS2_Projects/My-ROS2-Humble/Tutorial_MobileRobot/mobilebot_ws/build/mobilebot_description' returned '0': CMAKE_PREFIX_PATH=${CMAKE_PREFIX_PATH}:/home/saeedbazargan/Desktop/ROS2-Humble/My-ROS2_Projects/My-ROS2-Humble/Tutorial_MobileRobot/mobilebot_ws/install/actions_py:/opt/ros/humble /usr/bin/cmake --install /home/saeedbazargan/Desktop/ROS2-Humble/My-ROS2_Projects/My-ROS2-Humble/Tutorial_MobileRobot/mobilebot_ws/build/mobilebot_description
[0.605s] Level 1:colcon.colcon_core.environment:checking '/home/saeedbazargan/Desktop/ROS2-Humble/My-ROS2_Projects/My-ROS2-Humble/Tutorial_MobileRobot/mobilebot_ws/install/mobilebot_description' for CMake module files
[0.606s] Level 1:colcon.colcon_core.environment:checking '/home/saeedbazargan/Desktop/ROS2-Humble/My-ROS2_Projects/My-ROS2-Humble/Tutorial_MobileRobot/mobilebot_ws/install/mobilebot_description' for CMake config files
[0.607s] Level 1:colcon.colcon_core.shell:create_environment_hook('mobilebot_description', 'cmake_prefix_path')
[0.609s] INFO:colcon.colcon_core.shell:Creating environment hook '/home/saeedbazargan/Desktop/ROS2-Humble/My-ROS2_Projects/My-ROS2-Humble/Tutorial_MobileRobot/mobilebot_ws/install/mobilebot_description/share/mobilebot_description/hook/cmake_prefix_path.ps1'
[0.611s] INFO:colcon.colcon_core.shell:Creating environment descriptor '/home/saeedbazargan/Desktop/ROS2-Humble/My-ROS2_Projects/My-ROS2-Humble/Tutorial_MobileRobot/mobilebot_ws/install/mobilebot_description/share/mobilebot_description/hook/cmake_prefix_path.dsv'
[0.612s] INFO:colcon.colcon_core.shell:Creating environment hook '/home/saeedbazargan/Desktop/ROS2-Humble/My-ROS2_Projects/My-ROS2-Humble/Tutorial_MobileRobot/mobilebot_ws/install/mobilebot_description/share/mobilebot_description/hook/cmake_prefix_path.sh'
[0.615s] Level 1:colcon.colcon_core.environment:checking '/home/saeedbazargan/Desktop/ROS2-Humble/My-ROS2_Projects/My-ROS2-Humble/Tutorial_MobileRobot/mobilebot_ws/install/mobilebot_description/bin'
[0.615s] Level 1:colcon.colcon_core.environment:checking '/home/saeedbazargan/Desktop/ROS2-Humble/My-ROS2_Projects/My-ROS2-Humble/Tutorial_MobileRobot/mobilebot_ws/install/mobilebot_description/lib/pkgconfig/mobilebot_description.pc'
[0.616s] Level 1:colcon.colcon_core.environment:checking '/home/saeedbazargan/Desktop/ROS2-Humble/My-ROS2_Projects/My-ROS2-Humble/Tutorial_MobileRobot/mobilebot_ws/install/mobilebot_description/lib/python3.10/site-packages'
[0.618s] Level 1:colcon.colcon_core.environment:checking '/home/saeedbazargan/Desktop/ROS2-Humble/My-ROS2_Projects/My-ROS2-Humble/Tutorial_MobileRobot/mobilebot_ws/install/mobilebot_description/bin'
[0.620s] INFO:colcon.colcon_core.shell:Creating package script '/home/saeedbazargan/Desktop/ROS2-Humble/My-ROS2_Projects/My-ROS2-Humble/Tutorial_MobileRobot/mobilebot_ws/install/mobilebot_description/share/mobilebot_description/package.ps1'
[0.622s] INFO:colcon.colcon_core.shell:Creating package descriptor '/home/saeedbazargan/Desktop/ROS2-Humble/My-ROS2_Projects/My-ROS2-Humble/Tutorial_MobileRobot/mobilebot_ws/install/mobilebot_description/share/mobilebot_description/package.dsv'
[0.623s] INFO:colcon.colcon_core.shell:Creating package script '/home/saeedbazargan/Desktop/ROS2-Humble/My-ROS2_Projects/My-ROS2-Humble/Tutorial_MobileRobot/mobilebot_ws/install/mobilebot_description/share/mobilebot_description/package.sh'
[0.626s] INFO:colcon.colcon_core.shell:Creating package script '/home/saeedbazargan/Desktop/ROS2-Humble/My-ROS2_Projects/My-ROS2-Humble/Tutorial_MobileRobot/mobilebot_ws/install/mobilebot_description/share/mobilebot_description/package.bash'
[0.628s] INFO:colcon.colcon_core.shell:Creating package script '/home/saeedbazargan/Desktop/ROS2-Humble/My-ROS2_Projects/My-ROS2-Humble/Tutorial_MobileRobot/mobilebot_ws/install/mobilebot_description/share/mobilebot_description/package.zsh'
[0.630s] Level 1:colcon.colcon_core.environment:create_file_with_runtime_dependencies(/home/saeedbazargan/Desktop/ROS2-Humble/My-ROS2_Projects/My-ROS2-Humble/Tutorial_MobileRobot/mobilebot_ws/install/mobilebot_description/share/colcon-core/packages/mobilebot_description)
[0.631s] Level 1:colcon.colcon_core.environment:create_environment_scripts_only(mobilebot_description)
[0.632s] Level 1:colcon.colcon_core.environment:checking '/home/saeedbazargan/Desktop/ROS2-Humble/My-ROS2_Projects/My-ROS2-Humble/Tutorial_MobileRobot/mobilebot_ws/install/mobilebot_description' for CMake module files
[0.633s] Level 1:colcon.colcon_core.environment:checking '/home/saeedbazargan/Desktop/ROS2-Humble/My-ROS2_Projects/My-ROS2-Humble/Tutorial_MobileRobot/mobilebot_ws/install/mobilebot_description' for CMake config files
[0.633s] Level 1:colcon.colcon_core.shell:create_environment_hook('mobilebot_description', 'cmake_prefix_path')
[0.633s] INFO:colcon.colcon_core.shell:Creating environment hook '/home/saeedbazargan/Desktop/ROS2-Humble/My-ROS2_Projects/My-ROS2-Humble/Tutorial_MobileRobot/mobilebot_ws/install/mobilebot_description/share/mobilebot_description/hook/cmake_prefix_path.ps1'
[0.634s] INFO:colcon.colcon_core.shell:Creating environment descriptor '/home/saeedbazargan/Desktop/ROS2-Humble/My-ROS2_Projects/My-ROS2-Humble/Tutorial_MobileRobot/mobilebot_ws/install/mobilebot_description/share/mobilebot_description/hook/cmake_prefix_path.dsv'
[0.635s] INFO:colcon.colcon_core.shell:Creating environment hook '/home/saeedbazargan/Desktop/ROS2-Humble/My-ROS2_Projects/My-ROS2-Humble/Tutorial_MobileRobot/mobilebot_ws/install/mobilebot_description/share/mobilebot_description/hook/cmake_prefix_path.sh'
[0.636s] Level 1:colcon.colcon_core.environment:checking '/home/saeedbazargan/Desktop/ROS2-Humble/My-ROS2_Projects/My-ROS2-Humble/Tutorial_MobileRobot/mobilebot_ws/install/mobilebot_description/bin'
[0.636s] Level 1:colcon.colcon_core.environment:checking '/home/saeedbazargan/Desktop/ROS2-Humble/My-ROS2_Projects/My-ROS2-Humble/Tutorial_MobileRobot/mobilebot_ws/install/mobilebot_description/lib/pkgconfig/mobilebot_description.pc'
[0.637s] Level 1:colcon.colcon_core.environment:checking '/home/saeedbazargan/Desktop/ROS2-Humble/My-ROS2_Projects/My-ROS2-Humble/Tutorial_MobileRobot/mobilebot_ws/install/mobilebot_description/lib/python3.10/site-packages'
[0.638s] Level 1:colcon.colcon_core.environment:checking '/home/saeedbazargan/Desktop/ROS2-Humble/My-ROS2_Projects/My-ROS2-Humble/Tutorial_MobileRobot/mobilebot_ws/install/mobilebot_description/bin'
[0.638s] INFO:colcon.colcon_core.shell:Creating package script '/home/saeedbazargan/Desktop/ROS2-Humble/My-ROS2_Projects/My-ROS2-Humble/Tutorial_MobileRobot/mobilebot_ws/install/mobilebot_description/share/mobilebot_description/package.ps1'
[0.640s] INFO:colcon.colcon_core.shell:Creating package descriptor '/home/saeedbazargan/Desktop/ROS2-Humble/My-ROS2_Projects/My-ROS2-Humble/Tutorial_MobileRobot/mobilebot_ws/install/mobilebot_description/share/mobilebot_description/package.dsv'
[0.641s] INFO:colcon.colcon_core.shell:Creating package script '/home/saeedbazargan/Desktop/ROS2-Humble/My-ROS2_Projects/My-ROS2-Humble/Tutorial_MobileRobot/mobilebot_ws/install/mobilebot_description/share/mobilebot_description/package.sh'
[0.642s] INFO:colcon.colcon_core.shell:Creating package script '/home/saeedbazargan/Desktop/ROS2-Humble/My-ROS2_Projects/My-ROS2-Humble/Tutorial_MobileRobot/mobilebot_ws/install/mobilebot_description/share/mobilebot_description/package.bash'
[0.643s] INFO:colcon.colcon_core.shell:Creating package script '/home/saeedbazargan/Desktop/ROS2-Humble/My-ROS2_Projects/My-ROS2-Humble/Tutorial_MobileRobot/mobilebot_ws/install/mobilebot_description/share/mobilebot_description/package.zsh'
[0.644s] Level 1:colcon.colcon_core.environment:create_file_with_runtime_dependencies(/home/saeedbazargan/Desktop/ROS2-Humble/My-ROS2_Projects/My-ROS2-Humble/Tutorial_MobileRobot/mobilebot_ws/install/mobilebot_description/share/colcon-core/packages/mobilebot_description)
[0.645s] INFO:colcon.colcon_ros.task.ament_cmake.build:Building ROS package in '/home/saeedbazargan/Desktop/ROS2-Humble/My-ROS2_Projects/My-ROS2-Humble/Tutorial_MobileRobot/mobilebot_ws/src/mobilebot_bringup' with build type 'ament_cmake'
[0.645s] INFO:colcon.colcon_cmake.task.cmake.build:Building CMake package in '/home/saeedbazargan/Desktop/ROS2-Humble/My-ROS2_Projects/My-ROS2-Humble/Tutorial_MobileRobot/mobilebot_ws/src/mobilebot_bringup'
[0.645s] INFO:colcon.colcon_core.shell:Skip shell extension 'powershell' for command environment: Not usable outside of PowerShell
[0.645s] DEBUG:colcon.colcon_core.shell:Skip shell extension 'dsv' for command environment
[0.669s] DEBUG:colcon.colcon_core.event_handler.log_command:Invoking command in '/home/saeedbazargan/Desktop/ROS2-Humble/My-ROS2_Projects/My-ROS2-Humble/Tutorial_MobileRobot/mobilebot_ws/build/mobilebot_bringup': CMAKE_PREFIX_PATH=/home/saeedbazargan/Desktop/ROS2-Humble/My-ROS2_Projects/My-ROS2-Humble/Tutorial_MobileRobot/mobilebot_ws/install/mobilebot_description:/home/saeedbazargan/Desktop/ROS2-Humble/My-ROS2_Projects/My-ROS2-Humble/Tutorial_MobileRobot/mobilebot_ws/install/mobilebot_interfaces:/home/saeedbazargan/Desktop/ROS2-Humble/My-ROS2_Projects/My-ROS2-Humble/Tutorial_MobileRobot/mobilebot_ws/install/mobilebot_bringup:/home/saeedbazargan/Desktop/ROS2-Humble/My-ROS2_Projects/My-ROS2-Humble/Tutorial_MobileRobot/mobilebot_ws/install/actions_py:/opt/ros/humble /usr/bin/cmake --build /home/saeedbazargan/Desktop/ROS2-Humble/My-ROS2_Projects/My-ROS2-Humble/Tutorial_MobileRobot/mobilebot_ws/build/mobilebot_bringup -- -j4 -l4
[0.744s] DEBUG:colcon.colcon_core.event_handler.log_command:Invoked command in '/home/saeedbazargan/Desktop/ROS2-Humble/My-ROS2_Projects/My-ROS2-Humble/Tutorial_MobileRobot/mobilebot_ws/build/mobilebot_bringup' returned '0': CMAKE_PREFIX_PATH=/home/saeedbazargan/Desktop/ROS2-Humble/My-ROS2_Projects/My-ROS2-Humble/Tutorial_MobileRobot/mobilebot_ws/install/mobilebot_description:/home/saeedbazargan/Desktop/ROS2-Humble/My-ROS2_Projects/My-ROS2-Humble/Tutorial_MobileRobot/mobilebot_ws/install/mobilebot_interfaces:/home/saeedbazargan/Desktop/ROS2-Humble/My-ROS2_Projects/My-ROS2-Humble/Tutorial_MobileRobot/mobilebot_ws/install/mobilebot_bringup:/home/saeedbazargan/Desktop/ROS2-Humble/My-ROS2_Projects/My-ROS2-Humble/Tutorial_MobileRobot/mobilebot_ws/install/actions_py:/opt/ros/humble /usr/bin/cmake --build /home/saeedbazargan/Desktop/ROS2-Humble/My-ROS2_Projects/My-ROS2-Humble/Tutorial_MobileRobot/mobilebot_ws/build/mobilebot_bringup -- -j4 -l4
[0.747s] DEBUG:colcon.colcon_core.event_handler.log_command:Invoking command in '/home/saeedbazargan/Desktop/ROS2-Humble/My-ROS2_Projects/My-ROS2-Humble/Tutorial_MobileRobot/mobilebot_ws/build/mobilebot_bringup': CMAKE_PREFIX_PATH=/home/saeedbazargan/Desktop/ROS2-Humble/My-ROS2_Projects/My-ROS2-Humble/Tutorial_MobileRobot/mobilebot_ws/install/mobilebot_description:/home/saeedbazargan/Desktop/ROS2-Humble/My-ROS2_Projects/My-ROS2-Humble/Tutorial_MobileRobot/mobilebot_ws/install/mobilebot_interfaces:/home/saeedbazargan/Desktop/ROS2-Humble/My-ROS2_Projects/My-ROS2-Humble/Tutorial_MobileRobot/mobilebot_ws/install/mobilebot_bringup:/home/saeedbazargan/Desktop/ROS2-Humble/My-ROS2_Projects/My-ROS2-Humble/Tutorial_MobileRobot/mobilebot_ws/install/actions_py:/opt/ros/humble /usr/bin/cmake --install /home/saeedbazargan/Desktop/ROS2-Humble/My-ROS2_Projects/My-ROS2-Humble/Tutorial_MobileRobot/mobilebot_ws/build/mobilebot_bringup
[0.766s] Level 1:colcon.colcon_core.environment:create_environment_scripts_only(mobilebot_bringup)
[0.766s] Level 1:colcon.colcon_core.environment:checking '/home/saeedbazargan/Desktop/ROS2-Humble/My-ROS2_Projects/My-ROS2-Humble/Tutorial_MobileRobot/mobilebot_ws/install/mobilebot_bringup' for CMake module files
[0.768s] Level 1:colcon.colcon_core.environment:checking '/home/saeedbazargan/Desktop/ROS2-Humble/My-ROS2_Projects/My-ROS2-Humble/Tutorial_MobileRobot/mobilebot_ws/install/mobilebot_bringup' for CMake config files
[0.769s] DEBUG:colcon.colcon_core.event_handler.log_command:Invoked command in '/home/saeedbazargan/Desktop/ROS2-Humble/My-ROS2_Projects/My-ROS2-Humble/Tutorial_MobileRobot/mobilebot_ws/build/mobilebot_bringup' returned '0': CMAKE_PREFIX_PATH=/home/saeedbazargan/Desktop/ROS2-Humble/My-ROS2_Projects/My-ROS2-Humble/Tutorial_MobileRobot/mobilebot_ws/install/mobilebot_description:/home/saeedbazargan/Desktop/ROS2-Humble/My-ROS2_Projects/My-ROS2-Humble/Tutorial_MobileRobot/mobilebot_ws/install/mobilebot_interfaces:/home/saeedbazargan/Desktop/ROS2-Humble/My-ROS2_Projects/My-ROS2-Humble/Tutorial_MobileRobot/mobilebot_ws/install/mobilebot_bringup:/home/saeedbazargan/Desktop/ROS2-Humble/My-ROS2_Projects/My-ROS2-Humble/Tutorial_MobileRobot/mobilebot_ws/install/actions_py:/opt/ros/humble /usr/bin/cmake --install /home/saeedbazargan/Desktop/ROS2-Humble/My-ROS2_Projects/My-ROS2-Humble/Tutorial_MobileRobot/mobilebot_ws/build/mobilebot_bringup
[0.769s] Level 1:colcon.colcon_core.shell:create_environment_hook('mobilebot_bringup', 'cmake_prefix_path')
[0.770s] INFO:colcon.colcon_core.shell:Creating environment hook '/home/saeedbazargan/Desktop/ROS2-Humble/My-ROS2_Projects/My-ROS2-Humble/Tutorial_MobileRobot/mobilebot_ws/install/mobilebot_bringup/share/mobilebot_bringup/hook/cmake_prefix_path.ps1'
[0.771s] INFO:colcon.colcon_core.shell:Creating environment descriptor '/home/saeedbazargan/Desktop/ROS2-Humble/My-ROS2_Projects/My-ROS2-Humble/Tutorial_MobileRobot/mobilebot_ws/install/mobilebot_bringup/share/mobilebot_bringup/hook/cmake_prefix_path.dsv'
[0.771s] INFO:colcon.colcon_core.shell:Creating environment hook '/home/saeedbazargan/Desktop/ROS2-Humble/My-ROS2_Projects/My-ROS2-Humble/Tutorial_MobileRobot/mobilebot_ws/install/mobilebot_bringup/share/mobilebot_bringup/hook/cmake_prefix_path.sh'
[0.772s] Level 1:colcon.colcon_core.environment:checking '/home/saeedbazargan/Desktop/ROS2-Humble/My-ROS2_Projects/My-ROS2-Humble/Tutorial_MobileRobot/mobilebot_ws/install/mobilebot_bringup/bin'
[0.773s] Level 1:colcon.colcon_core.environment:checking '/home/saeedbazargan/Desktop/ROS2-Humble/My-ROS2_Projects/My-ROS2-Humble/Tutorial_MobileRobot/mobilebot_ws/install/mobilebot_bringup/lib/pkgconfig/mobilebot_bringup.pc'
[0.773s] Level 1:colcon.colcon_core.environment:checking '/home/saeedbazargan/Desktop/ROS2-Humble/My-ROS2_Projects/My-ROS2-Humble/Tutorial_MobileRobot/mobilebot_ws/install/mobilebot_bringup/lib/python3.10/site-packages'
[0.774s] Level 1:colcon.colcon_core.environment:checking '/home/saeedbazargan/Desktop/ROS2-Humble/My-ROS2_Projects/My-ROS2-Humble/Tutorial_MobileRobot/mobilebot_ws/install/mobilebot_bringup/bin'
[0.775s] INFO:colcon.colcon_core.shell:Creating package script '/home/saeedbazargan/Desktop/ROS2-Humble/My-ROS2_Projects/My-ROS2-Humble/Tutorial_MobileRobot/mobilebot_ws/install/mobilebot_bringup/share/mobilebot_bringup/package.ps1'
[0.776s] INFO:colcon.colcon_core.shell:Creating package descriptor '/home/saeedbazargan/Desktop/ROS2-Humble/My-ROS2_Projects/My-ROS2-Humble/Tutorial_MobileRobot/mobilebot_ws/install/mobilebot_bringup/share/mobilebot_bringup/package.dsv'
[0.777s] INFO:colcon.colcon_core.shell:Creating package script '/home/saeedbazargan/Desktop/ROS2-Humble/My-ROS2_Projects/My-ROS2-Humble/Tutorial_MobileRobot/mobilebot_ws/install/mobilebot_bringup/share/mobilebot_bringup/package.sh'
[0.778s] INFO:colcon.colcon_core.shell:Creating package script '/home/saeedbazargan/Desktop/ROS2-Humble/My-ROS2_Projects/My-ROS2-Humble/Tutorial_MobileRobot/mobilebot_ws/install/mobilebot_bringup/share/mobilebot_bringup/package.bash'
[0.779s] INFO:colcon.colcon_core.shell:Creating package script '/home/saeedbazargan/Desktop/ROS2-Humble/My-ROS2_Projects/My-ROS2-Humble/Tutorial_MobileRobot/mobilebot_ws/install/mobilebot_bringup/share/mobilebot_bringup/package.zsh'
[0.779s] Level 1:colcon.colcon_core.environment:create_file_with_runtime_dependencies(/home/saeedbazargan/Desktop/ROS2-Humble/My-ROS2_Projects/My-ROS2-Humble/Tutorial_MobileRobot/mobilebot_ws/install/mobilebot_bringup/share/colcon-core/packages/mobilebot_bringup)
[0.781s] Level 1:colcon.colcon_core.environment:create_environment_scripts_only(mobilebot_bringup)
[0.781s] Level 1:colcon.colcon_core.environment:checking '/home/saeedbazargan/Desktop/ROS2-Humble/My-ROS2_Projects/My-ROS2-Humble/Tutorial_MobileRobot/mobilebot_ws/install/mobilebot_bringup' for CMake module files
[0.782s] Level 1:colcon.colcon_core.environment:checking '/home/saeedbazargan/Desktop/ROS2-Humble/My-ROS2_Projects/My-ROS2-Humble/Tutorial_MobileRobot/mobilebot_ws/install/mobilebot_bringup' for CMake config files
[0.783s] Level 1:colcon.colcon_core.shell:create_environment_hook('mobilebot_bringup', 'cmake_prefix_path')
[0.783s] INFO:colcon.colcon_core.shell:Creating environment hook '/home/saeedbazargan/Desktop/ROS2-Humble/My-ROS2_Projects/My-ROS2-Humble/Tutorial_MobileRobot/mobilebot_ws/install/mobilebot_bringup/share/mobilebot_bringup/hook/cmake_prefix_path.ps1'
[0.784s] INFO:colcon.colcon_core.shell:Creating environment descriptor '/home/saeedbazargan/Desktop/ROS2-Humble/My-ROS2_Projects/My-ROS2-Humble/Tutorial_MobileRobot/mobilebot_ws/install/mobilebot_bringup/share/mobilebot_bringup/hook/cmake_prefix_path.dsv'
[0.785s] INFO:colcon.colcon_core.shell:Creating environment hook '/home/saeedbazargan/Desktop/ROS2-Humble/My-ROS2_Projects/My-ROS2-Humble/Tutorial_MobileRobot/mobilebot_ws/install/mobilebot_bringup/share/mobilebot_bringup/hook/cmake_prefix_path.sh'
[0.786s] Level 1:colcon.colcon_core.environment:checking '/home/saeedbazargan/Desktop/ROS2-Humble/My-ROS2_Projects/My-ROS2-Humble/Tutorial_MobileRobot/mobilebot_ws/install/mobilebot_bringup/bin'
[0.786s] Level 1:colcon.colcon_core.environment:checking '/home/saeedbazargan/Desktop/ROS2-Humble/My-ROS2_Projects/My-ROS2-Humble/Tutorial_MobileRobot/mobilebot_ws/install/mobilebot_bringup/lib/pkgconfig/mobilebot_bringup.pc'
[0.787s] Level 1:colcon.colcon_core.environment:checking '/home/saeedbazargan/Desktop/ROS2-Humble/My-ROS2_Projects/My-ROS2-Humble/Tutorial_MobileRobot/mobilebot_ws/install/mobilebot_bringup/lib/python3.10/site-packages'
[0.787s] Level 1:colcon.colcon_core.environment:checking '/home/saeedbazargan/Desktop/ROS2-Humble/My-ROS2_Projects/My-ROS2-Humble/Tutorial_MobileRobot/mobilebot_ws/install/mobilebot_bringup/bin'
[0.788s] INFO:colcon.colcon_core.shell:Creating package script '/home/saeedbazargan/Desktop/ROS2-Humble/My-ROS2_Projects/My-ROS2-Humble/Tutorial_MobileRobot/mobilebot_ws/install/mobilebot_bringup/share/mobilebot_bringup/package.ps1'
[0.789s] INFO:colcon.colcon_core.shell:Creating package descriptor '/home/saeedbazargan/Desktop/ROS2-Humble/My-ROS2_Projects/My-ROS2-Humble/Tutorial_MobileRobot/mobilebot_ws/install/mobilebot_bringup/share/mobilebot_bringup/package.dsv'
[0.789s] INFO:colcon.colcon_core.shell:Creating package script '/home/saeedbazargan/Desktop/ROS2-Humble/My-ROS2_Projects/My-ROS2-Humble/Tutorial_MobileRobot/mobilebot_ws/install/mobilebot_bringup/share/mobilebot_bringup/package.sh'
[0.790s] INFO:colcon.colcon_core.shell:Creating package script '/home/saeedbazargan/Desktop/ROS2-Humble/My-ROS2_Projects/My-ROS2-Humble/Tutorial_MobileRobot/mobilebot_ws/install/mobilebot_bringup/share/mobilebot_bringup/package.bash'
[0.790s] INFO:colcon.colcon_core.shell:Creating package script '/home/saeedbazargan/Desktop/ROS2-Humble/My-ROS2_Projects/My-ROS2-Humble/Tutorial_MobileRobot/mobilebot_ws/install/mobilebot_bringup/share/mobilebot_bringup/package.zsh'
[0.791s] Level 1:colcon.colcon_core.environment:create_file_with_runtime_dependencies(/home/saeedbazargan/Desktop/ROS2-Humble/My-ROS2_Projects/My-ROS2-Humble/Tutorial_MobileRobot/mobilebot_ws/install/mobilebot_bringup/share/colcon-core/packages/mobilebot_bringup)
[1.111s] DEBUG:colcon.colcon_core.event_handler.log_command:Invoked command in '/home/saeedbazargan/Desktop/ROS2-Humble/My-ROS2_Projects/My-ROS2-Humble/Tutorial_MobileRobot/mobilebot_ws/build/mobilebot_interfaces' returned '0': CMAKE_PREFIX_PATH=${CMAKE_PREFIX_PATH}:/home/saeedbazargan/Desktop/ROS2-Humble/My-ROS2_Projects/My-ROS2-Humble/Tutorial_MobileRobot/mobilebot_ws/install/actions_py:/opt/ros/humble /usr/bin/cmake --build /home/saeedbazargan/Desktop/ROS2-Humble/My-ROS2_Projects/My-ROS2-Humble/Tutorial_MobileRobot/mobilebot_ws/build/mobilebot_interfaces -- -j4 -l4
[1.114s] DEBUG:colcon.colcon_core.event_handler.log_command:Invoking command in '/home/saeedbazargan/Desktop/ROS2-Humble/My-ROS2_Projects/My-ROS2-Humble/Tutorial_MobileRobot/mobilebot_ws/build/mobilebot_interfaces': CMAKE_PREFIX_PATH=${CMAKE_PREFIX_PATH}:/home/saeedbazargan/Desktop/ROS2-Humble/My-ROS2_Projects/My-ROS2-Humble/Tutorial_MobileRobot/mobilebot_ws/install/actions_py:/opt/ros/humble /usr/bin/cmake --install /home/saeedbazargan/Desktop/ROS2-Humble/My-ROS2_Projects/My-ROS2-Humble/Tutorial_MobileRobot/mobilebot_ws/build/mobilebot_interfaces
[1.192s] Level 1:colcon.colcon_core.environment:create_environment_scripts_only(mobilebot_interfaces)
[1.192s] Level 1:colcon.colcon_core.environment:checking '/home/saeedbazargan/Desktop/ROS2-Humble/My-ROS2_Projects/My-ROS2-Humble/Tutorial_MobileRobot/mobilebot_ws/install/mobilebot_interfaces' for CMake module files
[1.193s] DEBUG:colcon.colcon_core.event_handler.log_command:Invoked command in '/home/saeedbazargan/Desktop/ROS2-Humble/My-ROS2_Projects/My-ROS2-Humble/Tutorial_MobileRobot/mobilebot_ws/build/mobilebot_interfaces' returned '0': CMAKE_PREFIX_PATH=${CMAKE_PREFIX_PATH}:/home/saeedbazargan/Desktop/ROS2-Humble/My-ROS2_Projects/My-ROS2-Humble/Tutorial_MobileRobot/mobilebot_ws/install/actions_py:/opt/ros/humble /usr/bin/cmake --install /home/saeedbazargan/Desktop/ROS2-Humble/My-ROS2_Projects/My-ROS2-Humble/Tutorial_MobileRobot/mobilebot_ws/build/mobilebot_interfaces
[1.194s] Level 1:colcon.colcon_core.environment:checking '/home/saeedbazargan/Desktop/ROS2-Humble/My-ROS2_Projects/My-ROS2-Humble/Tutorial_MobileRobot/mobilebot_ws/install/mobilebot_interfaces' for CMake config files
[1.194s] Level 1:colcon.colcon_core.shell:create_environment_hook('mobilebot_interfaces', 'cmake_prefix_path')
[1.195s] INFO:colcon.colcon_core.shell:Creating environment hook '/home/saeedbazargan/Desktop/ROS2-Humble/My-ROS2_Projects/My-ROS2-Humble/Tutorial_MobileRobot/mobilebot_ws/install/mobilebot_interfaces/share/mobilebot_interfaces/hook/cmake_prefix_path.ps1'
[1.195s] INFO:colcon.colcon_core.shell:Creating environment descriptor '/home/saeedbazargan/Desktop/ROS2-Humble/My-ROS2_Projects/My-ROS2-Humble/Tutorial_MobileRobot/mobilebot_ws/install/mobilebot_interfaces/share/mobilebot_interfaces/hook/cmake_prefix_path.dsv'
[1.195s] INFO:colcon.colcon_core.shell:Creating environment hook '/home/saeedbazargan/Desktop/ROS2-Humble/My-ROS2_Projects/My-ROS2-Humble/Tutorial_MobileRobot/mobilebot_ws/install/mobilebot_interfaces/share/mobilebot_interfaces/hook/cmake_prefix_path.sh'
[1.196s] Level 1:colcon.colcon_core.environment:checking '/home/saeedbazargan/Desktop/ROS2-Humble/My-ROS2_Projects/My-ROS2-Humble/Tutorial_MobileRobot/mobilebot_ws/install/mobilebot_interfaces/lib'
[1.196s] Level 1:colcon.colcon_core.shell:create_environment_hook('mobilebot_interfaces', 'ld_library_path_lib')
[1.197s] INFO:colcon.colcon_core.shell:Creating environment hook '/home/saeedbazargan/Desktop/ROS2-Humble/My-ROS2_Projects/My-ROS2-Humble/Tutorial_MobileRobot/mobilebot_ws/install/mobilebot_interfaces/share/mobilebot_interfaces/hook/ld_library_path_lib.ps1'
[1.197s] INFO:colcon.colcon_core.shell:Creating environment descriptor '/home/saeedbazargan/Desktop/ROS2-Humble/My-ROS2_Projects/My-ROS2-Humble/Tutorial_MobileRobot/mobilebot_ws/install/mobilebot_interfaces/share/mobilebot_interfaces/hook/ld_library_path_lib.dsv'
[1.197s] INFO:colcon.colcon_core.shell:Creating environment hook '/home/saeedbazargan/Desktop/ROS2-Humble/My-ROS2_Projects/My-ROS2-Humble/Tutorial_MobileRobot/mobilebot_ws/install/mobilebot_interfaces/share/mobilebot_interfaces/hook/ld_library_path_lib.sh'
[1.198s] Level 1:colcon.colcon_core.environment:checking '/home/saeedbazargan/Desktop/ROS2-Humble/My-ROS2_Projects/My-ROS2-Humble/Tutorial_MobileRobot/mobilebot_ws/install/mobilebot_interfaces/bin'
[1.198s] Level 1:colcon.colcon_core.environment:checking '/home/saeedbazargan/Desktop/ROS2-Humble/My-ROS2_Projects/My-ROS2-Humble/Tutorial_MobileRobot/mobilebot_ws/install/mobilebot_interfaces/lib/pkgconfig/mobilebot_interfaces.pc'
[1.198s] Level 1:colcon.colcon_core.environment:checking '/home/saeedbazargan/Desktop/ROS2-Humble/My-ROS2_Projects/My-ROS2-Humble/Tutorial_MobileRobot/mobilebot_ws/install/mobilebot_interfaces/lib/python3.10/site-packages'
[1.199s] Level 1:colcon.colcon_core.environment:checking '/home/saeedbazargan/Desktop/ROS2-Humble/My-ROS2_Projects/My-ROS2-Humble/Tutorial_MobileRobot/mobilebot_ws/install/mobilebot_interfaces/bin'
[1.199s] INFO:colcon.colcon_core.shell:Creating package script '/home/saeedbazargan/Desktop/ROS2-Humble/My-ROS2_Projects/My-ROS2-Humble/Tutorial_MobileRobot/mobilebot_ws/install/mobilebot_interfaces/share/mobilebot_interfaces/package.ps1'
[1.199s] INFO:colcon.colcon_core.shell:Creating package descriptor '/home/saeedbazargan/Desktop/ROS2-Humble/My-ROS2_Projects/My-ROS2-Humble/Tutorial_MobileRobot/mobilebot_ws/install/mobilebot_interfaces/share/mobilebot_interfaces/package.dsv'
[1.200s] INFO:colcon.colcon_core.shell:Creating package script '/home/saeedbazargan/Desktop/ROS2-Humble/My-ROS2_Projects/My-ROS2-Humble/Tutorial_MobileRobot/mobilebot_ws/install/mobilebot_interfaces/share/mobilebot_interfaces/package.sh'
[1.200s] INFO:colcon.colcon_core.shell:Creating package script '/home/saeedbazargan/Desktop/ROS2-Humble/My-ROS2_Projects/My-ROS2-Humble/Tutorial_MobileRobot/mobilebot_ws/install/mobilebot_interfaces/share/mobilebot_interfaces/package.bash'
[1.201s] INFO:colcon.colcon_core.shell:Creating package script '/home/saeedbazargan/Desktop/ROS2-Humble/My-ROS2_Projects/My-ROS2-Humble/Tutorial_MobileRobot/mobilebot_ws/install/mobilebot_interfaces/share/mobilebot_interfaces/package.zsh'
[1.202s] Level 1:colcon.colcon_core.environment:create_file_with_runtime_dependencies(/home/saeedbazargan/Desktop/ROS2-Humble/My-ROS2_Projects/My-ROS2-Humble/Tutorial_MobileRobot/mobilebot_ws/install/mobilebot_interfaces/share/colcon-core/packages/mobilebot_interfaces)
[1.203s] Level 1:colcon.colcon_core.environment:create_environment_scripts_only(mobilebot_interfaces)
[1.203s] Level 1:colcon.colcon_core.environment:checking '/home/saeedbazargan/Desktop/ROS2-Humble/My-ROS2_Projects/My-ROS2-Humble/Tutorial_MobileRobot/mobilebot_ws/install/mobilebot_interfaces' for CMake module files
[1.204s] Level 1:colcon.colcon_core.environment:checking '/home/saeedbazargan/Desktop/ROS2-Humble/My-ROS2_Projects/My-ROS2-Humble/Tutorial_MobileRobot/mobilebot_ws/install/mobilebot_interfaces' for CMake config files
[1.204s] Level 1:colcon.colcon_core.shell:create_environment_hook('mobilebot_interfaces', 'cmake_prefix_path')
[1.204s] INFO:colcon.colcon_core.shell:Creating environment hook '/home/saeedbazargan/Desktop/ROS2-Humble/My-ROS2_Projects/My-ROS2-Humble/Tutorial_MobileRobot/mobilebot_ws/install/mobilebot_interfaces/share/mobilebot_interfaces/hook/cmake_prefix_path.ps1'
[1.205s] INFO:colcon.colcon_core.shell:Creating environment descriptor '/home/saeedbazargan/Desktop/ROS2-Humble/My-ROS2_Projects/My-ROS2-Humble/Tutorial_MobileRobot/mobilebot_ws/install/mobilebot_interfaces/share/mobilebot_interfaces/hook/cmake_prefix_path.dsv'
[1.205s] INFO:colcon.colcon_core.shell:Creating environment hook '/home/saeedbazargan/Desktop/ROS2-Humble/My-ROS2_Projects/My-ROS2-Humble/Tutorial_MobileRobot/mobilebot_ws/install/mobilebot_interfaces/share/mobilebot_interfaces/hook/cmake_prefix_path.sh'
[1.206s] Level 1:colcon.colcon_core.environment:checking '/home/saeedbazargan/Desktop/ROS2-Humble/My-ROS2_Projects/My-ROS2-Humble/Tutorial_MobileRobot/mobilebot_ws/install/mobilebot_interfaces/lib'
[1.206s] Level 1:colcon.colcon_core.shell:create_environment_hook('mobilebot_interfaces', 'ld_library_path_lib')
[1.206s] INFO:colcon.colcon_core.shell:Creating environment hook '/home/saeedbazargan/Desktop/ROS2-Humble/My-ROS2_Projects/My-ROS2-Humble/Tutorial_MobileRobot/mobilebot_ws/install/mobilebot_interfaces/share/mobilebot_interfaces/hook/ld_library_path_lib.ps1'
[1.207s] INFO:colcon.colcon_core.shell:Creating environment descriptor '/home/saeedbazargan/Desktop/ROS2-Humble/My-ROS2_Projects/My-ROS2-Humble/Tutorial_MobileRobot/mobilebot_ws/install/mobilebot_interfaces/share/mobilebot_interfaces/hook/ld_library_path_lib.dsv'
[1.207s] INFO:colcon.colcon_core.shell:Creating environment hook '/home/saeedbazargan/Desktop/ROS2-Humble/My-ROS2_Projects/My-ROS2-Humble/Tutorial_MobileRobot/mobilebot_ws/install/mobilebot_interfaces/share/mobilebot_interfaces/hook/ld_library_path_lib.sh'
[1.208s] Level 1:colcon.colcon_core.environment:checking '/home/saeedbazargan/Desktop/ROS2-Humble/My-ROS2_Projects/My-ROS2-Humble/Tutorial_MobileRobot/mobilebot_ws/install/mobilebot_interfaces/bin'
[1.208s] Level 1:colcon.colcon_core.environment:checking '/home/saeedbazargan/Desktop/ROS2-Humble/My-ROS2_Projects/My-ROS2-Humble/Tutorial_MobileRobot/mobilebot_ws/install/mobilebot_interfaces/lib/pkgconfig/mobilebot_interfaces.pc'
[1.208s] Level 1:colcon.colcon_core.environment:checking '/home/saeedbazargan/Desktop/ROS2-Humble/My-ROS2_Projects/My-ROS2-Humble/Tutorial_MobileRobot/mobilebot_ws/install/mobilebot_interfaces/lib/python3.10/site-packages'
[1.209s] Level 1:colcon.colcon_core.environment:checking '/home/saeedbazargan/Desktop/ROS2-Humble/My-ROS2_Projects/My-ROS2-Humble/Tutorial_MobileRobot/mobilebot_ws/install/mobilebot_interfaces/bin'
[1.209s] INFO:colcon.colcon_core.shell:Creating package script '/home/saeedbazargan/Desktop/ROS2-Humble/My-ROS2_Projects/My-ROS2-Humble/Tutorial_MobileRobot/mobilebot_ws/install/mobilebot_interfaces/share/mobilebot_interfaces/package.ps1'
[1.210s] INFO:colcon.colcon_core.shell:Creating package descriptor '/home/saeedbazargan/Desktop/ROS2-Humble/My-ROS2_Projects/My-ROS2-Humble/Tutorial_MobileRobot/mobilebot_ws/install/mobilebot_interfaces/share/mobilebot_interfaces/package.dsv'
[1.211s] INFO:colcon.colcon_core.shell:Creating package script '/home/saeedbazargan/Desktop/ROS2-Humble/My-ROS2_Projects/My-ROS2-Humble/Tutorial_MobileRobot/mobilebot_ws/install/mobilebot_interfaces/share/mobilebot_interfaces/package.sh'
[1.211s] INFO:colcon.colcon_core.shell:Creating package script '/home/saeedbazargan/Desktop/ROS2-Humble/My-ROS2_Projects/My-ROS2-Humble/Tutorial_MobileRobot/mobilebot_ws/install/mobilebot_interfaces/share/mobilebot_interfaces/package.bash'
[1.212s] INFO:colcon.colcon_core.shell:Creating package script '/home/saeedbazargan/Desktop/ROS2-Humble/My-ROS2_Projects/My-ROS2-Humble/Tutorial_MobileRobot/mobilebot_ws/install/mobilebot_interfaces/share/mobilebot_interfaces/package.zsh'
[1.213s] Level 1:colcon.colcon_core.environment:create_file_with_runtime_dependencies(/home/saeedbazargan/Desktop/ROS2-Humble/My-ROS2_Projects/My-ROS2-Humble/Tutorial_MobileRobot/mobilebot_ws/install/mobilebot_interfaces/share/colcon-core/packages/mobilebot_interfaces)
[1.213s] INFO:colcon.colcon_ros.task.ament_python.build:Building ROS package in '/home/saeedbazargan/Desktop/ROS2-Humble/My-ROS2_Projects/My-ROS2-Humble/Tutorial_MobileRobot/mobilebot_ws/src/actions_py' with build type 'ament_python'
[1.213s] Level 1:colcon.colcon_core.shell:create_environment_hook('actions_py', 'ament_prefix_path')
[1.214s] INFO:colcon.colcon_core.shell:Creating environment hook '/home/saeedbazargan/Desktop/ROS2-Humble/My-ROS2_Projects/My-ROS2-Humble/Tutorial_MobileRobot/mobilebot_ws/install/actions_py/share/actions_py/hook/ament_prefix_path.ps1'
[1.215s] INFO:colcon.colcon_core.shell:Creating environment descriptor '/home/saeedbazargan/Desktop/ROS2-Humble/My-ROS2_Projects/My-ROS2-Humble/Tutorial_MobileRobot/mobilebot_ws/install/actions_py/share/actions_py/hook/ament_prefix_path.dsv'
[1.216s] INFO:colcon.colcon_core.shell:Creating environment hook '/home/saeedbazargan/Desktop/ROS2-Humble/My-ROS2_Projects/My-ROS2-Humble/Tutorial_MobileRobot/mobilebot_ws/install/actions_py/share/actions_py/hook/ament_prefix_path.sh'
[1.217s] INFO:colcon.colcon_core.shell:Skip shell extension 'powershell' for command environment: Not usable outside of PowerShell
[1.217s] DEBUG:colcon.colcon_core.shell:Skip shell extension 'dsv' for command environment
[1.551s] INFO:colcon.colcon_core.task.python.build:Building Python package in '/home/saeedbazargan/Desktop/ROS2-Humble/My-ROS2_Projects/My-ROS2-Humble/Tutorial_MobileRobot/mobilebot_ws/src/actions_py'
[1.552s] INFO:colcon.colcon_core.shell:Skip shell extension 'powershell' for command environment: Not usable outside of PowerShell
[1.552s] DEBUG:colcon.colcon_core.shell:Skip shell extension 'dsv' for command environment
[2.000s] DEBUG:colcon.colcon_core.event_handler.log_command:Invoking command in '/home/saeedbazargan/Desktop/ROS2-Humble/My-ROS2_Projects/My-ROS2-Humble/Tutorial_MobileRobot/mobilebot_ws/src/actions_py': PYTHONPATH=/home/saeedbazargan/Desktop/ROS2-Humble/My-ROS2_Projects/My-ROS2-Humble/Tutorial_MobileRobot/mobilebot_ws/build/actions_py/prefix_override:/usr/lib/python3/dist-packages/colcon_core/task/python/colcon_distutils_commands:/home/saeedbazargan/Desktop/ROS2-Humble/My-ROS2_Projects/My-ROS2-Humble/Tutorial_MobileRobot/mobilebot_ws/install/actions_py/lib/python3.10/site-packages:${PYTHONPATH} /usr/bin/python3 -W ignore:setup.py install is deprecated -W ignore:easy_install command is deprecated setup.py egg_info --egg-base ../../build/actions_py build --build-base /home/saeedbazargan/Desktop/ROS2-Humble/My-ROS2_Projects/My-ROS2-Humble/Tutorial_MobileRobot/mobilebot_ws/build/actions_py/build install --record /home/saeedbazargan/Desktop/ROS2-Humble/My-ROS2_Projects/My-ROS2-Humble/Tutorial_MobileRobot/mobilebot_ws/build/actions_py/install.log --single-version-externally-managed install_data
[2.368s] Level 1:colcon.colcon_core.environment:checking '/home/saeedbazargan/Desktop/ROS2-Humble/My-ROS2_Projects/My-ROS2-Humble/Tutorial_MobileRobot/mobilebot_ws/install/actions_py' for CMake module files
[2.369s] DEBUG:colcon.colcon_core.event_handler.log_command:Invoked command in '/home/saeedbazargan/Desktop/ROS2-Humble/My-ROS2_Projects/My-ROS2-Humble/Tutorial_MobileRobot/mobilebot_ws/src/actions_py' returned '0': PYTHONPATH=/home/saeedbazargan/Desktop/ROS2-Humble/My-ROS2_Projects/My-ROS2-Humble/Tutorial_MobileRobot/mobilebot_ws/build/actions_py/prefix_override:/usr/lib/python3/dist-packages/colcon_core/task/python/colcon_distutils_commands:/home/saeedbazargan/Desktop/ROS2-Humble/My-ROS2_Projects/My-ROS2-Humble/Tutorial_MobileRobot/mobilebot_ws/install/actions_py/lib/python3.10/site-packages:${PYTHONPATH} /usr/bin/python3 -W ignore:setup.py install is deprecated -W ignore:easy_install command is deprecated setup.py egg_info --egg-base ../../build/actions_py build --build-base /home/saeedbazargan/Desktop/ROS2-Humble/My-ROS2_Projects/My-ROS2-Humble/Tutorial_MobileRobot/mobilebot_ws/build/actions_py/build install --record /home/saeedbazargan/Desktop/ROS2-Humble/My-ROS2_Projects/My-ROS2-Humble/Tutorial_MobileRobot/mobilebot_ws/build/actions_py/install.log --single-version-externally-managed install_data
[2.369s] Level 1:colcon.colcon_core.environment:checking '/home/saeedbazargan/Desktop/ROS2-Humble/My-ROS2_Projects/My-ROS2-Humble/Tutorial_MobileRobot/mobilebot_ws/install/actions_py' for CMake config files
[2.370s] Level 1:colcon.colcon_core.environment:checking '/home/saeedbazargan/Desktop/ROS2-Humble/My-ROS2_Projects/My-ROS2-Humble/Tutorial_MobileRobot/mobilebot_ws/install/actions_py/lib'
[2.370s] Level 1:colcon.colcon_core.environment:checking '/home/saeedbazargan/Desktop/ROS2-Humble/My-ROS2_Projects/My-ROS2-Humble/Tutorial_MobileRobot/mobilebot_ws/install/actions_py/bin'
[2.370s] Level 1:colcon.colcon_core.environment:checking '/home/saeedbazargan/Desktop/ROS2-Humble/My-ROS2_Projects/My-ROS2-Humble/Tutorial_MobileRobot/mobilebot_ws/install/actions_py/lib/pkgconfig/actions_py.pc'
[2.370s] Level 1:colcon.colcon_core.environment:checking '/home/saeedbazargan/Desktop/ROS2-Humble/My-ROS2_Projects/My-ROS2-Humble/Tutorial_MobileRobot/mobilebot_ws/install/actions_py/lib/python3.10/site-packages'
[2.370s] Level 1:colcon.colcon_core.shell:create_environment_hook('actions_py', 'pythonpath')
[2.371s] INFO:colcon.colcon_core.shell:Creating environment hook '/home/saeedbazargan/Desktop/ROS2-Humble/My-ROS2_Projects/My-ROS2-Humble/Tutorial_MobileRobot/mobilebot_ws/install/actions_py/share/actions_py/hook/pythonpath.ps1'
[2.371s] INFO:colcon.colcon_core.shell:Creating environment descriptor '/home/saeedbazargan/Desktop/ROS2-Humble/My-ROS2_Projects/My-ROS2-Humble/Tutorial_MobileRobot/mobilebot_ws/install/actions_py/share/actions_py/hook/pythonpath.dsv'
[2.372s] INFO:colcon.colcon_core.shell:Creating environment hook '/home/saeedbazargan/Desktop/ROS2-Humble/My-ROS2_Projects/My-ROS2-Humble/Tutorial_MobileRobot/mobilebot_ws/install/actions_py/share/actions_py/hook/pythonpath.sh'
[2.373s] Level 1:colcon.colcon_core.environment:checking '/home/saeedbazargan/Desktop/ROS2-Humble/My-ROS2_Projects/My-ROS2-Humble/Tutorial_MobileRobot/mobilebot_ws/install/actions_py/bin'
[2.373s] Level 1:colcon.colcon_core.environment:create_environment_scripts_only(actions_py)
[2.373s] INFO:colcon.colcon_core.shell:Creating package script '/home/saeedbazargan/Desktop/ROS2-Humble/My-ROS2_Projects/My-ROS2-Humble/Tutorial_MobileRobot/mobilebot_ws/install/actions_py/share/actions_py/package.ps1'
[2.374s] INFO:colcon.colcon_core.shell:Creating package descriptor '/home/saeedbazargan/Desktop/ROS2-Humble/My-ROS2_Projects/My-ROS2-Humble/Tutorial_MobileRobot/mobilebot_ws/install/actions_py/share/actions_py/package.dsv'
[2.375s] INFO:colcon.colcon_core.shell:Creating package script '/home/saeedbazargan/Desktop/ROS2-Humble/My-ROS2_Projects/My-ROS2-Humble/Tutorial_MobileRobot/mobilebot_ws/install/actions_py/share/actions_py/package.sh'
[2.375s] INFO:colcon.colcon_core.shell:Creating package script '/home/saeedbazargan/Desktop/ROS2-Humble/My-ROS2_Projects/My-ROS2-Humble/Tutorial_MobileRobot/mobilebot_ws/install/actions_py/share/actions_py/package.bash'
[2.376s] INFO:colcon.colcon_core.shell:Creating package script '/home/saeedbazargan/Desktop/ROS2-Humble/My-ROS2_Projects/My-ROS2-Humble/Tutorial_MobileRobot/mobilebot_ws/install/actions_py/share/actions_py/package.zsh'
[2.376s] Level 1:colcon.colcon_core.environment:create_file_with_runtime_dependencies(/home/saeedbazargan/Desktop/ROS2-Humble/My-ROS2_Projects/My-ROS2-Humble/Tutorial_MobileRobot/mobilebot_ws/install/actions_py/share/colcon-core/packages/actions_py)
[2.377s] DEBUG:colcon.colcon_parallel_executor.executor.parallel:closing loop
[2.377s] DEBUG:colcon.colcon_parallel_executor.executor.parallel:loop closed
[2.377s] DEBUG:colcon.colcon_parallel_executor.executor.parallel:run_until_complete finished with '0'
[2.377s] DEBUG:colcon.colcon_core.event_reactor:joining thread
[2.385s] INFO:colcon.colcon_core.plugin_system:Skipping extension 'colcon_notification.desktop_notification.terminal_notifier': Not used on non-Darwin systems
[2.385s] INFO:colcon.colcon_core.plugin_system:Skipping extension 'colcon_notification.desktop_notification.win32': Not used on non-Windows systems
[2.385s] INFO:colcon.colcon_notification.desktop_notification:Sending desktop notification using 'notify2'
[2.399s] DEBUG:colcon.colcon_core.event_reactor:joined thread
[2.400s] INFO:colcon.colcon_core.shell:Creating prefix script '/home/saeedbazargan/Desktop/ROS2-Humble/My-ROS2_Projects/My-ROS2-Humble/Tutorial_MobileRobot/mobilebot_ws/install/local_setup.ps1'
[2.402s] INFO:colcon.colcon_core.shell:Creating prefix util module '/home/saeedbazargan/Desktop/ROS2-Humble/My-ROS2_Projects/My-ROS2-Humble/Tutorial_MobileRobot/mobilebot_ws/install/_local_setup_util_ps1.py'
[2.405s] INFO:colcon.colcon_core.shell:Creating prefix chain script '/home/saeedbazargan/Desktop/ROS2-Humble/My-ROS2_Projects/My-ROS2-Humble/Tutorial_MobileRobot/mobilebot_ws/install/setup.ps1'
[2.407s] INFO:colcon.colcon_core.shell:Creating prefix script '/home/saeedbazargan/Desktop/ROS2-Humble/My-ROS2_Projects/My-ROS2-Humble/Tutorial_MobileRobot/mobilebot_ws/install/local_setup.sh'
[2.408s] INFO:colcon.colcon_core.shell:Creating prefix util module '/home/saeedbazargan/Desktop/ROS2-Humble/My-ROS2_Projects/My-ROS2-Humble/Tutorial_MobileRobot/mobilebot_ws/install/_local_setup_util_sh.py'
[2.409s] INFO:colcon.colcon_core.shell:Creating prefix chain script '/home/saeedbazargan/Desktop/ROS2-Humble/My-ROS2_Projects/My-ROS2-Humble/Tutorial_MobileRobot/mobilebot_ws/install/setup.sh'
[2.411s] INFO:colcon.colcon_core.shell:Creating prefix script '/home/saeedbazargan/Desktop/ROS2-Humble/My-ROS2_Projects/My-ROS2-Humble/Tutorial_MobileRobot/mobilebot_ws/install/local_setup.bash'
[2.412s] INFO:colcon.colcon_core.shell:Creating prefix chain script '/home/saeedbazargan/Desktop/ROS2-Humble/My-ROS2_Projects/My-ROS2-Humble/Tutorial_MobileRobot/mobilebot_ws/install/setup.bash'
[2.414s] INFO:colcon.colcon_core.shell:Creating prefix script '/home/saeedbazargan/Desktop/ROS2-Humble/My-ROS2_Projects/My-ROS2-Humble/Tutorial_MobileRobot/mobilebot_ws/install/local_setup.zsh'
[2.415s] INFO:colcon.colcon_core.shell:Creating prefix chain script '/home/saeedbazargan/Desktop/ROS2-Humble/My-ROS2_Projects/My-ROS2-Humble/Tutorial_MobileRobot/mobilebot_ws/install/setup.zsh'
